<?xml version="1.0" encoding="UTF-8"?>
<testsuites>
  <testsuite name="" tests="210" assertions="430" errors="0" failures="0" skipped="0" time="2.194867">
    <testsuite name="Project Test Suite" tests="210" assertions="430" errors="0" failures="0" skipped="0" time="2.194867">
      <testsuite name="App\Cards\CardDeckHandlerTest" file="/home/juli22/dbwebb-kurser/mvc/me/report/tests/Cards/CardDeckHandlerTest.php" tests="2" assertions="3" errors="0" failures="0" skipped="0" time="0.047781">
        <testcase name="testCreateObject" file="/home/juli22/dbwebb-kurser/mvc/me/report/tests/Cards/CardDeckHandlerTest.php" line="16" class="App\Cards\CardDeckHandlerTest" classname="App.Cards.CardDeckHandlerTest" assertions="1" time="0.038906"/>
        <testcase name="testGetDeckRouteData" file="/home/juli22/dbwebb-kurser/mvc/me/report/tests/Cards/CardDeckHandlerTest.php" line="25" class="App\Cards\CardDeckHandlerTest" classname="App.Cards.CardDeckHandlerTest" assertions="2" time="0.008875"/>
      </testsuite>
      <testsuite name="App\Cards\CardGraphicTest" file="/home/juli22/dbwebb-kurser/mvc/me/report/tests/Cards/CardGraphicTest.php" tests="1" assertions="2" errors="0" failures="0" skipped="0" time="0.006999">
        <testcase name="testCreateObject" file="/home/juli22/dbwebb-kurser/mvc/me/report/tests/Cards/CardGraphicTest.php" line="16" class="App\Cards\CardGraphicTest" classname="App.Cards.CardGraphicTest" assertions="2" time="0.006999"/>
      </testsuite>
      <testsuite name="App\Cards\CardHandTest" file="/home/juli22/dbwebb-kurser/mvc/me/report/tests/Cards/CardHandTest.php" tests="8" assertions="14" errors="0" failures="0" skipped="0" time="0.016264">
        <testcase name="testCreateObject" file="/home/juli22/dbwebb-kurser/mvc/me/report/tests/Cards/CardHandTest.php" line="22" class="App\Cards\CardHandTest" classname="App.Cards.CardHandTest" assertions="5" time="0.004665"/>
        <testcase name="testAddOneCardOk" file="/home/juli22/dbwebb-kurser/mvc/me/report/tests/Cards/CardHandTest.php" line="43" class="App\Cards\CardHandTest" classname="App.Cards.CardHandTest" assertions="2" time="0.001394"/>
        <testcase name="testGetValues" file="/home/juli22/dbwebb-kurser/mvc/me/report/tests/Cards/CardHandTest.php" line="67" class="App\Cards\CardHandTest" classname="App.Cards.CardHandTest" assertions="1" time="0.001505"/>
        <testcase name="testGetAsString" file="/home/juli22/dbwebb-kurser/mvc/me/report/tests/Cards/CardHandTest.php" line="93" class="App\Cards\CardHandTest" classname="App.Cards.CardHandTest" assertions="1" time="0.001485"/>
        <testcase name="testGetImgLinksAndDescr" file="/home/juli22/dbwebb-kurser/mvc/me/report/tests/Cards/CardHandTest.php" line="118" class="App\Cards\CardHandTest" classname="App.Cards.CardHandTest" assertions="1" time="0.001595"/>
        <testcase name="testAddManyCardsOk" file="/home/juli22/dbwebb-kurser/mvc/me/report/tests/Cards/CardHandTest.php" line="147" class="App\Cards\CardHandTest" classname="App.Cards.CardHandTest" assertions="1" time="0.000866"/>
        <testcase name="testAddManyCardsNotOk" file="/home/juli22/dbwebb-kurser/mvc/me/report/tests/Cards/CardHandTest.php" line="163" class="App\Cards\CardHandTest" classname="App.Cards.CardHandTest" assertions="1" time="0.003834"/>
        <testcase name="testEmptyHandOk" file="/home/juli22/dbwebb-kurser/mvc/me/report/tests/Cards/CardHandTest.php" line="183" class="App\Cards\CardHandTest" classname="App.Cards.CardHandTest" assertions="2" time="0.000919"/>
      </testsuite>
      <testsuite name="App\Cards\CardHandlerTest" file="/home/juli22/dbwebb-kurser/mvc/me/report/tests/Cards/CardHandlerTest.php" tests="4" assertions="9" errors="0" failures="0" skipped="0" time="0.014041">
        <testcase name="testCreateObject" file="/home/juli22/dbwebb-kurser/mvc/me/report/tests/Cards/CardHandlerTest.php" line="16" class="App\Cards\CardHandlerTest" classname="App.Cards.CardHandlerTest" assertions="1" time="0.004106"/>
        <testcase name="testGetDataForDrawOneCard" file="/home/juli22/dbwebb-kurser/mvc/me/report/tests/Cards/CardHandlerTest.php" line="26" class="App\Cards\CardHandlerTest" classname="App.Cards.CardHandlerTest" assertions="2" time="0.006706"/>
        <testcase name="testGetDataForDrawManyCards" file="/home/juli22/dbwebb-kurser/mvc/me/report/tests/Cards/CardHandlerTest.php" line="56" class="App\Cards\CardHandlerTest" classname="App.Cards.CardHandlerTest" assertions="1" time="0.001459"/>
        <testcase name="testGetDataForDrawManyCardsManyPlayers" file="/home/juli22/dbwebb-kurser/mvc/me/report/tests/Cards/CardHandlerTest.php" line="70" class="App\Cards\CardHandlerTest" classname="App.Cards.CardHandlerTest" assertions="5" time="0.001770"/>
      </testsuite>
      <testsuite name="App\Cards\CardLandingHandlerTest" file="/home/juli22/dbwebb-kurser/mvc/me/report/tests/Cards/CardLandingHandlerTest.php" tests="2" assertions="2" errors="0" failures="0" skipped="0" time="0.003267">
        <testcase name="testCreateObject" file="/home/juli22/dbwebb-kurser/mvc/me/report/tests/Cards/CardLandingHandlerTest.php" line="15" class="App\Cards\CardLandingHandlerTest" classname="App.Cards.CardLandingHandlerTest" assertions="1" time="0.002644"/>
        <testcase name="testGetMainData" file="/home/juli22/dbwebb-kurser/mvc/me/report/tests/Cards/CardLandingHandlerTest.php" line="24" class="App\Cards\CardLandingHandlerTest" classname="App.Cards.CardLandingHandlerTest" assertions="1" time="0.000624"/>
      </testsuite>
      <testsuite name="App\Cards\CardTest" file="/home/juli22/dbwebb-kurser/mvc/me/report/tests/Cards/CardTest.php" tests="2" assertions="10" errors="0" failures="0" skipped="0" time="0.001450">
        <testcase name="testCreateObject" file="/home/juli22/dbwebb-kurser/mvc/me/report/tests/Cards/CardTest.php" line="16" class="App\Cards\CardTest" classname="App.Cards.CardTest" assertions="5" time="0.000719"/>
        <testcase name="testCreateDifferentObject" file="/home/juli22/dbwebb-kurser/mvc/me/report/tests/Cards/CardTest.php" line="42" class="App\Cards\CardTest" classname="App.Cards.CardTest" assertions="5" time="0.000731"/>
      </testsuite>
      <testsuite name="App\Cards\DeckOfCardsExtTest" file="/home/juli22/dbwebb-kurser/mvc/me/report/tests/Cards/DeckOfCardsExtTest.php" tests="1" assertions="5" errors="0" failures="0" skipped="0" time="0.002610">
        <testcase name="testCreateObject" file="/home/juli22/dbwebb-kurser/mvc/me/report/tests/Cards/DeckOfCardsExtTest.php" line="16" class="App\Cards\DeckOfCardsExtTest" classname="App.Cards.DeckOfCardsExtTest" assertions="5" time="0.002610"/>
      </testsuite>
      <testsuite name="App\Cards\DeckOfCardsTest" file="/home/juli22/dbwebb-kurser/mvc/me/report/tests/Cards/DeckOfCardsTest.php" tests="9" assertions="21" errors="0" failures="0" skipped="0" time="0.011271">
        <testcase name="testCreateObject" file="/home/juli22/dbwebb-kurser/mvc/me/report/tests/Cards/DeckOfCardsTest.php" line="17" class="App\Cards\DeckOfCardsTest" classname="App.Cards.DeckOfCardsTest" assertions="4" time="0.000853"/>
        <testcase name="testDrawOk" file="/home/juli22/dbwebb-kurser/mvc/me/report/tests/Cards/DeckOfCardsTest.php" line="43" class="App\Cards\DeckOfCardsTest" classname="App.Cards.DeckOfCardsTest" assertions="1" time="0.001201"/>
        <testcase name="testDrawNotOk" file="/home/juli22/dbwebb-kurser/mvc/me/report/tests/Cards/DeckOfCardsTest.php" line="65" class="App\Cards\DeckOfCardsTest" classname="App.Cards.DeckOfCardsTest" assertions="1" time="0.001170"/>
        <testcase name="testCardCountOk" file="/home/juli22/dbwebb-kurser/mvc/me/report/tests/Cards/DeckOfCardsTest.php" line="84" class="App\Cards\DeckOfCardsTest" classname="App.Cards.DeckOfCardsTest" assertions="1" time="0.000987"/>
        <testcase name="testGetAsStringOk" file="/home/juli22/dbwebb-kurser/mvc/me/report/tests/Cards/DeckOfCardsTest.php" line="101" class="App\Cards\DeckOfCardsTest" classname="App.Cards.DeckOfCardsTest" assertions="5" time="0.001201"/>
        <testcase name="testGetAsStringNotOk" file="/home/juli22/dbwebb-kurser/mvc/me/report/tests/Cards/DeckOfCardsTest.php" line="126" class="App\Cards\DeckOfCardsTest" classname="App.Cards.DeckOfCardsTest" assertions="1" time="0.000780"/>
        <testcase name="testGetImgLinksOk" file="/home/juli22/dbwebb-kurser/mvc/me/report/tests/Cards/DeckOfCardsTest.php" line="143" class="App\Cards\DeckOfCardsTest" classname="App.Cards.DeckOfCardsTest" assertions="5" time="0.001296"/>
        <testcase name="testGetImgLinksNotOk" file="/home/juli22/dbwebb-kurser/mvc/me/report/tests/Cards/DeckOfCardsTest.php" line="169" class="App\Cards\DeckOfCardsTest" classname="App.Cards.DeckOfCardsTest" assertions="1" time="0.000816"/>
        <testcase name="testShuffleOk" file="/home/juli22/dbwebb-kurser/mvc/me/report/tests/Cards/DeckOfCardsTest.php" line="185" class="App\Cards\DeckOfCardsTest" classname="App.Cards.DeckOfCardsTest" assertions="2" time="0.002968"/>
      </testsuite>
      <testsuite name="App\Cards\JsonCardHandlerTest" file="/home/juli22/dbwebb-kurser/mvc/me/report/tests/Cards/JsonCardHandlerTest.php" tests="5" assertions="11" errors="0" failures="0" skipped="0" time="0.009108">
        <testcase name="testCreateObject" file="/home/juli22/dbwebb-kurser/mvc/me/report/tests/Cards/JsonCardHandlerTest.php" line="16" class="App\Cards\JsonCardHandlerTest" classname="App.Cards.JsonCardHandlerTest" assertions="1" time="0.004207"/>
        <testcase name="testGetDeckRouteData" file="/home/juli22/dbwebb-kurser/mvc/me/report/tests/Cards/JsonCardHandlerTest.php" line="25" class="App\Cards\JsonCardHandlerTest" classname="App.Cards.JsonCardHandlerTest" assertions="2" time="0.000916"/>
        <testcase name="testGetDataForDrawOneCard" file="/home/juli22/dbwebb-kurser/mvc/me/report/tests/Cards/JsonCardHandlerTest.php" line="43" class="App\Cards\JsonCardHandlerTest" classname="App.Cards.JsonCardHandlerTest" assertions="2" time="0.001150"/>
        <testcase name="testGetDataForDrawManyCards" file="/home/juli22/dbwebb-kurser/mvc/me/report/tests/Cards/JsonCardHandlerTest.php" line="69" class="App\Cards\JsonCardHandlerTest" classname="App.Cards.JsonCardHandlerTest" assertions="1" time="0.000987"/>
        <testcase name="testGetDataForDrawManyCardsManyPlayers" file="/home/juli22/dbwebb-kurser/mvc/me/report/tests/Cards/JsonCardHandlerTest.php" line="83" class="App\Cards\JsonCardHandlerTest" classname="App.Cards.JsonCardHandlerTest" assertions="5" time="0.001848"/>
      </testsuite>
      <testsuite name="App\Cards\PlayerCreatorTest" file="/home/juli22/dbwebb-kurser/mvc/me/report/tests/Cards/PlayerCreatorTest.php" tests="2" assertions="5" errors="0" failures="0" skipped="0" time="0.003851">
        <testcase name="testCreateObject" file="/home/juli22/dbwebb-kurser/mvc/me/report/tests/Cards/PlayerCreatorTest.php" line="16" class="App\Cards\PlayerCreatorTest" classname="App.Cards.PlayerCreatorTest" assertions="1" time="0.003142"/>
        <testcase name="testCreatePlayers" file="/home/juli22/dbwebb-kurser/mvc/me/report/tests/Cards/PlayerCreatorTest.php" line="26" class="App\Cards\PlayerCreatorTest" classname="App.Cards.PlayerCreatorTest" assertions="4" time="0.000709"/>
      </testsuite>
      <testsuite name="App\Cards\PlayerTest" file="/home/juli22/dbwebb-kurser/mvc/me/report/tests/Cards/PlayerTest.php" tests="4" assertions="7" errors="0" failures="0" skipped="0" time="0.003921">
        <testcase name="testCreateObject" file="/home/juli22/dbwebb-kurser/mvc/me/report/tests/Cards/PlayerTest.php" line="22" class="App\Cards\PlayerTest" classname="App.Cards.PlayerTest" assertions="4" time="0.000774"/>
        <testcase name="testDrawOk" file="/home/juli22/dbwebb-kurser/mvc/me/report/tests/Cards/PlayerTest.php" line="42" class="App\Cards\PlayerTest" classname="App.Cards.PlayerTest" assertions="1" time="0.001190"/>
        <testcase name="testDrawManyOk" file="/home/juli22/dbwebb-kurser/mvc/me/report/tests/Cards/PlayerTest.php" line="61" class="App\Cards\PlayerTest" classname="App.Cards.PlayerTest" assertions="1" time="0.000861"/>
        <testcase name="testDrawManyNotOk" file="/home/juli22/dbwebb-kurser/mvc/me/report/tests/Cards/PlayerTest.php" line="81" class="App\Cards\PlayerTest" classname="App.Cards.PlayerTest" assertions="1" time="0.001096"/>
      </testsuite>
      <testsuite name="App\Controller\CardControllerTest" file="/home/juli22/dbwebb-kurser/mvc/me/report/tests/Controller/CardControllerTest.php" tests="5" assertions="26" errors="0" failures="0" skipped="0" time="1.154330">
        <testcase name="testDeck" file="/home/juli22/dbwebb-kurser/mvc/me/report/tests/Controller/CardControllerTest.php" line="9" class="App\Controller\CardControllerTest" classname="App.Controller.CardControllerTest" assertions="4" time="1.105380"/>
        <testcase name="testShuffle" file="/home/juli22/dbwebb-kurser/mvc/me/report/tests/Controller/CardControllerTest.php" line="18" class="App\Controller\CardControllerTest" classname="App.Controller.CardControllerTest" assertions="4" time="0.013186"/>
        <testcase name="testDraw" file="/home/juli22/dbwebb-kurser/mvc/me/report/tests/Controller/CardControllerTest.php" line="27" class="App\Controller\CardControllerTest" classname="App.Controller.CardControllerTest" assertions="6" time="0.014594"/>
        <testcase name="testDrawMany" file="/home/juli22/dbwebb-kurser/mvc/me/report/tests/Controller/CardControllerTest.php" line="37" class="App\Controller\CardControllerTest" classname="App.Controller.CardControllerTest" assertions="6" time="0.010329"/>
        <testcase name="testDeal" file="/home/juli22/dbwebb-kurser/mvc/me/report/tests/Controller/CardControllerTest.php" line="47" class="App\Controller\CardControllerTest" classname="App.Controller.CardControllerTest" assertions="6" time="0.010841"/>
      </testsuite>
      <testsuite name="App\Controller\CardLandingControllerTest" file="/home/juli22/dbwebb-kurser/mvc/me/report/tests/Controller/CardLandingControllerTest.php" tests="1" assertions="4" errors="0" failures="0" skipped="0" time="0.017864">
        <testcase name="testCard" file="/home/juli22/dbwebb-kurser/mvc/me/report/tests/Controller/CardLandingControllerTest.php" line="9" class="App\Controller\CardLandingControllerTest" classname="App.Controller.CardLandingControllerTest" assertions="4" time="0.017864"/>
      </testsuite>
      <testsuite name="App\Controller\Game21ControllerTest" file="/home/juli22/dbwebb-kurser/mvc/me/report/tests/Controller/Game21ControllerTest.php" tests="8" assertions="32" errors="0" failures="0" skipped="0" time="0.131133">
        <testcase name="testGame" file="/home/juli22/dbwebb-kurser/mvc/me/report/tests/Controller/Game21ControllerTest.php" line="9" class="App\Controller\Game21ControllerTest" classname="App.Controller.Game21ControllerTest" assertions="6" time="0.017441"/>
        <testcase name="testDoc" file="/home/juli22/dbwebb-kurser/mvc/me/report/tests/Controller/Game21ControllerTest.php" line="19" class="App\Controller\Game21ControllerTest" classname="App.Controller.Game21ControllerTest" assertions="4" time="0.012882"/>
        <testcase name="testInit" file="/home/juli22/dbwebb-kurser/mvc/me/report/tests/Controller/Game21ControllerTest.php" line="28" class="App\Controller\Game21ControllerTest" classname="App.Controller.Game21ControllerTest" assertions="3" time="0.007386"/>
        <testcase name="testSelectAmount" file="/home/juli22/dbwebb-kurser/mvc/me/report/tests/Controller/Game21ControllerTest.php" line="36" class="App\Controller\Game21ControllerTest" classname="App.Controller.Game21ControllerTest" assertions="6" time="0.018357"/>
        <testcase name="testBet" file="/home/juli22/dbwebb-kurser/mvc/me/report/tests/Controller/Game21ControllerTest.php" line="53" class="App\Controller\Game21ControllerTest" classname="App.Controller.Game21ControllerTest" assertions="3" time="0.012901"/>
        <testcase name="testPlayerDraw" file="/home/juli22/dbwebb-kurser/mvc/me/report/tests/Controller/Game21ControllerTest.php" line="62" class="App\Controller\Game21ControllerTest" classname="App.Controller.Game21ControllerTest" assertions="3" time="0.017121"/>
        <testcase name="testBankPlaying" file="/home/juli22/dbwebb-kurser/mvc/me/report/tests/Controller/Game21ControllerTest.php" line="71" class="App\Controller\Game21ControllerTest" classname="App.Controller.Game21ControllerTest" assertions="3" time="0.013337"/>
        <testcase name="testPlay" file="/home/juli22/dbwebb-kurser/mvc/me/report/tests/Controller/Game21ControllerTest.php" line="80" class="App\Controller\Game21ControllerTest" classname="App.Controller.Game21ControllerTest" assertions="4" time="0.031708"/>
      </testsuite>
      <testsuite name="App\Controller\JsonCardDealControllerTest" file="/home/juli22/dbwebb-kurser/mvc/me/report/tests/Controller/JsonCardDealControllerTest.php" tests="1" assertions="2" errors="0" failures="0" skipped="0" time="0.007616">
        <testcase name="testJsonDeal" file="/home/juli22/dbwebb-kurser/mvc/me/report/tests/Controller/JsonCardDealControllerTest.php" line="9" class="App\Controller\JsonCardDealControllerTest" classname="App.Controller.JsonCardDealControllerTest" assertions="2" time="0.007616"/>
      </testsuite>
      <testsuite name="App\Controller\JsonCardDeckControllerTest" file="/home/juli22/dbwebb-kurser/mvc/me/report/tests/Controller/JsonCardDeckControllerTest.php" tests="2" assertions="4" errors="0" failures="0" skipped="0" time="0.012833">
        <testcase name="testJsonDeck" file="/home/juli22/dbwebb-kurser/mvc/me/report/tests/Controller/JsonCardDeckControllerTest.php" line="9" class="App\Controller\JsonCardDeckControllerTest" classname="App.Controller.JsonCardDeckControllerTest" assertions="2" time="0.006506"/>
        <testcase name="testJsonShuffle" file="/home/juli22/dbwebb-kurser/mvc/me/report/tests/Controller/JsonCardDeckControllerTest.php" line="17" class="App\Controller\JsonCardDeckControllerTest" classname="App.Controller.JsonCardDeckControllerTest" assertions="2" time="0.006327"/>
      </testsuite>
      <testsuite name="App\Controller\JsonControllerTest" file="/home/juli22/dbwebb-kurser/mvc/me/report/tests/Controller/JsonControllerTest.php" tests="2" assertions="6" errors="0" failures="0" skipped="0" time="0.025539">
        <testcase name="testApi" file="/home/juli22/dbwebb-kurser/mvc/me/report/tests/Controller/JsonControllerTest.php" line="9" class="App\Controller\JsonControllerTest" classname="App.Controller.JsonControllerTest" assertions="4" time="0.019464"/>
        <testcase name="testQuote" file="/home/juli22/dbwebb-kurser/mvc/me/report/tests/Controller/JsonControllerTest.php" line="18" class="App\Controller\JsonControllerTest" classname="App.Controller.JsonControllerTest" assertions="2" time="0.006075"/>
      </testsuite>
      <testsuite name="App\Controller\JsonDealManyCardsControllerTest" file="/home/juli22/dbwebb-kurser/mvc/me/report/tests/Controller/JsonDealManyCardsControllerTest.php" tests="1" assertions="2" errors="0" failures="0" skipped="0" time="0.006918">
        <testcase name="testJsonDrawMany" file="/home/juli22/dbwebb-kurser/mvc/me/report/tests/Controller/JsonDealManyCardsControllerTest.php" line="9" class="App\Controller\JsonDealManyCardsControllerTest" classname="App.Controller.JsonDealManyCardsControllerTest" assertions="2" time="0.006918"/>
      </testsuite>
      <testsuite name="App\Controller\JsonDealOneCardControllerTest" file="/home/juli22/dbwebb-kurser/mvc/me/report/tests/Controller/JsonDealOneCardControllerTest.php" tests="1" assertions="2" errors="0" failures="0" skipped="0" time="0.006631">
        <testcase name="testDraw" file="/home/juli22/dbwebb-kurser/mvc/me/report/tests/Controller/JsonDealOneCardControllerTest.php" line="9" class="App\Controller\JsonDealOneCardControllerTest" classname="App.Controller.JsonDealOneCardControllerTest" assertions="2" time="0.006631"/>
      </testsuite>
      <testsuite name="App\Controller\JsonGame21ControllerTest" file="/home/juli22/dbwebb-kurser/mvc/me/report/tests/Controller/JsonGame21ControllerTest.php" tests="1" assertions="2" errors="0" failures="0" skipped="0" time="0.016452">
        <testcase name="testDraw" file="/home/juli22/dbwebb-kurser/mvc/me/report/tests/Controller/JsonGame21ControllerTest.php" line="9" class="App\Controller\JsonGame21ControllerTest" classname="App.Controller.JsonGame21ControllerTest" assertions="2" time="0.016452"/>
      </testsuite>
      <testsuite name="App\Controller\JsonLibraryControllerTest" file="/home/juli22/dbwebb-kurser/mvc/me/report/tests/Controller/JsonLibraryControllerTest.php" tests="3" assertions="10" errors="0" failures="0" skipped="0" time="0.044277">
        <testcase name="testShowAllBooks" file="/home/juli22/dbwebb-kurser/mvc/me/report/tests/Controller/JsonLibraryControllerTest.php" line="9" class="App\Controller\JsonLibraryControllerTest" classname="App.Controller.JsonLibraryControllerTest" assertions="2" time="0.024898"/>
        <testcase name="testShowABookByIsbnNotOk" file="/home/juli22/dbwebb-kurser/mvc/me/report/tests/Controller/JsonLibraryControllerTest.php" line="17" class="App\Controller\JsonLibraryControllerTest" classname="App.Controller.JsonLibraryControllerTest" assertions="4" time="0.012629"/>
        <testcase name="testShowABookByIsbnOk" file="/home/juli22/dbwebb-kurser/mvc/me/report/tests/Controller/JsonLibraryControllerTest.php" line="28" class="App\Controller\JsonLibraryControllerTest" classname="App.Controller.JsonLibraryControllerTest" assertions="4" time="0.006751"/>
      </testsuite>
      <testsuite name="App\Controller\LibraryControllerTest" file="/home/juli22/dbwebb-kurser/mvc/me/report/tests/Controller/LibraryControllerTest.php" tests="9" assertions="29" errors="0" failures="0" skipped="0" time="0.411659">
        <testcase name="testLibrary" file="/home/juli22/dbwebb-kurser/mvc/me/report/tests/Controller/LibraryControllerTest.php" line="11" class="App\Controller\LibraryControllerTest" classname="App.Controller.LibraryControllerTest" assertions="4" time="0.012824"/>
        <testcase name="testCreateForm" file="/home/juli22/dbwebb-kurser/mvc/me/report/tests/Controller/LibraryControllerTest.php" line="20" class="App\Controller\LibraryControllerTest" classname="App.Controller.LibraryControllerTest" assertions="4" time="0.013213"/>
        <testcase name="testCreateNewOk" file="/home/juli22/dbwebb-kurser/mvc/me/report/tests/Controller/LibraryControllerTest.php" line="29" class="App\Controller\LibraryControllerTest" classname="App.Controller.LibraryControllerTest" assertions="3" time="0.008708"/>
        <testcase name="testCreateNewNotOk" file="/home/juli22/dbwebb-kurser/mvc/me/report/tests/Controller/LibraryControllerTest.php" line="46" class="App\Controller\LibraryControllerTest" classname="App.Controller.LibraryControllerTest" assertions="3" time="0.007288"/>
        <testcase name="testReadOneOk" file="/home/juli22/dbwebb-kurser/mvc/me/report/tests/Controller/LibraryControllerTest.php" line="63" class="App\Controller\LibraryControllerTest" classname="App.Controller.LibraryControllerTest" assertions="4" time="0.015347"/>
        <testcase name="testReadOneNotOk" file="/home/juli22/dbwebb-kurser/mvc/me/report/tests/Controller/LibraryControllerTest.php" line="72" class="App\Controller\LibraryControllerTest" classname="App.Controller.LibraryControllerTest" assertions="3" time="0.006959"/>
        <testcase name="testReadMany" file="/home/juli22/dbwebb-kurser/mvc/me/report/tests/Controller/LibraryControllerTest.php" line="80" class="App\Controller\LibraryControllerTest" classname="App.Controller.LibraryControllerTest" assertions="4" time="0.018609"/>
        <testcase name="testRemoveOne" file="/home/juli22/dbwebb-kurser/mvc/me/report/tests/Controller/LibraryControllerTest.php" line="89" class="App\Controller\LibraryControllerTest" classname="App.Controller.LibraryControllerTest" assertions="3" time="0.014256"/>
        <testcase name="testReset" file="/home/juli22/dbwebb-kurser/mvc/me/report/tests/Controller/LibraryControllerTest.php" line="97" class="App\Controller\LibraryControllerTest" classname="App.Controller.LibraryControllerTest" assertions="1" time="0.314455"/>
      </testsuite>
      <testsuite name="App\Controller\LibraryUpdateBookControllerTest" file="/home/juli22/dbwebb-kurser/mvc/me/report/tests/Controller/LibraryUpdateBookControllerTest.php" tests="4" assertions="13" errors="0" failures="0" skipped="0" time="0.043334">
        <testcase name="testUpdateForm" file="/home/juli22/dbwebb-kurser/mvc/me/report/tests/Controller/LibraryUpdateBookControllerTest.php" line="9" class="App\Controller\LibraryUpdateBookControllerTest" classname="App.Controller.LibraryUpdateBookControllerTest" assertions="4" time="0.016751"/>
        <testcase name="testUpdateOk" file="/home/juli22/dbwebb-kurser/mvc/me/report/tests/Controller/LibraryUpdateBookControllerTest.php" line="18" class="App\Controller\LibraryUpdateBookControllerTest" classname="App.Controller.LibraryUpdateBookControllerTest" assertions="3" time="0.008219"/>
        <testcase name="testUpdateAnotherOk" file="/home/juli22/dbwebb-kurser/mvc/me/report/tests/Controller/LibraryUpdateBookControllerTest.php" line="37" class="App\Controller\LibraryUpdateBookControllerTest" classname="App.Controller.LibraryUpdateBookControllerTest" assertions="3" time="0.009899"/>
        <testcase name="testUpdateNotOk" file="/home/juli22/dbwebb-kurser/mvc/me/report/tests/Controller/LibraryUpdateBookControllerTest.php" line="56" class="App\Controller\LibraryUpdateBookControllerTest" classname="App.Controller.LibraryUpdateBookControllerTest" assertions="3" time="0.008464"/>
      </testsuite>
      <testsuite name="App\Controller\MainControllerTest" file="/home/juli22/dbwebb-kurser/mvc/me/report/tests/Controller/MainControllerTest.php" tests="5" assertions="13" errors="0" failures="0" skipped="0" time="0.054779">
        <testcase name="testHome" file="/home/juli22/dbwebb-kurser/mvc/me/report/tests/Controller/MainControllerTest.php" line="12" class="App\Controller\MainControllerTest" classname="App.Controller.MainControllerTest" assertions="2" time="0.011270"/>
        <testcase name="testAbout" file="/home/juli22/dbwebb-kurser/mvc/me/report/tests/Controller/MainControllerTest.php" line="25" class="App\Controller\MainControllerTest" classname="App.Controller.MainControllerTest" assertions="2" time="0.011001"/>
        <testcase name="testReport" file="/home/juli22/dbwebb-kurser/mvc/me/report/tests/Controller/MainControllerTest.php" line="33" class="App\Controller\MainControllerTest" classname="App.Controller.MainControllerTest" assertions="2" time="0.012237"/>
        <testcase name="testLucky" file="/home/juli22/dbwebb-kurser/mvc/me/report/tests/Controller/MainControllerTest.php" line="41" class="App\Controller\MainControllerTest" classname="App.Controller.MainControllerTest" assertions="5" time="0.011424"/>
        <testcase name="testMetrics" file="/home/juli22/dbwebb-kurser/mvc/me/report/tests/Controller/MainControllerTest.php" line="52" class="App\Controller\MainControllerTest" classname="App.Controller.MainControllerTest" assertions="2" time="0.008848"/>
      </testsuite>
      <testsuite name="App\Entity\BookTest" file="/home/juli22/dbwebb-kurser/mvc/me/report/tests/Entity/BookTest.php" tests="1" assertions="6" errors="0" failures="0" skipped="0" time="0.000941">
        <testcase name="testCreateObject" file="/home/juli22/dbwebb-kurser/mvc/me/report/tests/Entity/BookTest.php" line="18" class="App\Entity\BookTest" classname="App.Entity.BookTest" assertions="6" time="0.000941"/>
      </testsuite>
      <testsuite name="App\Game\BanksTurnHandlerTest" file="/home/juli22/dbwebb-kurser/mvc/me/report/tests/Game/BanksTurnHandlerTest.php" tests="2" assertions="4" errors="0" failures="0" skipped="0" time="0.003345">
        <testcase name="testCreateObject" file="/home/juli22/dbwebb-kurser/mvc/me/report/tests/Game/BanksTurnHandlerTest.php" line="16" class="App\Game\BanksTurnHandlerTest" classname="App.Game.BanksTurnHandlerTest" assertions="1" time="0.000764"/>
        <testcase name="testBankDraw" file="/home/juli22/dbwebb-kurser/mvc/me/report/tests/Game/BanksTurnHandlerTest.php" line="25" class="App\Game\BanksTurnHandlerTest" classname="App.Game.BanksTurnHandlerTest" assertions="3" time="0.002582"/>
      </testsuite>
      <testsuite name="App\Game\BettingGameTraitTest" file="/home/juli22/dbwebb-kurser/mvc/me/report/tests/Game/BettingGameTraitTest.php" tests="5" assertions="8" errors="0" failures="0" skipped="0" time="0.004943">
        <testcase name="testGetInvestLimit" file="/home/juli22/dbwebb-kurser/mvc/me/report/tests/Game/BettingGameTraitTest.php" line="34" class="App\Game\BettingGameTraitTest" classname="App.Game.BettingGameTraitTest" assertions="3" time="0.000889"/>
        <testcase name="testAddToMoneyPotOk" file="/home/juli22/dbwebb-kurser/mvc/me/report/tests/Game/BettingGameTraitTest.php" line="52" class="App\Game\BettingGameTraitTest" classname="App.Game.BettingGameTraitTest" assertions="1" time="0.001180"/>
        <testcase name="testAddToMoneyPotNotOk" file="/home/juli22/dbwebb-kurser/mvc/me/report/tests/Game/BettingGameTraitTest.php" line="66" class="App\Game\BettingGameTraitTest" classname="App.Game.BettingGameTraitTest" assertions="2" time="0.001075"/>
        <testcase name="testIsWinnerOk" file="/home/juli22/dbwebb-kurser/mvc/me/report/tests/Game/BettingGameTraitTest.php" line="84" class="App\Game\BettingGameTraitTest" classname="App.Game.BettingGameTraitTest" assertions="1" time="0.000967"/>
        <testcase name="testIsWinnerNotOk" file="/home/juli22/dbwebb-kurser/mvc/me/report/tests/Game/BettingGameTraitTest.php" line="93" class="App\Game\BettingGameTraitTest" classname="App.Game.BettingGameTraitTest" assertions="1" time="0.000831"/>
      </testsuite>
      <testsuite name="App\Game\Game21EasyEvaluateBankTest" file="/home/juli22/dbwebb-kurser/mvc/me/report/tests/Game/Game21EasyEvaluateBankTest.php" tests="4" assertions="4" errors="0" failures="0" skipped="0" time="0.005796">
        <testcase name="testEvaluateBankBoth21" file="/home/juli22/dbwebb-kurser/mvc/me/report/tests/Game/Game21EasyEvaluateBankTest.php" line="21" class="App\Game\Game21EasyEvaluateBankTest" classname="App.Game.Game21EasyEvaluateBankTest" assertions="1" time="0.001530"/>
        <testcase name="testEvaluateBankPlayerBetterHand" file="/home/juli22/dbwebb-kurser/mvc/me/report/tests/Game/Game21EasyEvaluateBankTest.php" line="58" class="App\Game\Game21EasyEvaluateBankTest" classname="App.Game.Game21EasyEvaluateBankTest" assertions="1" time="0.001370"/>
        <testcase name="testEvaluateBankAbove21" file="/home/juli22/dbwebb-kurser/mvc/me/report/tests/Game/Game21EasyEvaluateBankTest.php" line="95" class="App\Game\Game21EasyEvaluateBankTest" classname="App.Game.Game21EasyEvaluateBankTest" assertions="1" time="0.001391"/>
        <testcase name="testEvaluateBankWin" file="/home/juli22/dbwebb-kurser/mvc/me/report/tests/Game/Game21EasyEvaluateBankTest.php" line="133" class="App\Game\Game21EasyEvaluateBankTest" classname="App.Game.Game21EasyEvaluateBankTest" assertions="1" time="0.001504"/>
      </testsuite>
      <testsuite name="App\Game\Game21EasyEvaluateTest" file="/home/juli22/dbwebb-kurser/mvc/me/report/tests/Game/Game21EasyEvaluateTest.php" tests="4" assertions="4" errors="0" failures="0" skipped="0" time="0.005122">
        <testcase name="testEvaluateUnder21" file="/home/juli22/dbwebb-kurser/mvc/me/report/tests/Game/Game21EasyEvaluateTest.php" line="22" class="App\Game\Game21EasyEvaluateTest" classname="App.Game.Game21EasyEvaluateTest" assertions="1" time="0.001267"/>
        <testcase name="testEvaluateAbove21" file="/home/juli22/dbwebb-kurser/mvc/me/report/tests/Game/Game21EasyEvaluateTest.php" line="56" class="App\Game\Game21EasyEvaluateTest" classname="App.Game.Game21EasyEvaluateTest" assertions="1" time="0.001262"/>
        <testcase name="testEvaluateAt21" file="/home/juli22/dbwebb-kurser/mvc/me/report/tests/Game/Game21EasyEvaluateTest.php" line="92" class="App\Game\Game21EasyEvaluateTest" classname="App.Game.Game21EasyEvaluateTest" assertions="1" time="0.001327"/>
        <testcase name="testEvaluateNoCradsLeft" file="/home/juli22/dbwebb-kurser/mvc/me/report/tests/Game/Game21EasyEvaluateTest.php" line="128" class="App\Game\Game21EasyEvaluateTest" classname="App.Game.Game21EasyEvaluateTest" assertions="1" time="0.001265"/>
      </testsuite>
      <testsuite name="App\Game\Game21EasyGenerateFlashTest" file="/home/juli22/dbwebb-kurser/mvc/me/report/tests/Game/Game21EasyGenerateFlashTest.php" tests="3" assertions="5" errors="0" failures="0" skipped="0" time="0.003573">
        <testcase name="testGenerateFlashRoundOver" file="/home/juli22/dbwebb-kurser/mvc/me/report/tests/Game/Game21EasyGenerateFlashTest.php" line="22" class="App\Game\Game21EasyGenerateFlashTest" classname="App.Game.Game21EasyGenerateFlashTest" assertions="2" time="0.001315"/>
        <testcase name="testGenerateFlashGameOver" file="/home/juli22/dbwebb-kurser/mvc/me/report/tests/Game/Game21EasyGenerateFlashTest.php" line="53" class="App\Game\Game21EasyGenerateFlashTest" classname="App.Game.Game21EasyGenerateFlashTest" assertions="2" time="0.001318"/>
        <testcase name="testGenerateFlashRoundNotOver" file="/home/juli22/dbwebb-kurser/mvc/me/report/tests/Game/Game21EasyGenerateFlashTest.php" line="84" class="App\Game\Game21EasyGenerateFlashTest" classname="App.Game.Game21EasyGenerateFlashTest" assertions="1" time="0.000940"/>
      </testsuite>
      <testsuite name="App\Game\Game21EasyTest" file="/home/juli22/dbwebb-kurser/mvc/me/report/tests/Game/Game21EasyTest.php" tests="6" assertions="9" errors="0" failures="0" skipped="0" time="0.006847">
        <testcase name="testCreateObject" file="/home/juli22/dbwebb-kurser/mvc/me/report/tests/Game/Game21EasyTest.php" line="21" class="App\Game\Game21EasyTest" classname="App.Game.Game21EasyTest" assertions="4" time="0.001199"/>
        <testcase name="testDeal" file="/home/juli22/dbwebb-kurser/mvc/me/report/tests/Game/Game21EasyTest.php" line="64" class="App\Game\Game21EasyTest" classname="App.Game.Game21EasyTest" assertions="1" time="0.001005"/>
        <testcase name="testDealBankCardsLeft" file="/home/juli22/dbwebb-kurser/mvc/me/report/tests/Game/Game21EasyTest.php" line="80" class="App\Game\Game21EasyTest" classname="App.Game.Game21EasyTest" assertions="1" time="0.001231"/>
        <testcase name="testDealBankNoCardsLeft" file="/home/juli22/dbwebb-kurser/mvc/me/report/tests/Game/Game21EasyTest.php" line="102" class="App\Game\Game21EasyTest" classname="App.Game.Game21EasyTest" assertions="1" time="0.001198"/>
        <testcase name="testGetRiskPlayer" file="/home/juli22/dbwebb-kurser/mvc/me/report/tests/Game/Game21EasyTest.php" line="122" class="App\Game\Game21EasyTest" classname="App.Game.Game21EasyTest" assertions="1" time="0.001130"/>
        <testcase name="testGetRiskBank" file="/home/juli22/dbwebb-kurser/mvc/me/report/tests/Game/Game21EasyTest.php" line="136" class="App\Game\Game21EasyTest" classname="App.Game.Game21EasyTest" assertions="1" time="0.001084"/>
      </testsuite>
      <testsuite name="App\Game\Game21HardTest" file="/home/juli22/dbwebb-kurser/mvc/me/report/tests/Game/Game21HardTest.php" tests="3" assertions="6" errors="0" failures="0" skipped="0" time="0.004053">
        <testcase name="testCreateObject" file="/home/juli22/dbwebb-kurser/mvc/me/report/tests/Game/Game21HardTest.php" line="21" class="App\Game\Game21HardTest" classname="App.Game.Game21HardTest" assertions="2" time="0.001317"/>
        <testcase name="testDealBank" file="/home/juli22/dbwebb-kurser/mvc/me/report/tests/Game/Game21HardTest.php" line="43" class="App\Game\Game21HardTest" classname="App.Game.Game21HardTest" assertions="2" time="0.001360"/>
        <testcase name="testDealBankNoCardsLeft" file="/home/juli22/dbwebb-kurser/mvc/me/report/tests/Game/Game21HardTest.php" line="67" class="App\Game\Game21HardTest" classname="App.Game.Game21HardTest" assertions="2" time="0.001376"/>
      </testsuite>
      <testsuite name="App\Game\GameAttrHandler2TraitTest" file="/home/juli22/dbwebb-kurser/mvc/me/report/tests/Game/GameAttrHandler2TraitTest.php" tests="9" assertions="9" errors="0" failures="0" skipped="0" time="0.008169">
        <testcase name="testSetBank" file="/home/juli22/dbwebb-kurser/mvc/me/report/tests/Game/GameAttrHandler2TraitTest.php" line="27" class="App\Game\GameAttrHandler2TraitTest" classname="App.Game.GameAttrHandler2TraitTest" assertions="1" time="0.000867"/>
        <testcase name="testGetBank" file="/home/juli22/dbwebb-kurser/mvc/me/report/tests/Game/GameAttrHandler2TraitTest.php" line="37" class="App\Game\GameAttrHandler2TraitTest" classname="App.Game.GameAttrHandler2TraitTest" assertions="1" time="0.000890"/>
        <testcase name="testSetPlayer" file="/home/juli22/dbwebb-kurser/mvc/me/report/tests/Game/GameAttrHandler2TraitTest.php" line="47" class="App\Game\GameAttrHandler2TraitTest" classname="App.Game.GameAttrHandler2TraitTest" assertions="1" time="0.000868"/>
        <testcase name="testGetPlayer" file="/home/juli22/dbwebb-kurser/mvc/me/report/tests/Game/GameAttrHandler2TraitTest.php" line="57" class="App\Game\GameAttrHandler2TraitTest" classname="App.Game.GameAttrHandler2TraitTest" assertions="1" time="0.000889"/>
        <testcase name="testSetCurrentRound" file="/home/juli22/dbwebb-kurser/mvc/me/report/tests/Game/GameAttrHandler2TraitTest.php" line="67" class="App\Game\GameAttrHandler2TraitTest" classname="App.Game.GameAttrHandler2TraitTest" assertions="1" time="0.000793"/>
        <testcase name="testGetCurrentRound" file="/home/juli22/dbwebb-kurser/mvc/me/report/tests/Game/GameAttrHandler2TraitTest.php" line="76" class="App\Game\GameAttrHandler2TraitTest" classname="App.Game.GameAttrHandler2TraitTest" assertions="1" time="0.001254"/>
        <testcase name="testSetWinner" file="/home/juli22/dbwebb-kurser/mvc/me/report/tests/Game/GameAttrHandler2TraitTest.php" line="86" class="App\Game\GameAttrHandler2TraitTest" classname="App.Game.GameAttrHandler2TraitTest" assertions="1" time="0.000956"/>
        <testcase name="testGetWinnerOk" file="/home/juli22/dbwebb-kurser/mvc/me/report/tests/Game/GameAttrHandler2TraitTest.php" line="99" class="App\Game\GameAttrHandler2TraitTest" classname="App.Game.GameAttrHandler2TraitTest" assertions="1" time="0.000907"/>
        <testcase name="testGetWinnerNotOk" file="/home/juli22/dbwebb-kurser/mvc/me/report/tests/Game/GameAttrHandler2TraitTest.php" line="112" class="App\Game\GameAttrHandler2TraitTest" classname="App.Game.GameAttrHandler2TraitTest" assertions="1" time="0.000744"/>
      </testsuite>
      <testsuite name="App\Game\GameAttrHandlerTraitTest" file="/home/juli22/dbwebb-kurser/mvc/me/report/tests/Game/GameAttrHandlerTraitTest.php" tests="7" assertions="7" errors="0" failures="0" skipped="0" time="0.005854">
        <testcase name="testSetMoneyPot" file="/home/juli22/dbwebb-kurser/mvc/me/report/tests/Game/GameAttrHandlerTraitTest.php" line="34" class="App\Game\GameAttrHandlerTraitTest" classname="App.Game.GameAttrHandlerTraitTest" assertions="1" time="0.000855"/>
        <testcase name="testGetMoneyPot" file="/home/juli22/dbwebb-kurser/mvc/me/report/tests/Game/GameAttrHandlerTraitTest.php" line="44" class="App\Game\GameAttrHandlerTraitTest" classname="App.Game.GameAttrHandlerTraitTest" assertions="1" time="0.000957"/>
        <testcase name="testSetRoundOver" file="/home/juli22/dbwebb-kurser/mvc/me/report/tests/Game/GameAttrHandlerTraitTest.php" line="57" class="App\Game\GameAttrHandlerTraitTest" classname="App.Game.GameAttrHandlerTraitTest" assertions="1" time="0.001018"/>
        <testcase name="testIsRoundOver" file="/home/juli22/dbwebb-kurser/mvc/me/report/tests/Game/GameAttrHandlerTraitTest.php" line="67" class="App\Game\GameAttrHandlerTraitTest" classname="App.Game.GameAttrHandlerTraitTest" assertions="1" time="0.000774"/>
        <testcase name="testIsBankPlaying" file="/home/juli22/dbwebb-kurser/mvc/me/report/tests/Game/GameAttrHandlerTraitTest.php" line="76" class="App\Game\GameAttrHandlerTraitTest" classname="App.Game.GameAttrHandlerTraitTest" assertions="1" time="0.000740"/>
        <testcase name="testSetBankPlaying" file="/home/juli22/dbwebb-kurser/mvc/me/report/tests/Game/GameAttrHandlerTraitTest.php" line="85" class="App\Game\GameAttrHandlerTraitTest" classname="App.Game.GameAttrHandlerTraitTest" assertions="1" time="0.000745"/>
        <testcase name="testSetFinished" file="/home/juli22/dbwebb-kurser/mvc/me/report/tests/Game/GameAttrHandlerTraitTest.php" line="95" class="App\Game\GameAttrHandlerTraitTest" classname="App.Game.GameAttrHandlerTraitTest" assertions="1" time="0.000765"/>
      </testsuite>
      <testsuite name="App\Game\GameHandlerLandingTest" file="/home/juli22/dbwebb-kurser/mvc/me/report/tests/Game/GameHandlerLandingTest.php" tests="5" assertions="9" errors="0" failures="0" skipped="0" time="0.005224">
        <testcase name="testCreateObject" file="/home/juli22/dbwebb-kurser/mvc/me/report/tests/Game/GameHandlerLandingTest.php" line="16" class="App\Game\GameHandlerLandingTest" classname="App.Game.GameHandlerLandingTest" assertions="1" time="0.000677"/>
        <testcase name="testMainNoGame" file="/home/juli22/dbwebb-kurser/mvc/me/report/tests/Game/GameHandlerLandingTest.php" line="25" class="App\Game\GameHandlerLandingTest" classname="App.Game.GameHandlerLandingTest" assertions="2" time="0.001068"/>
        <testcase name="testMainGameFinished" file="/home/juli22/dbwebb-kurser/mvc/me/report/tests/Game/GameHandlerLandingTest.php" line="44" class="App\Game\GameHandlerLandingTest" classname="App.Game.GameHandlerLandingTest" assertions="2" time="0.001189"/>
        <testcase name="testMainGameNotFinished" file="/home/juli22/dbwebb-kurser/mvc/me/report/tests/Game/GameHandlerLandingTest.php" line="65" class="App\Game\GameHandlerLandingTest" classname="App.Game.GameHandlerLandingTest" assertions="2" time="0.001382"/>
        <testcase name="testDoc" file="/home/juli22/dbwebb-kurser/mvc/me/report/tests/Game/GameHandlerLandingTest.php" line="86" class="App\Game\GameHandlerLandingTest" classname="App.Game.GameHandlerLandingTest" assertions="2" time="0.000908"/>
      </testsuite>
      <testsuite name="App\Game\GameHandlerTest" file="/home/juli22/dbwebb-kurser/mvc/me/report/tests/Game/GameHandlerTest.php" tests="2" assertions="2" errors="0" failures="0" skipped="0" time="0.002122">
        <testcase name="testCreateObject" file="/home/juli22/dbwebb-kurser/mvc/me/report/tests/Game/GameHandlerTest.php" line="16" class="App\Game\GameHandlerTest" classname="App.Game.GameHandlerTest" assertions="1" time="0.000678"/>
        <testcase name="testPlay" file="/home/juli22/dbwebb-kurser/mvc/me/report/tests/Game/GameHandlerTest.php" line="25" class="App\Game\GameHandlerTest" classname="App.Game.GameHandlerTest" assertions="1" time="0.001444"/>
      </testsuite>
      <testsuite name="App\Game\GameInitiatorTest" file="/home/juli22/dbwebb-kurser/mvc/me/report/tests/Game/GameInitiatorTest.php" tests="2" assertions="3" errors="0" failures="0" skipped="0" time="0.001912">
        <testcase name="testCreateObject" file="/home/juli22/dbwebb-kurser/mvc/me/report/tests/Game/GameInitiatorTest.php" line="15" class="App\Game\GameInitiatorTest" classname="App.Game.GameInitiatorTest" assertions="1" time="0.000721"/>
        <testcase name="testInit" file="/home/juli22/dbwebb-kurser/mvc/me/report/tests/Game/GameInitiatorTest.php" line="25" class="App\Game\GameInitiatorTest" classname="App.Game.GameInitiatorTest" assertions="2" time="0.001190"/>
      </testsuite>
      <testsuite name="App\Game\GameMoneyHandlerTest" file="/home/juli22/dbwebb-kurser/mvc/me/report/tests/Game/GameMoneyHandlerTest.php" tests="3" assertions="4" errors="0" failures="0" skipped="0" time="0.002559">
        <testcase name="testCreateObject" file="/home/juli22/dbwebb-kurser/mvc/me/report/tests/Game/GameMoneyHandlerTest.php" line="15" class="App\Game\GameMoneyHandlerTest" classname="App.Game.GameMoneyHandlerTest" assertions="1" time="0.000665"/>
        <testcase name="testSelectAmount" file="/home/juli22/dbwebb-kurser/mvc/me/report/tests/Game/GameMoneyHandlerTest.php" line="24" class="App\Game\GameMoneyHandlerTest" classname="App.Game.GameMoneyHandlerTest" assertions="2" time="0.000967"/>
        <testcase name="testBet" file="/home/juli22/dbwebb-kurser/mvc/me/report/tests/Game/GameMoneyHandlerTest.php" line="52" class="App\Game\GameMoneyHandlerTest" classname="App.Game.GameMoneyHandlerTest" assertions="1" time="0.000928"/>
      </testsuite>
      <testsuite name="App\Game\GameTest" file="/home/juli22/dbwebb-kurser/mvc/me/report/tests/Game/GameTest.php" tests="2" assertions="4" errors="0" failures="0" skipped="0" time="0.001841">
        <testcase name="testCreateObject" file="/home/juli22/dbwebb-kurser/mvc/me/report/tests/Game/GameTest.php" line="17" class="App\Game\GameTest" classname="App.Game.GameTest" assertions="3" time="0.000950"/>
        <testcase name="testCardsLeftOk" file="/home/juli22/dbwebb-kurser/mvc/me/report/tests/Game/GameTest.php" line="34" class="App\Game\GameTest" classname="App.Game.GameTest" assertions="1" time="0.000892"/>
      </testsuite>
      <testsuite name="App\Game\JsonGameHandlerTest" file="/home/juli22/dbwebb-kurser/mvc/me/report/tests/Game/JsonGameHandlerTest.php" tests="2" assertions="2" errors="0" failures="0" skipped="0" time="0.001887">
        <testcase name="testCreateObject" file="/home/juli22/dbwebb-kurser/mvc/me/report/tests/Game/JsonGameHandlerTest.php" line="16" class="App\Game\JsonGameHandlerTest" classname="App.Game.JsonGameHandlerTest" assertions="1" time="0.000665"/>
        <testcase name="testJsonGame" file="/home/juli22/dbwebb-kurser/mvc/me/report/tests/Game/JsonGameHandlerTest.php" line="26" class="App\Game\JsonGameHandlerTest" classname="App.Game.JsonGameHandlerTest" assertions="1" time="0.001222"/>
      </testsuite>
      <testsuite name="App\Game\MoneyPotTest" file="/home/juli22/dbwebb-kurser/mvc/me/report/tests/Game/MoneyPotTest.php" tests="3" assertions="5" errors="0" failures="0" skipped="0" time="0.002523">
        <testcase name="testCreateObject" file="/home/juli22/dbwebb-kurser/mvc/me/report/tests/Game/MoneyPotTest.php" line="25" class="App\Game\MoneyPotTest" classname="App.Game.MoneyPotTest" assertions="2" time="0.000716"/>
        <testcase name="testAddMoneyOk" file="/home/juli22/dbwebb-kurser/mvc/me/report/tests/Game/MoneyPotTest.php" line="37" class="App\Game\MoneyPotTest" classname="App.Game.MoneyPotTest" assertions="1" time="0.000874"/>
        <testcase name="testMoneyToWinnerOk" file="/home/juli22/dbwebb-kurser/mvc/me/report/tests/Game/MoneyPotTest.php" line="51" class="App\Game\MoneyPotTest" classname="App.Game.MoneyPotTest" assertions="2" time="0.000933"/>
      </testsuite>
      <testsuite name="App\Game\Player21Test" file="/home/juli22/dbwebb-kurser/mvc/me/report/tests/Game/Player21Test.php" tests="6" assertions="13" errors="0" failures="0" skipped="0" time="0.005146">
        <testcase name="testCreateObject" file="/home/juli22/dbwebb-kurser/mvc/me/report/tests/Game/Player21Test.php" line="19" class="App\Game\Player21Test" classname="App.Game.Player21Test" assertions="2" time="0.000735"/>
        <testcase name="testIncrMoneyOk" file="/home/juli22/dbwebb-kurser/mvc/me/report/tests/Game/Player21Test.php" line="32" class="App\Game\Player21Test" classname="App.Game.Player21Test" assertions="2" time="0.000747"/>
        <testcase name="testDecrMoneyOk" file="/home/juli22/dbwebb-kurser/mvc/me/report/tests/Game/Player21Test.php" line="52" class="App\Game\Player21Test" classname="App.Game.Player21Test" assertions="2" time="0.000702"/>
        <testcase name="testHandValue" file="/home/juli22/dbwebb-kurser/mvc/me/report/tests/Game/Player21Test.php" line="76" class="App\Game\Player21Test" classname="App.Game.Player21Test" assertions="1" time="0.000872"/>
        <testcase name="testMinHandValue" file="/home/juli22/dbwebb-kurser/mvc/me/report/tests/Game/Player21Test.php" line="92" class="App\Game\Player21Test" classname="App.Game.Player21Test" assertions="1" time="0.000857"/>
        <testcase name="testEstimateRisk" file="/home/juli22/dbwebb-kurser/mvc/me/report/tests/Game/Player21Test.php" line="106" class="App\Game\Player21Test" classname="App.Game.Player21Test" assertions="5" time="0.001234"/>
      </testsuite>
      <testsuite name="App\Game\PlayerTraitTest" file="/home/juli22/dbwebb-kurser/mvc/me/report/tests/Game/PlayerTraitTest.php" tests="5" assertions="5" errors="0" failures="0" skipped="0" time="0.004534">
        <testcase name="testDraw" file="/home/juli22/dbwebb-kurser/mvc/me/report/tests/Game/PlayerTraitTest.php" line="21" class="App\Game\PlayerTraitTest" classname="App.Game.PlayerTraitTest" assertions="1" time="0.000978"/>
        <testcase name="testEmptyHandOk" file="/home/juli22/dbwebb-kurser/mvc/me/report/tests/Game/PlayerTraitTest.php" line="37" class="App\Game\PlayerTraitTest" classname="App.Game.PlayerTraitTest" assertions="1" time="0.000820"/>
        <testcase name="testGetCardValues" file="/home/juli22/dbwebb-kurser/mvc/me/report/tests/Game/PlayerTraitTest.php" line="51" class="App\Game\PlayerTraitTest" classname="App.Game.PlayerTraitTest" assertions="1" time="0.000790"/>
        <testcase name="testShowHandAsString" file="/home/juli22/dbwebb-kurser/mvc/me/report/tests/Game/PlayerTraitTest.php" line="65" class="App\Game\PlayerTraitTest" classname="App.Game.PlayerTraitTest" assertions="1" time="0.000835"/>
        <testcase name="testGetCardCount" file="/home/juli22/dbwebb-kurser/mvc/me/report/tests/Game/PlayerTraitTest.php" line="79" class="App\Game\PlayerTraitTest" classname="App.Game.PlayerTraitTest" assertions="1" time="0.001111"/>
      </testsuite>
      <testsuite name="App\Game\PlayerTurnHandlerTest" file="/home/juli22/dbwebb-kurser/mvc/me/report/tests/Game/PlayerTurnHandlerTest.php" tests="3" assertions="6" errors="0" failures="0" skipped="0" time="0.003037">
        <testcase name="testCreateObject" file="/home/juli22/dbwebb-kurser/mvc/me/report/tests/Game/PlayerTurnHandlerTest.php" line="15" class="App\Game\PlayerTurnHandlerTest" classname="App.Game.PlayerTurnHandlerTest" assertions="1" time="0.000706"/>
        <testcase name="testPlayerDrawRoundOver" file="/home/juli22/dbwebb-kurser/mvc/me/report/tests/Game/PlayerTurnHandlerTest.php" line="24" class="App\Game\PlayerTurnHandlerTest" classname="App.Game.PlayerTurnHandlerTest" assertions="3" time="0.001302"/>
        <testcase name="testPlayerDrawRoundNotOver" file="/home/juli22/dbwebb-kurser/mvc/me/report/tests/Game/PlayerTurnHandlerTest.php" line="49" class="App\Game\PlayerTurnHandlerTest" classname="App.Game.PlayerTurnHandlerTest" assertions="2" time="0.001029"/>
      </testsuite>
      <testsuite name="App\Game\RoundHandlerTest" file="/home/juli22/dbwebb-kurser/mvc/me/report/tests/Game/RoundHandlerTest.php" tests="5" assertions="9" errors="0" failures="0" skipped="0" time="0.007437">
        <testcase name="testEndRoundNoCardsLeftNotSameFinalWinner" file="/home/juli22/dbwebb-kurser/mvc/me/report/tests/Game/RoundHandlerTest.php" line="23" class="App\Game\RoundHandlerTest" classname="App.Game.RoundHandlerTest" assertions="2" time="0.002140"/>
        <testcase name="testDeterminePlayerWinner" file="/home/juli22/dbwebb-kurser/mvc/me/report/tests/Game/RoundHandlerTest.php" line="56" class="App\Game\RoundHandlerTest" classname="App.Game.RoundHandlerTest" assertions="1" time="0.000985"/>
        <testcase name="testDetermineBankWinner" file="/home/juli22/dbwebb-kurser/mvc/me/report/tests/Game/RoundHandlerTest.php" line="68" class="App\Game\RoundHandlerTest" classname="App.Game.RoundHandlerTest" assertions="1" time="0.001155"/>
        <testcase name="testFinishGame" file="/home/juli22/dbwebb-kurser/mvc/me/report/tests/Game/RoundHandlerTest.php" line="80" class="App\Game\RoundHandlerTest" classname="App.Game.RoundHandlerTest" assertions="1" time="0.001145"/>
        <testcase name="testNextRound" file="/home/juli22/dbwebb-kurser/mvc/me/report/tests/Game/RoundHandlerTest.php" line="93" class="App\Game\RoundHandlerTest" classname="App.Game.RoundHandlerTest" assertions="4" time="0.002011"/>
      </testsuite>
      <testsuite name="App\Helpers\JsonConverterTest" file="/home/juli22/dbwebb-kurser/mvc/me/report/tests/Helpers/JsonConverterTest.php" tests="2" assertions="3" errors="0" failures="0" skipped="0" time="0.004407">
        <testcase name="testCreateObject" file="/home/juli22/dbwebb-kurser/mvc/me/report/tests/Helpers/JsonConverterTest.php" line="17" class="App\Helpers\JsonConverterTest" classname="App.Helpers.JsonConverterTest" assertions="1" time="0.000705"/>
        <testcase name="testConvert" file="/home/juli22/dbwebb-kurser/mvc/me/report/tests/Helpers/JsonConverterTest.php" line="26" class="App\Helpers\JsonConverterTest" classname="App.Helpers.JsonConverterTest" assertions="2" time="0.003701"/>
      </testsuite>
      <testsuite name="App\Helpers\JsonHandlerTest" file="/home/juli22/dbwebb-kurser/mvc/me/report/tests/Helpers/JsonHandlerTest.php" tests="3" assertions="3" errors="0" failures="0" skipped="0" time="0.002160">
        <testcase name="testCreateObject" file="/home/juli22/dbwebb-kurser/mvc/me/report/tests/Helpers/JsonHandlerTest.php" line="30" class="App\Helpers\JsonHandlerTest" classname="App.Helpers.JsonHandlerTest" assertions="1" time="0.000670"/>
        <testcase name="testGetLandingData" file="/home/juli22/dbwebb-kurser/mvc/me/report/tests/Helpers/JsonHandlerTest.php" line="39" class="App\Helpers\JsonHandlerTest" classname="App.Helpers.JsonHandlerTest" assertions="1" time="0.000730"/>
        <testcase name="testGenerateQuote" file="/home/juli22/dbwebb-kurser/mvc/me/report/tests/Helpers/JsonHandlerTest.php" line="101" class="App\Helpers\JsonHandlerTest" classname="App.Helpers.JsonHandlerTest" assertions="1" time="0.000761"/>
      </testsuite>
      <testsuite name="App\Helpers\LuckyRouteDataTest" file="/home/juli22/dbwebb-kurser/mvc/me/report/tests/Helpers/LuckyRouteDataTest.php" tests="2" assertions="2" errors="0" failures="0" skipped="0" time="0.001486">
        <testcase name="testCreateObject" file="/home/juli22/dbwebb-kurser/mvc/me/report/tests/Helpers/LuckyRouteDataTest.php" line="15" class="App\Helpers\LuckyRouteDataTest" classname="App.Helpers.LuckyRouteDataTest" assertions="1" time="0.000702"/>
        <testcase name="testLuckyData" file="/home/juli22/dbwebb-kurser/mvc/me/report/tests/Helpers/LuckyRouteDataTest.php" line="25" class="App\Helpers\LuckyRouteDataTest" classname="App.Helpers.LuckyRouteDataTest" assertions="1" time="0.000784"/>
      </testsuite>
      <testsuite name="App\Helpers\MainControllerHelperTest" file="/home/juli22/dbwebb-kurser/mvc/me/report/tests/Helpers/MainControllerHelperTest.php" tests="3" assertions="5" errors="0" failures="0" skipped="0" time="0.002667">
        <testcase name="testCreateObject" file="/home/juli22/dbwebb-kurser/mvc/me/report/tests/Helpers/MainControllerHelperTest.php" line="16" class="App\Helpers\MainControllerHelperTest" classname="App.Helpers.MainControllerHelperTest" assertions="1" time="0.000727"/>
        <testcase name="testStandardData" file="/home/juli22/dbwebb-kurser/mvc/me/report/tests/Helpers/MainControllerHelperTest.php" line="25" class="App\Helpers\MainControllerHelperTest" classname="App.Helpers.MainControllerHelperTest" assertions="2" time="0.000950"/>
        <testcase name="testReportData" file="/home/juli22/dbwebb-kurser/mvc/me/report/tests/Helpers/MainControllerHelperTest.php" line="51" class="App\Helpers\MainControllerHelperTest" classname="App.Helpers.MainControllerHelperTest" assertions="2" time="0.000989"/>
      </testsuite>
      <testsuite name="App\Library\BookRemoverTest" file="/home/juli22/dbwebb-kurser/mvc/me/report/tests/Library/BookRemoverTest.php" tests="2" assertions="2" errors="0" failures="0" skipped="0" time="0.003321">
        <testcase name="testCreateObject" file="/home/juli22/dbwebb-kurser/mvc/me/report/tests/Library/BookRemoverTest.php" line="21" class="App\Library\BookRemoverTest" classname="App.Library.BookRemoverTest" assertions="1" time="0.000708"/>
        <testcase name="testRemoveBook" file="/home/juli22/dbwebb-kurser/mvc/me/report/tests/Library/BookRemoverTest.php" line="30" class="App\Library\BookRemoverTest" classname="App.Library.BookRemoverTest" assertions="1" time="0.002614"/>
      </testsuite>
      <testsuite name="App\Library\BookSaverTest" file="/home/juli22/dbwebb-kurser/mvc/me/report/tests/Library/BookSaverTest.php" tests="3" assertions="5" errors="0" failures="0" skipped="0" time="0.003450">
        <testcase name="testCreateObject" file="/home/juli22/dbwebb-kurser/mvc/me/report/tests/Library/BookSaverTest.php" line="21" class="App\Library\BookSaverTest" classname="App.Library.BookSaverTest" assertions="1" time="0.001098"/>
        <testcase name="testSaveBookOk" file="/home/juli22/dbwebb-kurser/mvc/me/report/tests/Library/BookSaverTest.php" line="30" class="App\Library\BookSaverTest" classname="App.Library.BookSaverTest" assertions="2" time="0.001192"/>
        <testcase name="testSaveBookNotOk" file="/home/juli22/dbwebb-kurser/mvc/me/report/tests/Library/BookSaverTest.php" line="47" class="App\Library\BookSaverTest" classname="App.Library.BookSaverTest" assertions="2" time="0.001159"/>
      </testsuite>
      <testsuite name="App\Library\BookUpdatorTest" file="/home/juli22/dbwebb-kurser/mvc/me/report/tests/Library/BookUpdatorTest.php" tests="2" assertions="3" errors="0" failures="0" skipped="0" time="0.005156">
        <testcase name="testCreateObject" file="/home/juli22/dbwebb-kurser/mvc/me/report/tests/Library/BookUpdatorTest.php" line="21" class="App\Library\BookUpdatorTest" classname="App.Library.BookUpdatorTest" assertions="1" time="0.000705"/>
        <testcase name="testUpdateBook" file="/home/juli22/dbwebb-kurser/mvc/me/report/tests/Library/BookUpdatorTest.php" line="30" class="App\Library\BookUpdatorTest" classname="App.Library.BookUpdatorTest" assertions="2" time="0.004451"/>
      </testsuite>
      <testsuite name="App\Library\LibraryHandlerTest" file="/home/juli22/dbwebb-kurser/mvc/me/report/tests/Library/LibraryHandlerTest.php" tests="5" assertions="18" errors="0" failures="0" skipped="0" time="0.007253">
        <testcase name="testCreateObject" file="/home/juli22/dbwebb-kurser/mvc/me/report/tests/Library/LibraryHandlerTest.php" line="20" class="App\Library\LibraryHandlerTest" classname="App.Library.LibraryHandlerTest" assertions="1" time="0.000937"/>
        <testcase name="testUpdateOne" file="/home/juli22/dbwebb-kurser/mvc/me/report/tests/Library/LibraryHandlerTest.php" line="29" class="App\Library\LibraryHandlerTest" classname="App.Library.LibraryHandlerTest" assertions="6" time="0.002089"/>
        <testcase name="testCreateOne" file="/home/juli22/dbwebb-kurser/mvc/me/report/tests/Library/LibraryHandlerTest.php" line="76" class="App\Library\LibraryHandlerTest" classname="App.Library.LibraryHandlerTest" assertions="4" time="0.001641"/>
        <testcase name="testRemoveOne" file="/home/juli22/dbwebb-kurser/mvc/me/report/tests/Library/LibraryHandlerTest.php" line="114" class="App\Library\LibraryHandlerTest" classname="App.Library.LibraryHandlerTest" assertions="4" time="0.001633"/>
        <testcase name="testSettersGetters" file="/home/juli22/dbwebb-kurser/mvc/me/report/tests/Library/LibraryHandlerTest.php" line="152" class="App\Library\LibraryHandlerTest" classname="App.Library.LibraryHandlerTest" assertions="3" time="0.000952"/>
      </testsuite>
      <testsuite name="App\Library\NewFlashGeneratorTest" file="/home/juli22/dbwebb-kurser/mvc/me/report/tests/Library/NewFlashGeneratorTest.php" tests="3" assertions="3" errors="0" failures="0" skipped="0" time="0.002431">
        <testcase name="testCreateObject" file="/home/juli22/dbwebb-kurser/mvc/me/report/tests/Library/NewFlashGeneratorTest.php" line="17" class="App\Library\NewFlashGeneratorTest" classname="App.Library.NewFlashGeneratorTest" assertions="1" time="0.000656"/>
        <testcase name="testNewFlashOk" file="/home/juli22/dbwebb-kurser/mvc/me/report/tests/Library/NewFlashGeneratorTest.php" line="28" class="App\Library\NewFlashGeneratorTest" classname="App.Library.NewFlashGeneratorTest" assertions="1" time="0.000923"/>
        <testcase name="testNewFlashNotOk" file="/home/juli22/dbwebb-kurser/mvc/me/report/tests/Library/NewFlashGeneratorTest.php" line="47" class="App\Library\NewFlashGeneratorTest" classname="App.Library.NewFlashGeneratorTest" assertions="1" time="0.000851"/>
      </testsuite>
      <testsuite name="App\Library\RemoveFlashGeneratorTest" file="/home/juli22/dbwebb-kurser/mvc/me/report/tests/Library/RemoveFlashGeneratorTest.php" tests="2" assertions="2" errors="0" failures="0" skipped="0" time="0.001478">
        <testcase name="testCreateObject" file="/home/juli22/dbwebb-kurser/mvc/me/report/tests/Library/RemoveFlashGeneratorTest.php" line="17" class="App\Library\RemoveFlashGeneratorTest" classname="App.Library.RemoveFlashGeneratorTest" assertions="1" time="0.000644"/>
        <testcase name="testRemoveFlash" file="/home/juli22/dbwebb-kurser/mvc/me/report/tests/Library/RemoveFlashGeneratorTest.php" line="27" class="App\Library\RemoveFlashGeneratorTest" classname="App.Library.RemoveFlashGeneratorTest" assertions="1" time="0.000834"/>
      </testsuite>
      <testsuite name="App\Library\SqlFileLoaderTest" file="/home/juli22/dbwebb-kurser/mvc/me/report/tests/Library/SqlFileLoaderTest.php" tests="2" assertions="2" errors="0" failures="0" skipped="0" time="0.003598">
        <testcase name="testCreateObject" file="/home/juli22/dbwebb-kurser/mvc/me/report/tests/Library/SqlFileLoaderTest.php" line="28" class="App\Library\SqlFileLoaderTest" classname="App.Library.SqlFileLoaderTest" assertions="1" time="0.002691"/>
        <testcase name="testLoad" file="/home/juli22/dbwebb-kurser/mvc/me/report/tests/Library/SqlFileLoaderTest.php" line="39" class="App\Library\SqlFileLoaderTest" classname="App.Library.SqlFileLoaderTest" assertions="1" time="0.000907"/>
      </testsuite>
      <testsuite name="App\Library\UpdateFlashGeneratorTest" file="/home/juli22/dbwebb-kurser/mvc/me/report/tests/Library/UpdateFlashGeneratorTest.php" tests="3" assertions="3" errors="0" failures="0" skipped="0" time="0.002395">
        <testcase name="testCreateObject" file="/home/juli22/dbwebb-kurser/mvc/me/report/tests/Library/UpdateFlashGeneratorTest.php" line="17" class="App\Library\UpdateFlashGeneratorTest" classname="App.Library.UpdateFlashGeneratorTest" assertions="1" time="0.000679"/>
        <testcase name="testUpdateFlashOk" file="/home/juli22/dbwebb-kurser/mvc/me/report/tests/Library/UpdateFlashGeneratorTest.php" line="28" class="App\Library\UpdateFlashGeneratorTest" classname="App.Library.UpdateFlashGeneratorTest" assertions="1" time="0.000841"/>
        <testcase name="testUpdateFlashNotOk" file="/home/juli22/dbwebb-kurser/mvc/me/report/tests/Library/UpdateFlashGeneratorTest.php" line="42" class="App\Library\UpdateFlashGeneratorTest" classname="App.Library.UpdateFlashGeneratorTest" assertions="1" time="0.000875"/>
      </testsuite>
      <testsuite name="App\Markdown\MdParserTest" file="/home/juli22/dbwebb-kurser/mvc/me/report/tests/Markdown/MdParserTest.php" tests="2" assertions="3" errors="0" failures="0" skipped="0" time="0.002720">
        <testcase name="testCreateObject" file="/home/juli22/dbwebb-kurser/mvc/me/report/tests/Markdown/MdParserTest.php" line="30" class="App\Markdown\MdParserTest" classname="App.Markdown.MdParserTest" assertions="1" time="0.000679"/>
        <testcase name="testGetParsedText" file="/home/juli22/dbwebb-kurser/mvc/me/report/tests/Markdown/MdParserTest.php" line="40" class="App\Markdown\MdParserTest" classname="App.Markdown.MdParserTest" assertions="2" time="0.002041"/>
      </testsuite>
      <testsuite name="App\Project\CardCounterTest" file="/home/juli22/dbwebb-kurser/mvc/me/report/tests/Project/CardCounterTest.php" tests="1" assertions="1" errors="0" failures="0" skipped="0" time="0.000717">
        <testcase name="testCardCount" file="/home/juli22/dbwebb-kurser/mvc/me/report/tests/Project/CardCounterTest.php" line="34" class="App\Project\CardCounterTest" classname="App.Project.CardCounterTest" assertions="1" time="0.000717"/>
      </testsuite>
      <testsuite name="App\Project\CardFactoryTest" file="/home/juli22/dbwebb-kurser/mvc/me/report/tests/Project/CardFactoryTest.php" tests="1" assertions="2" errors="0" failures="0" skipped="0" time="0.003007">
        <testcase name="testFullSet" file="/home/juli22/dbwebb-kurser/mvc/me/report/tests/Project/CardFactoryTest.php" line="12" class="App\Project\CardFactoryTest" classname="App.Project.CardFactoryTest" assertions="2" time="0.003007"/>
      </testsuite>
      <testsuite name="App\Project\CardTest" file="/home/juli22/dbwebb-kurser/mvc/me/report/tests/Project/CardTest.php" tests="1" assertions="4" errors="0" failures="0" skipped="0" time="0.000725">
        <testcase name="testCreateObject" file="/home/juli22/dbwebb-kurser/mvc/me/report/tests/Project/CardTest.php" line="12" class="App\Project\CardTest" classname="App.Project.CardTest" assertions="4" time="0.000725"/>
      </testsuite>
      <testsuite name="App\Project\GridTest" file="/home/juli22/dbwebb-kurser/mvc/me/report/tests/Project/GridTest.php" tests="4" assertions="5" errors="0" failures="0" skipped="0" time="0.003340">
        <testcase name="testSetCards" file="/home/juli22/dbwebb-kurser/mvc/me/report/tests/Project/GridTest.php" line="87" class="App\Project\GridTest" classname="App.Project.GridTest" assertions="1" time="0.000683"/>
        <testcase name="testRowsAndCols" file="/home/juli22/dbwebb-kurser/mvc/me/report/tests/Project/GridTest.php" line="96" class="App\Project\GridTest" classname="App.Project.GridTest" assertions="1" time="0.001032"/>
        <testcase name="testGraphic" file="/home/juli22/dbwebb-kurser/mvc/me/report/tests/Project/GridTest.php" line="107" class="App\Project\GridTest" classname="App.Project.GridTest" assertions="1" time="0.000849"/>
        <testcase name="testAddOk" file="/home/juli22/dbwebb-kurser/mvc/me/report/tests/Project/GridTest.php" line="189" class="App\Project\GridTest" classname="App.Project.GridTest" assertions="2" time="0.000777"/>
      </testsuite>
      <testsuite name="App\Project\RankCounterTest" file="/home/juli22/dbwebb-kurser/mvc/me/report/tests/Project/RankCounterTest.php" tests="1" assertions="1" errors="0" failures="0" skipped="0" time="0.000755">
        <testcase name="testRanks" file="/home/juli22/dbwebb-kurser/mvc/me/report/tests/Project/RankCounterTest.php" line="34" class="App\Project\RankCounterTest" classname="App.Project.RankCounterTest" assertions="1" time="0.000755"/>
      </testsuite>
      <testsuite name="App\Project\SuitCounterTest" file="/home/juli22/dbwebb-kurser/mvc/me/report/tests/Project/SuitCounterTest.php" tests="1" assertions="1" errors="0" failures="0" skipped="0" time="0.000702">
        <testcase name="testSuits" file="/home/juli22/dbwebb-kurser/mvc/me/report/tests/Project/SuitCounterTest.php" line="34" class="App\Project\SuitCounterTest" classname="App.Project.SuitCounterTest" assertions="1" time="0.000702"/>
      </testsuite>
      <testsuite name="App\Repository\BookRepositoryTest" file="/home/juli22/dbwebb-kurser/mvc/me/report/tests/Repository/BookRepositoryTest.php" tests="2" assertions="4" errors="0" failures="0" skipped="0" time="0.002308">
        <testcase name="testCreateObject" file="/home/juli22/dbwebb-kurser/mvc/me/report/tests/Repository/BookRepositoryTest.php" line="22" class="App\Repository\BookRepositoryTest" classname="App.Repository.BookRepositoryTest" assertions="1" time="0.001218"/>
        <testcase name="testCompareIdNotOk" file="/home/juli22/dbwebb-kurser/mvc/me/report/tests/Repository/BookRepositoryTest.php" line="34" class="App\Repository\BookRepositoryTest" classname="App.Repository.BookRepositoryTest" assertions="3" time="0.001090"/>
      </testsuite>
    </testsuite>
  </testsuite>
</testsuites>
