<?xml version="1.0" encoding="UTF-8"?>
<testsuites>
  <testsuite name="" tests="504" assertions="879" errors="0" failures="0" skipped="0" time="3.044391">
    <testsuite name="Project Test Suite" tests="504" assertions="879" errors="0" failures="0" skipped="0" time="3.044391">
      <testsuite name="App\Cards\CardDataTraitTest" file="/home/juli22/dbwebb-kurser/mvc/me/report/tests/Cards/CardDataTraitTest.php" tests="3" assertions="3" errors="0" failures="0" skipped="0" time="0.227447">
        <testcase name="testGetValues" file="/home/juli22/dbwebb-kurser/mvc/me/report/tests/Cards/CardDataTraitTest.php" line="19" class="App\Cards\CardDataTraitTest" classname="App.Cards.CardDataTraitTest" assertions="1" time="0.225807"/>
        <testcase name="testGetAsString" file="/home/juli22/dbwebb-kurser/mvc/me/report/tests/Cards/CardDataTraitTest.php" line="30" class="App\Cards\CardDataTraitTest" classname="App.Cards.CardDataTraitTest" assertions="1" time="0.000908"/>
        <testcase name="testGetCardCount" file="/home/juli22/dbwebb-kurser/mvc/me/report/tests/Cards/CardDataTraitTest.php" line="40" class="App\Cards\CardDataTraitTest" classname="App.Cards.CardDataTraitTest" assertions="1" time="0.000732"/>
      </testsuite>
      <testsuite name="App\Cards\CardGraphicTest" file="/home/juli22/dbwebb-kurser/mvc/me/report/tests/Cards/CardGraphicTest.php" tests="1" assertions="2" errors="0" failures="0" skipped="0" time="0.000746">
        <testcase name="testCreateObject" file="/home/juli22/dbwebb-kurser/mvc/me/report/tests/Cards/CardGraphicTest.php" line="16" class="App\Cards\CardGraphicTest" classname="App.Cards.CardGraphicTest" assertions="2" time="0.000746"/>
      </testsuite>
      <testsuite name="App\Cards\CardHandTest" file="/home/juli22/dbwebb-kurser/mvc/me/report/tests/Cards/CardHandTest.php" tests="8" assertions="14" errors="0" failures="0" skipped="0" time="0.020600">
        <testcase name="testCreateObject" file="/home/juli22/dbwebb-kurser/mvc/me/report/tests/Cards/CardHandTest.php" line="22" class="App\Cards\CardHandTest" classname="App.Cards.CardHandTest" assertions="5" time="0.003185"/>
        <testcase name="testAddOneCardOk" file="/home/juli22/dbwebb-kurser/mvc/me/report/tests/Cards/CardHandTest.php" line="43" class="App\Cards\CardHandTest" classname="App.Cards.CardHandTest" assertions="2" time="0.007922"/>
        <testcase name="testGetValues" file="/home/juli22/dbwebb-kurser/mvc/me/report/tests/Cards/CardHandTest.php" line="67" class="App\Cards\CardHandTest" classname="App.Cards.CardHandTest" assertions="1" time="0.002032"/>
        <testcase name="testGetAsString" file="/home/juli22/dbwebb-kurser/mvc/me/report/tests/Cards/CardHandTest.php" line="93" class="App\Cards\CardHandTest" classname="App.Cards.CardHandTest" assertions="1" time="0.001465"/>
        <testcase name="testGetImgLinksAndDescr" file="/home/juli22/dbwebb-kurser/mvc/me/report/tests/Cards/CardHandTest.php" line="118" class="App\Cards\CardHandTest" classname="App.Cards.CardHandTest" assertions="1" time="0.002000"/>
        <testcase name="testAddManyCardsOk" file="/home/juli22/dbwebb-kurser/mvc/me/report/tests/Cards/CardHandTest.php" line="147" class="App\Cards\CardHandTest" classname="App.Cards.CardHandTest" assertions="1" time="0.000777"/>
        <testcase name="testAddManyCardsNotOk" file="/home/juli22/dbwebb-kurser/mvc/me/report/tests/Cards/CardHandTest.php" line="163" class="App\Cards\CardHandTest" classname="App.Cards.CardHandTest" assertions="1" time="0.002318"/>
        <testcase name="testEmptyHandOk" file="/home/juli22/dbwebb-kurser/mvc/me/report/tests/Cards/CardHandTest.php" line="183" class="App\Cards\CardHandTest" classname="App.Cards.CardHandTest" assertions="2" time="0.000902"/>
      </testsuite>
      <testsuite name="App\Cards\CardTest" file="/home/juli22/dbwebb-kurser/mvc/me/report/tests/Cards/CardTest.php" tests="2" assertions="10" errors="0" failures="0" skipped="0" time="0.001404">
        <testcase name="testCreateObject" file="/home/juli22/dbwebb-kurser/mvc/me/report/tests/Cards/CardTest.php" line="16" class="App\Cards\CardTest" classname="App.Cards.CardTest" assertions="5" time="0.000716"/>
        <testcase name="testCreateDifferentObject" file="/home/juli22/dbwebb-kurser/mvc/me/report/tests/Cards/CardTest.php" line="42" class="App\Cards\CardTest" classname="App.Cards.CardTest" assertions="5" time="0.000688"/>
      </testsuite>
      <testsuite name="App\Cards\DeckOfCardsExtTest" file="/home/juli22/dbwebb-kurser/mvc/me/report/tests/Cards/DeckOfCardsExtTest.php" tests="1" assertions="5" errors="0" failures="0" skipped="0" time="0.002873">
        <testcase name="testCreateObject" file="/home/juli22/dbwebb-kurser/mvc/me/report/tests/Cards/DeckOfCardsExtTest.php" line="16" class="App\Cards\DeckOfCardsExtTest" classname="App.Cards.DeckOfCardsExtTest" assertions="5" time="0.002873"/>
      </testsuite>
      <testsuite name="App\Cards\DeckOfCardsTest" file="/home/juli22/dbwebb-kurser/mvc/me/report/tests/Cards/DeckOfCardsTest.php" tests="9" assertions="21" errors="0" failures="0" skipped="0" time="0.011175">
        <testcase name="testCreateObject" file="/home/juli22/dbwebb-kurser/mvc/me/report/tests/Cards/DeckOfCardsTest.php" line="17" class="App\Cards\DeckOfCardsTest" classname="App.Cards.DeckOfCardsTest" assertions="4" time="0.000957"/>
        <testcase name="testDrawOk" file="/home/juli22/dbwebb-kurser/mvc/me/report/tests/Cards/DeckOfCardsTest.php" line="43" class="App\Cards\DeckOfCardsTest" classname="App.Cards.DeckOfCardsTest" assertions="1" time="0.001223"/>
        <testcase name="testDrawNotOk" file="/home/juli22/dbwebb-kurser/mvc/me/report/tests/Cards/DeckOfCardsTest.php" line="65" class="App\Cards\DeckOfCardsTest" classname="App.Cards.DeckOfCardsTest" assertions="1" time="0.001001"/>
        <testcase name="testCardCountOk" file="/home/juli22/dbwebb-kurser/mvc/me/report/tests/Cards/DeckOfCardsTest.php" line="84" class="App\Cards\DeckOfCardsTest" classname="App.Cards.DeckOfCardsTest" assertions="1" time="0.001108"/>
        <testcase name="testGetAsStringOk" file="/home/juli22/dbwebb-kurser/mvc/me/report/tests/Cards/DeckOfCardsTest.php" line="101" class="App\Cards\DeckOfCardsTest" classname="App.Cards.DeckOfCardsTest" assertions="5" time="0.001235"/>
        <testcase name="testGetAsStringNotOk" file="/home/juli22/dbwebb-kurser/mvc/me/report/tests/Cards/DeckOfCardsTest.php" line="126" class="App\Cards\DeckOfCardsTest" classname="App.Cards.DeckOfCardsTest" assertions="1" time="0.000798"/>
        <testcase name="testGetImgLinksOk" file="/home/juli22/dbwebb-kurser/mvc/me/report/tests/Cards/DeckOfCardsTest.php" line="143" class="App\Cards\DeckOfCardsTest" classname="App.Cards.DeckOfCardsTest" assertions="5" time="0.001188"/>
        <testcase name="testGetImgLinksNotOk" file="/home/juli22/dbwebb-kurser/mvc/me/report/tests/Cards/DeckOfCardsTest.php" line="169" class="App\Cards\DeckOfCardsTest" classname="App.Cards.DeckOfCardsTest" assertions="1" time="0.000778"/>
        <testcase name="testShuffleOk" file="/home/juli22/dbwebb-kurser/mvc/me/report/tests/Cards/DeckOfCardsTest.php" line="185" class="App\Cards\DeckOfCardsTest" classname="App.Cards.DeckOfCardsTest" assertions="2" time="0.002887"/>
      </testsuite>
      <testsuite name="App\Cards\PlayerTest" file="/home/juli22/dbwebb-kurser/mvc/me/report/tests/Cards/PlayerTest.php" tests="4" assertions="7" errors="0" failures="0" skipped="0" time="0.006991">
        <testcase name="testCreateObject" file="/home/juli22/dbwebb-kurser/mvc/me/report/tests/Cards/PlayerTest.php" line="22" class="App\Cards\PlayerTest" classname="App.Cards.PlayerTest" assertions="4" time="0.003743"/>
        <testcase name="testDrawOk" file="/home/juli22/dbwebb-kurser/mvc/me/report/tests/Cards/PlayerTest.php" line="42" class="App\Cards\PlayerTest" classname="App.Cards.PlayerTest" assertions="1" time="0.001399"/>
        <testcase name="testDrawManyOk" file="/home/juli22/dbwebb-kurser/mvc/me/report/tests/Cards/PlayerTest.php" line="61" class="App\Cards\PlayerTest" classname="App.Cards.PlayerTest" assertions="1" time="0.000854"/>
        <testcase name="testDrawManyNotOk" file="/home/juli22/dbwebb-kurser/mvc/me/report/tests/Cards/PlayerTest.php" line="81" class="App\Cards\PlayerTest" classname="App.Cards.PlayerTest" assertions="1" time="0.000995"/>
      </testsuite>
      <testsuite name="App\Controller\CardController2Test" file="/home/juli22/dbwebb-kurser/mvc/me/report/tests/Controller/CardController2Test.php" tests="6" assertions="43" errors="0" failures="0" skipped="0" time="1.462930">
        <testcase name="testDraw" file="/home/juli22/dbwebb-kurser/mvc/me/report/tests/Controller/CardController2Test.php" line="19" class="App\Controller\CardController2Test" classname="App.Controller.CardController2Test" assertions="5" time="1.365556"/>
        <testcase name="testDraw2" file="/home/juli22/dbwebb-kurser/mvc/me/report/tests/Controller/CardController2Test.php" line="38" class="App\Controller\CardController2Test" classname="App.Controller.CardController2Test" assertions="6" time="0.012814"/>
        <testcase name="testDraw3" file="/home/juli22/dbwebb-kurser/mvc/me/report/tests/Controller/CardController2Test.php" line="49" class="App\Controller\CardController2Test" classname="App.Controller.CardController2Test" assertions="3" time="0.022966"/>
        <testcase name="testDrawMany" file="/home/juli22/dbwebb-kurser/mvc/me/report/tests/Controller/CardController2Test.php" line="60" class="App\Controller\CardController2Test" classname="App.Controller.CardController2Test" assertions="5" time="0.014089"/>
        <testcase name="testDrawMany2" file="/home/juli22/dbwebb-kurser/mvc/me/report/tests/Controller/CardController2Test.php" line="78" class="App\Controller\CardController2Test" classname="App.Controller.CardController2Test" assertions="10" time="0.018849"/>
        <testcase name="testDeal" file="/home/juli22/dbwebb-kurser/mvc/me/report/tests/Controller/CardController2Test.php" line="92" class="App\Controller\CardController2Test" classname="App.Controller.CardController2Test" assertions="14" time="0.028656"/>
      </testsuite>
      <testsuite name="App\Controller\CardControllerTest" file="/home/juli22/dbwebb-kurser/mvc/me/report/tests/Controller/CardControllerTest.php" tests="3" assertions="17" errors="0" failures="0" skipped="0" time="0.040007">
        <testcase name="testDeck" file="/home/juli22/dbwebb-kurser/mvc/me/report/tests/Controller/CardControllerTest.php" line="15" class="App\Controller\CardControllerTest" classname="App.Controller.CardControllerTest" assertions="6" time="0.012332"/>
        <testcase name="testShuffle" file="/home/juli22/dbwebb-kurser/mvc/me/report/tests/Controller/CardControllerTest.php" line="36" class="App\Controller\CardControllerTest" classname="App.Controller.CardControllerTest" assertions="6" time="0.009304"/>
        <testcase name="testCard" file="/home/juli22/dbwebb-kurser/mvc/me/report/tests/Controller/CardControllerTest.php" line="54" class="App\Controller\CardControllerTest" classname="App.Controller.CardControllerTest" assertions="5" time="0.018372"/>
      </testsuite>
      <testsuite name="App\Controller\Game21ControllerTest" file="/home/juli22/dbwebb-kurser/mvc/me/report/tests/Controller/Game21ControllerTest.php" tests="9" assertions="43" errors="0" failures="0" skipped="0" time="0.165948">
        <testcase name="testGame" file="/home/juli22/dbwebb-kurser/mvc/me/report/tests/Controller/Game21ControllerTest.php" line="15" class="App\Controller\Game21ControllerTest" classname="App.Controller.Game21ControllerTest" assertions="8" time="0.015483"/>
        <testcase name="testGame2" file="/home/juli22/dbwebb-kurser/mvc/me/report/tests/Controller/Game21ControllerTest.php" line="33" class="App\Controller\Game21ControllerTest" classname="App.Controller.Game21ControllerTest" assertions="7" time="0.023379"/>
        <testcase name="testDoc" file="/home/juli22/dbwebb-kurser/mvc/me/report/tests/Controller/Game21ControllerTest.php" line="49" class="App\Controller\Game21ControllerTest" classname="App.Controller.Game21ControllerTest" assertions="4" time="0.017480"/>
        <testcase name="testInit" file="/home/juli22/dbwebb-kurser/mvc/me/report/tests/Controller/Game21ControllerTest.php" line="58" class="App\Controller\Game21ControllerTest" classname="App.Controller.Game21ControllerTest" assertions="5" time="0.014445"/>
        <testcase name="testSelectAmount" file="/home/juli22/dbwebb-kurser/mvc/me/report/tests/Controller/Game21ControllerTest.php" line="69" class="App\Controller\Game21ControllerTest" classname="App.Controller.Game21ControllerTest" assertions="6" time="0.019258"/>
        <testcase name="testBet" file="/home/juli22/dbwebb-kurser/mvc/me/report/tests/Controller/Game21ControllerTest.php" line="80" class="App\Controller\Game21ControllerTest" classname="App.Controller.Game21ControllerTest" assertions="3" time="0.013958"/>
        <testcase name="testPlayerDraw" file="/home/juli22/dbwebb-kurser/mvc/me/report/tests/Controller/Game21ControllerTest.php" line="89" class="App\Controller\Game21ControllerTest" classname="App.Controller.Game21ControllerTest" assertions="3" time="0.013283"/>
        <testcase name="testBankPlaying" file="/home/juli22/dbwebb-kurser/mvc/me/report/tests/Controller/Game21ControllerTest.php" line="98" class="App\Controller\Game21ControllerTest" classname="App.Controller.Game21ControllerTest" assertions="3" time="0.013064"/>
        <testcase name="testPlay" file="/home/juli22/dbwebb-kurser/mvc/me/report/tests/Controller/Game21ControllerTest.php" line="107" class="App\Controller\Game21ControllerTest" classname="App.Controller.Game21ControllerTest" assertions="4" time="0.035598"/>
      </testsuite>
      <testsuite name="App\Controller\JsonCardController2Test" file="/home/juli22/dbwebb-kurser/mvc/me/report/tests/Controller/JsonCardController2Test.php" tests="2" assertions="8" errors="0" failures="0" skipped="0" time="0.016894">
        <testcase name="testJsonDeck" file="/home/juli22/dbwebb-kurser/mvc/me/report/tests/Controller/JsonCardController2Test.php" line="10" class="App\Controller\JsonCardController2Test" classname="App.Controller.JsonCardController2Test" assertions="6" time="0.009568"/>
        <testcase name="testJsonShuffle" file="/home/juli22/dbwebb-kurser/mvc/me/report/tests/Controller/JsonCardController2Test.php" line="27" class="App\Controller\JsonCardController2Test" classname="App.Controller.JsonCardController2Test" assertions="2" time="0.007326"/>
      </testsuite>
      <testsuite name="App\Controller\JsonCardController3Test" file="/home/juli22/dbwebb-kurser/mvc/me/report/tests/Controller/JsonCardController3Test.php" tests="1" assertions="2" errors="0" failures="0" skipped="0" time="0.011514">
        <testcase name="testJsonDrawMany" file="/home/juli22/dbwebb-kurser/mvc/me/report/tests/Controller/JsonCardController3Test.php" line="9" class="App\Controller\JsonCardController3Test" classname="App.Controller.JsonCardController3Test" assertions="2" time="0.011514"/>
      </testsuite>
      <testsuite name="App\Controller\JsonCardController4Test" file="/home/juli22/dbwebb-kurser/mvc/me/report/tests/Controller/JsonCardController4Test.php" tests="1" assertions="2" errors="0" failures="0" skipped="0" time="0.006626">
        <testcase name="testDraw" file="/home/juli22/dbwebb-kurser/mvc/me/report/tests/Controller/JsonCardController4Test.php" line="9" class="App\Controller\JsonCardController4Test" classname="App.Controller.JsonCardController4Test" assertions="2" time="0.006626"/>
      </testsuite>
      <testsuite name="App\Controller\JsonCardControllerTest" file="/home/juli22/dbwebb-kurser/mvc/me/report/tests/Controller/JsonCardControllerTest.php" tests="1" assertions="2" errors="0" failures="0" skipped="0" time="0.007442">
        <testcase name="testJsonDeal" file="/home/juli22/dbwebb-kurser/mvc/me/report/tests/Controller/JsonCardControllerTest.php" line="9" class="App\Controller\JsonCardControllerTest" classname="App.Controller.JsonCardControllerTest" assertions="2" time="0.007442"/>
      </testsuite>
      <testsuite name="App\Controller\JsonControllerTest" file="/home/juli22/dbwebb-kurser/mvc/me/report/tests/Controller/JsonControllerTest.php" tests="2" assertions="6" errors="0" failures="0" skipped="0" time="0.025475">
        <testcase name="testApi" file="/home/juli22/dbwebb-kurser/mvc/me/report/tests/Controller/JsonControllerTest.php" line="9" class="App\Controller\JsonControllerTest" classname="App.Controller.JsonControllerTest" assertions="4" time="0.018124"/>
        <testcase name="testQuote" file="/home/juli22/dbwebb-kurser/mvc/me/report/tests/Controller/JsonControllerTest.php" line="18" class="App\Controller\JsonControllerTest" classname="App.Controller.JsonControllerTest" assertions="2" time="0.007351"/>
      </testsuite>
      <testsuite name="App\Controller\JsonGame21ControllerTest" file="/home/juli22/dbwebb-kurser/mvc/me/report/tests/Controller/JsonGame21ControllerTest.php" tests="1" assertions="2" errors="0" failures="0" skipped="0" time="0.013720">
        <testcase name="testDraw" file="/home/juli22/dbwebb-kurser/mvc/me/report/tests/Controller/JsonGame21ControllerTest.php" line="9" class="App\Controller\JsonGame21ControllerTest" classname="App.Controller.JsonGame21ControllerTest" assertions="2" time="0.013720"/>
      </testsuite>
      <testsuite name="App\Controller\JsonLibraryControllerTest" file="/home/juli22/dbwebb-kurser/mvc/me/report/tests/Controller/JsonLibraryControllerTest.php" tests="3" assertions="10" errors="0" failures="0" skipped="0" time="0.046605">
        <testcase name="testShowAllBooks" file="/home/juli22/dbwebb-kurser/mvc/me/report/tests/Controller/JsonLibraryControllerTest.php" line="9" class="App\Controller\JsonLibraryControllerTest" classname="App.Controller.JsonLibraryControllerTest" assertions="2" time="0.025332"/>
        <testcase name="testShowABookByIsbnNotOk" file="/home/juli22/dbwebb-kurser/mvc/me/report/tests/Controller/JsonLibraryControllerTest.php" line="17" class="App\Controller\JsonLibraryControllerTest" classname="App.Controller.JsonLibraryControllerTest" assertions="4" time="0.014239"/>
        <testcase name="testShowABookByIsbnOk" file="/home/juli22/dbwebb-kurser/mvc/me/report/tests/Controller/JsonLibraryControllerTest.php" line="28" class="App\Controller\JsonLibraryControllerTest" classname="App.Controller.JsonLibraryControllerTest" assertions="4" time="0.007034"/>
      </testsuite>
      <testsuite name="App\Controller\LibraryController2Test" file="/home/juli22/dbwebb-kurser/mvc/me/report/tests/Controller/LibraryController2Test.php" tests="4" assertions="13" errors="0" failures="0" skipped="0" time="0.046728">
        <testcase name="testUpdateForm" file="/home/juli22/dbwebb-kurser/mvc/me/report/tests/Controller/LibraryController2Test.php" line="9" class="App\Controller\LibraryController2Test" classname="App.Controller.LibraryController2Test" assertions="4" time="0.023734"/>
        <testcase name="testUpdateOk" file="/home/juli22/dbwebb-kurser/mvc/me/report/tests/Controller/LibraryController2Test.php" line="18" class="App\Controller\LibraryController2Test" classname="App.Controller.LibraryController2Test" assertions="3" time="0.009493"/>
        <testcase name="testUpdateAnotherOk" file="/home/juli22/dbwebb-kurser/mvc/me/report/tests/Controller/LibraryController2Test.php" line="37" class="App\Controller\LibraryController2Test" classname="App.Controller.LibraryController2Test" assertions="3" time="0.006891"/>
        <testcase name="testUpdateNotOk" file="/home/juli22/dbwebb-kurser/mvc/me/report/tests/Controller/LibraryController2Test.php" line="56" class="App\Controller\LibraryController2Test" classname="App.Controller.LibraryController2Test" assertions="3" time="0.006610"/>
      </testsuite>
      <testsuite name="App\Controller\LibraryControllerTest" file="/home/juli22/dbwebb-kurser/mvc/me/report/tests/Controller/LibraryControllerTest.php" tests="9" assertions="32" errors="0" failures="0" skipped="0" time="0.103741">
        <testcase name="testLibrary" file="/home/juli22/dbwebb-kurser/mvc/me/report/tests/Controller/LibraryControllerTest.php" line="14" class="App\Controller\LibraryControllerTest" classname="App.Controller.LibraryControllerTest" assertions="4" time="0.012494"/>
        <testcase name="testCreateForm" file="/home/juli22/dbwebb-kurser/mvc/me/report/tests/Controller/LibraryControllerTest.php" line="23" class="App\Controller\LibraryControllerTest" classname="App.Controller.LibraryControllerTest" assertions="4" time="0.014075"/>
        <testcase name="testCreateNewOk" file="/home/juli22/dbwebb-kurser/mvc/me/report/tests/Controller/LibraryControllerTest.php" line="32" class="App\Controller\LibraryControllerTest" classname="App.Controller.LibraryControllerTest" assertions="3" time="0.010013"/>
        <testcase name="testCreateNewNotOk" file="/home/juli22/dbwebb-kurser/mvc/me/report/tests/Controller/LibraryControllerTest.php" line="49" class="App\Controller\LibraryControllerTest" classname="App.Controller.LibraryControllerTest" assertions="3" time="0.007638"/>
        <testcase name="testReadOneOk" file="/home/juli22/dbwebb-kurser/mvc/me/report/tests/Controller/LibraryControllerTest.php" line="66" class="App\Controller\LibraryControllerTest" classname="App.Controller.LibraryControllerTest" assertions="4" time="0.016849"/>
        <testcase name="testReadOneNotOk" file="/home/juli22/dbwebb-kurser/mvc/me/report/tests/Controller/LibraryControllerTest.php" line="75" class="App\Controller\LibraryControllerTest" classname="App.Controller.LibraryControllerTest" assertions="3" time="0.007718"/>
        <testcase name="testReadMany" file="/home/juli22/dbwebb-kurser/mvc/me/report/tests/Controller/LibraryControllerTest.php" line="83" class="App\Controller\LibraryControllerTest" classname="App.Controller.LibraryControllerTest" assertions="4" time="0.016343"/>
        <testcase name="testRemoveOne" file="/home/juli22/dbwebb-kurser/mvc/me/report/tests/Controller/LibraryControllerTest.php" line="92" class="App\Controller\LibraryControllerTest" classname="App.Controller.LibraryControllerTest" assertions="3" time="0.008586"/>
        <testcase name="testReset" file="/home/juli22/dbwebb-kurser/mvc/me/report/tests/Controller/LibraryControllerTest.php" line="100" class="App\Controller\LibraryControllerTest" classname="App.Controller.LibraryControllerTest" assertions="4" time="0.010026"/>
      </testsuite>
      <testsuite name="App\Controller\LuckyMonkeyTest" file="/home/juli22/dbwebb-kurser/mvc/me/report/tests/Controller/LuckyMonkeyTest.php" tests="2" assertions="2" errors="0" failures="0" skipped="0" time="0.002000">
        <testcase name="testCreateObject" file="/home/juli22/dbwebb-kurser/mvc/me/report/tests/Controller/LuckyMonkeyTest.php" line="15" class="App\Controller\LuckyMonkeyTest" classname="App.Controller.LuckyMonkeyTest" assertions="1" time="0.000890"/>
        <testcase name="testData" file="/home/juli22/dbwebb-kurser/mvc/me/report/tests/Controller/LuckyMonkeyTest.php" line="25" class="App\Controller\LuckyMonkeyTest" classname="App.Controller.LuckyMonkeyTest" assertions="1" time="0.001109"/>
      </testsuite>
      <testsuite name="App\Controller\MainControllerHelperTest" file="/home/juli22/dbwebb-kurser/mvc/me/report/tests/Controller/MainControllerHelperTest.php" tests="3" assertions="5" errors="0" failures="0" skipped="0" time="0.002818">
        <testcase name="testCreateObject" file="/home/juli22/dbwebb-kurser/mvc/me/report/tests/Controller/MainControllerHelperTest.php" line="17" class="App\Controller\MainControllerHelperTest" classname="App.Controller.MainControllerHelperTest" assertions="1" time="0.000829"/>
        <testcase name="testStandardData" file="/home/juli22/dbwebb-kurser/mvc/me/report/tests/Controller/MainControllerHelperTest.php" line="26" class="App\Controller\MainControllerHelperTest" classname="App.Controller.MainControllerHelperTest" assertions="2" time="0.001042"/>
        <testcase name="testReportData" file="/home/juli22/dbwebb-kurser/mvc/me/report/tests/Controller/MainControllerHelperTest.php" line="51" class="App\Controller\MainControllerHelperTest" classname="App.Controller.MainControllerHelperTest" assertions="2" time="0.000946"/>
      </testsuite>
      <testsuite name="App\Controller\MainControllerTest" file="/home/juli22/dbwebb-kurser/mvc/me/report/tests/Controller/MainControllerTest.php" tests="5" assertions="13" errors="0" failures="0" skipped="0" time="0.062558">
        <testcase name="testHome" file="/home/juli22/dbwebb-kurser/mvc/me/report/tests/Controller/MainControllerTest.php" line="12" class="App\Controller\MainControllerTest" classname="App.Controller.MainControllerTest" assertions="2" time="0.012488"/>
        <testcase name="testAbout" file="/home/juli22/dbwebb-kurser/mvc/me/report/tests/Controller/MainControllerTest.php" line="25" class="App\Controller\MainControllerTest" classname="App.Controller.MainControllerTest" assertions="2" time="0.015912"/>
        <testcase name="testReport" file="/home/juli22/dbwebb-kurser/mvc/me/report/tests/Controller/MainControllerTest.php" line="33" class="App\Controller\MainControllerTest" classname="App.Controller.MainControllerTest" assertions="2" time="0.013654"/>
        <testcase name="testLucky" file="/home/juli22/dbwebb-kurser/mvc/me/report/tests/Controller/MainControllerTest.php" line="41" class="App\Controller\MainControllerTest" classname="App.Controller.MainControllerTest" assertions="5" time="0.011668"/>
        <testcase name="testMetrics" file="/home/juli22/dbwebb-kurser/mvc/me/report/tests/Controller/MainControllerTest.php" line="52" class="App\Controller\MainControllerTest" classname="App.Controller.MainControllerTest" assertions="2" time="0.008836"/>
      </testsuite>
      <testsuite name="App\Controller\MdParserTest" file="/home/juli22/dbwebb-kurser/mvc/me/report/tests/Controller/MdParserTest.php" tests="2" assertions="3" errors="0" failures="0" skipped="0" time="0.002760">
        <testcase name="testCreateObject" file="/home/juli22/dbwebb-kurser/mvc/me/report/tests/Controller/MdParserTest.php" line="29" class="App\Controller\MdParserTest" classname="App.Controller.MdParserTest" assertions="1" time="0.000703"/>
        <testcase name="testGetParsedText" file="/home/juli22/dbwebb-kurser/mvc/me/report/tests/Controller/MdParserTest.php" line="39" class="App\Controller\MdParserTest" classname="App.Controller.MdParserTest" assertions="2" time="0.002057"/>
      </testsuite>
      <testsuite name="App\Controller\QuoteTest" file="/home/juli22/dbwebb-kurser/mvc/me/report/tests/Controller/QuoteTest.php" tests="1" assertions="1" errors="0" failures="0" skipped="0" time="0.001012">
        <testcase name="testGenerate" file="/home/juli22/dbwebb-kurser/mvc/me/report/tests/Controller/QuoteTest.php" line="31" class="App\Controller\QuoteTest" classname="App.Controller.QuoteTest" assertions="1" time="0.001012"/>
      </testsuite>
      <testsuite name="App\Controller\SqlFileLoaderTest" file="/home/juli22/dbwebb-kurser/mvc/me/report/tests/Controller/SqlFileLoaderTest.php" tests="1" assertions="1" errors="0" failures="0" skipped="0" time="0.000915">
        <testcase name="testLoad" file="/home/juli22/dbwebb-kurser/mvc/me/report/tests/Controller/SqlFileLoaderTest.php" line="28" class="App\Controller\SqlFileLoaderTest" classname="App.Controller.SqlFileLoaderTest" assertions="1" time="0.000915"/>
      </testsuite>
      <testsuite name="App\DataFixtures\AddScoreTraitTest" file="/home/juli22/dbwebb-kurser/mvc/me/report/tests/DataFixtures/AddScoreTraitTest.php" tests="1" assertions="1" errors="0" failures="0" skipped="0" time="0.010831">
        <testcase name="testAddUser" file="/home/juli22/dbwebb-kurser/mvc/me/report/tests/DataFixtures/AddScoreTraitTest.php" line="15" class="App\DataFixtures\AddScoreTraitTest" classname="App.DataFixtures.AddScoreTraitTest" assertions="1" time="0.010831"/>
      </testsuite>
      <testsuite name="App\DataFixtures\AddTransactionTraitTest" file="/home/juli22/dbwebb-kurser/mvc/me/report/tests/DataFixtures/AddTransactionTraitTest.php" tests="1" assertions="1" errors="0" failures="0" skipped="0" time="0.006529">
        <testcase name="testAddUser" file="/home/juli22/dbwebb-kurser/mvc/me/report/tests/DataFixtures/AddTransactionTraitTest.php" line="15" class="App\DataFixtures\AddTransactionTraitTest" classname="App.DataFixtures.AddTransactionTraitTest" assertions="1" time="0.006529"/>
      </testsuite>
      <testsuite name="App\DataFixtures\AddUserTraitTest" file="/home/juli22/dbwebb-kurser/mvc/me/report/tests/DataFixtures/AddUserTraitTest.php" tests="1" assertions="4" errors="0" failures="0" skipped="0" time="0.083788">
        <testcase name="testAddUser" file="/home/juli22/dbwebb-kurser/mvc/me/report/tests/DataFixtures/AddUserTraitTest.php" line="13" class="App\DataFixtures\AddUserTraitTest" classname="App.DataFixtures.AddUserTraitTest" assertions="4" time="0.083788"/>
      </testsuite>
      <testsuite name="App\DataFixtures\AppFixturesTest" file="/home/juli22/dbwebb-kurser/mvc/me/report/tests/DataFixtures/AppFixturesTest.php" tests="1" assertions="1" errors="0" failures="0" skipped="0" time="0.125163">
        <testcase name="testLoad" file="/home/juli22/dbwebb-kurser/mvc/me/report/tests/DataFixtures/AppFixturesTest.php" line="11" class="App\DataFixtures\AppFixturesTest" classname="App.DataFixtures.AppFixturesTest" assertions="1" time="0.125163"/>
      </testsuite>
      <testsuite name="App\DataFixtures\BookFixtureTest" file="/home/juli22/dbwebb-kurser/mvc/me/report/tests/DataFixtures/BookFixtureTest.php" tests="1" assertions="1" errors="0" failures="0" skipped="0" time="0.001210">
        <testcase name="testLoad" file="/home/juli22/dbwebb-kurser/mvc/me/report/tests/DataFixtures/BookFixtureTest.php" line="12" class="App\DataFixtures\BookFixtureTest" classname="App.DataFixtures.BookFixtureTest" assertions="1" time="0.001210"/>
      </testsuite>
      <testsuite name="App\Entity\BookTest" file="/home/juli22/dbwebb-kurser/mvc/me/report/tests/Entity/BookTest.php" tests="1" assertions="6" errors="0" failures="0" skipped="0" time="0.000883">
        <testcase name="testCreateObject" file="/home/juli22/dbwebb-kurser/mvc/me/report/tests/Entity/BookTest.php" line="16" class="App\Entity\BookTest" classname="App.Entity.BookTest" assertions="6" time="0.000883"/>
      </testsuite>
      <testsuite name="App\Entity\ScoreTest" file="/home/juli22/dbwebb-kurser/mvc/me/report/tests/Entity/ScoreTest.php" tests="1" assertions="5" errors="0" failures="0" skipped="0" time="0.000891">
        <testcase name="testCreateObject" file="/home/juli22/dbwebb-kurser/mvc/me/report/tests/Entity/ScoreTest.php" line="17" class="App\Entity\ScoreTest" classname="App.Entity.ScoreTest" assertions="5" time="0.000891"/>
      </testsuite>
      <testsuite name="App\Entity\TransactionTest" file="/home/juli22/dbwebb-kurser/mvc/me/report/tests/Entity/TransactionTest.php" tests="1" assertions="6" errors="0" failures="0" skipped="0" time="0.000878">
        <testcase name="testCreateObject" file="/home/juli22/dbwebb-kurser/mvc/me/report/tests/Entity/TransactionTest.php" line="17" class="App\Entity\TransactionTest" classname="App.Entity.TransactionTest" assertions="6" time="0.000878"/>
      </testsuite>
      <testsuite name="App\Entity\UserTest" file="/home/juli22/dbwebb-kurser/mvc/me/report/tests/Entity/UserTest.php" tests="1" assertions="4" errors="0" failures="0" skipped="0" time="0.081913">
        <testcase name="testCreateObject" file="/home/juli22/dbwebb-kurser/mvc/me/report/tests/Entity/UserTest.php" line="18" class="App\Entity\UserTest" classname="App.Entity.UserTest" assertions="4" time="0.081913"/>
      </testsuite>
      <testsuite name="App\Game\BanksTurnTraitTest" file="/home/juli22/dbwebb-kurser/mvc/me/report/tests/Game/BanksTurnTraitTest.php" tests="1" assertions="4" errors="0" failures="0" skipped="0" time="0.000790">
        <testcase name="testBankTurn" file="/home/juli22/dbwebb-kurser/mvc/me/report/tests/Game/BanksTurnTraitTest.php" line="46" class="App\Game\BanksTurnTraitTest" classname="App.Game.BanksTurnTraitTest" assertions="4" time="0.000790"/>
      </testsuite>
      <testsuite name="App\Game\BettingGameTraitTest" file="/home/juli22/dbwebb-kurser/mvc/me/report/tests/Game/BettingGameTraitTest.php" tests="3" assertions="6" errors="0" failures="0" skipped="0" time="0.003045">
        <testcase name="testGetInvestLimit" file="/home/juli22/dbwebb-kurser/mvc/me/report/tests/Game/BettingGameTraitTest.php" line="29" class="App\Game\BettingGameTraitTest" classname="App.Game.BettingGameTraitTest" assertions="3" time="0.000877"/>
        <testcase name="testAddToMoneyPotOk" file="/home/juli22/dbwebb-kurser/mvc/me/report/tests/Game/BettingGameTraitTest.php" line="47" class="App\Game\BettingGameTraitTest" classname="App.Game.BettingGameTraitTest" assertions="1" time="0.001131"/>
        <testcase name="testAddToMoneyPotNotOk" file="/home/juli22/dbwebb-kurser/mvc/me/report/tests/Game/BettingGameTraitTest.php" line="61" class="App\Game\BettingGameTraitTest" classname="App.Game.BettingGameTraitTest" assertions="2" time="0.001037"/>
      </testsuite>
      <testsuite name="App\Game\DealBankEasyTraitTest" file="/home/juli22/dbwebb-kurser/mvc/me/report/tests/Game/DealBankEasyTraitTest.php" tests="2" assertions="3" errors="0" failures="0" skipped="0" time="0.002136">
        <testcase name="testDealBankCardsLeft" file="/home/juli22/dbwebb-kurser/mvc/me/report/tests/Game/DealBankEasyTraitTest.php" line="21" class="App\Game\DealBankEasyTraitTest" classname="App.Game.DealBankEasyTraitTest" assertions="2" time="0.001105"/>
        <testcase name="testDealBankNoCardsLeft" file="/home/juli22/dbwebb-kurser/mvc/me/report/tests/Game/DealBankEasyTraitTest.php" line="45" class="App\Game\DealBankEasyTraitTest" classname="App.Game.DealBankEasyTraitTest" assertions="1" time="0.001031"/>
      </testsuite>
      <testsuite name="App\Game\DealBankHardTraitTest" file="/home/juli22/dbwebb-kurser/mvc/me/report/tests/Game/DealBankHardTraitTest.php" tests="2" assertions="4" errors="0" failures="0" skipped="0" time="0.002270">
        <testcase name="testDealBank" file="/home/juli22/dbwebb-kurser/mvc/me/report/tests/Game/DealBankHardTraitTest.php" line="21" class="App\Game\DealBankHardTraitTest" classname="App.Game.DealBankHardTraitTest" assertions="2" time="0.001162"/>
        <testcase name="testDealBankNoCardsLeft" file="/home/juli22/dbwebb-kurser/mvc/me/report/tests/Game/DealBankHardTraitTest.php" line="43" class="App\Game\DealBankHardTraitTest" classname="App.Game.DealBankHardTraitTest" assertions="2" time="0.001108"/>
      </testsuite>
      <testsuite name="App\Game\EndRoundTraitTest" file="/home/juli22/dbwebb-kurser/mvc/me/report/tests/Game/EndRoundTraitTest.php" tests="5" assertions="15" errors="0" failures="0" skipped="0" time="0.005486">
        <testcase name="testDetermineWinner" file="/home/juli22/dbwebb-kurser/mvc/me/report/tests/Game/EndRoundTraitTest.php" line="20" class="App\Game\EndRoundTraitTest" classname="App.Game.EndRoundTraitTest" assertions="2" time="0.001270"/>
        <testcase name="testFinishGame" file="/home/juli22/dbwebb-kurser/mvc/me/report/tests/Game/EndRoundTraitTest.php" line="43" class="App\Game\EndRoundTraitTest" classname="App.Game.EndRoundTraitTest" assertions="3" time="0.000996"/>
        <testcase name="testGameOver" file="/home/juli22/dbwebb-kurser/mvc/me/report/tests/Game/EndRoundTraitTest.php" line="60" class="App\Game\EndRoundTraitTest" classname="App.Game.EndRoundTraitTest" assertions="2" time="0.000710"/>
        <testcase name="testEndRound1" file="/home/juli22/dbwebb-kurser/mvc/me/report/tests/Game/EndRoundTraitTest.php" line="67" class="App\Game\EndRoundTraitTest" classname="App.Game.EndRoundTraitTest" assertions="4" time="0.001195"/>
        <testcase name="testEndRound2" file="/home/juli22/dbwebb-kurser/mvc/me/report/tests/Game/EndRoundTraitTest.php" line="84" class="App\Game\EndRoundTraitTest" classname="App.Game.EndRoundTraitTest" assertions="4" time="0.001316"/>
      </testsuite>
      <testsuite name="App\Game\EvaluateBankTrait2Test" file="/home/juli22/dbwebb-kurser/mvc/me/report/tests/Game/EvaluateBankTrait2Test.php" tests="3" assertions="10" errors="0" failures="0" skipped="0" time="0.002141">
        <testcase name="testBankWinsOnEqual" file="/home/juli22/dbwebb-kurser/mvc/me/report/tests/Game/EvaluateBankTrait2Test.php" line="15" class="App\Game\EvaluateBankTrait2Test" classname="App.Game.EvaluateBankTrait2Test" assertions="4" time="0.000716"/>
        <testcase name="testHasBankMoreThan21" file="/home/juli22/dbwebb-kurser/mvc/me/report/tests/Game/EvaluateBankTrait2Test.php" line="30" class="App\Game\EvaluateBankTrait2Test" classname="App.Game.EvaluateBankTrait2Test" assertions="3" time="0.000718"/>
        <testcase name="testHasBankBestScore" file="/home/juli22/dbwebb-kurser/mvc/me/report/tests/Game/EvaluateBankTrait2Test.php" line="42" class="App\Game\EvaluateBankTrait2Test" classname="App.Game.EvaluateBankTrait2Test" assertions="3" time="0.000707"/>
      </testsuite>
      <testsuite name="App\Game\EvaluateBankTraitTest" file="/home/juli22/dbwebb-kurser/mvc/me/report/tests/Game/EvaluateBankTraitTest.php" tests="4" assertions="16" errors="0" failures="0" skipped="0" time="0.004127">
        <testcase name="testEvaluateBank" file="/home/juli22/dbwebb-kurser/mvc/me/report/tests/Game/EvaluateBankTraitTest.php" line="38" class="App\Game\EvaluateBankTraitTest" classname="App.Game.EvaluateBankTraitTest" assertions="4" time="0.001040"/>
        <testcase name="testEvaluateBank2" file="/home/juli22/dbwebb-kurser/mvc/me/report/tests/Game/EvaluateBankTraitTest.php" line="54" class="App\Game\EvaluateBankTraitTest" classname="App.Game.EvaluateBankTraitTest" assertions="4" time="0.001032"/>
        <testcase name="testEvaluateBank3" file="/home/juli22/dbwebb-kurser/mvc/me/report/tests/Game/EvaluateBankTraitTest.php" line="70" class="App\Game\EvaluateBankTraitTest" classname="App.Game.EvaluateBankTraitTest" assertions="4" time="0.001043"/>
        <testcase name="testEvaluateBank4" file="/home/juli22/dbwebb-kurser/mvc/me/report/tests/Game/EvaluateBankTraitTest.php" line="86" class="App\Game\EvaluateBankTraitTest" classname="App.Game.EvaluateBankTraitTest" assertions="4" time="0.001012"/>
      </testsuite>
      <testsuite name="App\Game\EvaluatePlayerTraitTest" file="/home/juli22/dbwebb-kurser/mvc/me/report/tests/Game/EvaluatePlayerTraitTest.php" tests="3" assertions="7" errors="0" failures="0" skipped="0" time="0.003547">
        <testcase name="testEvaluate" file="/home/juli22/dbwebb-kurser/mvc/me/report/tests/Game/EvaluatePlayerTraitTest.php" line="14" class="App\Game\EvaluatePlayerTraitTest" classname="App.Game.EvaluatePlayerTraitTest" assertions="2" time="0.001014"/>
        <testcase name="testEvaluate2" file="/home/juli22/dbwebb-kurser/mvc/me/report/tests/Game/EvaluatePlayerTraitTest.php" line="28" class="App\Game\EvaluatePlayerTraitTest" classname="App.Game.EvaluatePlayerTraitTest" assertions="4" time="0.001221"/>
        <testcase name="testEvaluate3" file="/home/juli22/dbwebb-kurser/mvc/me/report/tests/Game/EvaluatePlayerTraitTest.php" line="47" class="App\Game\EvaluatePlayerTraitTest" classname="App.Game.EvaluatePlayerTraitTest" assertions="1" time="0.001313"/>
      </testsuite>
      <testsuite name="App\Game\Game21DataTraitTest" file="/home/juli22/dbwebb-kurser/mvc/me/report/tests/Game/Game21DataTraitTest.php" tests="2" assertions="4" errors="0" failures="0" skipped="0" time="0.002527">
        <testcase name="testGetPlayerData" file="/home/juli22/dbwebb-kurser/mvc/me/report/tests/Game/Game21DataTraitTest.php" line="16" class="App\Game\Game21DataTraitTest" classname="App.Game.Game21DataTraitTest" assertions="3" time="0.001394"/>
        <testcase name="testGetGameStatus" file="/home/juli22/dbwebb-kurser/mvc/me/report/tests/Game/Game21DataTraitTest.php" line="49" class="App\Game\Game21DataTraitTest" classname="App.Game.Game21DataTraitTest" assertions="1" time="0.001132"/>
      </testsuite>
      <testsuite name="App\Game\Game21EasyTest" file="/home/juli22/dbwebb-kurser/mvc/me/report/tests/Game/Game21EasyTest.php" tests="1" assertions="4" errors="0" failures="0" skipped="0" time="0.001640">
        <testcase name="testCreateObject" file="/home/juli22/dbwebb-kurser/mvc/me/report/tests/Game/Game21EasyTest.php" line="21" class="App\Game\Game21EasyTest" classname="App.Game.Game21EasyTest" assertions="4" time="0.001640"/>
      </testsuite>
      <testsuite name="App\Game\Game21FlashTraitTest" file="/home/juli22/dbwebb-kurser/mvc/me/report/tests/Game/Game21FlashTraitTest.php" tests="1" assertions="2" errors="0" failures="0" skipped="0" time="0.000721">
        <testcase name="testMessageType" file="/home/juli22/dbwebb-kurser/mvc/me/report/tests/Game/Game21FlashTraitTest.php" line="12" class="App\Game\Game21FlashTraitTest" classname="App.Game.Game21FlashTraitTest" assertions="2" time="0.000721"/>
      </testsuite>
      <testsuite name="App\Game\Game21Test" file="/home/juli22/dbwebb-kurser/mvc/me/report/tests/Game/Game21Test.php" tests="1" assertions="2" errors="0" failures="0" skipped="0" time="0.000904">
        <testcase name="testCreateObject" file="/home/juli22/dbwebb-kurser/mvc/me/report/tests/Game/Game21Test.php" line="18" class="App\Game\Game21Test" classname="App.Game.Game21Test" assertions="2" time="0.000904"/>
      </testsuite>
      <testsuite name="App\Game\Game21TraitTest" file="/home/juli22/dbwebb-kurser/mvc/me/report/tests/Game/Game21TraitTest.php" tests="2" assertions="3" errors="0" failures="0" skipped="0" time="0.001965">
        <testcase name="testCurrentPlayer2" file="/home/juli22/dbwebb-kurser/mvc/me/report/tests/Game/Game21TraitTest.php" line="25" class="App\Game\Game21TraitTest" classname="App.Game.Game21TraitTest" assertions="1" time="0.000865"/>
        <testcase name="testEstimateRisk" file="/home/juli22/dbwebb-kurser/mvc/me/report/tests/Game/Game21TraitTest.php" line="37" class="App\Game\Game21TraitTest" classname="App.Game.Game21TraitTest" assertions="2" time="0.001100"/>
      </testsuite>
      <testsuite name="App\Game\GameApiTest" file="/home/juli22/dbwebb-kurser/mvc/me/report/tests/Game/GameApiTest.php" tests="2" assertions="2" errors="0" failures="0" skipped="0" time="0.001973">
        <testcase name="testCreateObject" file="/home/juli22/dbwebb-kurser/mvc/me/report/tests/Game/GameApiTest.php" line="13" class="App\Game\GameApiTest" classname="App.Game.GameApiTest" assertions="1" time="0.000668"/>
        <testcase name="testJsonGame" file="/home/juli22/dbwebb-kurser/mvc/me/report/tests/Game/GameApiTest.php" line="23" class="App\Game\GameApiTest" classname="App.Game.GameApiTest" assertions="1" time="0.001305"/>
      </testsuite>
      <testsuite name="App\Game\MoneyPotTest" file="/home/juli22/dbwebb-kurser/mvc/me/report/tests/Game/MoneyPotTest.php" tests="3" assertions="5" errors="0" failures="0" skipped="0" time="0.002551">
        <testcase name="testCreateObject" file="/home/juli22/dbwebb-kurser/mvc/me/report/tests/Game/MoneyPotTest.php" line="25" class="App\Game\MoneyPotTest" classname="App.Game.MoneyPotTest" assertions="2" time="0.000715"/>
        <testcase name="testAddMoneyOk" file="/home/juli22/dbwebb-kurser/mvc/me/report/tests/Game/MoneyPotTest.php" line="37" class="App\Game\MoneyPotTest" classname="App.Game.MoneyPotTest" assertions="1" time="0.000895"/>
        <testcase name="testMoneyToWinnerOk" file="/home/juli22/dbwebb-kurser/mvc/me/report/tests/Game/MoneyPotTest.php" line="51" class="App\Game\MoneyPotTest" classname="App.Game.MoneyPotTest" assertions="2" time="0.000941"/>
      </testsuite>
      <testsuite name="App\Game\NextRoundTraitTest" file="/home/juli22/dbwebb-kurser/mvc/me/report/tests/Game/NextRoundTraitTest.php" tests="1" assertions="6" errors="0" failures="0" skipped="0" time="0.001109">
        <testcase name="testNextRound" file="/home/juli22/dbwebb-kurser/mvc/me/report/tests/Game/NextRoundTraitTest.php" line="16" class="App\Game\NextRoundTraitTest" classname="App.Game.NextRoundTraitTest" assertions="6" time="0.001109"/>
      </testsuite>
      <testsuite name="App\Game\Player21Test" file="/home/juli22/dbwebb-kurser/mvc/me/report/tests/Game/Player21Test.php" tests="6" assertions="13" errors="0" failures="0" skipped="0" time="0.005724">
        <testcase name="testCreateObject" file="/home/juli22/dbwebb-kurser/mvc/me/report/tests/Game/Player21Test.php" line="19" class="App\Game\Player21Test" classname="App.Game.Player21Test" assertions="2" time="0.000727"/>
        <testcase name="testIncrMoneyOk" file="/home/juli22/dbwebb-kurser/mvc/me/report/tests/Game/Player21Test.php" line="32" class="App\Game\Player21Test" classname="App.Game.Player21Test" assertions="2" time="0.001012"/>
        <testcase name="testDecrMoneyOk" file="/home/juli22/dbwebb-kurser/mvc/me/report/tests/Game/Player21Test.php" line="52" class="App\Game\Player21Test" classname="App.Game.Player21Test" assertions="2" time="0.000736"/>
        <testcase name="testHandValue" file="/home/juli22/dbwebb-kurser/mvc/me/report/tests/Game/Player21Test.php" line="76" class="App\Game\Player21Test" classname="App.Game.Player21Test" assertions="1" time="0.000963"/>
        <testcase name="testMinHandValue" file="/home/juli22/dbwebb-kurser/mvc/me/report/tests/Game/Player21Test.php" line="92" class="App\Game\Player21Test" classname="App.Game.Player21Test" assertions="1" time="0.000891"/>
        <testcase name="testEstimateRisk" file="/home/juli22/dbwebb-kurser/mvc/me/report/tests/Game/Player21Test.php" line="106" class="App\Game\Player21Test" classname="App.Game.Player21Test" assertions="5" time="0.001394"/>
      </testsuite>
      <testsuite name="App\Game\PlayerTraitTest" file="/home/juli22/dbwebb-kurser/mvc/me/report/tests/Game/PlayerTraitTest.php" tests="5" assertions="5" errors="0" failures="0" skipped="0" time="0.004219">
        <testcase name="testDraw" file="/home/juli22/dbwebb-kurser/mvc/me/report/tests/Game/PlayerTraitTest.php" line="21" class="App\Game\PlayerTraitTest" classname="App.Game.PlayerTraitTest" assertions="1" time="0.000941"/>
        <testcase name="testEmptyHandOk" file="/home/juli22/dbwebb-kurser/mvc/me/report/tests/Game/PlayerTraitTest.php" line="37" class="App\Game\PlayerTraitTest" classname="App.Game.PlayerTraitTest" assertions="1" time="0.000856"/>
        <testcase name="testGetCardValues" file="/home/juli22/dbwebb-kurser/mvc/me/report/tests/Game/PlayerTraitTest.php" line="51" class="App\Game\PlayerTraitTest" classname="App.Game.PlayerTraitTest" assertions="1" time="0.000805"/>
        <testcase name="testShowHandAsString" file="/home/juli22/dbwebb-kurser/mvc/me/report/tests/Game/PlayerTraitTest.php" line="65" class="App\Game\PlayerTraitTest" classname="App.Game.PlayerTraitTest" assertions="1" time="0.000813"/>
        <testcase name="testGetCardCount" file="/home/juli22/dbwebb-kurser/mvc/me/report/tests/Game/PlayerTraitTest.php" line="79" class="App\Game\PlayerTraitTest" classname="App.Game.PlayerTraitTest" assertions="1" time="0.000805"/>
      </testsuite>
      <testsuite name="App\Game\PlayersTurnTraitTest" file="/home/juli22/dbwebb-kurser/mvc/me/report/tests/Game/PlayersTurnTraitTest.php" tests="2" assertions="8" errors="0" failures="0" skipped="0" time="0.001993">
        <testcase name="testplayersTurn" file="/home/juli22/dbwebb-kurser/mvc/me/report/tests/Game/PlayersTurnTraitTest.php" line="42" class="App\Game\PlayersTurnTraitTest" classname="App.Game.PlayersTurnTraitTest" assertions="4" time="0.001000"/>
        <testcase name="testplayersTurn2" file="/home/juli22/dbwebb-kurser/mvc/me/report/tests/Game/PlayersTurnTraitTest.php" line="58" class="App\Game\PlayersTurnTraitTest" classname="App.Game.PlayersTurnTraitTest" assertions="4" time="0.000993"/>
      </testsuite>
      <testsuite name="App\Project\CardFactoryTest" file="/home/juli22/dbwebb-kurser/mvc/me/report/tests/Project/CardFactoryTest.php" tests="1" assertions="2" errors="0" failures="0" skipped="0" time="0.001382">
        <testcase name="testFullSet" file="/home/juli22/dbwebb-kurser/mvc/me/report/tests/Project/CardFactoryTest.php" line="12" class="App\Project\CardFactoryTest" classname="App.Project.CardFactoryTest" assertions="2" time="0.001382"/>
      </testsuite>
      <testsuite name="App\Project\DeckTest" file="/home/juli22/dbwebb-kurser/mvc/me/report/tests/Project/DeckTest.php" tests="4" assertions="8" errors="0" failures="0" skipped="0" time="0.004216">
        <testcase name="testCreateObject" file="/home/juli22/dbwebb-kurser/mvc/me/report/tests/Project/DeckTest.php" line="18" class="App\Project\DeckTest" classname="App.Project.DeckTest" assertions="3" time="0.001408"/>
        <testcase name="testDealOk" file="/home/juli22/dbwebb-kurser/mvc/me/report/tests/Project/DeckTest.php" line="42" class="App\Project\DeckTest" classname="App.Project.DeckTest" assertions="2" time="0.000989"/>
        <testcase name="testDealNotOk" file="/home/juli22/dbwebb-kurser/mvc/me/report/tests/Project/DeckTest.php" line="65" class="App\Project\DeckTest" classname="App.Project.DeckTest" assertions="1" time="0.000943"/>
        <testcase name="testPossibleCards" file="/home/juli22/dbwebb-kurser/mvc/me/report/tests/Project/DeckTest.php" line="97" class="App\Project\DeckTest" classname="App.Project.DeckTest" assertions="2" time="0.000877"/>
      </testsuite>
      <testsuite name="App\Repository\Register2Test" file="/home/juli22/dbwebb-kurser/mvc/me/report/tests/Project/Register2Test.php" tests="2" assertions="3" errors="0" failures="0" skipped="0" time="0.006078">
        <testcase name="testGetBalanceNotOk" file="/home/juli22/dbwebb-kurser/mvc/me/report/tests/Project/Register2Test.php" line="49" class="App\Repository\Register2Test" classname="App.Repository.Register2Test" assertions="1" time="0.003724"/>
        <testcase name="testGetBalanceOk" file="/home/juli22/dbwebb-kurser/mvc/me/report/tests/Project/Register2Test.php" line="59" class="App\Repository\Register2Test" classname="App.Repository.Register2Test" assertions="2" time="0.002354"/>
      </testsuite>
      <testsuite name="App\Project\RegisterFactoryTest" file="/home/juli22/dbwebb-kurser/mvc/me/report/tests/Project/RegisterFactoryTest.php" tests="1" assertions="1" errors="0" failures="0" skipped="0" time="0.001468">
        <testcase name="testcreate" file="/home/juli22/dbwebb-kurser/mvc/me/report/tests/Project/RegisterFactoryTest.php" line="27" class="App\Project\RegisterFactoryTest" classname="App.Project.RegisterFactoryTest" assertions="1" time="0.001468"/>
      </testsuite>
      <testsuite name="App\Repository\RegisterTest" file="/home/juli22/dbwebb-kurser/mvc/me/report/tests/Project/RegisterTest.php" tests="4" assertions="9" errors="0" failures="0" skipped="0" time="0.007377">
        <testcase name="testTransaction" file="/home/juli22/dbwebb-kurser/mvc/me/report/tests/Project/RegisterTest.php" line="29" class="App\Repository\RegisterTest" classname="App.Repository.RegisterTest" assertions="3" time="0.001805"/>
        <testcase name="testDebitOk" file="/home/juli22/dbwebb-kurser/mvc/me/report/tests/Project/RegisterTest.php" line="48" class="App\Repository\RegisterTest" classname="App.Repository.RegisterTest" assertions="3" time="0.001946"/>
        <testcase name="testDebitNotOk" file="/home/juli22/dbwebb-kurser/mvc/me/report/tests/Project/RegisterTest.php" line="67" class="App\Repository\RegisterTest" classname="App.Repository.RegisterTest" assertions="1" time="0.001502"/>
        <testcase name="testScore" file="/home/juli22/dbwebb-kurser/mvc/me/report/tests/Project/RegisterTest.php" line="74" class="App\Repository\RegisterTest" classname="App.Repository.RegisterTest" assertions="2" time="0.002124"/>
      </testsuite>
      <testsuite name="App\ProjectGrid\AddCardTraitTest" file="/home/juli22/dbwebb-kurser/mvc/me/report/tests/ProjectGrid/AddCardTraitTest.php" tests="1" assertions="1" errors="0" failures="0" skipped="0" time="0.000738">
        <testcase name="testAddCard" file="/home/juli22/dbwebb-kurser/mvc/me/report/tests/ProjectGrid/AddCardTraitTest.php" line="12" class="App\ProjectGrid\AddCardTraitTest" classname="App.ProjectGrid.AddCardTraitTest" assertions="1" time="0.000738"/>
      </testsuite>
      <testsuite name="App\ProjectGrid\CardCountTraitTest" file="/home/juli22/dbwebb-kurser/mvc/me/report/tests/ProjectGrid/CardCountTraitTest.php" tests="1" assertions="1" errors="0" failures="0" skipped="0" time="0.000687">
        <testcase name="testCardCount" file="/home/juli22/dbwebb-kurser/mvc/me/report/tests/ProjectGrid/CardCountTraitTest.php" line="11" class="App\ProjectGrid\CardCountTraitTest" classname="App.ProjectGrid.CardCountTraitTest" assertions="1" time="0.000687"/>
      </testsuite>
      <testsuite name="App\ProjectGrid\GraphicTraitTest" file="/home/juli22/dbwebb-kurser/mvc/me/report/tests/ProjectGrid/GraphicTraitTest.php" tests="1" assertions="1" errors="0" failures="0" skipped="0" time="0.000854">
        <testcase name="testGraphic" file="/home/juli22/dbwebb-kurser/mvc/me/report/tests/ProjectGrid/GraphicTraitTest.php" line="28" class="App\ProjectGrid\GraphicTraitTest" classname="App.ProjectGrid.GraphicTraitTest" assertions="1" time="0.000854"/>
      </testsuite>
      <testsuite name="App\ProjectGrid\RemoveCardTraitTest" file="/home/juli22/dbwebb-kurser/mvc/me/report/tests/ProjectGrid/RemoveCardTraitTest.php" tests="1" assertions="3" errors="0" failures="0" skipped="0" time="0.000786">
        <testcase name="testRemoveCard" file="/home/juli22/dbwebb-kurser/mvc/me/report/tests/ProjectGrid/RemoveCardTraitTest.php" line="11" class="App\ProjectGrid\RemoveCardTraitTest" classname="App.ProjectGrid.RemoveCardTraitTest" assertions="3" time="0.000786"/>
      </testsuite>
      <testsuite name="App\ProjectGrid\RowsColsTraitTest" file="/home/juli22/dbwebb-kurser/mvc/me/report/tests/ProjectGrid/RowsColsTraitTest.php" tests="3" assertions="4" errors="0" failures="0" skipped="0" time="0.002276">
        <testcase name="testGetRows" file="/home/juli22/dbwebb-kurser/mvc/me/report/tests/ProjectGrid/RowsColsTraitTest.php" line="11" class="App\ProjectGrid\RowsColsTraitTest" classname="App.ProjectGrid.RowsColsTraitTest" assertions="1" time="0.000703"/>
        <testcase name="testGetCols" file="/home/juli22/dbwebb-kurser/mvc/me/report/tests/ProjectGrid/RowsColsTraitTest.php" line="21" class="App\ProjectGrid\RowsColsTraitTest" classname="App.ProjectGrid.RowsColsTraitTest" assertions="2" time="0.000702"/>
        <testcase name="testGetCols2" file="/home/juli22/dbwebb-kurser/mvc/me/report/tests/ProjectGrid/RowsColsTraitTest.php" line="39" class="App\ProjectGrid\RowsColsTraitTest" classname="App.ProjectGrid.RowsColsTraitTest" assertions="1" time="0.000871"/>
      </testsuite>
      <testsuite name="App\ProjectGrid\SlotGraphicTraitTest" file="/home/juli22/dbwebb-kurser/mvc/me/report/tests/ProjectGrid/SlotGraphicTraitTest.php" tests="1" assertions="4" errors="0" failures="0" skipped="0" time="0.000744">
        <testcase name="testSlotGraphic" file="/home/juli22/dbwebb-kurser/mvc/me/report/tests/ProjectGrid/SlotGraphicTraitTest.php" line="11" class="App\ProjectGrid\SlotGraphicTraitTest" classname="App.ProjectGrid.SlotGraphicTraitTest" assertions="4" time="0.000744"/>
      </testsuite>
      <testsuite name="App\ProjectRules\AdditionalValueTraitTest" file="/home/juli22/dbwebb-kurser/mvc/me/report/tests/ProjectRules/AdditionalValueTraitTest.php" tests="1" assertions="2" errors="0" failures="0" skipped="0" time="0.000704">
        <testcase name="testGetAdditionalValue" file="/home/juli22/dbwebb-kurser/mvc/me/report/tests/ProjectRules/AdditionalValueTraitTest.php" line="11" class="App\ProjectRules\AdditionalValueTraitTest" classname="App.ProjectRules.AdditionalValueTraitTest" assertions="2" time="0.000704"/>
      </testsuite>
      <testsuite name="App\ProjectRules\BestPossibleRulesTraitTest" file="/home/juli22/dbwebb-kurser/mvc/me/report/tests/ProjectRules/BestPossibleRulesTraitTest.php" tests="4" assertions="4" errors="0" failures="0" skipped="0" time="0.016428">
        <testcase name="testAdjustPriorityOk" file="/home/juli22/dbwebb-kurser/mvc/me/report/tests/ProjectRules/BestPossibleRulesTraitTest.php" line="26" class="App\ProjectRules\BestPossibleRulesTraitTest" classname="App.ProjectRules.BestPossibleRulesTraitTest" assertions="1" time="0.000847"/>
        <testcase name="testAdjustPriorityNotOk" file="/home/juli22/dbwebb-kurser/mvc/me/report/tests/ProjectRules/BestPossibleRulesTraitTest.php" line="37" class="App\ProjectRules\BestPossibleRulesTraitTest" classname="App.ProjectRules.BestPossibleRulesTraitTest" assertions="1" time="0.000780"/>
        <testcase name="testAdjustPriorityNotOk2" file="/home/juli22/dbwebb-kurser/mvc/me/report/tests/ProjectRules/BestPossibleRulesTraitTest.php" line="48" class="App\ProjectRules\BestPossibleRulesTraitTest" classname="App.ProjectRules.BestPossibleRulesTraitTest" assertions="1" time="0.000767"/>
        <testcase name="testRulesHandsOk" file="/home/juli22/dbwebb-kurser/mvc/me/report/tests/ProjectRules/BestPossibleRulesTraitTest.php" line="59" class="App\ProjectRules\BestPossibleRulesTraitTest" classname="App.ProjectRules.BestPossibleRulesTraitTest" assertions="1" time="0.014034"/>
      </testsuite>
      <testsuite name="App\ProjectRules\CheckEmptyGridTraitTest" file="/home/juli22/dbwebb-kurser/mvc/me/report/tests/ProjectRules/CheckEmptyGridTraitTest.php" tests="1" assertions="1" errors="0" failures="0" skipped="0" time="0.000753">
        <testcase name="testAddCard" file="/home/juli22/dbwebb-kurser/mvc/me/report/tests/ProjectRules/CheckEmptyGridTraitTest.php" line="27" class="App\ProjectRules\CheckEmptyGridTraitTest" classname="App.ProjectRules.CheckEmptyGridTraitTest" assertions="1" time="0.000753"/>
      </testsuite>
      <testsuite name="App\ProjectRules\CheckFullHandTrait2Test" file="/home/juli22/dbwebb-kurser/mvc/me/report/tests/ProjectRules/CheckFullHandTrait2Test.php" tests="10" assertions="10" errors="0" failures="0" skipped="0" time="0.012751">
        <testcase name="testCheckHandForWinRoyalFlush" file="/home/juli22/dbwebb-kurser/mvc/me/report/tests/ProjectRules/CheckFullHandTrait2Test.php" line="29" class="App\ProjectRules\CheckFullHandTrait2Test" classname="App.ProjectRules.CheckFullHandTrait2Test" assertions="1" time="0.000979"/>
        <testcase name="testCheckHandForWinStraightFlush" file="/home/juli22/dbwebb-kurser/mvc/me/report/tests/ProjectRules/CheckFullHandTrait2Test.php" line="41" class="App\ProjectRules\CheckFullHandTrait2Test" classname="App.ProjectRules.CheckFullHandTrait2Test" assertions="1" time="0.001182"/>
        <testcase name="testCheckHandForWinFourOfAKind" file="/home/juli22/dbwebb-kurser/mvc/me/report/tests/ProjectRules/CheckFullHandTrait2Test.php" line="53" class="App\ProjectRules\CheckFullHandTrait2Test" classname="App.ProjectRules.CheckFullHandTrait2Test" assertions="1" time="0.001148"/>
        <testcase name="testCheckHandForWinFullHouse" file="/home/juli22/dbwebb-kurser/mvc/me/report/tests/ProjectRules/CheckFullHandTrait2Test.php" line="65" class="App\ProjectRules\CheckFullHandTrait2Test" classname="App.ProjectRules.CheckFullHandTrait2Test" assertions="1" time="0.001164"/>
        <testcase name="testCheckHandForWinFlush" file="/home/juli22/dbwebb-kurser/mvc/me/report/tests/ProjectRules/CheckFullHandTrait2Test.php" line="77" class="App\ProjectRules\CheckFullHandTrait2Test" classname="App.ProjectRules.CheckFullHandTrait2Test" assertions="1" time="0.001429"/>
        <testcase name="testCheckHandForWinStraight" file="/home/juli22/dbwebb-kurser/mvc/me/report/tests/ProjectRules/CheckFullHandTrait2Test.php" line="89" class="App\ProjectRules\CheckFullHandTrait2Test" classname="App.ProjectRules.CheckFullHandTrait2Test" assertions="1" time="0.001311"/>
        <testcase name="testCheckHandForWinThreeOfAKind" file="/home/juli22/dbwebb-kurser/mvc/me/report/tests/ProjectRules/CheckFullHandTrait2Test.php" line="101" class="App\ProjectRules\CheckFullHandTrait2Test" classname="App.ProjectRules.CheckFullHandTrait2Test" assertions="1" time="0.001318"/>
        <testcase name="testCheckHandForWinTwoPairs" file="/home/juli22/dbwebb-kurser/mvc/me/report/tests/ProjectRules/CheckFullHandTrait2Test.php" line="113" class="App\ProjectRules\CheckFullHandTrait2Test" classname="App.ProjectRules.CheckFullHandTrait2Test" assertions="1" time="0.001389"/>
        <testcase name="testCheckHandForWinOnePair" file="/home/juli22/dbwebb-kurser/mvc/me/report/tests/ProjectRules/CheckFullHandTrait2Test.php" line="125" class="App\ProjectRules\CheckFullHandTrait2Test" classname="App.ProjectRules.CheckFullHandTrait2Test" assertions="1" time="0.001439"/>
        <testcase name="testCheckHandForWinNone" file="/home/juli22/dbwebb-kurser/mvc/me/report/tests/ProjectRules/CheckFullHandTrait2Test.php" line="137" class="App\ProjectRules\CheckFullHandTrait2Test" classname="App.ProjectRules.CheckFullHandTrait2Test" assertions="1" time="0.001393"/>
      </testsuite>
      <testsuite name="App\ProjectRules\CheckFullHandTraitTest" file="/home/juli22/dbwebb-kurser/mvc/me/report/tests/ProjectRules/CheckFullHandTraitTest.php" tests="3" assertions="44" errors="0" failures="0" skipped="0" time="0.004688">
        <testcase name="testCheckHandForWin" file="/home/juli22/dbwebb-kurser/mvc/me/report/tests/ProjectRules/CheckFullHandTraitTest.php" line="41" class="App\ProjectRules\CheckFullHandTraitTest" classname="App.ProjectRules.CheckFullHandTraitTest" assertions="11" time="0.001320"/>
        <testcase name="testCheckHandForWin2" file="/home/juli22/dbwebb-kurser/mvc/me/report/tests/ProjectRules/CheckFullHandTraitTest.php" line="58" class="App\ProjectRules\CheckFullHandTraitTest" classname="App.ProjectRules.CheckFullHandTraitTest" assertions="14" time="0.001611"/>
        <testcase name="testCheckHandForWin3" file="/home/juli22/dbwebb-kurser/mvc/me/report/tests/ProjectRules/CheckFullHandTraitTest.php" line="102" class="App\ProjectRules\CheckFullHandTraitTest" classname="App.ProjectRules.CheckFullHandTraitTest" assertions="19" time="0.001757"/>
      </testsuite>
      <testsuite name="App\ProjectRules\CheckWithCardTraitPt2Test" file="/home/juli22/dbwebb-kurser/mvc/me/report/tests/ProjectRules/CheckWithCardTraitPt2Test.php" tests="4" assertions="4" errors="0" failures="0" skipped="0" time="0.006912">
        <testcase name="testHandRuleWithNotOk" file="/home/juli22/dbwebb-kurser/mvc/me/report/tests/ProjectRules/CheckWithCardTraitPt2Test.php" line="26" class="App\ProjectRules\CheckWithCardTraitPt2Test" classname="App.ProjectRules.CheckWithCardTraitPt2Test" assertions="1" time="0.000900"/>
        <testcase name="testHandRuleWithOk" file="/home/juli22/dbwebb-kurser/mvc/me/report/tests/ProjectRules/CheckWithCardTraitPt2Test.php" line="43" class="App\ProjectRules\CheckWithCardTraitPt2Test" classname="App.ProjectRules.CheckWithCardTraitPt2Test" assertions="1" time="0.002405"/>
        <testcase name="testHandRuleWithOk2" file="/home/juli22/dbwebb-kurser/mvc/me/report/tests/ProjectRules/CheckWithCardTraitPt2Test.php" line="60" class="App\ProjectRules\CheckWithCardTraitPt2Test" classname="App.ProjectRules.CheckWithCardTraitPt2Test" assertions="1" time="0.002402"/>
        <testcase name="testHandRuleWithOk3" file="/home/juli22/dbwebb-kurser/mvc/me/report/tests/ProjectRules/CheckWithCardTraitPt2Test.php" line="75" class="App\ProjectRules\CheckWithCardTraitPt2Test" classname="App.ProjectRules.CheckWithCardTraitPt2Test" assertions="1" time="0.001204"/>
      </testsuite>
      <testsuite name="App\ProjectRules\CheckWithCardTraitTest" file="/home/juli22/dbwebb-kurser/mvc/me/report/tests/ProjectRules/CheckWithCardTraitTest.php" tests="4" assertions="4" errors="0" failures="0" skipped="0" time="0.004111">
        <testcase name="testCheckSingleRuleWithNotOk" file="/home/juli22/dbwebb-kurser/mvc/me/report/tests/ProjectRules/CheckWithCardTraitTest.php" line="11" class="App\ProjectRules\CheckWithCardTraitTest" classname="App.ProjectRules.CheckWithCardTraitTest" assertions="1" time="0.000831"/>
        <testcase name="testCheckSingleRuleWithOk" file="/home/juli22/dbwebb-kurser/mvc/me/report/tests/ProjectRules/CheckWithCardTraitTest.php" line="29" class="App\ProjectRules\CheckWithCardTraitTest" classname="App.ProjectRules.CheckWithCardTraitTest" assertions="1" time="0.001080"/>
        <testcase name="testCheckSingleRuleWithNotOk2" file="/home/juli22/dbwebb-kurser/mvc/me/report/tests/ProjectRules/CheckWithCardTraitTest.php" line="47" class="App\ProjectRules\CheckWithCardTraitTest" classname="App.ProjectRules.CheckWithCardTraitTest" assertions="1" time="0.000914"/>
        <testcase name="testCheckSingleRuleWithOk2" file="/home/juli22/dbwebb-kurser/mvc/me/report/tests/ProjectRules/CheckWithCardTraitTest.php" line="65" class="App\ProjectRules\CheckWithCardTraitTest" classname="App.ProjectRules.CheckWithCardTraitTest" assertions="1" time="0.001285"/>
      </testsuite>
      <testsuite name="App\ProjectRules\CheckWithoutCardTraitPt2Test" file="/home/juli22/dbwebb-kurser/mvc/me/report/tests/ProjectRules/CheckWithoutCardTraitPt2Test.php" tests="4" assertions="4" errors="0" failures="0" skipped="0" time="0.005452">
        <testcase name="testHandRuleWithoutNotOk" file="/home/juli22/dbwebb-kurser/mvc/me/report/tests/ProjectRules/CheckWithoutCardTraitPt2Test.php" line="26" class="App\ProjectRules\CheckWithoutCardTraitPt2Test" classname="App.ProjectRules.CheckWithoutCardTraitPt2Test" assertions="1" time="0.001098"/>
        <testcase name="testHandRuleWithoutOk" file="/home/juli22/dbwebb-kurser/mvc/me/report/tests/ProjectRules/CheckWithoutCardTraitPt2Test.php" line="39" class="App\ProjectRules\CheckWithoutCardTraitPt2Test" classname="App.ProjectRules.CheckWithoutCardTraitPt2Test" assertions="1" time="0.001802"/>
        <testcase name="testHandRuleWithoutOk2" file="/home/juli22/dbwebb-kurser/mvc/me/report/tests/ProjectRules/CheckWithoutCardTraitPt2Test.php" line="52" class="App\ProjectRules\CheckWithoutCardTraitPt2Test" classname="App.ProjectRules.CheckWithoutCardTraitPt2Test" assertions="1" time="0.000972"/>
        <testcase name="testHandRuleWithoutOk3" file="/home/juli22/dbwebb-kurser/mvc/me/report/tests/ProjectRules/CheckWithoutCardTraitPt2Test.php" line="62" class="App\ProjectRules\CheckWithoutCardTraitPt2Test" classname="App.ProjectRules.CheckWithoutCardTraitPt2Test" assertions="1" time="0.001579"/>
      </testsuite>
      <testsuite name="App\ProjectRules\CheckWithoutCardTraitTest" file="/home/juli22/dbwebb-kurser/mvc/me/report/tests/ProjectRules/CheckWithoutCardTraitTest.php" tests="5" assertions="5" errors="0" failures="0" skipped="0" time="0.004975">
        <testcase name="testCheckSingleRuleWithoutNotOk" file="/home/juli22/dbwebb-kurser/mvc/me/report/tests/ProjectRules/CheckWithoutCardTraitTest.php" line="11" class="App\ProjectRules\CheckWithoutCardTraitTest" classname="App.ProjectRules.CheckWithoutCardTraitTest" assertions="1" time="0.000746"/>
        <testcase name="testCheckSingleRuleWithoutOk" file="/home/juli22/dbwebb-kurser/mvc/me/report/tests/ProjectRules/CheckWithoutCardTraitTest.php" line="25" class="App\ProjectRules\CheckWithoutCardTraitTest" classname="App.ProjectRules.CheckWithoutCardTraitTest" assertions="1" time="0.001011"/>
        <testcase name="testCheckSingleRuleWithoutNotOk2" file="/home/juli22/dbwebb-kurser/mvc/me/report/tests/ProjectRules/CheckWithoutCardTraitTest.php" line="40" class="App\ProjectRules\CheckWithoutCardTraitTest" classname="App.ProjectRules.CheckWithoutCardTraitTest" assertions="1" time="0.001162"/>
        <testcase name="testCheckSingleRuleWithoutOk2" file="/home/juli22/dbwebb-kurser/mvc/me/report/tests/ProjectRules/CheckWithoutCardTraitTest.php" line="55" class="App\ProjectRules\CheckWithoutCardTraitTest" classname="App.ProjectRules.CheckWithoutCardTraitTest" assertions="1" time="0.000999"/>
        <testcase name="testCheckSingleRuleWithoutOk3" file="/home/juli22/dbwebb-kurser/mvc/me/report/tests/ProjectRules/CheckWithoutCardTraitTest.php" line="70" class="App\ProjectRules\CheckWithoutCardTraitTest" classname="App.ProjectRules.CheckWithoutCardTraitTest" assertions="1" time="0.001057"/>
      </testsuite>
      <testsuite name="App\ProjectRules\CountByRankTraitTest" file="/home/juli22/dbwebb-kurser/mvc/me/report/tests/ProjectRules/CountByRankTraitTest.php" tests="2" assertions="2" errors="0" failures="0" skipped="0" time="0.001584">
        <testcase name="testCountByRank" file="/home/juli22/dbwebb-kurser/mvc/me/report/tests/ProjectRules/CountByRankTraitTest.php" line="11" class="App\ProjectRules\CountByRankTraitTest" classname="App.ProjectRules.CountByRankTraitTest" assertions="1" time="0.000730"/>
        <testcase name="testCountByRank2" file="/home/juli22/dbwebb-kurser/mvc/me/report/tests/ProjectRules/CountByRankTraitTest.php" line="18" class="App\ProjectRules\CountByRankTraitTest" classname="App.ProjectRules.CountByRankTraitTest" assertions="1" time="0.000854"/>
      </testsuite>
      <testsuite name="App\ProjectRules\CountBySuitTraitTest" file="/home/juli22/dbwebb-kurser/mvc/me/report/tests/ProjectRules/CountBySuitTraitTest.php" tests="2" assertions="2" errors="0" failures="0" skipped="0" time="0.001477">
        <testcase name="testCountBySuit" file="/home/juli22/dbwebb-kurser/mvc/me/report/tests/ProjectRules/CountBySuitTraitTest.php" line="11" class="App\ProjectRules\CountBySuitTraitTest" classname="App.ProjectRules.CountBySuitTraitTest" assertions="1" time="0.000698"/>
        <testcase name="testCountBySuit2" file="/home/juli22/dbwebb-kurser/mvc/me/report/tests/ProjectRules/CountBySuitTraitTest.php" line="18" class="App\ProjectRules\CountBySuitTraitTest" classname="App.ProjectRules.CountBySuitTraitTest" assertions="1" time="0.000778"/>
      </testsuite>
      <testsuite name="App\ProjectRules\CountSuitAndRankTraitTest" file="/home/juli22/dbwebb-kurser/mvc/me/report/tests/ProjectRules/CountSuitAndRankTraitTest.php" tests="2" assertions="2" errors="0" failures="0" skipped="0" time="0.001733">
        <testcase name="testCountSuitAndRank" file="/home/juli22/dbwebb-kurser/mvc/me/report/tests/ProjectRules/CountSuitAndRankTraitTest.php" line="11" class="App\ProjectRules\CountSuitAndRankTraitTest" classname="App.ProjectRules.CountSuitAndRankTraitTest" assertions="1" time="0.000718"/>
        <testcase name="testCountSuitAndRank2" file="/home/juli22/dbwebb-kurser/mvc/me/report/tests/ProjectRules/CountSuitAndRankTraitTest.php" line="22" class="App\ProjectRules\CountSuitAndRankTraitTest" classname="App.ProjectRules.CountSuitAndRankTraitTest" assertions="1" time="0.001015"/>
      </testsuite>
      <testsuite name="App\ProjectRules\EmptyCellTraitPt2Test" file="/home/juli22/dbwebb-kurser/mvc/me/report/tests/ProjectRules/EmptyCellTraitPt2Test.php" tests="4" assertions="4" errors="0" failures="0" skipped="0" time="0.004240">
        <testcase name="testOneEmptyNotOk" file="/home/juli22/dbwebb-kurser/mvc/me/report/tests/ProjectRules/EmptyCellTraitPt2Test.php" line="12" class="App\ProjectRules\EmptyCellTraitPt2Test" classname="App.ProjectRules.EmptyCellTraitPt2Test" assertions="1" time="0.001366"/>
        <testcase name="testOneEmptyOk" file="/home/juli22/dbwebb-kurser/mvc/me/report/tests/ProjectRules/EmptyCellTraitPt2Test.php" line="21" class="App\ProjectRules\EmptyCellTraitPt2Test" classname="App.ProjectRules.EmptyCellTraitPt2Test" assertions="1" time="0.001000"/>
        <testcase name="testOneEmptyOk2" file="/home/juli22/dbwebb-kurser/mvc/me/report/tests/ProjectRules/EmptyCellTraitPt2Test.php" line="40" class="App\ProjectRules\EmptyCellTraitPt2Test" classname="App.ProjectRules.EmptyCellTraitPt2Test" assertions="1" time="0.000929"/>
        <testcase name="testOneEmptyOk3" file="/home/juli22/dbwebb-kurser/mvc/me/report/tests/ProjectRules/EmptyCellTraitPt2Test.php" line="61" class="App\ProjectRules\EmptyCellTraitPt2Test" classname="App.ProjectRules.EmptyCellTraitPt2Test" assertions="1" time="0.000945"/>
      </testsuite>
      <testsuite name="App\ProjectRules\EmptyCellTraitTest" file="/home/juli22/dbwebb-kurser/mvc/me/report/tests/ProjectRules/EmptyCellTraitTest.php" tests="5" assertions="5" errors="0" failures="0" skipped="0" time="0.003480">
        <testcase name="testSingle" file="/home/juli22/dbwebb-kurser/mvc/me/report/tests/ProjectRules/EmptyCellTraitTest.php" line="11" class="App\ProjectRules\EmptyCellTraitTest" classname="App.ProjectRules.EmptyCellTraitTest" assertions="1" time="0.000704"/>
        <testcase name="testSingle2" file="/home/juli22/dbwebb-kurser/mvc/me/report/tests/ProjectRules/EmptyCellTraitTest.php" line="28" class="App\ProjectRules\EmptyCellTraitTest" classname="App.ProjectRules.EmptyCellTraitTest" assertions="1" time="0.000689"/>
        <testcase name="testSingle3" file="/home/juli22/dbwebb-kurser/mvc/me/report/tests/ProjectRules/EmptyCellTraitTest.php" line="45" class="App\ProjectRules\EmptyCellTraitTest" classname="App.ProjectRules.EmptyCellTraitTest" assertions="1" time="0.000689"/>
        <testcase name="testSingle4" file="/home/juli22/dbwebb-kurser/mvc/me/report/tests/ProjectRules/EmptyCellTraitTest.php" line="62" class="App\ProjectRules\EmptyCellTraitTest" classname="App.ProjectRules.EmptyCellTraitTest" assertions="1" time="0.000695"/>
        <testcase name="testSingle5" file="/home/juli22/dbwebb-kurser/mvc/me/report/tests/ProjectRules/EmptyCellTraitTest.php" line="79" class="App\ProjectRules\EmptyCellTraitTest" classname="App.ProjectRules.EmptyCellTraitTest" assertions="1" time="0.000703"/>
      </testsuite>
      <testsuite name="App\ProjectRules\ExtractRuleNamesTraitTest" file="/home/juli22/dbwebb-kurser/mvc/me/report/tests/ProjectRules/ExtractRuleNamesTraitTest.php" tests="1" assertions="1" errors="0" failures="0" skipped="0" time="0.000760">
        <testcase name="testCheckSingleRuleWithNotOk" file="/home/juli22/dbwebb-kurser/mvc/me/report/tests/ProjectRules/ExtractRuleNamesTraitTest.php" line="11" class="App\ProjectRules\ExtractRuleNamesTraitTest" classname="App.ProjectRules.ExtractRuleNamesTraitTest" assertions="1" time="0.000760"/>
      </testsuite>
      <testsuite name="App\ProjectRules\FirstCheckTraitTest" file="/home/juli22/dbwebb-kurser/mvc/me/report/tests/ProjectRules/FirstCheckTraitTest.php" tests="2" assertions="8" errors="0" failures="0" skipped="0" time="0.001507">
        <testcase name="testPossibleWithCardOk" file="/home/juli22/dbwebb-kurser/mvc/me/report/tests/ProjectRules/FirstCheckTraitTest.php" line="34" class="App\ProjectRules\FirstCheckTraitTest" classname="App.ProjectRules.FirstCheckTraitTest" assertions="4" time="0.000748"/>
        <testcase name="testPossibleWithCardNotOk" file="/home/juli22/dbwebb-kurser/mvc/me/report/tests/ProjectRules/FirstCheckTraitTest.php" line="48" class="App\ProjectRules\FirstCheckTraitTest" classname="App.ProjectRules.FirstCheckTraitTest" assertions="4" time="0.000759"/>
      </testsuite>
      <testsuite name="App\ProjectRules\FlushTest" file="/home/juli22/dbwebb-kurser/mvc/me/report/tests/ProjectRules/FlushTest.php" tests="3" assertions="5" errors="0" failures="0" skipped="0" time="0.002348">
        <testcase name="testCreateObject" file="/home/juli22/dbwebb-kurser/mvc/me/report/tests/ProjectRules/FlushTest.php" line="9" class="App\ProjectRules\FlushTest" classname="App.ProjectRules.FlushTest" assertions="2" time="0.000736"/>
        <testcase name="testCheckNotOk" file="/home/juli22/dbwebb-kurser/mvc/me/report/tests/ProjectRules/FlushTest.php" line="22" class="App\ProjectRules\FlushTest" classname="App.ProjectRules.FlushTest" assertions="2" time="0.000851"/>
        <testcase name="testCheckOk" file="/home/juli22/dbwebb-kurser/mvc/me/report/tests/ProjectRules/FlushTest.php" line="34" class="App\ProjectRules\FlushTest" classname="App.ProjectRules.FlushTest" assertions="1" time="0.000761"/>
      </testsuite>
      <testsuite name="App\ProjectRules\FlushTrait2Test" file="/home/juli22/dbwebb-kurser/mvc/me/report/tests/ProjectRules/FlushTrait2Test.php" tests="2" assertions="2" errors="0" failures="0" skipped="0" time="0.001544">
        <testcase name="testPossibleDeckOnlyNotOk" file="/home/juli22/dbwebb-kurser/mvc/me/report/tests/ProjectRules/FlushTrait2Test.php" line="12" class="App\ProjectRules\FlushTrait2Test" classname="App.ProjectRules.FlushTrait2Test" assertions="1" time="0.000790"/>
        <testcase name="testPossibleDeckOnlyOk" file="/home/juli22/dbwebb-kurser/mvc/me/report/tests/ProjectRules/FlushTrait2Test.php" line="18" class="App\ProjectRules\FlushTrait2Test" classname="App.ProjectRules.FlushTrait2Test" assertions="1" time="0.000754"/>
      </testsuite>
      <testsuite name="App\ProjectRules\FlushTrait3Test" file="/home/juli22/dbwebb-kurser/mvc/me/report/tests/ProjectRules/FlushTrait3Test.php" tests="3" assertions="3" errors="0" failures="0" skipped="0" time="0.002645">
        <testcase name="testCheckInDeckNotOk2" file="/home/juli22/dbwebb-kurser/mvc/me/report/tests/ProjectRules/FlushTrait3Test.php" line="12" class="App\ProjectRules\FlushTrait3Test" classname="App.ProjectRules.FlushTrait3Test" assertions="1" time="0.000755"/>
        <testcase name="testCheckInDeckOk" file="/home/juli22/dbwebb-kurser/mvc/me/report/tests/ProjectRules/FlushTrait3Test.php" line="20" class="App\ProjectRules\FlushTrait3Test" classname="App.ProjectRules.FlushTrait3Test" assertions="1" time="0.000757"/>
        <testcase name="testCheckInDeckOk2" file="/home/juli22/dbwebb-kurser/mvc/me/report/tests/ProjectRules/FlushTrait3Test.php" line="28" class="App\ProjectRules\FlushTrait3Test" classname="App.ProjectRules.FlushTrait3Test" assertions="1" time="0.001134"/>
      </testsuite>
      <testsuite name="App\ProjectRules\FlushTraitPt2Test" file="/home/juli22/dbwebb-kurser/mvc/me/report/tests/ProjectRules/FlushTraitPt2Test.php" tests="4" assertions="4" errors="0" failures="0" skipped="0" time="0.003318">
        <testcase name="testPossibleWithoutCardNotOk" file="/home/juli22/dbwebb-kurser/mvc/me/report/tests/ProjectRules/FlushTraitPt2Test.php" line="13" class="App\ProjectRules\FlushTraitPt2Test" classname="App.ProjectRules.FlushTraitPt2Test" assertions="1" time="0.000805"/>
        <testcase name="testPossibleWithoutCardNotOk2" file="/home/juli22/dbwebb-kurser/mvc/me/report/tests/ProjectRules/FlushTraitPt2Test.php" line="22" class="App\ProjectRules\FlushTraitPt2Test" classname="App.ProjectRules.FlushTraitPt2Test" assertions="1" time="0.000842"/>
        <testcase name="testPossibleWithoutCardOk" file="/home/juli22/dbwebb-kurser/mvc/me/report/tests/ProjectRules/FlushTraitPt2Test.php" line="31" class="App\ProjectRules\FlushTraitPt2Test" classname="App.ProjectRules.FlushTraitPt2Test" assertions="1" time="0.000851"/>
        <testcase name="testPossibleWithoutCardOk2" file="/home/juli22/dbwebb-kurser/mvc/me/report/tests/ProjectRules/FlushTraitPt2Test.php" line="40" class="App\ProjectRules\FlushTraitPt2Test" classname="App.ProjectRules.FlushTraitPt2Test" assertions="1" time="0.000819"/>
      </testsuite>
      <testsuite name="App\ProjectRules\FlushTraitTest" file="/home/juli22/dbwebb-kurser/mvc/me/report/tests/ProjectRules/FlushTraitTest.php" tests="1" assertions="1" errors="0" failures="0" skipped="0" time="0.000823">
        <testcase name="testPossibleWithoutCard" file="/home/juli22/dbwebb-kurser/mvc/me/report/tests/ProjectRules/FlushTraitTest.php" line="13" class="App\ProjectRules\FlushTraitTest" classname="App.ProjectRules.FlushTraitTest" assertions="1" time="0.000823"/>
      </testsuite>
      <testsuite name="App\ProjectRules\FourOfAKindTest" file="/home/juli22/dbwebb-kurser/mvc/me/report/tests/ProjectRules/FourOfAKindTest.php" tests="4" assertions="4" errors="0" failures="0" skipped="0" time="0.003075">
        <testcase name="testScoredNotOk" file="/home/juli22/dbwebb-kurser/mvc/me/report/tests/ProjectRules/FourOfAKindTest.php" line="11" class="App\ProjectRules\FourOfAKindTest" classname="App.ProjectRules.FourOfAKindTest" assertions="1" time="0.000792"/>
        <testcase name="testScoredNotOk2" file="/home/juli22/dbwebb-kurser/mvc/me/report/tests/ProjectRules/FourOfAKindTest.php" line="19" class="App\ProjectRules\FourOfAKindTest" classname="App.ProjectRules.FourOfAKindTest" assertions="1" time="0.000770"/>
        <testcase name="testScoredNotOk3" file="/home/juli22/dbwebb-kurser/mvc/me/report/tests/ProjectRules/FourOfAKindTest.php" line="27" class="App\ProjectRules\FourOfAKindTest" classname="App.ProjectRules.FourOfAKindTest" assertions="1" time="0.000749"/>
        <testcase name="testScoredOk" file="/home/juli22/dbwebb-kurser/mvc/me/report/tests/ProjectRules/FourOfAKindTest.php" line="35" class="App\ProjectRules\FourOfAKindTest" classname="App.ProjectRules.FourOfAKindTest" assertions="1" time="0.000764"/>
      </testsuite>
      <testsuite name="App\ProjectRules\FullHouseScoredTraitTest" file="/home/juli22/dbwebb-kurser/mvc/me/report/tests/ProjectRules/FullHouseScoredTraitTest.php" tests="3" assertions="3" errors="0" failures="0" skipped="0" time="0.002302">
        <testcase name="testScoredNotOk" file="/home/juli22/dbwebb-kurser/mvc/me/report/tests/ProjectRules/FullHouseScoredTraitTest.php" line="13" class="App\ProjectRules\FullHouseScoredTraitTest" classname="App.ProjectRules.FullHouseScoredTraitTest" assertions="1" time="0.000808"/>
        <testcase name="testScoredNotOk2" file="/home/juli22/dbwebb-kurser/mvc/me/report/tests/ProjectRules/FullHouseScoredTraitTest.php" line="20" class="App\ProjectRules\FullHouseScoredTraitTest" classname="App.ProjectRules.FullHouseScoredTraitTest" assertions="1" time="0.000748"/>
        <testcase name="testScoredOk" file="/home/juli22/dbwebb-kurser/mvc/me/report/tests/ProjectRules/FullHouseScoredTraitTest.php" line="27" class="App\ProjectRules\FullHouseScoredTraitTest" classname="App.ProjectRules.FullHouseScoredTraitTest" assertions="1" time="0.000747"/>
      </testsuite>
      <testsuite name="App\ProjectRules\FullHouseTest" file="/home/juli22/dbwebb-kurser/mvc/me/report/tests/ProjectRules/FullHouseTest.php" tests="1" assertions="2" errors="0" failures="0" skipped="0" time="0.000713">
        <testcase name="testCreateObject" file="/home/juli22/dbwebb-kurser/mvc/me/report/tests/ProjectRules/FullHouseTest.php" line="9" class="App\ProjectRules\FullHouseTest" classname="App.ProjectRules.FullHouseTest" assertions="2" time="0.000713"/>
      </testsuite>
      <testsuite name="App\ProjectRules\FullHouseTrait2Test" file="/home/juli22/dbwebb-kurser/mvc/me/report/tests/ProjectRules/FullHouseTrait2Test.php" tests="10" assertions="10" errors="0" failures="0" skipped="0" time="0.010037">
        <testcase name="testPossibleWithoutCardNotOk" file="/home/juli22/dbwebb-kurser/mvc/me/report/tests/ProjectRules/FullHouseTrait2Test.php" line="13" class="App\ProjectRules\FullHouseTrait2Test" classname="App.ProjectRules.FullHouseTrait2Test" assertions="1" time="0.000787"/>
        <testcase name="testPossibleWithoutCardOk" file="/home/juli22/dbwebb-kurser/mvc/me/report/tests/ProjectRules/FullHouseTrait2Test.php" line="22" class="App\ProjectRules\FullHouseTrait2Test" classname="App.ProjectRules.FullHouseTrait2Test" assertions="1" time="0.000921"/>
        <testcase name="testPossibleWithoutCardNotOk2" file="/home/juli22/dbwebb-kurser/mvc/me/report/tests/ProjectRules/FullHouseTrait2Test.php" line="31" class="App\ProjectRules\FullHouseTrait2Test" classname="App.ProjectRules.FullHouseTrait2Test" assertions="1" time="0.000920"/>
        <testcase name="testPossibleWithoutCardNotOk3" file="/home/juli22/dbwebb-kurser/mvc/me/report/tests/ProjectRules/FullHouseTrait2Test.php" line="40" class="App\ProjectRules\FullHouseTrait2Test" classname="App.ProjectRules.FullHouseTrait2Test" assertions="1" time="0.000909"/>
        <testcase name="testPossibleWithoutCardOk2" file="/home/juli22/dbwebb-kurser/mvc/me/report/tests/ProjectRules/FullHouseTrait2Test.php" line="49" class="App\ProjectRules\FullHouseTrait2Test" classname="App.ProjectRules.FullHouseTrait2Test" assertions="1" time="0.000878"/>
        <testcase name="testPossibleWithoutCardNotOk5" file="/home/juli22/dbwebb-kurser/mvc/me/report/tests/ProjectRules/FullHouseTrait2Test.php" line="58" class="App\ProjectRules\FullHouseTrait2Test" classname="App.ProjectRules.FullHouseTrait2Test" assertions="1" time="0.000884"/>
        <testcase name="testPossibleWithoutCardOk3" file="/home/juli22/dbwebb-kurser/mvc/me/report/tests/ProjectRules/FullHouseTrait2Test.php" line="67" class="App\ProjectRules\FullHouseTrait2Test" classname="App.ProjectRules.FullHouseTrait2Test" assertions="1" time="0.000956"/>
        <testcase name="testPossibleWithoutCardNotOk6" file="/home/juli22/dbwebb-kurser/mvc/me/report/tests/ProjectRules/FullHouseTrait2Test.php" line="76" class="App\ProjectRules\FullHouseTrait2Test" classname="App.ProjectRules.FullHouseTrait2Test" assertions="1" time="0.000886"/>
        <testcase name="testPossibleWithoutCardOk4" file="/home/juli22/dbwebb-kurser/mvc/me/report/tests/ProjectRules/FullHouseTrait2Test.php" line="85" class="App\ProjectRules\FullHouseTrait2Test" classname="App.ProjectRules.FullHouseTrait2Test" assertions="1" time="0.001111"/>
        <testcase name="testPossibleWithoutCardOk5" file="/home/juli22/dbwebb-kurser/mvc/me/report/tests/ProjectRules/FullHouseTrait2Test.php" line="94" class="App\ProjectRules\FullHouseTrait2Test" classname="App.ProjectRules.FullHouseTrait2Test" assertions="1" time="0.001785"/>
      </testsuite>
      <testsuite name="App\ProjectRules\FullHouseTrait3Test" file="/home/juli22/dbwebb-kurser/mvc/me/report/tests/ProjectRules/FullHouseTrait3Test.php" tests="8" assertions="8" errors="0" failures="0" skipped="0" time="0.007104">
        <testcase name="testPossibleDeckOnlyOk" file="/home/juli22/dbwebb-kurser/mvc/me/report/tests/ProjectRules/FullHouseTrait3Test.php" line="13" class="App\ProjectRules\FullHouseTrait3Test" classname="App.ProjectRules.FullHouseTrait3Test" assertions="1" time="0.000943"/>
        <testcase name="testPossibleDeckOnlyOk3" file="/home/juli22/dbwebb-kurser/mvc/me/report/tests/ProjectRules/FullHouseTrait3Test.php" line="22" class="App\ProjectRules\FullHouseTrait3Test" classname="App.ProjectRules.FullHouseTrait3Test" assertions="1" time="0.001010"/>
        <testcase name="testPossibleDeckOnlyNotOk" file="/home/juli22/dbwebb-kurser/mvc/me/report/tests/ProjectRules/FullHouseTrait3Test.php" line="30" class="App\ProjectRules\FullHouseTrait3Test" classname="App.ProjectRules.FullHouseTrait3Test" assertions="1" time="0.000821"/>
        <testcase name="testPossibleDeckOnlyNotOk2" file="/home/juli22/dbwebb-kurser/mvc/me/report/tests/ProjectRules/FullHouseTrait3Test.php" line="39" class="App\ProjectRules\FullHouseTrait3Test" classname="App.ProjectRules.FullHouseTrait3Test" assertions="1" time="0.000834"/>
        <testcase name="testPossibleDeckOnlyNotOk3" file="/home/juli22/dbwebb-kurser/mvc/me/report/tests/ProjectRules/FullHouseTrait3Test.php" line="47" class="App\ProjectRules\FullHouseTrait3Test" classname="App.ProjectRules.FullHouseTrait3Test" assertions="1" time="0.000812"/>
        <testcase name="testPossibleDeckOnlyNotOk4" file="/home/juli22/dbwebb-kurser/mvc/me/report/tests/ProjectRules/FullHouseTrait3Test.php" line="55" class="App\ProjectRules\FullHouseTrait3Test" classname="App.ProjectRules.FullHouseTrait3Test" assertions="1" time="0.001021"/>
        <testcase name="testPossibleDeckOnlyOk5" file="/home/juli22/dbwebb-kurser/mvc/me/report/tests/ProjectRules/FullHouseTrait3Test.php" line="63" class="App\ProjectRules\FullHouseTrait3Test" classname="App.ProjectRules.FullHouseTrait3Test" assertions="1" time="0.000844"/>
        <testcase name="testPossibleDeckOnlyOk4" file="/home/juli22/dbwebb-kurser/mvc/me/report/tests/ProjectRules/FullHouseTrait3Test.php" line="71" class="App\ProjectRules\FullHouseTrait3Test" classname="App.ProjectRules.FullHouseTrait3Test" assertions="1" time="0.000820"/>
      </testsuite>
      <testsuite name="App\ProjectRules\FullHouseTrait4Test" file="/home/juli22/dbwebb-kurser/mvc/me/report/tests/ProjectRules/FullHouseTrait4Test.php" tests="5" assertions="5" errors="0" failures="0" skipped="0" time="0.003698">
        <testcase name="testCheck3Ok" file="/home/juli22/dbwebb-kurser/mvc/me/report/tests/ProjectRules/FullHouseTrait4Test.php" line="12" class="App\ProjectRules\FullHouseTrait4Test" classname="App.ProjectRules.FullHouseTrait4Test" assertions="1" time="0.000738"/>
        <testcase name="testCheck3Ok3" file="/home/juli22/dbwebb-kurser/mvc/me/report/tests/ProjectRules/FullHouseTrait4Test.php" line="30" class="App\ProjectRules\FullHouseTrait4Test" classname="App.ProjectRules.FullHouseTrait4Test" assertions="1" time="0.000760"/>
        <testcase name="testCheck3NotOk" file="/home/juli22/dbwebb-kurser/mvc/me/report/tests/ProjectRules/FullHouseTrait4Test.php" line="48" class="App\ProjectRules\FullHouseTrait4Test" classname="App.ProjectRules.FullHouseTrait4Test" assertions="1" time="0.000740"/>
        <testcase name="testCheck3NotOk2" file="/home/juli22/dbwebb-kurser/mvc/me/report/tests/ProjectRules/FullHouseTrait4Test.php" line="64" class="App\ProjectRules\FullHouseTrait4Test" classname="App.ProjectRules.FullHouseTrait4Test" assertions="1" time="0.000738"/>
        <testcase name="testCheck3NotOk3" file="/home/juli22/dbwebb-kurser/mvc/me/report/tests/ProjectRules/FullHouseTrait4Test.php" line="82" class="App\ProjectRules\FullHouseTrait4Test" classname="App.ProjectRules.FullHouseTrait4Test" assertions="1" time="0.000722"/>
      </testsuite>
      <testsuite name="App\ProjectRules\FullHouseTrait5Pt2Test" file="/home/juli22/dbwebb-kurser/mvc/me/report/tests/ProjectRules/FullHouseTrait5Pt2Test.php" tests="7" assertions="7" errors="0" failures="0" skipped="0" time="0.005329">
        <testcase name="testCheck1SubCheckOk" file="/home/juli22/dbwebb-kurser/mvc/me/report/tests/ProjectRules/FullHouseTrait5Pt2Test.php" line="12" class="App\ProjectRules\FullHouseTrait5Pt2Test" classname="App.ProjectRules.FullHouseTrait5Pt2Test" assertions="1" time="0.000729"/>
        <testcase name="testCheck1SubCheckOk2" file="/home/juli22/dbwebb-kurser/mvc/me/report/tests/ProjectRules/FullHouseTrait5Pt2Test.php" line="26" class="App\ProjectRules\FullHouseTrait5Pt2Test" classname="App.ProjectRules.FullHouseTrait5Pt2Test" assertions="1" time="0.000925"/>
        <testcase name="testCheck1SubCheckNotOk" file="/home/juli22/dbwebb-kurser/mvc/me/report/tests/ProjectRules/FullHouseTrait5Pt2Test.php" line="40" class="App\ProjectRules\FullHouseTrait5Pt2Test" classname="App.ProjectRules.FullHouseTrait5Pt2Test" assertions="1" time="0.000740"/>
        <testcase name="testCheck1SubCheckNotOk2" file="/home/juli22/dbwebb-kurser/mvc/me/report/tests/ProjectRules/FullHouseTrait5Pt2Test.php" line="54" class="App\ProjectRules\FullHouseTrait5Pt2Test" classname="App.ProjectRules.FullHouseTrait5Pt2Test" assertions="1" time="0.000771"/>
        <testcase name="testCheck1SubCheckOk3" file="/home/juli22/dbwebb-kurser/mvc/me/report/tests/ProjectRules/FullHouseTrait5Pt2Test.php" line="68" class="App\ProjectRules\FullHouseTrait5Pt2Test" classname="App.ProjectRules.FullHouseTrait5Pt2Test" assertions="1" time="0.000722"/>
        <testcase name="testCheck1SubCheckOk4" file="/home/juli22/dbwebb-kurser/mvc/me/report/tests/ProjectRules/FullHouseTrait5Pt2Test.php" line="82" class="App\ProjectRules\FullHouseTrait5Pt2Test" classname="App.ProjectRules.FullHouseTrait5Pt2Test" assertions="1" time="0.000718"/>
        <testcase name="testCheck1SubCheckNotOk3" file="/home/juli22/dbwebb-kurser/mvc/me/report/tests/ProjectRules/FullHouseTrait5Pt2Test.php" line="96" class="App\ProjectRules\FullHouseTrait5Pt2Test" classname="App.ProjectRules.FullHouseTrait5Pt2Test" assertions="1" time="0.000723"/>
      </testsuite>
      <testsuite name="App\ProjectRules\FullHouseTrait5Test" file="/home/juli22/dbwebb-kurser/mvc/me/report/tests/ProjectRules/FullHouseTrait5Test.php" tests="7" assertions="7" errors="0" failures="0" skipped="0" time="0.005482">
        <testcase name="testCheck1Ok" file="/home/juli22/dbwebb-kurser/mvc/me/report/tests/ProjectRules/FullHouseTrait5Test.php" line="12" class="App\ProjectRules\FullHouseTrait5Test" classname="App.ProjectRules.FullHouseTrait5Test" assertions="1" time="0.000742"/>
        <testcase name="testCheck1Ok2" file="/home/juli22/dbwebb-kurser/mvc/me/report/tests/ProjectRules/FullHouseTrait5Test.php" line="27" class="App\ProjectRules\FullHouseTrait5Test" classname="App.ProjectRules.FullHouseTrait5Test" assertions="1" time="0.000732"/>
        <testcase name="testcheck1Ok3" file="/home/juli22/dbwebb-kurser/mvc/me/report/tests/ProjectRules/FullHouseTrait5Test.php" line="42" class="App\ProjectRules\FullHouseTrait5Test" classname="App.ProjectRules.FullHouseTrait5Test" assertions="1" time="0.000728"/>
        <testcase name="testCheck1Ok4" file="/home/juli22/dbwebb-kurser/mvc/me/report/tests/ProjectRules/FullHouseTrait5Test.php" line="57" class="App\ProjectRules\FullHouseTrait5Test" classname="App.ProjectRules.FullHouseTrait5Test" assertions="1" time="0.000755"/>
        <testcase name="testcheck1NotOk" file="/home/juli22/dbwebb-kurser/mvc/me/report/tests/ProjectRules/FullHouseTrait5Test.php" line="72" class="App\ProjectRules\FullHouseTrait5Test" classname="App.ProjectRules.FullHouseTrait5Test" assertions="1" time="0.000739"/>
        <testcase name="testcheck1NotOk2" file="/home/juli22/dbwebb-kurser/mvc/me/report/tests/ProjectRules/FullHouseTrait5Test.php" line="88" class="App\ProjectRules\FullHouseTrait5Test" classname="App.ProjectRules.FullHouseTrait5Test" assertions="1" time="0.001035"/>
        <testcase name="testcheck1NotOk3" file="/home/juli22/dbwebb-kurser/mvc/me/report/tests/ProjectRules/FullHouseTrait5Test.php" line="103" class="App\ProjectRules\FullHouseTrait5Test" classname="App.ProjectRules.FullHouseTrait5Test" assertions="1" time="0.000751"/>
      </testsuite>
      <testsuite name="App\ProjectRules\FullHouseTrait6Test" file="/home/juli22/dbwebb-kurser/mvc/me/report/tests/ProjectRules/FullHouseTrait6Test.php" tests="6" assertions="6" errors="0" failures="0" skipped="0" time="0.004300">
        <testcase name="testCheck2Ok" file="/home/juli22/dbwebb-kurser/mvc/me/report/tests/ProjectRules/FullHouseTrait6Test.php" line="12" class="App\ProjectRules\FullHouseTrait6Test" classname="App.ProjectRules.FullHouseTrait6Test" assertions="1" time="0.000772"/>
        <testcase name="testCheck2NotOk" file="/home/juli22/dbwebb-kurser/mvc/me/report/tests/ProjectRules/FullHouseTrait6Test.php" line="22" class="App\ProjectRules\FullHouseTrait6Test" classname="App.ProjectRules.FullHouseTrait6Test" assertions="1" time="0.000721"/>
        <testcase name="testCheck2Ok2" file="/home/juli22/dbwebb-kurser/mvc/me/report/tests/ProjectRules/FullHouseTrait6Test.php" line="31" class="App\ProjectRules\FullHouseTrait6Test" classname="App.ProjectRules.FullHouseTrait6Test" assertions="1" time="0.000694"/>
        <testcase name="testCheck2NotOk2" file="/home/juli22/dbwebb-kurser/mvc/me/report/tests/ProjectRules/FullHouseTrait6Test.php" line="41" class="App\ProjectRules\FullHouseTrait6Test" classname="App.ProjectRules.FullHouseTrait6Test" assertions="1" time="0.000692"/>
        <testcase name="testCheck2NotOk3" file="/home/juli22/dbwebb-kurser/mvc/me/report/tests/ProjectRules/FullHouseTrait6Test.php" line="52" class="App\ProjectRules\FullHouseTrait6Test" classname="App.ProjectRules.FullHouseTrait6Test" assertions="1" time="0.000706"/>
        <testcase name="testCheck2NotOk4" file="/home/juli22/dbwebb-kurser/mvc/me/report/tests/ProjectRules/FullHouseTrait6Test.php" line="63" class="App\ProjectRules\FullHouseTrait6Test" classname="App.ProjectRules.FullHouseTrait6Test" assertions="1" time="0.000715"/>
      </testsuite>
      <testsuite name="App\ProjectRules\GroupBySuitTraitTest" file="/home/juli22/dbwebb-kurser/mvc/me/report/tests/ProjectRules/GroupBySuitTraitTest.php" tests="2" assertions="2" errors="0" failures="0" skipped="0" time="0.001721">
        <testcase name="testGroupBySuit" file="/home/juli22/dbwebb-kurser/mvc/me/report/tests/ProjectRules/GroupBySuitTraitTest.php" line="11" class="App\ProjectRules\GroupBySuitTraitTest" classname="App.ProjectRules.GroupBySuitTraitTest" assertions="1" time="0.000863"/>
        <testcase name="testGroupBySuit2" file="/home/juli22/dbwebb-kurser/mvc/me/report/tests/ProjectRules/GroupBySuitTraitTest.php" line="24" class="App\ProjectRules\GroupBySuitTraitTest" classname="App.ProjectRules.GroupBySuitTraitTest" assertions="1" time="0.000858"/>
      </testsuite>
      <testsuite name="App\ProjectRules\MinRankLimitsTrait2Test" file="/home/juli22/dbwebb-kurser/mvc/me/report/tests/ProjectRules/MinRankLimitsTrait2Test.php" tests="1" assertions="1" errors="0" failures="0" skipped="0" time="0.000780">
        <testcase name="testMinRankLimitsOk" file="/home/juli22/dbwebb-kurser/mvc/me/report/tests/ProjectRules/MinRankLimitsTrait2Test.php" line="11" class="App\ProjectRules\MinRankLimitsTrait2Test" classname="App.ProjectRules.MinRankLimitsTrait2Test" assertions="1" time="0.000780"/>
      </testsuite>
      <testsuite name="App\ProjectRules\MinRankLimitsTraitTest" file="/home/juli22/dbwebb-kurser/mvc/me/report/tests/ProjectRules/MinRankLimitsTraitTest.php" tests="10" assertions="10" errors="0" failures="0" skipped="0" time="0.007032">
        <testcase name="testMinRankLimitsOk" file="/home/juli22/dbwebb-kurser/mvc/me/report/tests/ProjectRules/MinRankLimitsTraitTest.php" line="11" class="App\ProjectRules\MinRankLimitsTraitTest" classname="App.ProjectRules.MinRankLimitsTraitTest" assertions="1" time="0.000819"/>
        <testcase name="testMinRankLimitsOk2" file="/home/juli22/dbwebb-kurser/mvc/me/report/tests/ProjectRules/MinRankLimitsTraitTest.php" line="23" class="App\ProjectRules\MinRankLimitsTraitTest" classname="App.ProjectRules.MinRankLimitsTraitTest" assertions="1" time="0.000695"/>
        <testcase name="testMinRankLimitsOk3" file="/home/juli22/dbwebb-kurser/mvc/me/report/tests/ProjectRules/MinRankLimitsTraitTest.php" line="35" class="App\ProjectRules\MinRankLimitsTraitTest" classname="App.ProjectRules.MinRankLimitsTraitTest" assertions="1" time="0.000678"/>
        <testcase name="testMinRankLimitsOk4" file="/home/juli22/dbwebb-kurser/mvc/me/report/tests/ProjectRules/MinRankLimitsTraitTest.php" line="47" class="App\ProjectRules\MinRankLimitsTraitTest" classname="App.ProjectRules.MinRankLimitsTraitTest" assertions="1" time="0.000674"/>
        <testcase name="testMinRankLimitsOk5" file="/home/juli22/dbwebb-kurser/mvc/me/report/tests/ProjectRules/MinRankLimitsTraitTest.php" line="60" class="App\ProjectRules\MinRankLimitsTraitTest" classname="App.ProjectRules.MinRankLimitsTraitTest" assertions="1" time="0.000681"/>
        <testcase name="testMinRankLimitsOk6" file="/home/juli22/dbwebb-kurser/mvc/me/report/tests/ProjectRules/MinRankLimitsTraitTest.php" line="72" class="App\ProjectRules\MinRankLimitsTraitTest" classname="App.ProjectRules.MinRankLimitsTraitTest" assertions="1" time="0.000694"/>
        <testcase name="testMinRankLimitsNotOk" file="/home/juli22/dbwebb-kurser/mvc/me/report/tests/ProjectRules/MinRankLimitsTraitTest.php" line="84" class="App\ProjectRules\MinRankLimitsTraitTest" classname="App.ProjectRules.MinRankLimitsTraitTest" assertions="1" time="0.000684"/>
        <testcase name="testMinRankLimitsNotOk2" file="/home/juli22/dbwebb-kurser/mvc/me/report/tests/ProjectRules/MinRankLimitsTraitTest.php" line="96" class="App\ProjectRules\MinRankLimitsTraitTest" classname="App.ProjectRules.MinRankLimitsTraitTest" assertions="1" time="0.000678"/>
        <testcase name="testMinRankLimitsNotOk3" file="/home/juli22/dbwebb-kurser/mvc/me/report/tests/ProjectRules/MinRankLimitsTraitTest.php" line="108" class="App\ProjectRules\MinRankLimitsTraitTest" classname="App.ProjectRules.MinRankLimitsTraitTest" assertions="1" time="0.000682"/>
        <testcase name="testMinRankLimitsNotOk4" file="/home/juli22/dbwebb-kurser/mvc/me/report/tests/ProjectRules/MinRankLimitsTraitTest.php" line="120" class="App\ProjectRules\MinRankLimitsTraitTest" classname="App.ProjectRules.MinRankLimitsTraitTest" assertions="1" time="0.000746"/>
      </testsuite>
      <testsuite name="App\ProjectRules\OnePairTest" file="/home/juli22/dbwebb-kurser/mvc/me/report/tests/ProjectRules/OnePairTest.php" tests="2" assertions="2" errors="0" failures="0" skipped="0" time="0.001653">
        <testcase name="testScoredOk" file="/home/juli22/dbwebb-kurser/mvc/me/report/tests/ProjectRules/OnePairTest.php" line="11" class="App\ProjectRules\OnePairTest" classname="App.ProjectRules.OnePairTest" assertions="1" time="0.000855"/>
        <testcase name="testScoredNotOk" file="/home/juli22/dbwebb-kurser/mvc/me/report/tests/ProjectRules/OnePairTest.php" line="19" class="App\ProjectRules\OnePairTest" classname="App.ProjectRules.OnePairTest" assertions="1" time="0.000798"/>
      </testsuite>
      <testsuite name="App\ProjectRules\PointsAndRuleNameTrait2Test" file="/home/juli22/dbwebb-kurser/mvc/me/report/tests/ProjectRules/PointsAndRuleNameTrait2Test.php" tests="2" assertions="2" errors="0" failures="0" skipped="0" time="0.002114">
        <testcase name="testPointsAndNameEmptyHandNotOk" file="/home/juli22/dbwebb-kurser/mvc/me/report/tests/ProjectRules/PointsAndRuleNameTrait2Test.php" line="11" class="App\ProjectRules\PointsAndRuleNameTrait2Test" classname="App.ProjectRules.PointsAndRuleNameTrait2Test" assertions="1" time="0.001008"/>
        <testcase name="testPointsAndNameEmptyHandOk" file="/home/juli22/dbwebb-kurser/mvc/me/report/tests/ProjectRules/PointsAndRuleNameTrait2Test.php" line="25" class="App\ProjectRules\PointsAndRuleNameTrait2Test" classname="App.ProjectRules.PointsAndRuleNameTrait2Test" assertions="1" time="0.001106"/>
      </testsuite>
      <testsuite name="App\ProjectRules\PointsAndRuleNameTraitTest" file="/home/juli22/dbwebb-kurser/mvc/me/report/tests/ProjectRules/PointsAndRuleNameTraitTest.php" tests="5" assertions="5" errors="0" failures="0" skipped="0" time="0.005522">
        <testcase name="testPointsAndNameEmptyHandNotOk" file="/home/juli22/dbwebb-kurser/mvc/me/report/tests/ProjectRules/PointsAndRuleNameTraitTest.php" line="11" class="App\ProjectRules\PointsAndRuleNameTraitTest" classname="App.ProjectRules.PointsAndRuleNameTraitTest" assertions="1" time="0.000781"/>
        <testcase name="testPointsAndNameEmptyHandOk" file="/home/juli22/dbwebb-kurser/mvc/me/report/tests/ProjectRules/PointsAndRuleNameTraitTest.php" line="26" class="App\ProjectRules\PointsAndRuleNameTraitTest" classname="App.ProjectRules.PointsAndRuleNameTraitTest" assertions="1" time="0.001452"/>
        <testcase name="testPointsAndNameEmptyHandOk2" file="/home/juli22/dbwebb-kurser/mvc/me/report/tests/ProjectRules/PointsAndRuleNameTraitTest.php" line="41" class="App\ProjectRules\PointsAndRuleNameTraitTest" classname="App.ProjectRules.PointsAndRuleNameTraitTest" assertions="1" time="0.001261"/>
        <testcase name="testPointsAndNameEmptyHandNotOk2" file="/home/juli22/dbwebb-kurser/mvc/me/report/tests/ProjectRules/PointsAndRuleNameTraitTest.php" line="56" class="App\ProjectRules\PointsAndRuleNameTraitTest" classname="App.ProjectRules.PointsAndRuleNameTraitTest" assertions="1" time="0.000978"/>
        <testcase name="testPointsAndNameEmptyHandOk3" file="/home/juli22/dbwebb-kurser/mvc/me/report/tests/ProjectRules/PointsAndRuleNameTraitTest.php" line="71" class="App\ProjectRules\PointsAndRuleNameTraitTest" classname="App.ProjectRules.PointsAndRuleNameTraitTest" assertions="1" time="0.001050"/>
      </testsuite>
      <testsuite name="App\Project\PotTraitTest" file="/home/juli22/dbwebb-kurser/mvc/me/report/tests/ProjectRules/PotTraitTest.php" tests="1" assertions="2" errors="0" failures="0" skipped="0" time="0.000684">
        <testcase name="testGetAdditionalValue" file="/home/juli22/dbwebb-kurser/mvc/me/report/tests/ProjectRules/PotTraitTest.php" line="11" class="App\Project\PotTraitTest" classname="App.Project.PotTraitTest" assertions="2" time="0.000684"/>
      </testsuite>
      <testsuite name="App\ProjectRules\RoyalFLushScoredTraitTest" file="/home/juli22/dbwebb-kurser/mvc/me/report/tests/ProjectRules/RoyalFlushScoredTraitTest.php" tests="4" assertions="4" errors="0" failures="0" skipped="0" time="0.003231">
        <testcase name="testScoredNotOk" file="/home/juli22/dbwebb-kurser/mvc/me/report/tests/ProjectRules/RoyalFlushScoredTraitTest.php" line="13" class="App\ProjectRules\RoyalFLushScoredTraitTest" classname="App.ProjectRules.RoyalFLushScoredTraitTest" assertions="1" time="0.000852"/>
        <testcase name="testScoredNotOk2" file="/home/juli22/dbwebb-kurser/mvc/me/report/tests/ProjectRules/RoyalFlushScoredTraitTest.php" line="20" class="App\ProjectRules\RoyalFLushScoredTraitTest" classname="App.ProjectRules.RoyalFLushScoredTraitTest" assertions="1" time="0.000794"/>
        <testcase name="testScoredNotOk3" file="/home/juli22/dbwebb-kurser/mvc/me/report/tests/ProjectRules/RoyalFlushScoredTraitTest.php" line="27" class="App\ProjectRules\RoyalFLushScoredTraitTest" classname="App.ProjectRules.RoyalFLushScoredTraitTest" assertions="1" time="0.000794"/>
        <testcase name="testScoredOk" file="/home/juli22/dbwebb-kurser/mvc/me/report/tests/ProjectRules/RoyalFlushScoredTraitTest.php" line="34" class="App\ProjectRules\RoyalFLushScoredTraitTest" classname="App.ProjectRules.RoyalFLushScoredTraitTest" assertions="1" time="0.000791"/>
      </testsuite>
      <testsuite name="App\ProjectRules\RoyalFlushTest" file="/home/juli22/dbwebb-kurser/mvc/me/report/tests/ProjectRules/RoyalFlushTest.php" tests="1" assertions="2" errors="0" failures="0" skipped="0" time="0.000695">
        <testcase name="testCreateObject" file="/home/juli22/dbwebb-kurser/mvc/me/report/tests/ProjectRules/RoyalFlushTest.php" line="9" class="App\ProjectRules\RoyalFlushTest" classname="App.ProjectRules.RoyalFlushTest" assertions="2" time="0.000695"/>
      </testsuite>
      <testsuite name="App\ProjectRules\RoyalFlushTrait2Test" file="/home/juli22/dbwebb-kurser/mvc/me/report/tests/ProjectRules/RoyalFlushTrait2Test.php" tests="2" assertions="2" errors="0" failures="0" skipped="0" time="0.001744">
        <testcase name="testpossibleDeckOnlyOk" file="/home/juli22/dbwebb-kurser/mvc/me/report/tests/ProjectRules/RoyalFlushTrait2Test.php" line="11" class="App\ProjectRules\RoyalFlushTrait2Test" classname="App.ProjectRules.RoyalFlushTrait2Test" assertions="1" time="0.000868"/>
        <testcase name="testpossibleDeckOnlyNotOk" file="/home/juli22/dbwebb-kurser/mvc/me/report/tests/ProjectRules/RoyalFlushTrait2Test.php" line="18" class="App\ProjectRules\RoyalFlushTrait2Test" classname="App.ProjectRules.RoyalFlushTrait2Test" assertions="1" time="0.000876"/>
      </testsuite>
      <testsuite name="App\ProjectRules\RoyalFlushTrait3Test" file="/home/juli22/dbwebb-kurser/mvc/me/report/tests/ProjectRules/RoyalFlushTrait3Test.php" tests="4" assertions="4" errors="0" failures="0" skipped="0" time="0.003569">
        <testcase name="testCheckForCardsNotOk" file="/home/juli22/dbwebb-kurser/mvc/me/report/tests/ProjectRules/RoyalFlushTrait3Test.php" line="11" class="App\ProjectRules\RoyalFlushTrait3Test" classname="App.ProjectRules.RoyalFlushTrait3Test" assertions="1" time="0.000892"/>
        <testcase name="testCheckForCardsOk" file="/home/juli22/dbwebb-kurser/mvc/me/report/tests/ProjectRules/RoyalFlushTrait3Test.php" line="20" class="App\ProjectRules\RoyalFlushTrait3Test" classname="App.ProjectRules.RoyalFlushTrait3Test" assertions="1" time="0.000938"/>
        <testcase name="testCheckForCardsOk2" file="/home/juli22/dbwebb-kurser/mvc/me/report/tests/ProjectRules/RoyalFlushTrait3Test.php" line="29" class="App\ProjectRules\RoyalFlushTrait3Test" classname="App.ProjectRules.RoyalFlushTrait3Test" assertions="1" time="0.000920"/>
        <testcase name="testCheckForCardsNotOk2" file="/home/juli22/dbwebb-kurser/mvc/me/report/tests/ProjectRules/RoyalFlushTrait3Test.php" line="38" class="App\ProjectRules\RoyalFlushTrait3Test" classname="App.ProjectRules.RoyalFlushTrait3Test" assertions="1" time="0.000820"/>
      </testsuite>
      <testsuite name="App\ProjectRules\RoyalFlushTraitTest" file="/home/juli22/dbwebb-kurser/mvc/me/report/tests/ProjectRules/RoyalFlushTraitTest.php" tests="5" assertions="5" errors="0" failures="0" skipped="0" time="0.004349">
        <testcase name="testPossibleWithoutCardNotOk3" file="/home/juli22/dbwebb-kurser/mvc/me/report/tests/ProjectRules/RoyalFlushTraitTest.php" line="13" class="App\ProjectRules\RoyalFlushTraitTest" classname="App.ProjectRules.RoyalFlushTraitTest" assertions="1" time="0.000867"/>
        <testcase name="testPossibleWithoutCardOk" file="/home/juli22/dbwebb-kurser/mvc/me/report/tests/ProjectRules/RoyalFlushTraitTest.php" line="34" class="App\ProjectRules\RoyalFlushTraitTest" classname="App.ProjectRules.RoyalFlushTraitTest" assertions="1" time="0.000955"/>
        <testcase name="testPossibleWithoutCardNotOk5" file="/home/juli22/dbwebb-kurser/mvc/me/report/tests/ProjectRules/RoyalFlushTraitTest.php" line="54" class="App\ProjectRules\RoyalFlushTraitTest" classname="App.ProjectRules.RoyalFlushTraitTest" assertions="1" time="0.000832"/>
        <testcase name="testPossibleWithoutCardOk2" file="/home/juli22/dbwebb-kurser/mvc/me/report/tests/ProjectRules/RoyalFlushTraitTest.php" line="75" class="App\ProjectRules\RoyalFlushTraitTest" classname="App.ProjectRules.RoyalFlushTraitTest" assertions="1" time="0.000923"/>
        <testcase name="testPossibleWithoutCardNotOk" file="/home/juli22/dbwebb-kurser/mvc/me/report/tests/ProjectRules/RoyalFlushTraitTest.php" line="97" class="App\ProjectRules\RoyalFlushTraitTest" classname="App.ProjectRules.RoyalFlushTraitTest" assertions="1" time="0.000771"/>
      </testsuite>
      <testsuite name="App\ProjectRules\RuleNameTrait2Test" file="/home/juli22/dbwebb-kurser/mvc/me/report/tests/ProjectRules/RuleNameTrait2Test.php" tests="2" assertions="2" errors="0" failures="0" skipped="0" time="0.001901">
        <testcase name="testPointsAndNameEmptyHandNotOk" file="/home/juli22/dbwebb-kurser/mvc/me/report/tests/ProjectRules/RuleNameTrait2Test.php" line="11" class="App\ProjectRules\RuleNameTrait2Test" classname="App.ProjectRules.RuleNameTrait2Test" assertions="1" time="0.000964"/>
        <testcase name="testPointsAndNameEmptyHandOk" file="/home/juli22/dbwebb-kurser/mvc/me/report/tests/ProjectRules/RuleNameTrait2Test.php" line="21" class="App\ProjectRules\RuleNameTrait2Test" classname="App.ProjectRules.RuleNameTrait2Test" assertions="1" time="0.000937"/>
      </testsuite>
      <testsuite name="App\ProjectRules\RuleNameTraitTest" file="/home/juli22/dbwebb-kurser/mvc/me/report/tests/ProjectRules/RuleNameTraitTest.php" tests="5" assertions="5" errors="0" failures="0" skipped="0" time="0.004677">
        <testcase name="testPointsAndNameEmptyHandNotOk" file="/home/juli22/dbwebb-kurser/mvc/me/report/tests/ProjectRules/RuleNameTraitTest.php" line="11" class="App\ProjectRules\RuleNameTraitTest" classname="App.ProjectRules.RuleNameTraitTest" assertions="1" time="0.000699"/>
        <testcase name="testPointsAndNameEmptyHandOk" file="/home/juli22/dbwebb-kurser/mvc/me/report/tests/ProjectRules/RuleNameTraitTest.php" line="22" class="App\ProjectRules\RuleNameTraitTest" classname="App.ProjectRules.RuleNameTraitTest" assertions="1" time="0.001130"/>
        <testcase name="testPointsAndNameEmptyHandOk2" file="/home/juli22/dbwebb-kurser/mvc/me/report/tests/ProjectRules/RuleNameTraitTest.php" line="34" class="App\ProjectRules\RuleNameTraitTest" classname="App.ProjectRules.RuleNameTraitTest" assertions="1" time="0.001114"/>
        <testcase name="testPointsAndNameEmptyHandNotOk2" file="/home/juli22/dbwebb-kurser/mvc/me/report/tests/ProjectRules/RuleNameTraitTest.php" line="45" class="App\ProjectRules\RuleNameTraitTest" classname="App.ProjectRules.RuleNameTraitTest" assertions="1" time="0.000789"/>
        <testcase name="testPointsAndNameEmptyHandOk3" file="/home/juli22/dbwebb-kurser/mvc/me/report/tests/ProjectRules/RuleNameTraitTest.php" line="56" class="App\ProjectRules\RuleNameTraitTest" classname="App.ProjectRules.RuleNameTraitTest" assertions="1" time="0.000945"/>
      </testsuite>
      <testsuite name="App\ProjectRules\SameOfAKindTest" file="/home/juli22/dbwebb-kurser/mvc/me/report/tests/ProjectRules/SameOfAKindTest.php" tests="3" assertions="6" errors="0" failures="0" skipped="0" time="0.002211">
        <testcase name="testOnePair" file="/home/juli22/dbwebb-kurser/mvc/me/report/tests/ProjectRules/SameOfAKindTest.php" line="9" class="App\ProjectRules\SameOfAKindTest" classname="App.ProjectRules.SameOfAKindTest" assertions="2" time="0.000771"/>
        <testcase name="testThreeOfAKind" file="/home/juli22/dbwebb-kurser/mvc/me/report/tests/ProjectRules/SameOfAKindTest.php" line="21" class="App\ProjectRules\SameOfAKindTest" classname="App.ProjectRules.SameOfAKindTest" assertions="2" time="0.000706"/>
        <testcase name="testFourOfAKind" file="/home/juli22/dbwebb-kurser/mvc/me/report/tests/ProjectRules/SameOfAKindTest.php" line="33" class="App\ProjectRules\SameOfAKindTest" classname="App.ProjectRules.SameOfAKindTest" assertions="2" time="0.000734"/>
      </testsuite>
      <testsuite name="App\ProjectRules\SameOfAKindTrait2Test" file="/home/juli22/dbwebb-kurser/mvc/me/report/tests/ProjectRules/SameOfAKindTrait2Test.php" tests="10" assertions="10" errors="0" failures="0" skipped="0" time="0.009265">
        <testcase name="testPossibleWithoutCardOk" file="/home/juli22/dbwebb-kurser/mvc/me/report/tests/ProjectRules/SameOfAKindTrait2Test.php" line="14" class="App\ProjectRules\SameOfAKindTrait2Test" classname="App.ProjectRules.SameOfAKindTrait2Test" assertions="1" time="0.001153"/>
        <testcase name="testPossibleWithoutCardOk2" file="/home/juli22/dbwebb-kurser/mvc/me/report/tests/ProjectRules/SameOfAKindTrait2Test.php" line="23" class="App\ProjectRules\SameOfAKindTrait2Test" classname="App.ProjectRules.SameOfAKindTrait2Test" assertions="1" time="0.000853"/>
        <testcase name="testPossibleWithoutCardNotOk" file="/home/juli22/dbwebb-kurser/mvc/me/report/tests/ProjectRules/SameOfAKindTrait2Test.php" line="32" class="App\ProjectRules\SameOfAKindTrait2Test" classname="App.ProjectRules.SameOfAKindTrait2Test" assertions="1" time="0.000931"/>
        <testcase name="testPossibleWithoutCardNotOk2" file="/home/juli22/dbwebb-kurser/mvc/me/report/tests/ProjectRules/SameOfAKindTrait2Test.php" line="41" class="App\ProjectRules\SameOfAKindTrait2Test" classname="App.ProjectRules.SameOfAKindTrait2Test" assertions="1" time="0.000933"/>
        <testcase name="testPossibleWithoutCardOk3" file="/home/juli22/dbwebb-kurser/mvc/me/report/tests/ProjectRules/SameOfAKindTrait2Test.php" line="50" class="App\ProjectRules\SameOfAKindTrait2Test" classname="App.ProjectRules.SameOfAKindTrait2Test" assertions="1" time="0.000846"/>
        <testcase name="testPossibleWithoutCardNotOk3" file="/home/juli22/dbwebb-kurser/mvc/me/report/tests/ProjectRules/SameOfAKindTrait2Test.php" line="59" class="App\ProjectRules\SameOfAKindTrait2Test" classname="App.ProjectRules.SameOfAKindTrait2Test" assertions="1" time="0.000910"/>
        <testcase name="testPossibleWithoutCardNotOk4" file="/home/juli22/dbwebb-kurser/mvc/me/report/tests/ProjectRules/SameOfAKindTrait2Test.php" line="68" class="App\ProjectRules\SameOfAKindTrait2Test" classname="App.ProjectRules.SameOfAKindTrait2Test" assertions="1" time="0.000940"/>
        <testcase name="testPossibleWithoutCardOk4" file="/home/juli22/dbwebb-kurser/mvc/me/report/tests/ProjectRules/SameOfAKindTrait2Test.php" line="77" class="App\ProjectRules\SameOfAKindTrait2Test" classname="App.ProjectRules.SameOfAKindTrait2Test" assertions="1" time="0.000926"/>
        <testcase name="testPossibleWithoutCardOk5" file="/home/juli22/dbwebb-kurser/mvc/me/report/tests/ProjectRules/SameOfAKindTrait2Test.php" line="86" class="App\ProjectRules\SameOfAKindTrait2Test" classname="App.ProjectRules.SameOfAKindTrait2Test" assertions="1" time="0.000853"/>
        <testcase name="testPossibleWithoutCardNotOk5" file="/home/juli22/dbwebb-kurser/mvc/me/report/tests/ProjectRules/SameOfAKindTrait2Test.php" line="95" class="App\ProjectRules\SameOfAKindTrait2Test" classname="App.ProjectRules.SameOfAKindTrait2Test" assertions="1" time="0.000921"/>
      </testsuite>
      <testsuite name="App\ProjectRules\SameOfAKindTrait3Test" file="/home/juli22/dbwebb-kurser/mvc/me/report/tests/ProjectRules/SameOfAKindTrait3Test.php" tests="6" assertions="6" errors="0" failures="0" skipped="0" time="0.004875">
        <testcase name="testPossibleDeckOnlyOk" file="/home/juli22/dbwebb-kurser/mvc/me/report/tests/ProjectRules/SameOfAKindTrait3Test.php" line="12" class="App\ProjectRules\SameOfAKindTrait3Test" classname="App.ProjectRules.SameOfAKindTrait3Test" assertions="1" time="0.000837"/>
        <testcase name="testPossibleDeckOnlyNotOk" file="/home/juli22/dbwebb-kurser/mvc/me/report/tests/ProjectRules/SameOfAKindTrait3Test.php" line="20" class="App\ProjectRules\SameOfAKindTrait3Test" classname="App.ProjectRules.SameOfAKindTrait3Test" assertions="1" time="0.000800"/>
        <testcase name="testPossibleDeckOnlyNotOk2" file="/home/juli22/dbwebb-kurser/mvc/me/report/tests/ProjectRules/SameOfAKindTrait3Test.php" line="28" class="App\ProjectRules\SameOfAKindTrait3Test" classname="App.ProjectRules.SameOfAKindTrait3Test" assertions="1" time="0.000810"/>
        <testcase name="testPossibleDeckOnlyOk4" file="/home/juli22/dbwebb-kurser/mvc/me/report/tests/ProjectRules/SameOfAKindTrait3Test.php" line="37" class="App\ProjectRules\SameOfAKindTrait3Test" classname="App.ProjectRules.SameOfAKindTrait3Test" assertions="1" time="0.000793"/>
        <testcase name="testPossibleDeckOnlyNotOk3" file="/home/juli22/dbwebb-kurser/mvc/me/report/tests/ProjectRules/SameOfAKindTrait3Test.php" line="45" class="App\ProjectRules\SameOfAKindTrait3Test" classname="App.ProjectRules.SameOfAKindTrait3Test" assertions="1" time="0.000807"/>
        <testcase name="testPossibleDeckOnlyOk6" file="/home/juli22/dbwebb-kurser/mvc/me/report/tests/ProjectRules/SameOfAKindTrait3Test.php" line="53" class="App\ProjectRules\SameOfAKindTrait3Test" classname="App.ProjectRules.SameOfAKindTrait3Test" assertions="1" time="0.000828"/>
      </testsuite>
      <testsuite name="App\ProjectRules\SameOfAKindTrait4Pt2Test" file="/home/juli22/dbwebb-kurser/mvc/me/report/tests/ProjectRules/SameOfAKindTrait4Pt2Test.php" tests="6" assertions="6" errors="0" failures="0" skipped="0" time="0.004563">
        <testcase name="testRequiredCountOk" file="/home/juli22/dbwebb-kurser/mvc/me/report/tests/ProjectRules/SameOfAKindTrait4Pt2Test.php" line="11" class="App\ProjectRules\SameOfAKindTrait4Pt2Test" classname="App.ProjectRules.SameOfAKindTrait4Pt2Test" assertions="1" time="0.000720"/>
        <testcase name="testRequiredCountNotOk" file="/home/juli22/dbwebb-kurser/mvc/me/report/tests/ProjectRules/SameOfAKindTrait4Pt2Test.php" line="19" class="App\ProjectRules\SameOfAKindTrait4Pt2Test" classname="App.ProjectRules.SameOfAKindTrait4Pt2Test" assertions="1" time="0.000768"/>
        <testcase name="testRequiredCountOk2" file="/home/juli22/dbwebb-kurser/mvc/me/report/tests/ProjectRules/SameOfAKindTrait4Pt2Test.php" line="27" class="App\ProjectRules\SameOfAKindTrait4Pt2Test" classname="App.ProjectRules.SameOfAKindTrait4Pt2Test" assertions="1" time="0.000723"/>
        <testcase name="testRequiredCountNotOk3" file="/home/juli22/dbwebb-kurser/mvc/me/report/tests/ProjectRules/SameOfAKindTrait4Pt2Test.php" line="35" class="App\ProjectRules\SameOfAKindTrait4Pt2Test" classname="App.ProjectRules.SameOfAKindTrait4Pt2Test" assertions="1" time="0.000754"/>
        <testcase name="testRequiredCountOk3" file="/home/juli22/dbwebb-kurser/mvc/me/report/tests/ProjectRules/SameOfAKindTrait4Pt2Test.php" line="43" class="App\ProjectRules\SameOfAKindTrait4Pt2Test" classname="App.ProjectRules.SameOfAKindTrait4Pt2Test" assertions="1" time="0.000890"/>
        <testcase name="testRequiredCountNotOk4" file="/home/juli22/dbwebb-kurser/mvc/me/report/tests/ProjectRules/SameOfAKindTrait4Pt2Test.php" line="51" class="App\ProjectRules\SameOfAKindTrait4Pt2Test" classname="App.ProjectRules.SameOfAKindTrait4Pt2Test" assertions="1" time="0.000709"/>
      </testsuite>
      <testsuite name="App\ProjectRules\SameOfAKindTrait4Test" file="/home/juli22/dbwebb-kurser/mvc/me/report/tests/ProjectRules/SameOfAKindTrait4Test.php" tests="9" assertions="9" errors="0" failures="0" skipped="0" time="0.007109">
        <testcase name="testEnoughSpaceInHandOk" file="/home/juli22/dbwebb-kurser/mvc/me/report/tests/ProjectRules/SameOfAKindTrait4Test.php" line="11" class="App\ProjectRules\SameOfAKindTrait4Test" classname="App.ProjectRules.SameOfAKindTrait4Test" assertions="1" time="0.000725"/>
        <testcase name="testEnoughSpaceInHandOk2" file="/home/juli22/dbwebb-kurser/mvc/me/report/tests/ProjectRules/SameOfAKindTrait4Test.php" line="20" class="App\ProjectRules\SameOfAKindTrait4Test" classname="App.ProjectRules.SameOfAKindTrait4Test" assertions="1" time="0.000716"/>
        <testcase name="testEnoughSpaceInHandNotOk" file="/home/juli22/dbwebb-kurser/mvc/me/report/tests/ProjectRules/SameOfAKindTrait4Test.php" line="29" class="App\ProjectRules\SameOfAKindTrait4Test" classname="App.ProjectRules.SameOfAKindTrait4Test" assertions="1" time="0.000747"/>
        <testcase name="testEnoughSpaceInHandNotOk2" file="/home/juli22/dbwebb-kurser/mvc/me/report/tests/ProjectRules/SameOfAKindTrait4Test.php" line="38" class="App\ProjectRules\SameOfAKindTrait4Test" classname="App.ProjectRules.SameOfAKindTrait4Test" assertions="1" time="0.000808"/>
        <testcase name="testEnoughSpaceInHandOk3" file="/home/juli22/dbwebb-kurser/mvc/me/report/tests/ProjectRules/SameOfAKindTrait4Test.php" line="47" class="App\ProjectRules\SameOfAKindTrait4Test" classname="App.ProjectRules.SameOfAKindTrait4Test" assertions="1" time="0.000791"/>
        <testcase name="testEnoughSpaceInHandOk4" file="/home/juli22/dbwebb-kurser/mvc/me/report/tests/ProjectRules/SameOfAKindTrait4Test.php" line="56" class="App\ProjectRules\SameOfAKindTrait4Test" classname="App.ProjectRules.SameOfAKindTrait4Test" assertions="1" time="0.000716"/>
        <testcase name="testEnoughSpaceInHandOk5" file="/home/juli22/dbwebb-kurser/mvc/me/report/tests/ProjectRules/SameOfAKindTrait4Test.php" line="65" class="App\ProjectRules\SameOfAKindTrait4Test" classname="App.ProjectRules.SameOfAKindTrait4Test" assertions="1" time="0.000728"/>
        <testcase name="testEnoughSpaceInHandNotOk3" file="/home/juli22/dbwebb-kurser/mvc/me/report/tests/ProjectRules/SameOfAKindTrait4Test.php" line="74" class="App\ProjectRules\SameOfAKindTrait4Test" classname="App.ProjectRules.SameOfAKindTrait4Test" assertions="1" time="0.000711"/>
        <testcase name="testEnoughSpaceInHandOk6" file="/home/juli22/dbwebb-kurser/mvc/me/report/tests/ProjectRules/SameOfAKindTrait4Test.php" line="83" class="App\ProjectRules\SameOfAKindTrait4Test" classname="App.ProjectRules.SameOfAKindTrait4Test" assertions="1" time="0.001167"/>
      </testsuite>
      <testsuite name="App\ProjectRules\SameOfAKindTraitTest" file="/home/juli22/dbwebb-kurser/mvc/me/report/tests/ProjectRules/SameOfAKindTraitTest.php" tests="8" assertions="13" errors="0" failures="0" skipped="0" time="0.007147">
        <testcase name="testPossibleWithCardOk" file="/home/juli22/dbwebb-kurser/mvc/me/report/tests/ProjectRules/SameOfAKindTraitTest.php" line="15" class="App\ProjectRules\SameOfAKindTraitTest" classname="App.ProjectRules.SameOfAKindTraitTest" assertions="2" time="0.000935"/>
        <testcase name="testPossibleWithCardOk2" file="/home/juli22/dbwebb-kurser/mvc/me/report/tests/ProjectRules/SameOfAKindTraitTest.php" line="26" class="App\ProjectRules\SameOfAKindTraitTest" classname="App.ProjectRules.SameOfAKindTraitTest" assertions="2" time="0.000932"/>
        <testcase name="testPossibleWithCardOk3" file="/home/juli22/dbwebb-kurser/mvc/me/report/tests/ProjectRules/SameOfAKindTraitTest.php" line="37" class="App\ProjectRules\SameOfAKindTraitTest" classname="App.ProjectRules.SameOfAKindTraitTest" assertions="2" time="0.000961"/>
        <testcase name="testPossibleWithCardOk4" file="/home/juli22/dbwebb-kurser/mvc/me/report/tests/ProjectRules/SameOfAKindTraitTest.php" line="48" class="App\ProjectRules\SameOfAKindTraitTest" classname="App.ProjectRules.SameOfAKindTraitTest" assertions="2" time="0.000824"/>
        <testcase name="testPossibleWithCardNotOk" file="/home/juli22/dbwebb-kurser/mvc/me/report/tests/ProjectRules/SameOfAKindTraitTest.php" line="59" class="App\ProjectRules\SameOfAKindTraitTest" classname="App.ProjectRules.SameOfAKindTraitTest" assertions="1" time="0.000854"/>
        <testcase name="testPossibleWithCardNotOk2" file="/home/juli22/dbwebb-kurser/mvc/me/report/tests/ProjectRules/SameOfAKindTraitTest.php" line="69" class="App\ProjectRules\SameOfAKindTraitTest" classname="App.ProjectRules.SameOfAKindTraitTest" assertions="1" time="0.000880"/>
        <testcase name="testPossibleWithCardNotOk3" file="/home/juli22/dbwebb-kurser/mvc/me/report/tests/ProjectRules/SameOfAKindTraitTest.php" line="79" class="App\ProjectRules\SameOfAKindTraitTest" classname="App.ProjectRules.SameOfAKindTraitTest" assertions="1" time="0.000866"/>
        <testcase name="testPossibleWithCardOk5" file="/home/juli22/dbwebb-kurser/mvc/me/report/tests/ProjectRules/SameOfAKindTraitTest.php" line="89" class="App\ProjectRules\SameOfAKindTraitTest" classname="App.ProjectRules.SameOfAKindTraitTest" assertions="2" time="0.000896"/>
      </testsuite>
      <testsuite name="App\ProjectRules\SearchSpecificCardTraitTest" file="/home/juli22/dbwebb-kurser/mvc/me/report/tests/ProjectRules/SearchSpecificCardTraitTest.php" tests="4" assertions="4" errors="0" failures="0" skipped="0" time="0.002931">
        <testcase name="testSearchSpecificCardOk" file="/home/juli22/dbwebb-kurser/mvc/me/report/tests/ProjectRules/SearchSpecificCardTraitTest.php" line="12" class="App\ProjectRules\SearchSpecificCardTraitTest" classname="App.ProjectRules.SearchSpecificCardTraitTest" assertions="1" time="0.000795"/>
        <testcase name="testSearchSpecificCardOk2" file="/home/juli22/dbwebb-kurser/mvc/me/report/tests/ProjectRules/SearchSpecificCardTraitTest.php" line="22" class="App\ProjectRules\SearchSpecificCardTraitTest" classname="App.ProjectRules.SearchSpecificCardTraitTest" assertions="1" time="0.000726"/>
        <testcase name="testSearchSpecificCardNotOk" file="/home/juli22/dbwebb-kurser/mvc/me/report/tests/ProjectRules/SearchSpecificCardTraitTest.php" line="32" class="App\ProjectRules\SearchSpecificCardTraitTest" classname="App.ProjectRules.SearchSpecificCardTraitTest" assertions="1" time="0.000710"/>
        <testcase name="testSearchSpecificCardNotOk2" file="/home/juli22/dbwebb-kurser/mvc/me/report/tests/ProjectRules/SearchSpecificCardTraitTest.php" line="42" class="App\ProjectRules\SearchSpecificCardTraitTest" classname="App.ProjectRules.SearchSpecificCardTraitTest" assertions="1" time="0.000700"/>
      </testsuite>
      <testsuite name="App\ProjectRules\StraightFlushScoredTraitTest" file="/home/juli22/dbwebb-kurser/mvc/me/report/tests/ProjectRules/StraightFlushScoredTraitTest.php" tests="9" assertions="9" errors="0" failures="0" skipped="0" time="0.007757">
        <testcase name="testScoredNotOk" file="/home/juli22/dbwebb-kurser/mvc/me/report/tests/ProjectRules/StraightFlushScoredTraitTest.php" line="12" class="App\ProjectRules\StraightFlushScoredTraitTest" classname="App.ProjectRules.StraightFlushScoredTraitTest" assertions="1" time="0.000844"/>
        <testcase name="testScoredOk" file="/home/juli22/dbwebb-kurser/mvc/me/report/tests/ProjectRules/StraightFlushScoredTraitTest.php" line="20" class="App\ProjectRules\StraightFlushScoredTraitTest" classname="App.ProjectRules.StraightFlushScoredTraitTest" assertions="1" time="0.000813"/>
        <testcase name="testScoredNotOk2" file="/home/juli22/dbwebb-kurser/mvc/me/report/tests/ProjectRules/StraightFlushScoredTraitTest.php" line="28" class="App\ProjectRules\StraightFlushScoredTraitTest" classname="App.ProjectRules.StraightFlushScoredTraitTest" assertions="1" time="0.000837"/>
        <testcase name="testScoredOk2" file="/home/juli22/dbwebb-kurser/mvc/me/report/tests/ProjectRules/StraightFlushScoredTraitTest.php" line="36" class="App\ProjectRules\StraightFlushScoredTraitTest" classname="App.ProjectRules.StraightFlushScoredTraitTest" assertions="1" time="0.000814"/>
        <testcase name="testScoredOk3" file="/home/juli22/dbwebb-kurser/mvc/me/report/tests/ProjectRules/StraightFlushScoredTraitTest.php" line="44" class="App\ProjectRules\StraightFlushScoredTraitTest" classname="App.ProjectRules.StraightFlushScoredTraitTest" assertions="1" time="0.000824"/>
        <testcase name="testScoredNotOk4" file="/home/juli22/dbwebb-kurser/mvc/me/report/tests/ProjectRules/StraightFlushScoredTraitTest.php" line="52" class="App\ProjectRules\StraightFlushScoredTraitTest" classname="App.ProjectRules.StraightFlushScoredTraitTest" assertions="1" time="0.000840"/>
        <testcase name="testScoredOk4" file="/home/juli22/dbwebb-kurser/mvc/me/report/tests/ProjectRules/StraightFlushScoredTraitTest.php" line="61" class="App\ProjectRules\StraightFlushScoredTraitTest" classname="App.ProjectRules.StraightFlushScoredTraitTest" assertions="1" time="0.000867"/>
        <testcase name="testScoredNotOk5" file="/home/juli22/dbwebb-kurser/mvc/me/report/tests/ProjectRules/StraightFlushScoredTraitTest.php" line="69" class="App\ProjectRules\StraightFlushScoredTraitTest" classname="App.ProjectRules.StraightFlushScoredTraitTest" assertions="1" time="0.001101"/>
        <testcase name="testScoredNotOk6" file="/home/juli22/dbwebb-kurser/mvc/me/report/tests/ProjectRules/StraightFlushScoredTraitTest.php" line="77" class="App\ProjectRules\StraightFlushScoredTraitTest" classname="App.ProjectRules.StraightFlushScoredTraitTest" assertions="1" time="0.000816"/>
      </testsuite>
      <testsuite name="App\ProjectRules\StraightFlushTest" file="/home/juli22/dbwebb-kurser/mvc/me/report/tests/ProjectRules/StraightFlushTest.php" tests="1" assertions="2" errors="0" failures="0" skipped="0" time="0.000702">
        <testcase name="testCreateObject" file="/home/juli22/dbwebb-kurser/mvc/me/report/tests/ProjectRules/StraightFlushTest.php" line="9" class="App\ProjectRules\StraightFlushTest" classname="App.ProjectRules.StraightFlushTest" assertions="2" time="0.000702"/>
      </testsuite>
      <testsuite name="App\ProjectRules\StraightFlushTrait3Test" file="/home/juli22/dbwebb-kurser/mvc/me/report/tests/ProjectRules/StraightFlushTrait3Test.php" tests="5" assertions="5" errors="0" failures="0" skipped="0" time="0.004128">
        <testcase name="testPossibleDeckOnlyNotOk" file="/home/juli22/dbwebb-kurser/mvc/me/report/tests/ProjectRules/StraightFlushTrait3Test.php" line="13" class="App\ProjectRules\StraightFlushTrait3Test" classname="App.ProjectRules.StraightFlushTrait3Test" assertions="1" time="0.000763"/>
        <testcase name="testPossibleDeckOnlyNotOk2" file="/home/juli22/dbwebb-kurser/mvc/me/report/tests/ProjectRules/StraightFlushTrait3Test.php" line="28" class="App\ProjectRules\StraightFlushTrait3Test" classname="App.ProjectRules.StraightFlushTrait3Test" assertions="1" time="0.000777"/>
        <testcase name="testPossibleDeckOnlyOk" file="/home/juli22/dbwebb-kurser/mvc/me/report/tests/ProjectRules/StraightFlushTrait3Test.php" line="45" class="App\ProjectRules\StraightFlushTrait3Test" classname="App.ProjectRules.StraightFlushTrait3Test" assertions="1" time="0.000812"/>
        <testcase name="testPossibleDeckOnlyOk2" file="/home/juli22/dbwebb-kurser/mvc/me/report/tests/ProjectRules/StraightFlushTrait3Test.php" line="61" class="App\ProjectRules\StraightFlushTrait3Test" classname="App.ProjectRules.StraightFlushTrait3Test" assertions="1" time="0.000849"/>
        <testcase name="testPossibleDeckOnlyNotOk3" file="/home/juli22/dbwebb-kurser/mvc/me/report/tests/ProjectRules/StraightFlushTrait3Test.php" line="81" class="App\ProjectRules\StraightFlushTrait3Test" classname="App.ProjectRules.StraightFlushTrait3Test" assertions="1" time="0.000927"/>
      </testsuite>
      <testsuite name="App\ProjectRules\StraightFlushTraitTest" file="/home/juli22/dbwebb-kurser/mvc/me/report/tests/ProjectRules/StraightFlushTraitTest.php" tests="7" assertions="7" errors="0" failures="0" skipped="0" time="0.006530">
        <testcase name="testPossibleWithoutCardNotOk3" file="/home/juli22/dbwebb-kurser/mvc/me/report/tests/ProjectRules/StraightFlushTraitTest.php" line="14" class="App\ProjectRules\StraightFlushTraitTest" classname="App.ProjectRules.StraightFlushTraitTest" assertions="1" time="0.000806"/>
        <testcase name="testPossibleWithoutCardOk" file="/home/juli22/dbwebb-kurser/mvc/me/report/tests/ProjectRules/StraightFlushTraitTest.php" line="35" class="App\ProjectRules\StraightFlushTraitTest" classname="App.ProjectRules.StraightFlushTraitTest" assertions="1" time="0.001202"/>
        <testcase name="testPossibleWithoutCardNotOk5" file="/home/juli22/dbwebb-kurser/mvc/me/report/tests/ProjectRules/StraightFlushTraitTest.php" line="55" class="App\ProjectRules\StraightFlushTraitTest" classname="App.ProjectRules.StraightFlushTraitTest" assertions="1" time="0.000928"/>
        <testcase name="testPossibleWithoutCardOk2" file="/home/juli22/dbwebb-kurser/mvc/me/report/tests/ProjectRules/StraightFlushTraitTest.php" line="76" class="App\ProjectRules\StraightFlushTraitTest" classname="App.ProjectRules.StraightFlushTraitTest" assertions="1" time="0.000919"/>
        <testcase name="testPossibleWithoutCardNotOk" file="/home/juli22/dbwebb-kurser/mvc/me/report/tests/ProjectRules/StraightFlushTraitTest.php" line="98" class="App\ProjectRules\StraightFlushTraitTest" classname="App.ProjectRules.StraightFlushTraitTest" assertions="1" time="0.000900"/>
        <testcase name="testPossibleWithoutCardNotOk2" file="/home/juli22/dbwebb-kurser/mvc/me/report/tests/ProjectRules/StraightFlushTraitTest.php" line="117" class="App\ProjectRules\StraightFlushTraitTest" classname="App.ProjectRules.StraightFlushTraitTest" assertions="1" time="0.000946"/>
        <testcase name="testPossibleWithoutCardNotOk4" file="/home/juli22/dbwebb-kurser/mvc/me/report/tests/ProjectRules/StraightFlushTraitTest.php" line="135" class="App\ProjectRules\StraightFlushTraitTest" classname="App.ProjectRules.StraightFlushTraitTest" assertions="1" time="0.000829"/>
      </testsuite>
      <testsuite name="App\ProjectRules\StraightScoredTraitTest" file="/home/juli22/dbwebb-kurser/mvc/me/report/tests/ProjectRules/StraightScoredTraitTest.php" tests="5" assertions="5" errors="0" failures="0" skipped="0" time="0.004259">
        <testcase name="testScoredOk" file="/home/juli22/dbwebb-kurser/mvc/me/report/tests/ProjectRules/StraightScoredTraitTest.php" line="12" class="App\ProjectRules\StraightScoredTraitTest" classname="App.ProjectRules.StraightScoredTraitTest" assertions="1" time="0.000793"/>
        <testcase name="testScoredNotOk" file="/home/juli22/dbwebb-kurser/mvc/me/report/tests/ProjectRules/StraightScoredTraitTest.php" line="20" class="App\ProjectRules\StraightScoredTraitTest" classname="App.ProjectRules.StraightScoredTraitTest" assertions="1" time="0.000842"/>
        <testcase name="testScoredNotOk2" file="/home/juli22/dbwebb-kurser/mvc/me/report/tests/ProjectRules/StraightScoredTraitTest.php" line="28" class="App\ProjectRules\StraightScoredTraitTest" classname="App.ProjectRules.StraightScoredTraitTest" assertions="1" time="0.000816"/>
        <testcase name="testScoredOk2" file="/home/juli22/dbwebb-kurser/mvc/me/report/tests/ProjectRules/StraightScoredTraitTest.php" line="36" class="App\ProjectRules\StraightScoredTraitTest" classname="App.ProjectRules.StraightScoredTraitTest" assertions="1" time="0.000809"/>
        <testcase name="testScoredOk3" file="/home/juli22/dbwebb-kurser/mvc/me/report/tests/ProjectRules/StraightScoredTraitTest.php" line="44" class="App\ProjectRules\StraightScoredTraitTest" classname="App.ProjectRules.StraightScoredTraitTest" assertions="1" time="0.000999"/>
      </testsuite>
      <testsuite name="App\ProjectRules\StraightTest" file="/home/juli22/dbwebb-kurser/mvc/me/report/tests/ProjectRules/StraightTest.php" tests="1" assertions="2" errors="0" failures="0" skipped="0" time="0.000758">
        <testcase name="testCreateObject" file="/home/juli22/dbwebb-kurser/mvc/me/report/tests/ProjectRules/StraightTest.php" line="9" class="App\ProjectRules\StraightTest" classname="App.ProjectRules.StraightTest" assertions="2" time="0.000758"/>
      </testsuite>
      <testsuite name="App\ProjectRules\StraightTrait2Test" file="/home/juli22/dbwebb-kurser/mvc/me/report/tests/ProjectRules/StraightTrait2Test.php" tests="5" assertions="5" errors="0" failures="0" skipped="0" time="0.003676">
        <testcase name="testCheckForRanksOk" file="/home/juli22/dbwebb-kurser/mvc/me/report/tests/ProjectRules/StraightTrait2Test.php" line="11" class="App\ProjectRules\StraightTrait2Test" classname="App.ProjectRules.StraightTrait2Test" assertions="1" time="0.000730"/>
        <testcase name="testCheckForRanksOk2" file="/home/juli22/dbwebb-kurser/mvc/me/report/tests/ProjectRules/StraightTrait2Test.php" line="19" class="App\ProjectRules\StraightTrait2Test" classname="App.ProjectRules.StraightTrait2Test" assertions="1" time="0.000739"/>
        <testcase name="testCheckForRanksNotOk" file="/home/juli22/dbwebb-kurser/mvc/me/report/tests/ProjectRules/StraightTrait2Test.php" line="28" class="App\ProjectRules\StraightTrait2Test" classname="App.ProjectRules.StraightTrait2Test" assertions="1" time="0.000764"/>
        <testcase name="testCheckForRanksNotOk2" file="/home/juli22/dbwebb-kurser/mvc/me/report/tests/ProjectRules/StraightTrait2Test.php" line="36" class="App\ProjectRules\StraightTrait2Test" classname="App.ProjectRules.StraightTrait2Test" assertions="1" time="0.000717"/>
        <testcase name="testCheckForRanksNotOk3" file="/home/juli22/dbwebb-kurser/mvc/me/report/tests/ProjectRules/StraightTrait2Test.php" line="44" class="App\ProjectRules\StraightTrait2Test" classname="App.ProjectRules.StraightTrait2Test" assertions="1" time="0.000727"/>
      </testsuite>
      <testsuite name="App\ProjectRules\StraightTrait3Test" file="/home/juli22/dbwebb-kurser/mvc/me/report/tests/ProjectRules/StraightTrait3Test.php" tests="5" assertions="5" errors="0" failures="0" skipped="0" time="0.004172">
        <testcase name="testCheckAllPoissbleOk" file="/home/juli22/dbwebb-kurser/mvc/me/report/tests/ProjectRules/StraightTrait3Test.php" line="11" class="App\ProjectRules\StraightTrait3Test" classname="App.ProjectRules.StraightTrait3Test" assertions="1" time="0.000881"/>
        <testcase name="testCheckAllPoissbleNotOk" file="/home/juli22/dbwebb-kurser/mvc/me/report/tests/ProjectRules/StraightTrait3Test.php" line="20" class="App\ProjectRules\StraightTrait3Test" classname="App.ProjectRules.StraightTrait3Test" assertions="1" time="0.000824"/>
        <testcase name="testCheckAllPoissbleOk2" file="/home/juli22/dbwebb-kurser/mvc/me/report/tests/ProjectRules/StraightTrait3Test.php" line="29" class="App\ProjectRules\StraightTrait3Test" classname="App.ProjectRules.StraightTrait3Test" assertions="1" time="0.000837"/>
        <testcase name="testCheckAllPoissbleNotOk2" file="/home/juli22/dbwebb-kurser/mvc/me/report/tests/ProjectRules/StraightTrait3Test.php" line="38" class="App\ProjectRules\StraightTrait3Test" classname="App.ProjectRules.StraightTrait3Test" assertions="1" time="0.000822"/>
        <testcase name="testCheckAllPoissbleOk3" file="/home/juli22/dbwebb-kurser/mvc/me/report/tests/ProjectRules/StraightTrait3Test.php" line="47" class="App\ProjectRules\StraightTrait3Test" classname="App.ProjectRules.StraightTrait3Test" assertions="1" time="0.000809"/>
      </testsuite>
      <testsuite name="App\ProjectRules\StraightTraitTest" file="/home/juli22/dbwebb-kurser/mvc/me/report/tests/ProjectRules/StraightTraitTest.php" tests="10" assertions="10" errors="0" failures="0" skipped="0" time="0.009169">
        <testcase name="testPossibleWithoutCardNotOk" file="/home/juli22/dbwebb-kurser/mvc/me/report/tests/ProjectRules/StraightTraitTest.php" line="12" class="App\ProjectRules\StraightTraitTest" classname="App.ProjectRules.StraightTraitTest" assertions="1" time="0.000826"/>
        <testcase name="testPossibleWithoutCardNotOk2" file="/home/juli22/dbwebb-kurser/mvc/me/report/tests/ProjectRules/StraightTraitTest.php" line="33" class="App\ProjectRules\StraightTraitTest" classname="App.ProjectRules.StraightTraitTest" assertions="1" time="0.000818"/>
        <testcase name="testPossibleWithoutCardNotOk3" file="/home/juli22/dbwebb-kurser/mvc/me/report/tests/ProjectRules/StraightTraitTest.php" line="55" class="App\ProjectRules\StraightTraitTest" classname="App.ProjectRules.StraightTraitTest" assertions="1" time="0.000836"/>
        <testcase name="testPossibleWithoutCardOk3" file="/home/juli22/dbwebb-kurser/mvc/me/report/tests/ProjectRules/StraightTraitTest.php" line="77" class="App\ProjectRules\StraightTraitTest" classname="App.ProjectRules.StraightTraitTest" assertions="1" time="0.001004"/>
        <testcase name="testPossibleWithoutCardNot4" file="/home/juli22/dbwebb-kurser/mvc/me/report/tests/ProjectRules/StraightTraitTest.php" line="98" class="App\ProjectRules\StraightTraitTest" classname="App.ProjectRules.StraightTraitTest" assertions="1" time="0.000985"/>
        <testcase name="testPossibleWithoutCardNotOk5" file="/home/juli22/dbwebb-kurser/mvc/me/report/tests/ProjectRules/StraightTraitTest.php" line="116" class="App\ProjectRules\StraightTraitTest" classname="App.ProjectRules.StraightTraitTest" assertions="1" time="0.000983"/>
        <testcase name="testPossibleWithoutCardOk" file="/home/juli22/dbwebb-kurser/mvc/me/report/tests/ProjectRules/StraightTraitTest.php" line="134" class="App\ProjectRules\StraightTraitTest" classname="App.ProjectRules.StraightTraitTest" assertions="1" time="0.000986"/>
        <testcase name="testPossibleWithoutCardOk2" file="/home/juli22/dbwebb-kurser/mvc/me/report/tests/ProjectRules/StraightTraitTest.php" line="153" class="App\ProjectRules\StraightTraitTest" classname="App.ProjectRules.StraightTraitTest" assertions="1" time="0.000983"/>
        <testcase name="testPossibleDeckOnlyNotOk" file="/home/juli22/dbwebb-kurser/mvc/me/report/tests/ProjectRules/StraightTraitTest.php" line="171" class="App\ProjectRules\StraightTraitTest" classname="App.ProjectRules.StraightTraitTest" assertions="1" time="0.000891"/>
        <testcase name="testPossibleDeckOnlyOk" file="/home/juli22/dbwebb-kurser/mvc/me/report/tests/ProjectRules/StraightTraitTest.php" line="186" class="App\ProjectRules\StraightTraitTest" classname="App.ProjectRules.StraightTraitTest" assertions="1" time="0.000856"/>
      </testsuite>
      <testsuite name="App\ProjectRules\SubCountTraitTest" file="/home/juli22/dbwebb-kurser/mvc/me/report/tests/ProjectRules/SubCountTraitTest.php" tests="2" assertions="4" errors="0" failures="0" skipped="0" time="0.001507">
        <testcase name="testSubCountRanks" file="/home/juli22/dbwebb-kurser/mvc/me/report/tests/ProjectRules/SubCountTraitTest.php" line="11" class="App\ProjectRules\SubCountTraitTest" classname="App.ProjectRules.SubCountTraitTest" assertions="2" time="0.000782"/>
        <testcase name="testSubCountSuits" file="/home/juli22/dbwebb-kurser/mvc/me/report/tests/ProjectRules/SubCountTraitTest.php" line="23" class="App\ProjectRules\SubCountTraitTest" classname="App.ProjectRules.SubCountTraitTest" assertions="2" time="0.000726"/>
      </testsuite>
      <testsuite name="App\ProjectRules\ThreeOfAKindTest" file="/home/juli22/dbwebb-kurser/mvc/me/report/tests/ProjectRules/ThreeOfAKindTest.php" tests="3" assertions="3" errors="0" failures="0" skipped="0" time="0.002306">
        <testcase name="testScoredNotOk" file="/home/juli22/dbwebb-kurser/mvc/me/report/tests/ProjectRules/ThreeOfAKindTest.php" line="11" class="App\ProjectRules\ThreeOfAKindTest" classname="App.ProjectRules.ThreeOfAKindTest" assertions="1" time="0.000768"/>
        <testcase name="testScoredNotOk2" file="/home/juli22/dbwebb-kurser/mvc/me/report/tests/ProjectRules/ThreeOfAKindTest.php" line="19" class="App\ProjectRules\ThreeOfAKindTest" classname="App.ProjectRules.ThreeOfAKindTest" assertions="1" time="0.000771"/>
        <testcase name="testScoredOk" file="/home/juli22/dbwebb-kurser/mvc/me/report/tests/ProjectRules/ThreeOfAKindTest.php" line="27" class="App\ProjectRules\ThreeOfAKindTest" classname="App.ProjectRules.ThreeOfAKindTest" assertions="1" time="0.000767"/>
      </testsuite>
      <testsuite name="App\ProjectRules\TwoPairsTest" file="/home/juli22/dbwebb-kurser/mvc/me/report/tests/ProjectRules/TwoPairsTest.php" tests="5" assertions="5" errors="0" failures="0" skipped="0" time="0.004121">
        <testcase name="testCheckOk" file="/home/juli22/dbwebb-kurser/mvc/me/report/tests/ProjectRules/TwoPairsTest.php" line="9" class="App\ProjectRules\TwoPairsTest" classname="App.ProjectRules.TwoPairsTest" assertions="1" time="0.000773"/>
        <testcase name="testCheckOk2" file="/home/juli22/dbwebb-kurser/mvc/me/report/tests/ProjectRules/TwoPairsTest.php" line="16" class="App\ProjectRules\TwoPairsTest" classname="App.ProjectRules.TwoPairsTest" assertions="1" time="0.000938"/>
        <testcase name="testCheckNotOk" file="/home/juli22/dbwebb-kurser/mvc/me/report/tests/ProjectRules/TwoPairsTest.php" line="24" class="App\ProjectRules\TwoPairsTest" classname="App.ProjectRules.TwoPairsTest" assertions="1" time="0.000794"/>
        <testcase name="testCheckNotOk2" file="/home/juli22/dbwebb-kurser/mvc/me/report/tests/ProjectRules/TwoPairsTest.php" line="31" class="App\ProjectRules\TwoPairsTest" classname="App.ProjectRules.TwoPairsTest" assertions="1" time="0.000824"/>
        <testcase name="testCheckNotOk3" file="/home/juli22/dbwebb-kurser/mvc/me/report/tests/ProjectRules/TwoPairsTest.php" line="38" class="App\ProjectRules\TwoPairsTest" classname="App.ProjectRules.TwoPairsTest" assertions="1" time="0.000793"/>
      </testsuite>
      <testsuite name="App\ProjectRules\TwoPairsTrait10Test" file="/home/juli22/dbwebb-kurser/mvc/me/report/tests/ProjectRules/TwoPairsTrait10Test.php" tests="3" assertions="3" errors="0" failures="0" skipped="0" time="0.002315">
        <testcase name="testOneCardTwoPairsOk" file="/home/juli22/dbwebb-kurser/mvc/me/report/tests/ProjectRules/TwoPairsTrait10Test.php" line="11" class="App\ProjectRules\TwoPairsTrait10Test" classname="App.ProjectRules.TwoPairsTrait10Test" assertions="1" time="0.000730"/>
        <testcase name="testOneCardTwoPairsNotOk" file="/home/juli22/dbwebb-kurser/mvc/me/report/tests/ProjectRules/TwoPairsTrait10Test.php" line="27" class="App\ProjectRules\TwoPairsTrait10Test" classname="App.ProjectRules.TwoPairsTrait10Test" assertions="1" time="0.000719"/>
        <testcase name="testOneCardTwoPairsNotOk2" file="/home/juli22/dbwebb-kurser/mvc/me/report/tests/ProjectRules/TwoPairsTrait10Test.php" line="43" class="App\ProjectRules\TwoPairsTrait10Test" classname="App.ProjectRules.TwoPairsTrait10Test" assertions="1" time="0.000866"/>
      </testsuite>
      <testsuite name="App\ProjectRules\TwoPairsTrait14Test" file="/home/juli22/dbwebb-kurser/mvc/me/report/tests/ProjectRules/TwoPairsTrait14Test.php" tests="4" assertions="4" errors="0" failures="0" skipped="0" time="0.002947">
        <testcase name="testThreeCardsTwoPairsNotOk" file="/home/juli22/dbwebb-kurser/mvc/me/report/tests/ProjectRules/TwoPairsTrait14Test.php" line="11" class="App\ProjectRules\TwoPairsTrait14Test" classname="App.ProjectRules.TwoPairsTrait14Test" assertions="1" time="0.000755"/>
        <testcase name="testThreeCardsTwoPairsOk" file="/home/juli22/dbwebb-kurser/mvc/me/report/tests/ProjectRules/TwoPairsTrait14Test.php" line="25" class="App\ProjectRules\TwoPairsTrait14Test" classname="App.ProjectRules.TwoPairsTrait14Test" assertions="1" time="0.000723"/>
        <testcase name="testThreeCardsTwoPairsOk2" file="/home/juli22/dbwebb-kurser/mvc/me/report/tests/ProjectRules/TwoPairsTrait14Test.php" line="39" class="App\ProjectRules\TwoPairsTrait14Test" classname="App.ProjectRules.TwoPairsTrait14Test" assertions="1" time="0.000721"/>
        <testcase name="testThreeCardsTwoPairsOk3" file="/home/juli22/dbwebb-kurser/mvc/me/report/tests/ProjectRules/TwoPairsTrait14Test.php" line="53" class="App\ProjectRules\TwoPairsTrait14Test" classname="App.ProjectRules.TwoPairsTrait14Test" assertions="1" time="0.000749"/>
      </testsuite>
      <testsuite name="App\ProjectRules\TwoPairsTrait2Test" file="/home/juli22/dbwebb-kurser/mvc/me/report/tests/ProjectRules/TwoPairsTrait2Test.php" tests="10" assertions="10" errors="0" failures="0" skipped="0" time="0.009258">
        <testcase name="testPossibleWithoutCardOk" file="/home/juli22/dbwebb-kurser/mvc/me/report/tests/ProjectRules/TwoPairsTrait2Test.php" line="15" class="App\ProjectRules\TwoPairsTrait2Test" classname="App.ProjectRules.TwoPairsTrait2Test" assertions="1" time="0.001156"/>
        <testcase name="testPossibleWithoutCardOk2" file="/home/juli22/dbwebb-kurser/mvc/me/report/tests/ProjectRules/TwoPairsTrait2Test.php" line="23" class="App\ProjectRules\TwoPairsTrait2Test" classname="App.ProjectRules.TwoPairsTrait2Test" assertions="1" time="0.001014"/>
        <testcase name="testPossibleWithoutCardOk3" file="/home/juli22/dbwebb-kurser/mvc/me/report/tests/ProjectRules/TwoPairsTrait2Test.php" line="31" class="App\ProjectRules\TwoPairsTrait2Test" classname="App.ProjectRules.TwoPairsTrait2Test" assertions="1" time="0.000902"/>
        <testcase name="testPossibleWithoutCardOk4" file="/home/juli22/dbwebb-kurser/mvc/me/report/tests/ProjectRules/TwoPairsTrait2Test.php" line="39" class="App\ProjectRules\TwoPairsTrait2Test" classname="App.ProjectRules.TwoPairsTrait2Test" assertions="1" time="0.000910"/>
        <testcase name="testPossibleWithoutCardOk5" file="/home/juli22/dbwebb-kurser/mvc/me/report/tests/ProjectRules/TwoPairsTrait2Test.php" line="47" class="App\ProjectRules\TwoPairsTrait2Test" classname="App.ProjectRules.TwoPairsTrait2Test" assertions="1" time="0.000855"/>
        <testcase name="testPossibleWithoutCardOk6" file="/home/juli22/dbwebb-kurser/mvc/me/report/tests/ProjectRules/TwoPairsTrait2Test.php" line="55" class="App\ProjectRules\TwoPairsTrait2Test" classname="App.ProjectRules.TwoPairsTrait2Test" assertions="1" time="0.000859"/>
        <testcase name="testPossibleWithoutCardOk7" file="/home/juli22/dbwebb-kurser/mvc/me/report/tests/ProjectRules/TwoPairsTrait2Test.php" line="63" class="App\ProjectRules\TwoPairsTrait2Test" classname="App.ProjectRules.TwoPairsTrait2Test" assertions="1" time="0.000860"/>
        <testcase name="testPossibleWithoutCardNotOk" file="/home/juli22/dbwebb-kurser/mvc/me/report/tests/ProjectRules/TwoPairsTrait2Test.php" line="71" class="App\ProjectRules\TwoPairsTrait2Test" classname="App.ProjectRules.TwoPairsTrait2Test" assertions="1" time="0.000886"/>
        <testcase name="testPossibleWithoutCardNotOk2" file="/home/juli22/dbwebb-kurser/mvc/me/report/tests/ProjectRules/TwoPairsTrait2Test.php" line="79" class="App\ProjectRules\TwoPairsTrait2Test" classname="App.ProjectRules.TwoPairsTrait2Test" assertions="1" time="0.000891"/>
        <testcase name="testPossibleWithoutCardNotOk3" file="/home/juli22/dbwebb-kurser/mvc/me/report/tests/ProjectRules/TwoPairsTrait2Test.php" line="87" class="App\ProjectRules\TwoPairsTrait2Test" classname="App.ProjectRules.TwoPairsTrait2Test" assertions="1" time="0.000926"/>
      </testsuite>
      <testsuite name="App\ProjectRules\TwoPairsTrait2pt2Test" file="/home/juli22/dbwebb-kurser/mvc/me/report/tests/ProjectRules/TwoPairsTrait2pt2Test.php" tests="2" assertions="2" errors="0" failures="0" skipped="0" time="0.002281">
        <testcase name="testPossibleWithoutCardOk" file="/home/juli22/dbwebb-kurser/mvc/me/report/tests/ProjectRules/TwoPairsTrait2pt2Test.php" line="13" class="App\ProjectRules\TwoPairsTrait2pt2Test" classname="App.ProjectRules.TwoPairsTrait2pt2Test" assertions="1" time="0.001371"/>
        <testcase name="testPossibleWithoutCardNotOk" file="/home/juli22/dbwebb-kurser/mvc/me/report/tests/ProjectRules/TwoPairsTrait2pt2Test.php" line="21" class="App\ProjectRules\TwoPairsTrait2pt2Test" classname="App.ProjectRules.TwoPairsTrait2pt2Test" assertions="1" time="0.000910"/>
      </testsuite>
      <testsuite name="App\ProjectRules\TwoPairsTrait3Test" file="/home/juli22/dbwebb-kurser/mvc/me/report/tests/ProjectRules/TwoPairsTrait3Test.php" tests="2" assertions="2" errors="0" failures="0" skipped="0" time="0.001606">
        <testcase name="testPossibleDeckOnlyOk" file="/home/juli22/dbwebb-kurser/mvc/me/report/tests/ProjectRules/TwoPairsTrait3Test.php" line="13" class="App\ProjectRules\TwoPairsTrait3Test" classname="App.ProjectRules.TwoPairsTrait3Test" assertions="1" time="0.000827"/>
        <testcase name="testPossibleDeckOnlyNotOk" file="/home/juli22/dbwebb-kurser/mvc/me/report/tests/ProjectRules/TwoPairsTrait3Test.php" line="20" class="App\ProjectRules\TwoPairsTrait3Test" classname="App.ProjectRules.TwoPairsTrait3Test" assertions="1" time="0.000780"/>
      </testsuite>
      <testsuite name="App\ProjectRules\TwoPairsTrait4Test" file="/home/juli22/dbwebb-kurser/mvc/me/report/tests/ProjectRules/TwoPairsTrait4Test.php" tests="3" assertions="6" errors="0" failures="0" skipped="0" time="0.002081">
        <testcase name="testCheck1Ok" file="/home/juli22/dbwebb-kurser/mvc/me/report/tests/ProjectRules/TwoPairsTrait4Test.php" line="11" class="App\ProjectRules\TwoPairsTrait4Test" classname="App.ProjectRules.TwoPairsTrait4Test" assertions="2" time="0.000709"/>
        <testcase name="testCheck1Ok2" file="/home/juli22/dbwebb-kurser/mvc/me/report/tests/ProjectRules/TwoPairsTrait4Test.php" line="30" class="App\ProjectRules\TwoPairsTrait4Test" classname="App.ProjectRules.TwoPairsTrait4Test" assertions="2" time="0.000685"/>
        <testcase name="testCheck1NotOk" file="/home/juli22/dbwebb-kurser/mvc/me/report/tests/ProjectRules/TwoPairsTrait4Test.php" line="49" class="App\ProjectRules\TwoPairsTrait4Test" classname="App.ProjectRules.TwoPairsTrait4Test" assertions="2" time="0.000687"/>
      </testsuite>
      <testsuite name="App\ProjectRules\TwoPairsTrait5Pt2Test" file="/home/juli22/dbwebb-kurser/mvc/me/report/tests/ProjectRules/TwoPairsTrait5Pt2Test.php" tests="5" assertions="5" errors="0" failures="0" skipped="0" time="0.005026">
        <testcase name="testCheck2Ok" file="/home/juli22/dbwebb-kurser/mvc/me/report/tests/ProjectRules/TwoPairsTrait5Pt2Test.php" line="12" class="App\ProjectRules\TwoPairsTrait5Pt2Test" classname="App.ProjectRules.TwoPairsTrait5Pt2Test" assertions="1" time="0.000691"/>
        <testcase name="testCheck2Ok2" file="/home/juli22/dbwebb-kurser/mvc/me/report/tests/ProjectRules/TwoPairsTrait5Pt2Test.php" line="27" class="App\ProjectRules\TwoPairsTrait5Pt2Test" classname="App.ProjectRules.TwoPairsTrait5Pt2Test" assertions="1" time="0.000706"/>
        <testcase name="testCheckForTwoPairs3Ok" file="/home/juli22/dbwebb-kurser/mvc/me/report/tests/ProjectRules/TwoPairsTrait5Pt2Test.php" line="42" class="App\ProjectRules\TwoPairsTrait5Pt2Test" classname="App.ProjectRules.TwoPairsTrait5Pt2Test" assertions="1" time="0.000776"/>
        <testcase name="testCheckForTwoPairs3NotOk" file="/home/juli22/dbwebb-kurser/mvc/me/report/tests/ProjectRules/TwoPairsTrait5Pt2Test.php" line="54" class="App\ProjectRules\TwoPairsTrait5Pt2Test" classname="App.ProjectRules.TwoPairsTrait5Pt2Test" assertions="1" time="0.002047"/>
        <testcase name="testCheckForTwoPairs3NotOk2" file="/home/juli22/dbwebb-kurser/mvc/me/report/tests/ProjectRules/TwoPairsTrait5Pt2Test.php" line="66" class="App\ProjectRules\TwoPairsTrait5Pt2Test" classname="App.ProjectRules.TwoPairsTrait5Pt2Test" assertions="1" time="0.000806"/>
      </testsuite>
      <testsuite name="App\ProjectRules\TwoPairsTrait5Test" file="/home/juli22/dbwebb-kurser/mvc/me/report/tests/ProjectRules/TwoPairsTrait5Test.php" tests="7" assertions="7" errors="0" failures="0" skipped="0" time="0.004913">
        <testcase name="testCheckForTwoPairs1Ok" file="/home/juli22/dbwebb-kurser/mvc/me/report/tests/ProjectRules/TwoPairsTrait5Test.php" line="12" class="App\ProjectRules\TwoPairsTrait5Test" classname="App.ProjectRules.TwoPairsTrait5Test" assertions="1" time="0.000787"/>
        <testcase name="testCheckForTwoPairs1Ok2" file="/home/juli22/dbwebb-kurser/mvc/me/report/tests/ProjectRules/TwoPairsTrait5Test.php" line="26" class="App\ProjectRules\TwoPairsTrait5Test" classname="App.ProjectRules.TwoPairsTrait5Test" assertions="1" time="0.000707"/>
        <testcase name="testCheckForTwoPairs1NotOk" file="/home/juli22/dbwebb-kurser/mvc/me/report/tests/ProjectRules/TwoPairsTrait5Test.php" line="41" class="App\ProjectRules\TwoPairsTrait5Test" classname="App.ProjectRules.TwoPairsTrait5Test" assertions="1" time="0.000701"/>
        <testcase name="testCheckForTwoPairs1NotOk2" file="/home/juli22/dbwebb-kurser/mvc/me/report/tests/ProjectRules/TwoPairsTrait5Test.php" line="55" class="App\ProjectRules\TwoPairsTrait5Test" classname="App.ProjectRules.TwoPairsTrait5Test" assertions="1" time="0.000679"/>
        <testcase name="testCheck2NotOk" file="/home/juli22/dbwebb-kurser/mvc/me/report/tests/ProjectRules/TwoPairsTrait5Test.php" line="69" class="App\ProjectRules\TwoPairsTrait5Test" classname="App.ProjectRules.TwoPairsTrait5Test" assertions="1" time="0.000693"/>
        <testcase name="testCheck2NotOk2" file="/home/juli22/dbwebb-kurser/mvc/me/report/tests/ProjectRules/TwoPairsTrait5Test.php" line="85" class="App\ProjectRules\TwoPairsTrait5Test" classname="App.ProjectRules.TwoPairsTrait5Test" assertions="1" time="0.000675"/>
        <testcase name="testCheck2NotOk3" file="/home/juli22/dbwebb-kurser/mvc/me/report/tests/ProjectRules/TwoPairsTrait5Test.php" line="100" class="App\ProjectRules\TwoPairsTrait5Test" classname="App.ProjectRules.TwoPairsTrait5Test" assertions="1" time="0.000670"/>
      </testsuite>
      <testsuite name="App\ProjectRules\TwoPairsTrait6Pt2Test" file="/home/juli22/dbwebb-kurser/mvc/me/report/tests/ProjectRules/TwoPairsTrait6Pt2Test.php" tests="5" assertions="7" errors="0" failures="0" skipped="0" time="0.003977">
        <testcase name="testCheck3Ok" file="/home/juli22/dbwebb-kurser/mvc/me/report/tests/ProjectRules/TwoPairsTrait6Pt2Test.php" line="12" class="App\ProjectRules\TwoPairsTrait6Pt2Test" classname="App.ProjectRules.TwoPairsTrait6Pt2Test" assertions="1" time="0.000719"/>
        <testcase name="testCheck3NotOk" file="/home/juli22/dbwebb-kurser/mvc/me/report/tests/ProjectRules/TwoPairsTrait6Pt2Test.php" line="27" class="App\ProjectRules\TwoPairsTrait6Pt2Test" classname="App.ProjectRules.TwoPairsTrait6Pt2Test" assertions="1" time="0.000866"/>
        <testcase name="testCheck3NotOk2" file="/home/juli22/dbwebb-kurser/mvc/me/report/tests/ProjectRules/TwoPairsTrait6Pt2Test.php" line="42" class="App\ProjectRules\TwoPairsTrait6Pt2Test" classname="App.ProjectRules.TwoPairsTrait6Pt2Test" assertions="1" time="0.000924"/>
        <testcase name="testMatchRankOk" file="/home/juli22/dbwebb-kurser/mvc/me/report/tests/ProjectRules/TwoPairsTrait6Pt2Test.php" line="57" class="App\ProjectRules\TwoPairsTrait6Pt2Test" classname="App.ProjectRules.TwoPairsTrait6Pt2Test" assertions="2" time="0.000737"/>
        <testcase name="testMatchRankOk2" file="/home/juli22/dbwebb-kurser/mvc/me/report/tests/ProjectRules/TwoPairsTrait6Pt2Test.php" line="73" class="App\ProjectRules\TwoPairsTrait6Pt2Test" classname="App.ProjectRules.TwoPairsTrait6Pt2Test" assertions="2" time="0.000730"/>
      </testsuite>
      <testsuite name="App\ProjectRules\TwoPairsTrait6Test" file="/home/juli22/dbwebb-kurser/mvc/me/report/tests/ProjectRules/TwoPairsTrait6Test.php" tests="4" assertions="4" errors="0" failures="0" skipped="0" time="0.002816">
        <testcase name="testCheck3Ok" file="/home/juli22/dbwebb-kurser/mvc/me/report/tests/ProjectRules/TwoPairsTrait6Test.php" line="12" class="App\ProjectRules\TwoPairsTrait6Test" classname="App.ProjectRules.TwoPairsTrait6Test" assertions="1" time="0.000729"/>
        <testcase name="testCheck3Ok3" file="/home/juli22/dbwebb-kurser/mvc/me/report/tests/ProjectRules/TwoPairsTrait6Test.php" line="30" class="App\ProjectRules\TwoPairsTrait6Test" classname="App.ProjectRules.TwoPairsTrait6Test" assertions="1" time="0.000717"/>
        <testcase name="testCheck3NotOk2" file="/home/juli22/dbwebb-kurser/mvc/me/report/tests/ProjectRules/TwoPairsTrait6Test.php" line="48" class="App\ProjectRules\TwoPairsTrait6Test" classname="App.ProjectRules.TwoPairsTrait6Test" assertions="1" time="0.000695"/>
        <testcase name="testCheck3NotOk3" file="/home/juli22/dbwebb-kurser/mvc/me/report/tests/ProjectRules/TwoPairsTrait6Test.php" line="66" class="App\ProjectRules\TwoPairsTrait6Test" classname="App.ProjectRules.TwoPairsTrait6Test" assertions="1" time="0.000675"/>
      </testsuite>
      <testsuite name="App\ProjectRules\TwoPairsTrait7Test" file="/home/juli22/dbwebb-kurser/mvc/me/report/tests/ProjectRules/TwoPairsTrait7Test.php" tests="6" assertions="6" errors="0" failures="0" skipped="0" time="0.004509">
        <testcase name="testFourCardsTwoPairsOk" file="/home/juli22/dbwebb-kurser/mvc/me/report/tests/ProjectRules/TwoPairsTrait7Test.php" line="12" class="App\ProjectRules\TwoPairsTrait7Test" classname="App.ProjectRules.TwoPairsTrait7Test" assertions="1" time="0.000687"/>
        <testcase name="testFourCardsTwoPairsNotOk" file="/home/juli22/dbwebb-kurser/mvc/me/report/tests/ProjectRules/TwoPairsTrait7Test.php" line="22" class="App\ProjectRules\TwoPairsTrait7Test" classname="App.ProjectRules.TwoPairsTrait7Test" assertions="1" time="0.000689"/>
        <testcase name="testFindSecondPairOk" file="/home/juli22/dbwebb-kurser/mvc/me/report/tests/ProjectRules/TwoPairsTrait7Test.php" line="32" class="App\ProjectRules\TwoPairsTrait7Test" classname="App.ProjectRules.TwoPairsTrait7Test" assertions="1" time="0.000672"/>
        <testcase name="testFindSecondPairOk2" file="/home/juli22/dbwebb-kurser/mvc/me/report/tests/ProjectRules/TwoPairsTrait7Test.php" line="47" class="App\ProjectRules\TwoPairsTrait7Test" classname="App.ProjectRules.TwoPairsTrait7Test" assertions="1" time="0.000925"/>
        <testcase name="testFindSecondPairOk3" file="/home/juli22/dbwebb-kurser/mvc/me/report/tests/ProjectRules/TwoPairsTrait7Test.php" line="63" class="App\ProjectRules\TwoPairsTrait7Test" classname="App.ProjectRules.TwoPairsTrait7Test" assertions="1" time="0.000751"/>
        <testcase name="testFindSecondPairOk4" file="/home/juli22/dbwebb-kurser/mvc/me/report/tests/ProjectRules/TwoPairsTrait7Test.php" line="78" class="App\ProjectRules\TwoPairsTrait7Test" classname="App.ProjectRules.TwoPairsTrait7Test" assertions="1" time="0.000785"/>
      </testsuite>
      <testsuite name="App\ProjectRules\TwoPairsTrait8Test" file="/home/juli22/dbwebb-kurser/mvc/me/report/tests/ProjectRules/TwoPairsTrait8Test.php" tests="3" assertions="3" errors="0" failures="0" skipped="0" time="0.002171">
        <testcase name="testMatchOneInDeckOk" file="/home/juli22/dbwebb-kurser/mvc/me/report/tests/ProjectRules/TwoPairsTrait8Test.php" line="11" class="App\ProjectRules\TwoPairsTrait8Test" classname="App.ProjectRules.TwoPairsTrait8Test" assertions="1" time="0.000737"/>
        <testcase name="testMatchOneInDeckNotOk" file="/home/juli22/dbwebb-kurser/mvc/me/report/tests/ProjectRules/TwoPairsTrait8Test.php" line="28" class="App\ProjectRules\TwoPairsTrait8Test" classname="App.ProjectRules.TwoPairsTrait8Test" assertions="1" time="0.000725"/>
        <testcase name="testMatchOneInDeckNotOk2" file="/home/juli22/dbwebb-kurser/mvc/me/report/tests/ProjectRules/TwoPairsTrait8Test.php" line="45" class="App\ProjectRules\TwoPairsTrait8Test" classname="App.ProjectRules.TwoPairsTrait8Test" assertions="1" time="0.000709"/>
      </testsuite>
      <testsuite name="App\ProjectRules\TwoPairsTrait9Test" file="/home/juli22/dbwebb-kurser/mvc/me/report/tests/ProjectRules/TwoPairsTrait9Test.php" tests="3" assertions="3" errors="0" failures="0" skipped="0" time="0.002256">
        <testcase name="testThreeCardsTwoPairsAltOk" file="/home/juli22/dbwebb-kurser/mvc/me/report/tests/ProjectRules/TwoPairsTrait9Test.php" line="11" class="App\ProjectRules\TwoPairsTrait9Test" classname="App.ProjectRules.TwoPairsTrait9Test" assertions="1" time="0.000771"/>
        <testcase name="testThreeCardsTwoPairsAltNotOk" file="/home/juli22/dbwebb-kurser/mvc/me/report/tests/ProjectRules/TwoPairsTrait9Test.php" line="29" class="App\ProjectRules\TwoPairsTrait9Test" classname="App.ProjectRules.TwoPairsTrait9Test" assertions="1" time="0.000749"/>
        <testcase name="testThreeCardsTwoPairsAltNotOk2" file="/home/juli22/dbwebb-kurser/mvc/me/report/tests/ProjectRules/TwoPairsTrait9Test.php" line="47" class="App\ProjectRules\TwoPairsTrait9Test" classname="App.ProjectRules.TwoPairsTrait9Test" assertions="1" time="0.000736"/>
      </testsuite>
      <testsuite name="App\ProjectRules\TwoPairsTraitTest" file="/home/juli22/dbwebb-kurser/mvc/me/report/tests/ProjectRules/TwoPairsTraitTest.php" tests="9" assertions="15" errors="0" failures="0" skipped="0" time="0.008568">
        <testcase name="testPossibleWithCardNotOk" file="/home/juli22/dbwebb-kurser/mvc/me/report/tests/ProjectRules/TwoPairsTraitTest.php" line="15" class="App\ProjectRules\TwoPairsTraitTest" classname="App.ProjectRules.TwoPairsTraitTest" assertions="1" time="0.000906"/>
        <testcase name="testPossibleWithCardOk" file="/home/juli22/dbwebb-kurser/mvc/me/report/tests/ProjectRules/TwoPairsTraitTest.php" line="25" class="App\ProjectRules\TwoPairsTraitTest" classname="App.ProjectRules.TwoPairsTraitTest" assertions="2" time="0.000863"/>
        <testcase name="testPossibleWithCardNotOk2" file="/home/juli22/dbwebb-kurser/mvc/me/report/tests/ProjectRules/TwoPairsTraitTest.php" line="36" class="App\ProjectRules\TwoPairsTraitTest" classname="App.ProjectRules.TwoPairsTraitTest" assertions="1" time="0.000829"/>
        <testcase name="testPossibleWithCardOk2" file="/home/juli22/dbwebb-kurser/mvc/me/report/tests/ProjectRules/TwoPairsTraitTest.php" line="46" class="App\ProjectRules\TwoPairsTraitTest" classname="App.ProjectRules.TwoPairsTraitTest" assertions="2" time="0.001244"/>
        <testcase name="testPossibleWithCardOk3" file="/home/juli22/dbwebb-kurser/mvc/me/report/tests/ProjectRules/TwoPairsTraitTest.php" line="57" class="App\ProjectRules\TwoPairsTraitTest" classname="App.ProjectRules.TwoPairsTraitTest" assertions="2" time="0.000972"/>
        <testcase name="testPossibleWithCardNotOk3" file="/home/juli22/dbwebb-kurser/mvc/me/report/tests/ProjectRules/TwoPairsTraitTest.php" line="68" class="App\ProjectRules\TwoPairsTraitTest" classname="App.ProjectRules.TwoPairsTraitTest" assertions="1" time="0.000935"/>
        <testcase name="testPossibleWithCardOk4" file="/home/juli22/dbwebb-kurser/mvc/me/report/tests/ProjectRules/TwoPairsTraitTest.php" line="78" class="App\ProjectRules\TwoPairsTraitTest" classname="App.ProjectRules.TwoPairsTraitTest" assertions="2" time="0.000886"/>
        <testcase name="testPossibleWithCardOk5" file="/home/juli22/dbwebb-kurser/mvc/me/report/tests/ProjectRules/TwoPairsTraitTest.php" line="89" class="App\ProjectRules\TwoPairsTraitTest" classname="App.ProjectRules.TwoPairsTraitTest" assertions="2" time="0.000940"/>
        <testcase name="testPossibleWithCardOk6" file="/home/juli22/dbwebb-kurser/mvc/me/report/tests/ProjectRules/TwoPairsTraitTest.php" line="100" class="App\ProjectRules\TwoPairsTraitTest" classname="App.ProjectRules.TwoPairsTraitTest" assertions="2" time="0.000993"/>
      </testsuite>
      <testsuite name="App\Repository\BookRepositoryTest" file="/home/juli22/dbwebb-kurser/mvc/me/report/tests/Repository/BookRepositoryTest.php" tests="2" assertions="4" errors="0" failures="0" skipped="0" time="0.003199">
        <testcase name="testCreateObject" file="/home/juli22/dbwebb-kurser/mvc/me/report/tests/Repository/BookRepositoryTest.php" line="20" class="App\Repository\BookRepositoryTest" classname="App.Repository.BookRepositoryTest" assertions="1" time="0.001307"/>
        <testcase name="testCompareIdNotOk" file="/home/juli22/dbwebb-kurser/mvc/me/report/tests/Repository/BookRepositoryTest.php" line="32" class="App\Repository\BookRepositoryTest" classname="App.Repository.BookRepositoryTest" assertions="3" time="0.001892"/>
      </testsuite>
      <testsuite name="App\Repository\ScoreRepositoryTest" file="/home/juli22/dbwebb-kurser/mvc/me/report/tests/Repository/ScoreRepositoryTest.php" tests="2" assertions="4" errors="0" failures="0" skipped="0" time="0.004847">
        <testcase name="testSave" file="/home/juli22/dbwebb-kurser/mvc/me/report/tests/Repository/ScoreRepositoryTest.php" line="28" class="App\Repository\ScoreRepositoryTest" classname="App.Repository.ScoreRepositoryTest" assertions="2" time="0.002426"/>
        <testcase name="testRemove" file="/home/juli22/dbwebb-kurser/mvc/me/report/tests/Repository/ScoreRepositoryTest.php" line="56" class="App\Repository\ScoreRepositoryTest" classname="App.Repository.ScoreRepositoryTest" assertions="2" time="0.002422"/>
      </testsuite>
      <testsuite name="App\Repository\TransactionRepositoryTest" file="/home/juli22/dbwebb-kurser/mvc/me/report/tests/Repository/TransactionRepositoryTest.php" tests="2" assertions="6" errors="0" failures="0" skipped="0" time="0.003804">
        <testcase name="testSave" file="/home/juli22/dbwebb-kurser/mvc/me/report/tests/Repository/TransactionRepositoryTest.php" line="27" class="App\Repository\TransactionRepositoryTest" classname="App.Repository.TransactionRepositoryTest" assertions="3" time="0.001942"/>
        <testcase name="testRemove" file="/home/juli22/dbwebb-kurser/mvc/me/report/tests/Repository/TransactionRepositoryTest.php" line="57" class="App\Repository\TransactionRepositoryTest" classname="App.Repository.TransactionRepositoryTest" assertions="3" time="0.001862"/>
      </testsuite>
      <testsuite name="App\Repository\UserRepositoryTest" file="/home/juli22/dbwebb-kurser/mvc/me/report/tests/Repository/UserRepositoryTest.php" tests="2" assertions="3" errors="0" failures="0" skipped="0" time="0.048200">
        <testcase name="testSave" file="/home/juli22/dbwebb-kurser/mvc/me/report/tests/Repository/UserRepositoryTest.php" line="27" class="App\Repository\UserRepositoryTest" classname="App.Repository.UserRepositoryTest" assertions="1" time="0.045922"/>
        <testcase name="testRemove" file="/home/juli22/dbwebb-kurser/mvc/me/report/tests/Repository/UserRepositoryTest.php" line="58" class="App\Repository\UserRepositoryTest" classname="App.Repository.UserRepositoryTest" assertions="2" time="0.002278"/>
      </testsuite>
    </testsuite>
  </testsuite>
</testsuites>
