<?xml version="1.0" encoding="UTF-8"?>
<testsuites>
  <testsuite name="" tests="595" assertions="1215" errors="0" failures="0" skipped="0" time="8.378338">
    <testsuite name="Project Test Suite" tests="595" assertions="1215" errors="0" failures="0" skipped="0" time="8.378338">
      <testsuite name="App\Cards\CardDataTraitTest" file="/home/juli22/dbwebb-kurser/mvc/me/report/tests/Cards/CardDataTraitTest.php" tests="3" assertions="3" errors="0" failures="0" skipped="0" time="0.282909">
        <testcase name="testGetValues" file="/home/juli22/dbwebb-kurser/mvc/me/report/tests/Cards/CardDataTraitTest.php" line="19" class="App\Cards\CardDataTraitTest" classname="App.Cards.CardDataTraitTest" assertions="1" time="0.281410"/>
        <testcase name="testGetAsString" file="/home/juli22/dbwebb-kurser/mvc/me/report/tests/Cards/CardDataTraitTest.php" line="30" class="App\Cards\CardDataTraitTest" classname="App.Cards.CardDataTraitTest" assertions="1" time="0.000788"/>
        <testcase name="testGetCardCount" file="/home/juli22/dbwebb-kurser/mvc/me/report/tests/Cards/CardDataTraitTest.php" line="40" class="App\Cards\CardDataTraitTest" classname="App.Cards.CardDataTraitTest" assertions="1" time="0.000711"/>
      </testsuite>
      <testsuite name="App\Cards\CardGraphicTest" file="/home/juli22/dbwebb-kurser/mvc/me/report/tests/Cards/CardGraphicTest.php" tests="1" assertions="2" errors="0" failures="0" skipped="0" time="0.000855">
        <testcase name="testCreateObject" file="/home/juli22/dbwebb-kurser/mvc/me/report/tests/Cards/CardGraphicTest.php" line="16" class="App\Cards\CardGraphicTest" classname="App.Cards.CardGraphicTest" assertions="2" time="0.000855"/>
      </testsuite>
      <testsuite name="App\Cards\CardHandTest" file="/home/juli22/dbwebb-kurser/mvc/me/report/tests/Cards/CardHandTest.php" tests="8" assertions="14" errors="0" failures="0" skipped="0" time="0.021016">
        <testcase name="testCreateObject" file="/home/juli22/dbwebb-kurser/mvc/me/report/tests/Cards/CardHandTest.php" line="22" class="App\Cards\CardHandTest" classname="App.Cards.CardHandTest" assertions="5" time="0.003467"/>
        <testcase name="testAddOneCardOk" file="/home/juli22/dbwebb-kurser/mvc/me/report/tests/Cards/CardHandTest.php" line="43" class="App\Cards\CardHandTest" classname="App.Cards.CardHandTest" assertions="2" time="0.008483"/>
        <testcase name="testGetValues" file="/home/juli22/dbwebb-kurser/mvc/me/report/tests/Cards/CardHandTest.php" line="67" class="App\Cards\CardHandTest" classname="App.Cards.CardHandTest" assertions="1" time="0.001510"/>
        <testcase name="testGetAsString" file="/home/juli22/dbwebb-kurser/mvc/me/report/tests/Cards/CardHandTest.php" line="93" class="App\Cards\CardHandTest" classname="App.Cards.CardHandTest" assertions="1" time="0.001518"/>
        <testcase name="testGetImgLinksAndDescr" file="/home/juli22/dbwebb-kurser/mvc/me/report/tests/Cards/CardHandTest.php" line="118" class="App\Cards\CardHandTest" classname="App.Cards.CardHandTest" assertions="1" time="0.001607"/>
        <testcase name="testAddManyCardsOk" file="/home/juli22/dbwebb-kurser/mvc/me/report/tests/Cards/CardHandTest.php" line="147" class="App\Cards\CardHandTest" classname="App.Cards.CardHandTest" assertions="1" time="0.000828"/>
        <testcase name="testAddManyCardsNotOk" file="/home/juli22/dbwebb-kurser/mvc/me/report/tests/Cards/CardHandTest.php" line="163" class="App\Cards\CardHandTest" classname="App.Cards.CardHandTest" assertions="1" time="0.002502"/>
        <testcase name="testEmptyHandOk" file="/home/juli22/dbwebb-kurser/mvc/me/report/tests/Cards/CardHandTest.php" line="183" class="App\Cards\CardHandTest" classname="App.Cards.CardHandTest" assertions="2" time="0.001101"/>
      </testsuite>
      <testsuite name="App\Cards\CardTest" file="/home/juli22/dbwebb-kurser/mvc/me/report/tests/Cards/CardTest.php" tests="2" assertions="10" errors="0" failures="0" skipped="0" time="0.001472">
        <testcase name="testCreateObject" file="/home/juli22/dbwebb-kurser/mvc/me/report/tests/Cards/CardTest.php" line="16" class="App\Cards\CardTest" classname="App.Cards.CardTest" assertions="5" time="0.000727"/>
        <testcase name="testCreateDifferentObject" file="/home/juli22/dbwebb-kurser/mvc/me/report/tests/Cards/CardTest.php" line="42" class="App\Cards\CardTest" classname="App.Cards.CardTest" assertions="5" time="0.000744"/>
      </testsuite>
      <testsuite name="App\Cards\DeckOfCardsExtTest" file="/home/juli22/dbwebb-kurser/mvc/me/report/tests/Cards/DeckOfCardsExtTest.php" tests="1" assertions="5" errors="0" failures="0" skipped="0" time="0.003022">
        <testcase name="testCreateObject" file="/home/juli22/dbwebb-kurser/mvc/me/report/tests/Cards/DeckOfCardsExtTest.php" line="16" class="App\Cards\DeckOfCardsExtTest" classname="App.Cards.DeckOfCardsExtTest" assertions="5" time="0.003022"/>
      </testsuite>
      <testsuite name="App\Cards\DeckOfCardsTest" file="/home/juli22/dbwebb-kurser/mvc/me/report/tests/Cards/DeckOfCardsTest.php" tests="9" assertions="21" errors="0" failures="0" skipped="0" time="0.011649">
        <testcase name="testCreateObject" file="/home/juli22/dbwebb-kurser/mvc/me/report/tests/Cards/DeckOfCardsTest.php" line="17" class="App\Cards\DeckOfCardsTest" classname="App.Cards.DeckOfCardsTest" assertions="4" time="0.001002"/>
        <testcase name="testDrawOk" file="/home/juli22/dbwebb-kurser/mvc/me/report/tests/Cards/DeckOfCardsTest.php" line="43" class="App\Cards\DeckOfCardsTest" classname="App.Cards.DeckOfCardsTest" assertions="1" time="0.001151"/>
        <testcase name="testDrawNotOk" file="/home/juli22/dbwebb-kurser/mvc/me/report/tests/Cards/DeckOfCardsTest.php" line="65" class="App\Cards\DeckOfCardsTest" classname="App.Cards.DeckOfCardsTest" assertions="1" time="0.001037"/>
        <testcase name="testCardCountOk" file="/home/juli22/dbwebb-kurser/mvc/me/report/tests/Cards/DeckOfCardsTest.php" line="84" class="App\Cards\DeckOfCardsTest" classname="App.Cards.DeckOfCardsTest" assertions="1" time="0.001155"/>
        <testcase name="testGetAsStringOk" file="/home/juli22/dbwebb-kurser/mvc/me/report/tests/Cards/DeckOfCardsTest.php" line="101" class="App\Cards\DeckOfCardsTest" classname="App.Cards.DeckOfCardsTest" assertions="5" time="0.001427"/>
        <testcase name="testGetAsStringNotOk" file="/home/juli22/dbwebb-kurser/mvc/me/report/tests/Cards/DeckOfCardsTest.php" line="126" class="App\Cards\DeckOfCardsTest" classname="App.Cards.DeckOfCardsTest" assertions="1" time="0.000869"/>
        <testcase name="testGetImgLinksOk" file="/home/juli22/dbwebb-kurser/mvc/me/report/tests/Cards/DeckOfCardsTest.php" line="143" class="App\Cards\DeckOfCardsTest" classname="App.Cards.DeckOfCardsTest" assertions="5" time="0.001294"/>
        <testcase name="testGetImgLinksNotOk" file="/home/juli22/dbwebb-kurser/mvc/me/report/tests/Cards/DeckOfCardsTest.php" line="169" class="App\Cards\DeckOfCardsTest" classname="App.Cards.DeckOfCardsTest" assertions="1" time="0.000903"/>
        <testcase name="testShuffleOk" file="/home/juli22/dbwebb-kurser/mvc/me/report/tests/Cards/DeckOfCardsTest.php" line="185" class="App\Cards\DeckOfCardsTest" classname="App.Cards.DeckOfCardsTest" assertions="2" time="0.002809"/>
      </testsuite>
      <testsuite name="App\Cards\PlayerTest" file="/home/juli22/dbwebb-kurser/mvc/me/report/tests/Cards/PlayerTest.php" tests="4" assertions="7" errors="0" failures="0" skipped="0" time="0.007303">
        <testcase name="testCreateObject" file="/home/juli22/dbwebb-kurser/mvc/me/report/tests/Cards/PlayerTest.php" line="22" class="App\Cards\PlayerTest" classname="App.Cards.PlayerTest" assertions="4" time="0.003789"/>
        <testcase name="testDrawOk" file="/home/juli22/dbwebb-kurser/mvc/me/report/tests/Cards/PlayerTest.php" line="42" class="App\Cards\PlayerTest" classname="App.Cards.PlayerTest" assertions="1" time="0.001465"/>
        <testcase name="testDrawManyOk" file="/home/juli22/dbwebb-kurser/mvc/me/report/tests/Cards/PlayerTest.php" line="61" class="App\Cards\PlayerTest" classname="App.Cards.PlayerTest" assertions="1" time="0.001027"/>
        <testcase name="testDrawManyNotOk" file="/home/juli22/dbwebb-kurser/mvc/me/report/tests/Cards/PlayerTest.php" line="81" class="App\Cards\PlayerTest" classname="App.Cards.PlayerTest" assertions="1" time="0.001022"/>
      </testsuite>
      <testsuite name="App\Controller\CardController2Test" file="/home/juli22/dbwebb-kurser/mvc/me/report/tests/Controller/CardController2Test.php" tests="6" assertions="43" errors="0" failures="0" skipped="0" time="1.449966">
        <testcase name="testDraw" file="/home/juli22/dbwebb-kurser/mvc/me/report/tests/Controller/CardController2Test.php" line="19" class="App\Controller\CardController2Test" classname="App.Controller.CardController2Test" assertions="5" time="1.356076"/>
        <testcase name="testDraw2" file="/home/juli22/dbwebb-kurser/mvc/me/report/tests/Controller/CardController2Test.php" line="38" class="App\Controller\CardController2Test" classname="App.Controller.CardController2Test" assertions="6" time="0.013148"/>
        <testcase name="testDraw3" file="/home/juli22/dbwebb-kurser/mvc/me/report/tests/Controller/CardController2Test.php" line="49" class="App\Controller\CardController2Test" classname="App.Controller.CardController2Test" assertions="3" time="0.016626"/>
        <testcase name="testDrawMany" file="/home/juli22/dbwebb-kurser/mvc/me/report/tests/Controller/CardController2Test.php" line="60" class="App\Controller\CardController2Test" classname="App.Controller.CardController2Test" assertions="5" time="0.015623"/>
        <testcase name="testDrawMany2" file="/home/juli22/dbwebb-kurser/mvc/me/report/tests/Controller/CardController2Test.php" line="78" class="App\Controller\CardController2Test" classname="App.Controller.CardController2Test" assertions="10" time="0.018661"/>
        <testcase name="testDeal" file="/home/juli22/dbwebb-kurser/mvc/me/report/tests/Controller/CardController2Test.php" line="92" class="App\Controller\CardController2Test" classname="App.Controller.CardController2Test" assertions="14" time="0.029833"/>
      </testsuite>
      <testsuite name="App\Controller\CardControllerTest" file="/home/juli22/dbwebb-kurser/mvc/me/report/tests/Controller/CardControllerTest.php" tests="3" assertions="17" errors="0" failures="0" skipped="0" time="0.042263">
        <testcase name="testDeck" file="/home/juli22/dbwebb-kurser/mvc/me/report/tests/Controller/CardControllerTest.php" line="15" class="App\Controller\CardControllerTest" classname="App.Controller.CardControllerTest" assertions="6" time="0.012792"/>
        <testcase name="testShuffle" file="/home/juli22/dbwebb-kurser/mvc/me/report/tests/Controller/CardControllerTest.php" line="36" class="App\Controller\CardControllerTest" classname="App.Controller.CardControllerTest" assertions="6" time="0.010435"/>
        <testcase name="testCard" file="/home/juli22/dbwebb-kurser/mvc/me/report/tests/Controller/CardControllerTest.php" line="54" class="App\Controller\CardControllerTest" classname="App.Controller.CardControllerTest" assertions="5" time="0.019036"/>
      </testsuite>
      <testsuite name="App\Controller\Game21ControllerTest" file="/home/juli22/dbwebb-kurser/mvc/me/report/tests/Controller/Game21ControllerTest.php" tests="9" assertions="43" errors="0" failures="0" skipped="0" time="0.183470">
        <testcase name="testGame" file="/home/juli22/dbwebb-kurser/mvc/me/report/tests/Controller/Game21ControllerTest.php" line="15" class="App\Controller\Game21ControllerTest" classname="App.Controller.Game21ControllerTest" assertions="8" time="0.023245"/>
        <testcase name="testGame2" file="/home/juli22/dbwebb-kurser/mvc/me/report/tests/Controller/Game21ControllerTest.php" line="33" class="App\Controller\Game21ControllerTest" classname="App.Controller.Game21ControllerTest" assertions="7" time="0.024861"/>
        <testcase name="testDoc" file="/home/juli22/dbwebb-kurser/mvc/me/report/tests/Controller/Game21ControllerTest.php" line="49" class="App\Controller\Game21ControllerTest" classname="App.Controller.Game21ControllerTest" assertions="4" time="0.015037"/>
        <testcase name="testInit" file="/home/juli22/dbwebb-kurser/mvc/me/report/tests/Controller/Game21ControllerTest.php" line="58" class="App\Controller\Game21ControllerTest" classname="App.Controller.Game21ControllerTest" assertions="5" time="0.014043"/>
        <testcase name="testSelectAmount" file="/home/juli22/dbwebb-kurser/mvc/me/report/tests/Controller/Game21ControllerTest.php" line="69" class="App\Controller\Game21ControllerTest" classname="App.Controller.Game21ControllerTest" assertions="6" time="0.021037"/>
        <testcase name="testBet" file="/home/juli22/dbwebb-kurser/mvc/me/report/tests/Controller/Game21ControllerTest.php" line="80" class="App\Controller\Game21ControllerTest" classname="App.Controller.Game21ControllerTest" assertions="3" time="0.013846"/>
        <testcase name="testPlayerDraw" file="/home/juli22/dbwebb-kurser/mvc/me/report/tests/Controller/Game21ControllerTest.php" line="89" class="App\Controller\Game21ControllerTest" classname="App.Controller.Game21ControllerTest" assertions="3" time="0.013430"/>
        <testcase name="testBankPlaying" file="/home/juli22/dbwebb-kurser/mvc/me/report/tests/Controller/Game21ControllerTest.php" line="98" class="App\Controller\Game21ControllerTest" classname="App.Controller.Game21ControllerTest" assertions="3" time="0.017256"/>
        <testcase name="testPlay" file="/home/juli22/dbwebb-kurser/mvc/me/report/tests/Controller/Game21ControllerTest.php" line="107" class="App\Controller\Game21ControllerTest" classname="App.Controller.Game21ControllerTest" assertions="4" time="0.040714"/>
      </testsuite>
      <testsuite name="App\Controller\JsonCardController2Test" file="/home/juli22/dbwebb-kurser/mvc/me/report/tests/Controller/JsonCardController2Test.php" tests="2" assertions="8" errors="0" failures="0" skipped="0" time="0.017576">
        <testcase name="testJsonDeck" file="/home/juli22/dbwebb-kurser/mvc/me/report/tests/Controller/JsonCardController2Test.php" line="10" class="App\Controller\JsonCardController2Test" classname="App.Controller.JsonCardController2Test" assertions="6" time="0.010046"/>
        <testcase name="testJsonShuffle" file="/home/juli22/dbwebb-kurser/mvc/me/report/tests/Controller/JsonCardController2Test.php" line="27" class="App\Controller\JsonCardController2Test" classname="App.Controller.JsonCardController2Test" assertions="2" time="0.007530"/>
      </testsuite>
      <testsuite name="App\Controller\JsonCardController3Test" file="/home/juli22/dbwebb-kurser/mvc/me/report/tests/Controller/JsonCardController3Test.php" tests="1" assertions="2" errors="0" failures="0" skipped="0" time="0.006984">
        <testcase name="testJsonDrawMany" file="/home/juli22/dbwebb-kurser/mvc/me/report/tests/Controller/JsonCardController3Test.php" line="9" class="App\Controller\JsonCardController3Test" classname="App.Controller.JsonCardController3Test" assertions="2" time="0.006984"/>
      </testsuite>
      <testsuite name="App\Controller\JsonCardController4Test" file="/home/juli22/dbwebb-kurser/mvc/me/report/tests/Controller/JsonCardController4Test.php" tests="1" assertions="2" errors="0" failures="0" skipped="0" time="0.007076">
        <testcase name="testDraw" file="/home/juli22/dbwebb-kurser/mvc/me/report/tests/Controller/JsonCardController4Test.php" line="9" class="App\Controller\JsonCardController4Test" classname="App.Controller.JsonCardController4Test" assertions="2" time="0.007076"/>
      </testsuite>
      <testsuite name="App\Controller\JsonCardControllerTest" file="/home/juli22/dbwebb-kurser/mvc/me/report/tests/Controller/JsonCardControllerTest.php" tests="1" assertions="2" errors="0" failures="0" skipped="0" time="0.007638">
        <testcase name="testJsonDeal" file="/home/juli22/dbwebb-kurser/mvc/me/report/tests/Controller/JsonCardControllerTest.php" line="9" class="App\Controller\JsonCardControllerTest" classname="App.Controller.JsonCardControllerTest" assertions="2" time="0.007638"/>
      </testsuite>
      <testsuite name="App\Controller\JsonControllerTest" file="/home/juli22/dbwebb-kurser/mvc/me/report/tests/Controller/JsonControllerTest.php" tests="2" assertions="6" errors="0" failures="0" skipped="0" time="0.026396">
        <testcase name="testApi" file="/home/juli22/dbwebb-kurser/mvc/me/report/tests/Controller/JsonControllerTest.php" line="9" class="App\Controller\JsonControllerTest" classname="App.Controller.JsonControllerTest" assertions="4" time="0.019698"/>
        <testcase name="testQuote" file="/home/juli22/dbwebb-kurser/mvc/me/report/tests/Controller/JsonControllerTest.php" line="18" class="App\Controller\JsonControllerTest" classname="App.Controller.JsonControllerTest" assertions="2" time="0.006698"/>
      </testsuite>
      <testsuite name="App\Controller\JsonGame21ControllerTest" file="/home/juli22/dbwebb-kurser/mvc/me/report/tests/Controller/JsonGame21ControllerTest.php" tests="1" assertions="2" errors="0" failures="0" skipped="0" time="0.014010">
        <testcase name="testDraw" file="/home/juli22/dbwebb-kurser/mvc/me/report/tests/Controller/JsonGame21ControllerTest.php" line="9" class="App\Controller\JsonGame21ControllerTest" classname="App.Controller.JsonGame21ControllerTest" assertions="2" time="0.014010"/>
      </testsuite>
      <testsuite name="App\Controller\JsonLibraryControllerTest" file="/home/juli22/dbwebb-kurser/mvc/me/report/tests/Controller/JsonLibraryControllerTest.php" tests="3" assertions="10" errors="0" failures="0" skipped="0" time="0.050591">
        <testcase name="testShowAllBooks" file="/home/juli22/dbwebb-kurser/mvc/me/report/tests/Controller/JsonLibraryControllerTest.php" line="9" class="App\Controller\JsonLibraryControllerTest" classname="App.Controller.JsonLibraryControllerTest" assertions="2" time="0.030563"/>
        <testcase name="testShowABookByIsbnNotOk" file="/home/juli22/dbwebb-kurser/mvc/me/report/tests/Controller/JsonLibraryControllerTest.php" line="17" class="App\Controller\JsonLibraryControllerTest" classname="App.Controller.JsonLibraryControllerTest" assertions="4" time="0.013177"/>
        <testcase name="testShowABookByIsbnOk" file="/home/juli22/dbwebb-kurser/mvc/me/report/tests/Controller/JsonLibraryControllerTest.php" line="28" class="App\Controller\JsonLibraryControllerTest" classname="App.Controller.JsonLibraryControllerTest" assertions="4" time="0.006851"/>
      </testsuite>
      <testsuite name="App\Controller\LibraryControllerTest" file="/home/juli22/dbwebb-kurser/mvc/me/report/tests/Controller/LibraryControllerTest.php" tests="4" assertions="16" errors="0" failures="0" skipped="0" time="0.055085">
        <testcase name="testReadOneOk" file="/home/juli22/dbwebb-kurser/mvc/me/report/tests/Controller/LibraryControllerTest.php" line="14" class="App\Controller\LibraryControllerTest" classname="App.Controller.LibraryControllerTest" assertions="4" time="0.017995"/>
        <testcase name="testReadOneNotOk" file="/home/juli22/dbwebb-kurser/mvc/me/report/tests/Controller/LibraryControllerTest.php" line="23" class="App\Controller\LibraryControllerTest" classname="App.Controller.LibraryControllerTest" assertions="3" time="0.007369"/>
        <testcase name="testReadMany" file="/home/juli22/dbwebb-kurser/mvc/me/report/tests/Controller/LibraryControllerTest.php" line="31" class="App\Controller\LibraryControllerTest" classname="App.Controller.LibraryControllerTest" assertions="4" time="0.017687"/>
        <testcase name="testRemoveOne" file="/home/juli22/dbwebb-kurser/mvc/me/report/tests/Controller/LibraryControllerTest.php" line="40" class="App\Controller\LibraryControllerTest" classname="App.Controller.LibraryControllerTest" assertions="5" time="0.012033"/>
      </testsuite>
      <testsuite name="App\Controller\LibraryCreateNewController2Test" file="/home/juli22/dbwebb-kurser/mvc/me/report/tests/Controller/LibraryCreateNewController2Test.php" tests="1" assertions="4" errors="0" failures="0" skipped="0" time="0.014473">
        <testcase name="testCreateForm" file="/home/juli22/dbwebb-kurser/mvc/me/report/tests/Controller/LibraryCreateNewController2Test.php" line="14" class="App\Controller\LibraryCreateNewController2Test" classname="App.Controller.LibraryCreateNewController2Test" assertions="4" time="0.014473"/>
      </testsuite>
      <testsuite name="App\Controller\LibraryCreateNewControllerTest" file="/home/juli22/dbwebb-kurser/mvc/me/report/tests/Controller/LibraryCreateNewControllerTest.php" tests="2" assertions="9" errors="0" failures="0" skipped="0" time="0.019906">
        <testcase name="testCreateNewOk" file="/home/juli22/dbwebb-kurser/mvc/me/report/tests/Controller/LibraryCreateNewControllerTest.php" line="21" class="App\Controller\LibraryCreateNewControllerTest" classname="App.Controller.LibraryCreateNewControllerTest" assertions="5" time="0.010681"/>
        <testcase name="testCreateNewNotOk" file="/home/juli22/dbwebb-kurser/mvc/me/report/tests/Controller/LibraryCreateNewControllerTest.php" line="69" class="App\Controller\LibraryCreateNewControllerTest" classname="App.Controller.LibraryCreateNewControllerTest" assertions="4" time="0.009225"/>
      </testsuite>
      <testsuite name="App\Controller\LibraryLandingControllerTest" file="/home/juli22/dbwebb-kurser/mvc/me/report/tests/Controller/LibraryLandingControllerTest.php" tests="1" assertions="4" errors="0" failures="0" skipped="0" time="0.012507">
        <testcase name="testLibrary" file="/home/juli22/dbwebb-kurser/mvc/me/report/tests/Controller/LibraryLandingControllerTest.php" line="14" class="App\Controller\LibraryLandingControllerTest" classname="App.Controller.LibraryLandingControllerTest" assertions="4" time="0.012507"/>
      </testsuite>
      <testsuite name="App\Controller\LibraryResetControllerTest" file="/home/juli22/dbwebb-kurser/mvc/me/report/tests/Controller/LibraryResetControllerTest.php" tests="1" assertions="5" errors="0" failures="0" skipped="0" time="0.010292">
        <testcase name="testReset" file="/home/juli22/dbwebb-kurser/mvc/me/report/tests/Controller/LibraryResetControllerTest.php" line="18" class="App\Controller\LibraryResetControllerTest" classname="App.Controller.LibraryResetControllerTest" assertions="5" time="0.010292"/>
      </testsuite>
      <testsuite name="App\Controller\LibraryUpdateController2Test" file="/home/juli22/dbwebb-kurser/mvc/me/report/tests/Controller/LibraryUpdateController2Test.php" tests="3" assertions="16" errors="0" failures="0" skipped="0" time="0.029034">
        <testcase name="testUpdateOk" file="/home/juli22/dbwebb-kurser/mvc/me/report/tests/Controller/LibraryUpdateController2Test.php" line="20" class="App\Controller\LibraryUpdateController2Test" classname="App.Controller.LibraryUpdateController2Test" assertions="5" time="0.013833"/>
        <testcase name="testUpdateAnotherOk" file="/home/juli22/dbwebb-kurser/mvc/me/report/tests/Controller/LibraryUpdateController2Test.php" line="60" class="App\Controller\LibraryUpdateController2Test" classname="App.Controller.LibraryUpdateController2Test" assertions="5" time="0.007725"/>
        <testcase name="testUpdateNotOk" file="/home/juli22/dbwebb-kurser/mvc/me/report/tests/Controller/LibraryUpdateController2Test.php" line="99" class="App\Controller\LibraryUpdateController2Test" classname="App.Controller.LibraryUpdateController2Test" assertions="6" time="0.007476"/>
      </testsuite>
      <testsuite name="App\Controller\LibraryUpdateControllerTest" file="/home/juli22/dbwebb-kurser/mvc/me/report/tests/Controller/LibraryUpdateControllerTest.php" tests="1" assertions="4" errors="0" failures="0" skipped="0" time="0.017524">
        <testcase name="testUpdateForm" file="/home/juli22/dbwebb-kurser/mvc/me/report/tests/Controller/LibraryUpdateControllerTest.php" line="13" class="App\Controller\LibraryUpdateControllerTest" classname="App.Controller.LibraryUpdateControllerTest" assertions="4" time="0.017524"/>
      </testsuite>
      <testsuite name="App\Controller\LuckyMonkeyTest" file="/home/juli22/dbwebb-kurser/mvc/me/report/tests/Controller/LuckyMonkeyTest.php" tests="2" assertions="2" errors="0" failures="0" skipped="0" time="0.001430">
        <testcase name="testCreateObject" file="/home/juli22/dbwebb-kurser/mvc/me/report/tests/Controller/LuckyMonkeyTest.php" line="15" class="App\Controller\LuckyMonkeyTest" classname="App.Controller.LuckyMonkeyTest" assertions="1" time="0.000724"/>
        <testcase name="testData" file="/home/juli22/dbwebb-kurser/mvc/me/report/tests/Controller/LuckyMonkeyTest.php" line="25" class="App\Controller\LuckyMonkeyTest" classname="App.Controller.LuckyMonkeyTest" assertions="1" time="0.000706"/>
      </testsuite>
      <testsuite name="App\Controller\MainControllerHelperTest" file="/home/juli22/dbwebb-kurser/mvc/me/report/tests/Controller/MainControllerHelperTest.php" tests="3" assertions="5" errors="0" failures="0" skipped="0" time="0.002681">
        <testcase name="testCreateObject" file="/home/juli22/dbwebb-kurser/mvc/me/report/tests/Controller/MainControllerHelperTest.php" line="17" class="App\Controller\MainControllerHelperTest" classname="App.Controller.MainControllerHelperTest" assertions="1" time="0.000710"/>
        <testcase name="testStandardData" file="/home/juli22/dbwebb-kurser/mvc/me/report/tests/Controller/MainControllerHelperTest.php" line="26" class="App\Controller\MainControllerHelperTest" classname="App.Controller.MainControllerHelperTest" assertions="2" time="0.001025"/>
        <testcase name="testReportData" file="/home/juli22/dbwebb-kurser/mvc/me/report/tests/Controller/MainControllerHelperTest.php" line="51" class="App\Controller\MainControllerHelperTest" classname="App.Controller.MainControllerHelperTest" assertions="2" time="0.000946"/>
      </testsuite>
      <testsuite name="App\Controller\MainControllerTest" file="/home/juli22/dbwebb-kurser/mvc/me/report/tests/Controller/MainControllerTest.php" tests="5" assertions="13" errors="0" failures="0" skipped="0" time="0.059998">
        <testcase name="testHome" file="/home/juli22/dbwebb-kurser/mvc/me/report/tests/Controller/MainControllerTest.php" line="12" class="App\Controller\MainControllerTest" classname="App.Controller.MainControllerTest" assertions="2" time="0.014232"/>
        <testcase name="testAbout" file="/home/juli22/dbwebb-kurser/mvc/me/report/tests/Controller/MainControllerTest.php" line="25" class="App\Controller\MainControllerTest" classname="App.Controller.MainControllerTest" assertions="2" time="0.011641"/>
        <testcase name="testReport" file="/home/juli22/dbwebb-kurser/mvc/me/report/tests/Controller/MainControllerTest.php" line="33" class="App\Controller\MainControllerTest" classname="App.Controller.MainControllerTest" assertions="2" time="0.012420"/>
        <testcase name="testLucky" file="/home/juli22/dbwebb-kurser/mvc/me/report/tests/Controller/MainControllerTest.php" line="41" class="App\Controller\MainControllerTest" classname="App.Controller.MainControllerTest" assertions="5" time="0.012035"/>
        <testcase name="testMetrics" file="/home/juli22/dbwebb-kurser/mvc/me/report/tests/Controller/MainControllerTest.php" line="52" class="App\Controller\MainControllerTest" classname="App.Controller.MainControllerTest" assertions="2" time="0.009670"/>
      </testsuite>
      <testsuite name="App\Controller\MdParserTest" file="/home/juli22/dbwebb-kurser/mvc/me/report/tests/Controller/MdParserTest.php" tests="2" assertions="3" errors="0" failures="0" skipped="0" time="0.003518">
        <testcase name="testCreateObject" file="/home/juli22/dbwebb-kurser/mvc/me/report/tests/Controller/MdParserTest.php" line="29" class="App\Controller\MdParserTest" classname="App.Controller.MdParserTest" assertions="1" time="0.000724"/>
        <testcase name="testGetParsedText" file="/home/juli22/dbwebb-kurser/mvc/me/report/tests/Controller/MdParserTest.php" line="39" class="App\Controller\MdParserTest" classname="App.Controller.MdParserTest" assertions="2" time="0.002794"/>
      </testsuite>
      <testsuite name="App\Controller\ProjectApiController1Test" file="/home/juli22/dbwebb-kurser/mvc/me/report/tests/Controller/ProjectApiController1Test.php" tests="1" assertions="6" errors="0" failures="0" skipped="0" time="0.073256">
        <testcase name="testApiOneRound" file="/home/juli22/dbwebb-kurser/mvc/me/report/tests/Controller/ProjectApiController1Test.php" line="15" class="App\Controller\ProjectApiController1Test" classname="App.Controller.ProjectApiController1Test" assertions="6" time="0.073256"/>
      </testsuite>
      <testsuite name="App\Controller\ProjectApiController2Test" file="/home/juli22/dbwebb-kurser/mvc/me/report/tests/Controller/ProjectApiController2Test.php" tests="1" assertions="4" errors="0" failures="0" skipped="0" time="0.039178">
        <testcase name="testApiUser" file="/home/juli22/dbwebb-kurser/mvc/me/report/tests/Controller/ProjectApiController2Test.php" line="13" class="App\Controller\ProjectApiController2Test" classname="App.Controller.ProjectApiController2Test" assertions="4" time="0.039178"/>
      </testsuite>
      <testsuite name="App\Controller\ProjectApiController3Test" file="/home/juli22/dbwebb-kurser/mvc/me/report/tests/Controller/ProjectApiController3Test.php" tests="1" assertions="4" errors="0" failures="0" skipped="0" time="0.009864">
        <testcase name="testApiTrasactions" file="/home/juli22/dbwebb-kurser/mvc/me/report/tests/Controller/ProjectApiController3Test.php" line="13" class="App\Controller\ProjectApiController3Test" classname="App.Controller.ProjectApiController3Test" assertions="4" time="0.009864"/>
      </testsuite>
      <testsuite name="App\Controller\ProjectApiController4Test" file="/home/juli22/dbwebb-kurser/mvc/me/report/tests/Controller/ProjectApiController4Test.php" tests="2" assertions="7" errors="0" failures="0" skipped="0" time="0.014410">
        <testcase name="testApiPlaceCard" file="/home/juli22/dbwebb-kurser/mvc/me/report/tests/Controller/ProjectApiController4Test.php" line="13" class="App\Controller\ProjectApiController4Test" classname="App.Controller.ProjectApiController4Test" assertions="4" time="0.007592"/>
        <testcase name="testApiPlaceCard2" file="/home/juli22/dbwebb-kurser/mvc/me/report/tests/Controller/ProjectApiController4Test.php" line="24" class="App\Controller\ProjectApiController4Test" classname="App.Controller.ProjectApiController4Test" assertions="3" time="0.006818"/>
      </testsuite>
      <testsuite name="App\Controller\ProjectApiController5Test" file="/home/juli22/dbwebb-kurser/mvc/me/report/tests/Controller/ProjectApiController5Test.php" tests="2" assertions="10" errors="0" failures="0" skipped="0" time="0.075431">
        <testcase name="testApiGameStateNotOk" file="/home/juli22/dbwebb-kurser/mvc/me/report/tests/Controller/ProjectApiController5Test.php" line="15" class="App\Controller\ProjectApiController5Test" classname="App.Controller.ProjectApiController5Test" assertions="4" time="0.006707"/>
        <testcase name="testApiGameStateOk" file="/home/juli22/dbwebb-kurser/mvc/me/report/tests/Controller/ProjectApiController5Test.php" line="31" class="App\Controller\ProjectApiController5Test" classname="App.Controller.ProjectApiController5Test" assertions="6" time="0.068724"/>
      </testsuite>
      <testsuite name="App\Controller\ProjectApiController6Test" file="/home/juli22/dbwebb-kurser/mvc/me/report/tests/Controller/ProjectApiController6Test.php" tests="1" assertions="4" errors="0" failures="0" skipped="0" time="0.007324">
        <testcase name="testApiUsers" file="/home/juli22/dbwebb-kurser/mvc/me/report/tests/Controller/ProjectApiController6Test.php" line="13" class="App\Controller\ProjectApiController6Test" classname="App.Controller.ProjectApiController6Test" assertions="4" time="0.007324"/>
      </testsuite>
      <testsuite name="App\Controller\ProjectApiController7Test" file="/home/juli22/dbwebb-kurser/mvc/me/report/tests/Controller/ProjectApiController7Test.php" tests="1" assertions="4" errors="0" failures="0" skipped="0" time="0.006253">
        <testcase name="testApiUsers" file="/home/juli22/dbwebb-kurser/mvc/me/report/tests/Controller/ProjectApiController7Test.php" line="13" class="App\Controller\ProjectApiController7Test" classname="App.Controller.ProjectApiController7Test" assertions="4" time="0.006253"/>
      </testsuite>
      <testsuite name="App\Controller\ProjectApiController8Test" file="/home/juli22/dbwebb-kurser/mvc/me/report/tests/Controller/ProjectApiController8Test.php" tests="1" assertions="4" errors="0" failures="0" skipped="0" time="0.350156">
        <testcase name="testApiResults" file="/home/juli22/dbwebb-kurser/mvc/me/report/tests/Controller/ProjectApiController8Test.php" line="11" class="App\Controller\ProjectApiController8Test" classname="App.Controller.ProjectApiController8Test" assertions="4" time="0.350156"/>
      </testsuite>
      <testsuite name="App\Controller\ProjectAuthControllerTest" file="/home/juli22/dbwebb-kurser/mvc/me/report/tests/Controller/ProjectAuthControllerTest.php" tests="7" assertions="41" errors="0" failures="0" skipped="0" time="0.253638">
        <testcase name="testRegisterOk" file="/home/juli22/dbwebb-kurser/mvc/me/report/tests/Controller/ProjectAuthControllerTest.php" line="22" class="App\Controller\ProjectAuthControllerTest" classname="App.Controller.ProjectAuthControllerTest" assertions="6" time="0.053494"/>
        <testcase name="testRegisterNotOk" file="/home/juli22/dbwebb-kurser/mvc/me/report/tests/Controller/ProjectAuthControllerTest.php" line="74" class="App\Controller\ProjectAuthControllerTest" classname="App.Controller.ProjectAuthControllerTest" assertions="6" time="0.008588"/>
        <testcase name="testRegisterNotOk2" file="/home/juli22/dbwebb-kurser/mvc/me/report/tests/Controller/ProjectAuthControllerTest.php" line="121" class="App\Controller\ProjectAuthControllerTest" classname="App.Controller.ProjectAuthControllerTest" assertions="6" time="0.008276"/>
        <testcase name="testLoginOk" file="/home/juli22/dbwebb-kurser/mvc/me/report/tests/Controller/ProjectAuthControllerTest.php" line="166" class="App\Controller\ProjectAuthControllerTest" classname="App.Controller.ProjectAuthControllerTest" assertions="4" time="0.050126"/>
        <testcase name="testLoginNotOk" file="/home/juli22/dbwebb-kurser/mvc/me/report/tests/Controller/ProjectAuthControllerTest.php" line="191" class="App\Controller\ProjectAuthControllerTest" classname="App.Controller.ProjectAuthControllerTest" assertions="5" time="0.052665"/>
        <testcase name="testLoginNotOk2" file="/home/juli22/dbwebb-kurser/mvc/me/report/tests/Controller/ProjectAuthControllerTest.php" line="223" class="App\Controller\ProjectAuthControllerTest" classname="App.Controller.ProjectAuthControllerTest" assertions="5" time="0.008222"/>
        <testcase name="testLogiout" file="/home/juli22/dbwebb-kurser/mvc/me/report/tests/Controller/ProjectAuthControllerTest.php" line="255" class="App\Controller\ProjectAuthControllerTest" classname="App.Controller.ProjectAuthControllerTest" assertions="9" time="0.072268"/>
      </testsuite>
      <testsuite name="App\Controller\ProjectCoinsControllerTest" file="/home/juli22/dbwebb-kurser/mvc/me/report/tests/Controller/ProjectCoinsControllerTest.php" tests="4" assertions="17" errors="0" failures="0" skipped="0" time="0.203727">
        <testcase name="testProjPurchase" file="/home/juli22/dbwebb-kurser/mvc/me/report/tests/Controller/ProjectCoinsControllerTest.php" line="15" class="App\Controller\ProjectCoinsControllerTest" classname="App.Controller.ProjectCoinsControllerTest" assertions="4" time="0.062261"/>
        <testcase name="testSelectAmountNotOk" file="/home/juli22/dbwebb-kurser/mvc/me/report/tests/Controller/ProjectCoinsControllerTest.php" line="46" class="App\Controller\ProjectCoinsControllerTest" classname="App.Controller.ProjectCoinsControllerTest" assertions="4" time="0.064345"/>
        <testcase name="testSelectAmountNotOk2" file="/home/juli22/dbwebb-kurser/mvc/me/report/tests/Controller/ProjectCoinsControllerTest.php" line="82" class="App\Controller\ProjectCoinsControllerTest" classname="App.Controller.ProjectCoinsControllerTest" assertions="2" time="0.006930"/>
        <testcase name="testSelectAmountOk" file="/home/juli22/dbwebb-kurser/mvc/me/report/tests/Controller/ProjectCoinsControllerTest.php" line="93" class="App\Controller\ProjectCoinsControllerTest" classname="App.Controller.ProjectCoinsControllerTest" assertions="7" time="0.070191"/>
      </testsuite>
      <testsuite name="App\Controller\ProjectControllerTest" file="/home/juli22/dbwebb-kurser/mvc/me/report/tests/Controller/ProjectControllerTest.php" tests="4" assertions="14" errors="0" failures="0" skipped="0" time="0.056050">
        <testcase name="testProjApiLanding" file="/home/juli22/dbwebb-kurser/mvc/me/report/tests/Controller/ProjectControllerTest.php" line="15" class="App\Controller\ProjectControllerTest" classname="App.Controller.ProjectControllerTest" assertions="4" time="0.017481"/>
        <testcase name="testProjAbout" file="/home/juli22/dbwebb-kurser/mvc/me/report/tests/Controller/ProjectControllerTest.php" line="24" class="App\Controller\ProjectControllerTest" classname="App.Controller.ProjectControllerTest" assertions="2" time="0.011547"/>
        <testcase name="testProjRules" file="/home/juli22/dbwebb-kurser/mvc/me/report/tests/Controller/ProjectControllerTest.php" line="32" class="App\Controller\ProjectControllerTest" classname="App.Controller.ProjectControllerTest" assertions="4" time="0.010490"/>
        <testcase name="testProjRegisterForm" file="/home/juli22/dbwebb-kurser/mvc/me/report/tests/Controller/ProjectControllerTest.php" line="41" class="App\Controller\ProjectControllerTest" classname="App.Controller.ProjectControllerTest" assertions="4" time="0.016532"/>
      </testsuite>
      <testsuite name="App\Controller\ProjectInitControllerTest" file="/home/juli22/dbwebb-kurser/mvc/me/report/tests/Controller/ProjectInitControllerTest.php" tests="2" assertions="10" errors="0" failures="0" skipped="0" time="0.115756">
        <testcase name="testInitOk" file="/home/juli22/dbwebb-kurser/mvc/me/report/tests/Controller/ProjectInitControllerTest.php" line="19" class="App\Controller\ProjectInitControllerTest" classname="App.Controller.ProjectInitControllerTest" assertions="5" time="0.059316"/>
        <testcase name="testInitNotOk" file="/home/juli22/dbwebb-kurser/mvc/me/report/tests/Controller/ProjectInitControllerTest.php" line="58" class="App\Controller\ProjectInitControllerTest" classname="App.Controller.ProjectInitControllerTest" assertions="5" time="0.056439"/>
      </testsuite>
      <testsuite name="App\Controller\ProjectLandingControllerTest" file="/home/juli22/dbwebb-kurser/mvc/me/report/tests/Controller/ProjectLandingControllerTest.php" tests="2" assertions="11" errors="0" failures="0" skipped="0" time="0.144473">
        <testcase name="testProjLanding" file="/home/juli22/dbwebb-kurser/mvc/me/report/tests/Controller/ProjectLandingControllerTest.php" line="19" class="App\Controller\ProjectLandingControllerTest" classname="App.Controller.ProjectLandingControllerTest" assertions="5" time="0.066967"/>
        <testcase name="testProjLanding2" file="/home/juli22/dbwebb-kurser/mvc/me/report/tests/Controller/ProjectLandingControllerTest.php" line="46" class="App\Controller\ProjectLandingControllerTest" classname="App.Controller.ProjectLandingControllerTest" assertions="6" time="0.077507"/>
      </testsuite>
      <testsuite name="App\Controller\ProjectMoveCardControllerTest" file="/home/juli22/dbwebb-kurser/mvc/me/report/tests/Controller/ProjectMoveCardControllerTest.php" tests="6" assertions="30" errors="0" failures="0" skipped="0" time="0.505939">
        <testcase name="testProjPickCardNotOk" file="/home/juli22/dbwebb-kurser/mvc/me/report/tests/Controller/ProjectMoveCardControllerTest.php" line="19" class="App\Controller\ProjectMoveCardControllerTest" classname="App.Controller.ProjectMoveCardControllerTest" assertions="4" time="0.065462"/>
        <testcase name="testProjPickCardNotOk2" file="/home/juli22/dbwebb-kurser/mvc/me/report/tests/Controller/ProjectMoveCardControllerTest.php" line="57" class="App\Controller\ProjectMoveCardControllerTest" classname="App.Controller.ProjectMoveCardControllerTest" assertions="3" time="0.056930"/>
        <testcase name="testProjPickCardOk" file="/home/juli22/dbwebb-kurser/mvc/me/report/tests/Controller/ProjectMoveCardControllerTest.php" line="78" class="App\Controller\ProjectMoveCardControllerTest" classname="App.Controller.ProjectMoveCardControllerTest" assertions="3" time="0.089805"/>
        <testcase name="testSeetFromSlotNotOk" file="/home/juli22/dbwebb-kurser/mvc/me/report/tests/Controller/ProjectMoveCardControllerTest.php" line="110" class="App\Controller\ProjectMoveCardControllerTest" classname="App.Controller.ProjectMoveCardControllerTest" assertions="4" time="0.076992"/>
        <testcase name="testSetFromSlotOk" file="/home/juli22/dbwebb-kurser/mvc/me/report/tests/Controller/ProjectMoveCardControllerTest.php" line="149" class="App\Controller\ProjectMoveCardControllerTest" classname="App.Controller.ProjectMoveCardControllerTest" assertions="8" time="0.103993"/>
        <testcase name="testMoveCardOk" file="/home/juli22/dbwebb-kurser/mvc/me/report/tests/Controller/ProjectMoveCardControllerTest.php" line="200" class="App\Controller\ProjectMoveCardControllerTest" classname="App.Controller.ProjectMoveCardControllerTest" assertions="8" time="0.112757"/>
      </testsuite>
      <testsuite name="App\Controller\ProjectOneROundControllerTest" file="/home/juli22/dbwebb-kurser/mvc/me/report/tests/Controller/ProjectOneRoundControllerTest.php" tests="2" assertions="5" errors="0" failures="0" skipped="0" time="0.860167">
        <testcase name="testProjRoundNotFinished" file="/home/juli22/dbwebb-kurser/mvc/me/report/tests/Controller/ProjectOneRoundControllerTest.php" line="20" class="App\Controller\ProjectOneROundControllerTest" classname="App.Controller.ProjectOneROundControllerTest" assertions="4" time="0.070285"/>
        <testcase name="testProjRoundFinished" file="/home/juli22/dbwebb-kurser/mvc/me/report/tests/Controller/ProjectOneRoundControllerTest.php" line="61" class="App\Controller\ProjectOneROundControllerTest" classname="App.Controller.ProjectOneROundControllerTest" assertions="1" time="0.789882"/>
      </testsuite>
      <testsuite name="App\Controller\ProjectPeekControllerTest" file="/home/juli22/dbwebb-kurser/mvc/me/report/tests/Controller/ProjectPeekControllerTest.php" tests="4" assertions="12" errors="0" failures="0" skipped="0" time="0.291426">
        <testcase name="testPurchasePeekCheatOk" file="/home/juli22/dbwebb-kurser/mvc/me/report/tests/Controller/ProjectPeekControllerTest.php" line="19" class="App\Controller\ProjectPeekControllerTest" classname="App.Controller.ProjectPeekControllerTest" assertions="3" time="0.069118"/>
        <testcase name="testPurchasePeekCheatNotOk" file="/home/juli22/dbwebb-kurser/mvc/me/report/tests/Controller/ProjectPeekControllerTest.php" line="49" class="App\Controller\ProjectPeekControllerTest" classname="App.Controller.ProjectPeekControllerTest" assertions="3" time="0.065893"/>
        <testcase name="testDeckPeekNotOk" file="/home/juli22/dbwebb-kurser/mvc/me/report/tests/Controller/ProjectPeekControllerTest.php" line="87" class="App\Controller\ProjectPeekControllerTest" classname="App.Controller.ProjectPeekControllerTest" assertions="3" time="0.065114"/>
        <testcase name="testDeckPeekOk" file="/home/juli22/dbwebb-kurser/mvc/me/report/tests/Controller/ProjectPeekControllerTest.php" line="116" class="App\Controller\ProjectPeekControllerTest" classname="App.Controller.ProjectPeekControllerTest" assertions="3" time="0.091302"/>
      </testsuite>
      <testsuite name="App\Controller\ProjectPlayControllerTest" file="/home/juli22/dbwebb-kurser/mvc/me/report/tests/Controller/ProjectPlayControllerTest.php" tests="4" assertions="13" errors="0" failures="0" skipped="0" time="1.013585">
        <testcase name="testProjPlayNotOk" file="/home/juli22/dbwebb-kurser/mvc/me/report/tests/Controller/ProjectPlayControllerTest.php" line="19" class="App\Controller\ProjectPlayControllerTest" classname="App.Controller.ProjectPlayControllerTest" assertions="3" time="0.060753"/>
        <testcase name="testProjPlayFinished" file="/home/juli22/dbwebb-kurser/mvc/me/report/tests/Controller/ProjectPlayControllerTest.php" line="41" class="App\Controller\ProjectPlayControllerTest" classname="App.Controller.ProjectPlayControllerTest" assertions="4" time="0.749179"/>
        <testcase name="testProjPlayFromSlotSet" file="/home/juli22/dbwebb-kurser/mvc/me/report/tests/Controller/ProjectPlayControllerTest.php" line="80" class="App\Controller\ProjectPlayControllerTest" classname="App.Controller.ProjectPlayControllerTest" assertions="3" time="0.105665"/>
        <testcase name="testProjPlayOk" file="/home/juli22/dbwebb-kurser/mvc/me/report/tests/Controller/ProjectPlayControllerTest.php" line="116" class="App\Controller\ProjectPlayControllerTest" classname="App.Controller.ProjectPlayControllerTest" assertions="3" time="0.097988"/>
      </testsuite>
      <testsuite name="App\Controller\ProjectResetControllerTest" file="/home/juli22/dbwebb-kurser/mvc/me/report/tests/Controller/ProjectResetControllerTest.php" tests="1" assertions="5" errors="0" failures="0" skipped="0" time="0.008953">
        <testcase name="testReset" file="/home/juli22/dbwebb-kurser/mvc/me/report/tests/Controller/ProjectResetControllerTest.php" line="22" class="App\Controller\ProjectResetControllerTest" classname="App.Controller.ProjectResetControllerTest" assertions="5" time="0.008953"/>
      </testsuite>
      <testsuite name="App\Controller\ProjectScoresControllerTest" file="/home/juli22/dbwebb-kurser/mvc/me/report/tests/Controller/ProjectScoresControllerTest.php" tests="3" assertions="12" errors="0" failures="0" skipped="0" time="0.085102">
        <testcase name="testProjScoresSingleOk" file="/home/juli22/dbwebb-kurser/mvc/me/report/tests/Controller/ProjectScoresControllerTest.php" line="19" class="App\Controller\ProjectScoresControllerTest" classname="App.Controller.ProjectScoresControllerTest" assertions="5" time="0.064115"/>
        <testcase name="testScoresSingleNotOk" file="/home/juli22/dbwebb-kurser/mvc/me/report/tests/Controller/ProjectScoresControllerTest.php" line="46" class="App\Controller\ProjectScoresControllerTest" classname="App.Controller.ProjectScoresControllerTest" assertions="2" time="0.007575"/>
        <testcase name="testProjLeaderboard" file="/home/juli22/dbwebb-kurser/mvc/me/report/tests/Controller/ProjectScoresControllerTest.php" line="56" class="App\Controller\ProjectScoresControllerTest" classname="App.Controller.ProjectScoresControllerTest" assertions="5" time="0.013412"/>
      </testsuite>
      <testsuite name="App\Controller\ProjectShopControllerTest" file="/home/juli22/dbwebb-kurser/mvc/me/report/tests/Controller/ProjectShopControllerTest.php" tests="4" assertions="13" errors="0" failures="0" skipped="0" time="0.159153">
        <testcase name="testShopOk" file="/home/juli22/dbwebb-kurser/mvc/me/report/tests/Controller/ProjectShopControllerTest.php" line="15" class="App\Controller\ProjectShopControllerTest" classname="App.Controller.ProjectShopControllerTest" assertions="3" time="0.070357"/>
        <testcase name="testShopNotOk" file="/home/juli22/dbwebb-kurser/mvc/me/report/tests/Controller/ProjectShopControllerTest.php" line="36" class="App\Controller\ProjectShopControllerTest" classname="App.Controller.ProjectShopControllerTest" assertions="2" time="0.007821"/>
        <testcase name="testTransactionsOk" file="/home/juli22/dbwebb-kurser/mvc/me/report/tests/Controller/ProjectShopControllerTest.php" line="46" class="App\Controller\ProjectShopControllerTest" classname="App.Controller.ProjectShopControllerTest" assertions="6" time="0.071706"/>
        <testcase name="testTransactionsNotOk" file="/home/juli22/dbwebb-kurser/mvc/me/report/tests/Controller/ProjectShopControllerTest.php" line="72" class="App\Controller\ProjectShopControllerTest" classname="App.Controller.ProjectShopControllerTest" assertions="2" time="0.009268"/>
      </testsuite>
      <testsuite name="App\Controller\ProjectSuggestionControllerTest" file="/home/juli22/dbwebb-kurser/mvc/me/report/tests/Controller/ProjectSuggestionControllerTest.php" tests="4" assertions="15" errors="0" failures="0" skipped="0" time="0.322727">
        <testcase name="testProjPurchaseSuggestNotOk" file="/home/juli22/dbwebb-kurser/mvc/me/report/tests/Controller/ProjectSuggestionControllerTest.php" line="19" class="App\Controller\ProjectSuggestionControllerTest" classname="App.Controller.ProjectSuggestionControllerTest" assertions="5" time="0.069549"/>
        <testcase name="testProjPurchaseSuggestOk" file="/home/juli22/dbwebb-kurser/mvc/me/report/tests/Controller/ProjectSuggestionControllerTest.php" line="57" class="App\Controller\ProjectSuggestionControllerTest" classname="App.Controller.ProjectSuggestionControllerTest" assertions="4" time="0.078220"/>
        <testcase name="testProjShowSuggestNotOk" file="/home/juli22/dbwebb-kurser/mvc/me/report/tests/Controller/ProjectSuggestionControllerTest.php" line="87" class="App\Controller\ProjectSuggestionControllerTest" classname="App.Controller.ProjectSuggestionControllerTest" assertions="3" time="0.067935"/>
        <testcase name="testProjShowSuggestOk" file="/home/juli22/dbwebb-kurser/mvc/me/report/tests/Controller/ProjectSuggestionControllerTest.php" line="116" class="App\Controller\ProjectSuggestionControllerTest" classname="App.Controller.ProjectSuggestionControllerTest" assertions="3" time="0.107023"/>
      </testsuite>
      <testsuite name="App\Controller\ProjectUndoControllerTest" file="/home/juli22/dbwebb-kurser/mvc/me/report/tests/Controller/ProjectUndoControllerTest.php" tests="2" assertions="7" errors="0" failures="0" skipped="0" time="0.153197">
        <testcase name="testUndoNotOk" file="/home/juli22/dbwebb-kurser/mvc/me/report/tests/Controller/ProjectUndoControllerTest.php" line="19" class="App\Controller\ProjectUndoControllerTest" classname="App.Controller.ProjectUndoControllerTest" assertions="4" time="0.074896"/>
        <testcase name="testUndoOk" file="/home/juli22/dbwebb-kurser/mvc/me/report/tests/Controller/ProjectUndoControllerTest.php" line="58" class="App\Controller\ProjectUndoControllerTest" classname="App.Controller.ProjectUndoControllerTest" assertions="3" time="0.078301"/>
      </testsuite>
      <testsuite name="App\Controller\QuoteTest" file="/home/juli22/dbwebb-kurser/mvc/me/report/tests/Controller/QuoteTest.php" tests="1" assertions="1" errors="0" failures="0" skipped="0" time="0.000861">
        <testcase name="testGenerate" file="/home/juli22/dbwebb-kurser/mvc/me/report/tests/Controller/QuoteTest.php" line="31" class="App\Controller\QuoteTest" classname="App.Controller.QuoteTest" assertions="1" time="0.000861"/>
      </testsuite>
      <testsuite name="App\Controller\SqlFileLoaderTest" file="/home/juli22/dbwebb-kurser/mvc/me/report/tests/Controller/SqlFileLoaderTest.php" tests="1" assertions="1" errors="0" failures="0" skipped="0" time="0.001001">
        <testcase name="testLoad" file="/home/juli22/dbwebb-kurser/mvc/me/report/tests/Controller/SqlFileLoaderTest.php" line="28" class="App\Controller\SqlFileLoaderTest" classname="App.Controller.SqlFileLoaderTest" assertions="1" time="0.001001"/>
      </testsuite>
      <testsuite name="App\DataFixtures\AddScoreTraitTest" file="/home/juli22/dbwebb-kurser/mvc/me/report/tests/DataFixtures/AddScoreTraitTest.php" tests="1" assertions="1" errors="0" failures="0" skipped="0" time="0.001941">
        <testcase name="testAddUser" file="/home/juli22/dbwebb-kurser/mvc/me/report/tests/DataFixtures/AddScoreTraitTest.php" line="15" class="App\DataFixtures\AddScoreTraitTest" classname="App.DataFixtures.AddScoreTraitTest" assertions="1" time="0.001941"/>
      </testsuite>
      <testsuite name="App\DataFixtures\AddTransactionTraitTest" file="/home/juli22/dbwebb-kurser/mvc/me/report/tests/DataFixtures/AddTransactionTraitTest.php" tests="1" assertions="1" errors="0" failures="0" skipped="0" time="0.001153">
        <testcase name="testAddUser" file="/home/juli22/dbwebb-kurser/mvc/me/report/tests/DataFixtures/AddTransactionTraitTest.php" line="15" class="App\DataFixtures\AddTransactionTraitTest" classname="App.DataFixtures.AddTransactionTraitTest" assertions="1" time="0.001153"/>
      </testsuite>
      <testsuite name="App\DataFixtures\AddUserTraitTest" file="/home/juli22/dbwebb-kurser/mvc/me/report/tests/DataFixtures/AddUserTraitTest.php" tests="1" assertions="4" errors="0" failures="0" skipped="0" time="0.083200">
        <testcase name="testAddUser" file="/home/juli22/dbwebb-kurser/mvc/me/report/tests/DataFixtures/AddUserTraitTest.php" line="13" class="App\DataFixtures\AddUserTraitTest" classname="App.DataFixtures.AddUserTraitTest" assertions="4" time="0.083200"/>
      </testsuite>
      <testsuite name="App\DataFixtures\AppFixturesTest" file="/home/juli22/dbwebb-kurser/mvc/me/report/tests/DataFixtures/AppFixturesTest.php" tests="1" assertions="1" errors="0" failures="0" skipped="0" time="0.127541">
        <testcase name="testLoad" file="/home/juli22/dbwebb-kurser/mvc/me/report/tests/DataFixtures/AppFixturesTest.php" line="11" class="App\DataFixtures\AppFixturesTest" classname="App.DataFixtures.AppFixturesTest" assertions="1" time="0.127541"/>
      </testsuite>
      <testsuite name="App\DataFixtures\BookFixtureTest" file="/home/juli22/dbwebb-kurser/mvc/me/report/tests/DataFixtures/BookFixtureTest.php" tests="1" assertions="1" errors="0" failures="0" skipped="0" time="0.001175">
        <testcase name="testLoad" file="/home/juli22/dbwebb-kurser/mvc/me/report/tests/DataFixtures/BookFixtureTest.php" line="12" class="App\DataFixtures\BookFixtureTest" classname="App.DataFixtures.BookFixtureTest" assertions="1" time="0.001175"/>
      </testsuite>
      <testsuite name="App\Entity\BookTest" file="/home/juli22/dbwebb-kurser/mvc/me/report/tests/Entity/BookTest.php" tests="1" assertions="6" errors="0" failures="0" skipped="0" time="0.000833">
        <testcase name="testCreateObject" file="/home/juli22/dbwebb-kurser/mvc/me/report/tests/Entity/BookTest.php" line="16" class="App\Entity\BookTest" classname="App.Entity.BookTest" assertions="6" time="0.000833"/>
      </testsuite>
      <testsuite name="App\Entity\ScoreTest" file="/home/juli22/dbwebb-kurser/mvc/me/report/tests/Entity/ScoreTest.php" tests="1" assertions="5" errors="0" failures="0" skipped="0" time="0.000919">
        <testcase name="testCreateObject" file="/home/juli22/dbwebb-kurser/mvc/me/report/tests/Entity/ScoreTest.php" line="17" class="App\Entity\ScoreTest" classname="App.Entity.ScoreTest" assertions="5" time="0.000919"/>
      </testsuite>
      <testsuite name="App\Entity\TransactionTest" file="/home/juli22/dbwebb-kurser/mvc/me/report/tests/Entity/TransactionTest.php" tests="1" assertions="6" errors="0" failures="0" skipped="0" time="0.000904">
        <testcase name="testCreateObject" file="/home/juli22/dbwebb-kurser/mvc/me/report/tests/Entity/TransactionTest.php" line="17" class="App\Entity\TransactionTest" classname="App.Entity.TransactionTest" assertions="6" time="0.000904"/>
      </testsuite>
      <testsuite name="App\Entity\UserTest" file="/home/juli22/dbwebb-kurser/mvc/me/report/tests/Entity/UserTest.php" tests="1" assertions="4" errors="0" failures="0" skipped="0" time="0.085707">
        <testcase name="testCreateObject" file="/home/juli22/dbwebb-kurser/mvc/me/report/tests/Entity/UserTest.php" line="18" class="App\Entity\UserTest" classname="App.Entity.UserTest" assertions="4" time="0.085707"/>
      </testsuite>
      <testsuite name="App\Game\BanksTurnTraitTest" file="/home/juli22/dbwebb-kurser/mvc/me/report/tests/Game/BanksTurnTraitTest.php" tests="1" assertions="4" errors="0" failures="0" skipped="0" time="0.000868">
        <testcase name="testBankTurn" file="/home/juli22/dbwebb-kurser/mvc/me/report/tests/Game/BanksTurnTraitTest.php" line="46" class="App\Game\BanksTurnTraitTest" classname="App.Game.BanksTurnTraitTest" assertions="4" time="0.000868"/>
      </testsuite>
      <testsuite name="App\Game\BettingGameTraitTest" file="/home/juli22/dbwebb-kurser/mvc/me/report/tests/Game/BettingGameTraitTest.php" tests="3" assertions="6" errors="0" failures="0" skipped="0" time="0.003215">
        <testcase name="testGetInvestLimit" file="/home/juli22/dbwebb-kurser/mvc/me/report/tests/Game/BettingGameTraitTest.php" line="29" class="App\Game\BettingGameTraitTest" classname="App.Game.BettingGameTraitTest" assertions="3" time="0.000905"/>
        <testcase name="testAddToMoneyPotOk" file="/home/juli22/dbwebb-kurser/mvc/me/report/tests/Game/BettingGameTraitTest.php" line="47" class="App\Game\BettingGameTraitTest" classname="App.Game.BettingGameTraitTest" assertions="1" time="0.001184"/>
        <testcase name="testAddToMoneyPotNotOk" file="/home/juli22/dbwebb-kurser/mvc/me/report/tests/Game/BettingGameTraitTest.php" line="61" class="App\Game\BettingGameTraitTest" classname="App.Game.BettingGameTraitTest" assertions="2" time="0.001126"/>
      </testsuite>
      <testsuite name="App\Game\DealBankEasyTraitTest" file="/home/juli22/dbwebb-kurser/mvc/me/report/tests/Game/DealBankEasyTraitTest.php" tests="2" assertions="3" errors="0" failures="0" skipped="0" time="0.002230">
        <testcase name="testDealBankCardsLeft" file="/home/juli22/dbwebb-kurser/mvc/me/report/tests/Game/DealBankEasyTraitTest.php" line="21" class="App\Game\DealBankEasyTraitTest" classname="App.Game.DealBankEasyTraitTest" assertions="2" time="0.001148"/>
        <testcase name="testDealBankNoCardsLeft" file="/home/juli22/dbwebb-kurser/mvc/me/report/tests/Game/DealBankEasyTraitTest.php" line="45" class="App\Game\DealBankEasyTraitTest" classname="App.Game.DealBankEasyTraitTest" assertions="1" time="0.001082"/>
      </testsuite>
      <testsuite name="App\Game\DealBankHardTraitTest" file="/home/juli22/dbwebb-kurser/mvc/me/report/tests/Game/DealBankHardTraitTest.php" tests="2" assertions="4" errors="0" failures="0" skipped="0" time="0.002276">
        <testcase name="testDealBank" file="/home/juli22/dbwebb-kurser/mvc/me/report/tests/Game/DealBankHardTraitTest.php" line="21" class="App\Game\DealBankHardTraitTest" classname="App.Game.DealBankHardTraitTest" assertions="2" time="0.001164"/>
        <testcase name="testDealBankNoCardsLeft" file="/home/juli22/dbwebb-kurser/mvc/me/report/tests/Game/DealBankHardTraitTest.php" line="43" class="App\Game\DealBankHardTraitTest" classname="App.Game.DealBankHardTraitTest" assertions="2" time="0.001113"/>
      </testsuite>
      <testsuite name="App\Game\EndRoundTraitTest" file="/home/juli22/dbwebb-kurser/mvc/me/report/tests/Game/EndRoundTraitTest.php" tests="5" assertions="15" errors="0" failures="0" skipped="0" time="0.005562">
        <testcase name="testDetermineWinner" file="/home/juli22/dbwebb-kurser/mvc/me/report/tests/Game/EndRoundTraitTest.php" line="20" class="App\Game\EndRoundTraitTest" classname="App.Game.EndRoundTraitTest" assertions="2" time="0.001318"/>
        <testcase name="testFinishGame" file="/home/juli22/dbwebb-kurser/mvc/me/report/tests/Game/EndRoundTraitTest.php" line="43" class="App\Game\EndRoundTraitTest" classname="App.Game.EndRoundTraitTest" assertions="3" time="0.000947"/>
        <testcase name="testGameOver" file="/home/juli22/dbwebb-kurser/mvc/me/report/tests/Game/EndRoundTraitTest.php" line="60" class="App\Game\EndRoundTraitTest" classname="App.Game.EndRoundTraitTest" assertions="2" time="0.000728"/>
        <testcase name="testEndRound1" file="/home/juli22/dbwebb-kurser/mvc/me/report/tests/Game/EndRoundTraitTest.php" line="67" class="App\Game\EndRoundTraitTest" classname="App.Game.EndRoundTraitTest" assertions="4" time="0.001153"/>
        <testcase name="testEndRound2" file="/home/juli22/dbwebb-kurser/mvc/me/report/tests/Game/EndRoundTraitTest.php" line="84" class="App\Game\EndRoundTraitTest" classname="App.Game.EndRoundTraitTest" assertions="4" time="0.001416"/>
      </testsuite>
      <testsuite name="App\Game\EvaluateBankTrait2Test" file="/home/juli22/dbwebb-kurser/mvc/me/report/tests/Game/EvaluateBankTrait2Test.php" tests="3" assertions="10" errors="0" failures="0" skipped="0" time="0.002272">
        <testcase name="testBankWinsOnEqual" file="/home/juli22/dbwebb-kurser/mvc/me/report/tests/Game/EvaluateBankTrait2Test.php" line="15" class="App\Game\EvaluateBankTrait2Test" classname="App.Game.EvaluateBankTrait2Test" assertions="4" time="0.000795"/>
        <testcase name="testHasBankMoreThan21" file="/home/juli22/dbwebb-kurser/mvc/me/report/tests/Game/EvaluateBankTrait2Test.php" line="30" class="App\Game\EvaluateBankTrait2Test" classname="App.Game.EvaluateBankTrait2Test" assertions="3" time="0.000736"/>
        <testcase name="testHasBankBestScore" file="/home/juli22/dbwebb-kurser/mvc/me/report/tests/Game/EvaluateBankTrait2Test.php" line="42" class="App\Game\EvaluateBankTrait2Test" classname="App.Game.EvaluateBankTrait2Test" assertions="3" time="0.000740"/>
      </testsuite>
      <testsuite name="App\Game\EvaluateBankTraitTest" file="/home/juli22/dbwebb-kurser/mvc/me/report/tests/Game/EvaluateBankTraitTest.php" tests="4" assertions="16" errors="0" failures="0" skipped="0" time="0.004392">
        <testcase name="testEvaluateBank" file="/home/juli22/dbwebb-kurser/mvc/me/report/tests/Game/EvaluateBankTraitTest.php" line="38" class="App\Game\EvaluateBankTraitTest" classname="App.Game.EvaluateBankTraitTest" assertions="4" time="0.001134"/>
        <testcase name="testEvaluateBank2" file="/home/juli22/dbwebb-kurser/mvc/me/report/tests/Game/EvaluateBankTraitTest.php" line="54" class="App\Game\EvaluateBankTraitTest" classname="App.Game.EvaluateBankTraitTest" assertions="4" time="0.001053"/>
        <testcase name="testEvaluateBank3" file="/home/juli22/dbwebb-kurser/mvc/me/report/tests/Game/EvaluateBankTraitTest.php" line="70" class="App\Game\EvaluateBankTraitTest" classname="App.Game.EvaluateBankTraitTest" assertions="4" time="0.001079"/>
        <testcase name="testEvaluateBank4" file="/home/juli22/dbwebb-kurser/mvc/me/report/tests/Game/EvaluateBankTraitTest.php" line="86" class="App\Game\EvaluateBankTraitTest" classname="App.Game.EvaluateBankTraitTest" assertions="4" time="0.001126"/>
      </testsuite>
      <testsuite name="App\Game\EvaluatePlayerTraitTest" file="/home/juli22/dbwebb-kurser/mvc/me/report/tests/Game/EvaluatePlayerTraitTest.php" tests="3" assertions="7" errors="0" failures="0" skipped="0" time="0.003436">
        <testcase name="testEvaluate" file="/home/juli22/dbwebb-kurser/mvc/me/report/tests/Game/EvaluatePlayerTraitTest.php" line="14" class="App\Game\EvaluatePlayerTraitTest" classname="App.Game.EvaluatePlayerTraitTest" assertions="2" time="0.001123"/>
        <testcase name="testEvaluate2" file="/home/juli22/dbwebb-kurser/mvc/me/report/tests/Game/EvaluatePlayerTraitTest.php" line="28" class="App\Game\EvaluatePlayerTraitTest" classname="App.Game.EvaluatePlayerTraitTest" assertions="4" time="0.001189"/>
        <testcase name="testEvaluate3" file="/home/juli22/dbwebb-kurser/mvc/me/report/tests/Game/EvaluatePlayerTraitTest.php" line="47" class="App\Game\EvaluatePlayerTraitTest" classname="App.Game.EvaluatePlayerTraitTest" assertions="1" time="0.001124"/>
      </testsuite>
      <testsuite name="App\Game\Game21DataTraitTest" file="/home/juli22/dbwebb-kurser/mvc/me/report/tests/Game/Game21DataTraitTest.php" tests="2" assertions="4" errors="0" failures="0" skipped="0" time="0.002586">
        <testcase name="testGetPlayerData" file="/home/juli22/dbwebb-kurser/mvc/me/report/tests/Game/Game21DataTraitTest.php" line="16" class="App\Game\Game21DataTraitTest" classname="App.Game.Game21DataTraitTest" assertions="3" time="0.001379"/>
        <testcase name="testGetGameStatus" file="/home/juli22/dbwebb-kurser/mvc/me/report/tests/Game/Game21DataTraitTest.php" line="49" class="App\Game\Game21DataTraitTest" classname="App.Game.Game21DataTraitTest" assertions="1" time="0.001208"/>
      </testsuite>
      <testsuite name="App\Game\Game21EasyTest" file="/home/juli22/dbwebb-kurser/mvc/me/report/tests/Game/Game21EasyTest.php" tests="1" assertions="4" errors="0" failures="0" skipped="0" time="0.001704">
        <testcase name="testCreateObject" file="/home/juli22/dbwebb-kurser/mvc/me/report/tests/Game/Game21EasyTest.php" line="21" class="App\Game\Game21EasyTest" classname="App.Game.Game21EasyTest" assertions="4" time="0.001704"/>
      </testsuite>
      <testsuite name="App\Game\Game21FlashTraitTest" file="/home/juli22/dbwebb-kurser/mvc/me/report/tests/Game/Game21FlashTraitTest.php" tests="1" assertions="2" errors="0" failures="0" skipped="0" time="0.001081">
        <testcase name="testMessageType" file="/home/juli22/dbwebb-kurser/mvc/me/report/tests/Game/Game21FlashTraitTest.php" line="12" class="App\Game\Game21FlashTraitTest" classname="App.Game.Game21FlashTraitTest" assertions="2" time="0.001081"/>
      </testsuite>
      <testsuite name="App\Game\Game21Test" file="/home/juli22/dbwebb-kurser/mvc/me/report/tests/Game/Game21Test.php" tests="1" assertions="2" errors="0" failures="0" skipped="0" time="0.000925">
        <testcase name="testCreateObject" file="/home/juli22/dbwebb-kurser/mvc/me/report/tests/Game/Game21Test.php" line="18" class="App\Game\Game21Test" classname="App.Game.Game21Test" assertions="2" time="0.000925"/>
      </testsuite>
      <testsuite name="App\Game\Game21TraitTest" file="/home/juli22/dbwebb-kurser/mvc/me/report/tests/Game/Game21TraitTest.php" tests="2" assertions="3" errors="0" failures="0" skipped="0" time="0.001978">
        <testcase name="testCurrentPlayer2" file="/home/juli22/dbwebb-kurser/mvc/me/report/tests/Game/Game21TraitTest.php" line="25" class="App\Game\Game21TraitTest" classname="App.Game.Game21TraitTest" assertions="1" time="0.000906"/>
        <testcase name="testEstimateRisk" file="/home/juli22/dbwebb-kurser/mvc/me/report/tests/Game/Game21TraitTest.php" line="37" class="App\Game\Game21TraitTest" classname="App.Game.Game21TraitTest" assertions="2" time="0.001073"/>
      </testsuite>
      <testsuite name="App\Game\GameApiTest" file="/home/juli22/dbwebb-kurser/mvc/me/report/tests/Game/GameApiTest.php" tests="2" assertions="2" errors="0" failures="0" skipped="0" time="0.002035">
        <testcase name="testCreateObject" file="/home/juli22/dbwebb-kurser/mvc/me/report/tests/Game/GameApiTest.php" line="13" class="App\Game\GameApiTest" classname="App.Game.GameApiTest" assertions="1" time="0.000687"/>
        <testcase name="testJsonGame" file="/home/juli22/dbwebb-kurser/mvc/me/report/tests/Game/GameApiTest.php" line="23" class="App\Game\GameApiTest" classname="App.Game.GameApiTest" assertions="1" time="0.001348"/>
      </testsuite>
      <testsuite name="App\Game\MoneyPotTest" file="/home/juli22/dbwebb-kurser/mvc/me/report/tests/Game/MoneyPotTest.php" tests="3" assertions="5" errors="0" failures="0" skipped="0" time="0.003155">
        <testcase name="testCreateObject" file="/home/juli22/dbwebb-kurser/mvc/me/report/tests/Game/MoneyPotTest.php" line="25" class="App\Game\MoneyPotTest" classname="App.Game.MoneyPotTest" assertions="2" time="0.000722"/>
        <testcase name="testAddMoneyOk" file="/home/juli22/dbwebb-kurser/mvc/me/report/tests/Game/MoneyPotTest.php" line="37" class="App\Game\MoneyPotTest" classname="App.Game.MoneyPotTest" assertions="1" time="0.000905"/>
        <testcase name="testMoneyToWinnerOk" file="/home/juli22/dbwebb-kurser/mvc/me/report/tests/Game/MoneyPotTest.php" line="51" class="App\Game\MoneyPotTest" classname="App.Game.MoneyPotTest" assertions="2" time="0.001529"/>
      </testsuite>
      <testsuite name="App\Game\NextRoundTraitTest" file="/home/juli22/dbwebb-kurser/mvc/me/report/tests/Game/NextRoundTraitTest.php" tests="1" assertions="6" errors="0" failures="0" skipped="0" time="0.001192">
        <testcase name="testNextRound" file="/home/juli22/dbwebb-kurser/mvc/me/report/tests/Game/NextRoundTraitTest.php" line="16" class="App\Game\NextRoundTraitTest" classname="App.Game.NextRoundTraitTest" assertions="6" time="0.001192"/>
      </testsuite>
      <testsuite name="App\Game\Player21Test" file="/home/juli22/dbwebb-kurser/mvc/me/report/tests/Game/Player21Test.php" tests="6" assertions="13" errors="0" failures="0" skipped="0" time="0.005552">
        <testcase name="testCreateObject" file="/home/juli22/dbwebb-kurser/mvc/me/report/tests/Game/Player21Test.php" line="19" class="App\Game\Player21Test" classname="App.Game.Player21Test" assertions="2" time="0.000748"/>
        <testcase name="testIncrMoneyOk" file="/home/juli22/dbwebb-kurser/mvc/me/report/tests/Game/Player21Test.php" line="32" class="App\Game\Player21Test" classname="App.Game.Player21Test" assertions="2" time="0.000715"/>
        <testcase name="testDecrMoneyOk" file="/home/juli22/dbwebb-kurser/mvc/me/report/tests/Game/Player21Test.php" line="52" class="App\Game\Player21Test" classname="App.Game.Player21Test" assertions="2" time="0.000730"/>
        <testcase name="testHandValue" file="/home/juli22/dbwebb-kurser/mvc/me/report/tests/Game/Player21Test.php" line="76" class="App\Game\Player21Test" classname="App.Game.Player21Test" assertions="1" time="0.000955"/>
        <testcase name="testMinHandValue" file="/home/juli22/dbwebb-kurser/mvc/me/report/tests/Game/Player21Test.php" line="92" class="App\Game\Player21Test" classname="App.Game.Player21Test" assertions="1" time="0.000929"/>
        <testcase name="testEstimateRisk" file="/home/juli22/dbwebb-kurser/mvc/me/report/tests/Game/Player21Test.php" line="106" class="App\Game\Player21Test" classname="App.Game.Player21Test" assertions="5" time="0.001476"/>
      </testsuite>
      <testsuite name="App\Game\PlayerTraitTest" file="/home/juli22/dbwebb-kurser/mvc/me/report/tests/Game/PlayerTraitTest.php" tests="5" assertions="5" errors="0" failures="0" skipped="0" time="0.004756">
        <testcase name="testDraw" file="/home/juli22/dbwebb-kurser/mvc/me/report/tests/Game/PlayerTraitTest.php" line="21" class="App\Game\PlayerTraitTest" classname="App.Game.PlayerTraitTest" assertions="1" time="0.001376"/>
        <testcase name="testEmptyHandOk" file="/home/juli22/dbwebb-kurser/mvc/me/report/tests/Game/PlayerTraitTest.php" line="37" class="App\Game\PlayerTraitTest" classname="App.Game.PlayerTraitTest" assertions="1" time="0.000861"/>
        <testcase name="testGetCardValues" file="/home/juli22/dbwebb-kurser/mvc/me/report/tests/Game/PlayerTraitTest.php" line="51" class="App\Game\PlayerTraitTest" classname="App.Game.PlayerTraitTest" assertions="1" time="0.000837"/>
        <testcase name="testShowHandAsString" file="/home/juli22/dbwebb-kurser/mvc/me/report/tests/Game/PlayerTraitTest.php" line="65" class="App\Game\PlayerTraitTest" classname="App.Game.PlayerTraitTest" assertions="1" time="0.000832"/>
        <testcase name="testGetCardCount" file="/home/juli22/dbwebb-kurser/mvc/me/report/tests/Game/PlayerTraitTest.php" line="79" class="App\Game\PlayerTraitTest" classname="App.Game.PlayerTraitTest" assertions="1" time="0.000851"/>
      </testsuite>
      <testsuite name="App\Game\PlayersTurnTraitTest" file="/home/juli22/dbwebb-kurser/mvc/me/report/tests/Game/PlayersTurnTraitTest.php" tests="2" assertions="8" errors="0" failures="0" skipped="0" time="0.002014">
        <testcase name="testplayersTurn" file="/home/juli22/dbwebb-kurser/mvc/me/report/tests/Game/PlayersTurnTraitTest.php" line="42" class="App\Game\PlayersTurnTraitTest" classname="App.Game.PlayersTurnTraitTest" assertions="4" time="0.001027"/>
        <testcase name="testplayersTurn2" file="/home/juli22/dbwebb-kurser/mvc/me/report/tests/Game/PlayersTurnTraitTest.php" line="58" class="App\Game\PlayersTurnTraitTest" classname="App.Game.PlayersTurnTraitTest" assertions="4" time="0.000988"/>
      </testsuite>
      <testsuite name="App\Project\ApiGame1OneRoundTraitTest" file="/home/juli22/dbwebb-kurser/mvc/me/report/tests/Project/ApiGame1OneRoundTraitTest.php" tests="2" assertions="4" errors="0" failures="0" skipped="0" time="0.023170">
        <testcase name="testOneRound" file="/home/juli22/dbwebb-kurser/mvc/me/report/tests/Project/ApiGame1OneRoundTraitTest.php" line="14" class="App\Project\ApiGame1OneRoundTraitTest" classname="App.Project.ApiGame1OneRoundTraitTest" assertions="2" time="0.018788"/>
        <testcase name="testOneRound2" file="/home/juli22/dbwebb-kurser/mvc/me/report/tests/Project/ApiGame1OneRoundTraitTest.php" line="74" class="App\Project\ApiGame1OneRoundTraitTest" classname="App.Project.ApiGame1OneRoundTraitTest" assertions="2" time="0.004381"/>
      </testsuite>
      <testsuite name="App\Project\ApiGame1ResetTraitTest" file="/home/juli22/dbwebb-kurser/mvc/me/report/tests/Project/ApiGame1ResetTraitTest.php" tests="1" assertions="2" errors="0" failures="0" skipped="0" time="0.001315">
        <testcase name="testReset" file="/home/juli22/dbwebb-kurser/mvc/me/report/tests/Project/ApiGame1ResetTraitTest.php" line="12" class="App\Project\ApiGame1ResetTraitTest" classname="App.Project.ApiGame1ResetTraitTest" assertions="2" time="0.001315"/>
      </testsuite>
      <testsuite name="App\Project\ApiGame1Test" file="/home/juli22/dbwebb-kurser/mvc/me/report/tests/Project/ApiGame1Test.php" tests="1" assertions="1" errors="0" failures="0" skipped="0" time="0.000868">
        <testcase name="testCreateObject" file="/home/juli22/dbwebb-kurser/mvc/me/report/tests/Project/ApiGame1Test.php" line="12" class="App\Project\ApiGame1Test" classname="App.Project.ApiGame1Test" assertions="1" time="0.000868"/>
      </testsuite>
      <testsuite name="App\Project\ApiGame2Test" file="/home/juli22/dbwebb-kurser/mvc/me/report/tests/Project/ApiGame2Test.php" tests="1" assertions="3" errors="0" failures="0" skipped="0" time="0.001015">
        <testcase name="testOneRound" file="/home/juli22/dbwebb-kurser/mvc/me/report/tests/Project/ApiGame2Test.php" line="12" class="App\Project\ApiGame2Test" classname="App.Project.ApiGame2Test" assertions="3" time="0.001015"/>
      </testsuite>
      <testsuite name="App\Project\ApiGame3Test" file="/home/juli22/dbwebb-kurser/mvc/me/report/tests/Project/ApiGame3Test.php" tests="1" assertions="3" errors="0" failures="0" skipped="0" time="0.341470">
        <testcase name="testResults" file="/home/juli22/dbwebb-kurser/mvc/me/report/tests/Project/ApiGame3Test.php" line="12" class="App\Project\ApiGame3Test" classname="App.Project.ApiGame3Test" assertions="3" time="0.341470"/>
      </testsuite>
      <testsuite name="App\Project\CardFactoryTest" file="/home/juli22/dbwebb-kurser/mvc/me/report/tests/Project/CardFactoryTest.php" tests="1" assertions="2" errors="0" failures="0" skipped="0" time="0.001475">
        <testcase name="testFullSet" file="/home/juli22/dbwebb-kurser/mvc/me/report/tests/Project/CardFactoryTest.php" line="12" class="App\Project\CardFactoryTest" classname="App.Project.CardFactoryTest" assertions="2" time="0.001475"/>
      </testsuite>
      <testsuite name="App\Project\CurrentStateTraitTest" file="/home/juli22/dbwebb-kurser/mvc/me/report/tests/Project/CurrentStateTraitTest.php" tests="2" assertions="2" errors="0" failures="0" skipped="0" time="0.002422">
        <testcase name="testCurrentState" file="/home/juli22/dbwebb-kurser/mvc/me/report/tests/Project/CurrentStateTraitTest.php" line="14" class="App\Project\CurrentStateTraitTest" classname="App.Project.CurrentStateTraitTest" assertions="1" time="0.001239"/>
        <testcase name="testCurrentStateApi" file="/home/juli22/dbwebb-kurser/mvc/me/report/tests/Project/CurrentStateTraitTest.php" line="68" class="App\Project\CurrentStateTraitTest" classname="App.Project.CurrentStateTraitTest" assertions="1" time="0.001184"/>
      </testsuite>
      <testsuite name="App\Project\DeckTest" file="/home/juli22/dbwebb-kurser/mvc/me/report/tests/Project/DeckTest.php" tests="4" assertions="8" errors="0" failures="0" skipped="0" time="0.004694">
        <testcase name="testCreateObject" file="/home/juli22/dbwebb-kurser/mvc/me/report/tests/Project/DeckTest.php" line="18" class="App\Project\DeckTest" classname="App.Project.DeckTest" assertions="3" time="0.001802"/>
        <testcase name="testDealOk" file="/home/juli22/dbwebb-kurser/mvc/me/report/tests/Project/DeckTest.php" line="42" class="App\Project\DeckTest" classname="App.Project.DeckTest" assertions="2" time="0.000967"/>
        <testcase name="testDealNotOk" file="/home/juli22/dbwebb-kurser/mvc/me/report/tests/Project/DeckTest.php" line="65" class="App\Project\DeckTest" classname="App.Project.DeckTest" assertions="1" time="0.000881"/>
        <testcase name="testPossibleCards" file="/home/juli22/dbwebb-kurser/mvc/me/report/tests/Project/DeckTest.php" line="97" class="App\Project\DeckTest" classname="App.Project.DeckTest" assertions="2" time="0.001043"/>
      </testsuite>
      <testsuite name="App\Project\EvaluateTraitTest" file="/home/juli22/dbwebb-kurser/mvc/me/report/tests/Project/EvaluateTraitTest.php" tests="2" assertions="11" errors="0" failures="0" skipped="0" time="0.003675">
        <testcase name="testEvaluatePlayerWon" file="/home/juli22/dbwebb-kurser/mvc/me/report/tests/Project/EvaluateTraitTest.php" line="29" class="App\Project\EvaluateTraitTest" classname="App.Project.EvaluateTraitTest" assertions="5" time="0.001781"/>
        <testcase name="testEvaluateHouseWon" file="/home/juli22/dbwebb-kurser/mvc/me/report/tests/Project/EvaluateTraitTest.php" line="73" class="App\Project\EvaluateTraitTest" classname="App.Project.EvaluateTraitTest" assertions="6" time="0.001894"/>
      </testsuite>
      <testsuite name="App\Project\GameTest" file="/home/juli22/dbwebb-kurser/mvc/me/report/tests/Project/GameTest.php" tests="1" assertions="3" errors="0" failures="0" skipped="0" time="0.001157">
        <testcase name="testCreateObject" file="/home/juli22/dbwebb-kurser/mvc/me/report/tests/Project/GameTest.php" line="12" class="App\Project\GameTest" classname="App.Project.GameTest" assertions="3" time="0.001157"/>
      </testsuite>
      <testsuite name="App\Project\HousePlaceCardTraitTest" file="/home/juli22/dbwebb-kurser/mvc/me/report/tests/Project/HousePlaceCardTraitTest.php" tests="1" assertions="3" errors="0" failures="0" skipped="0" time="0.001304">
        <testcase name="testHousePlaceCard" file="/home/juli22/dbwebb-kurser/mvc/me/report/tests/Project/HousePlaceCardTraitTest.php" line="13" class="App\Project\HousePlaceCardTraitTest" classname="App.Project.HousePlaceCardTraitTest" assertions="3" time="0.001304"/>
      </testsuite>
      <testsuite name="App\Project\MoveACardTraitTest" file="/home/juli22/dbwebb-kurser/mvc/me/report/tests/Project/MoveACardTraitTest.php" tests="2" assertions="5" errors="0" failures="0" skipped="0" time="0.001971">
        <testcase name="testSetFromSlot" file="/home/juli22/dbwebb-kurser/mvc/me/report/tests/Project/MoveACardTraitTest.php" line="14" class="App\Project\MoveACardTraitTest" classname="App.Project.MoveACardTraitTest" assertions="2" time="0.000774"/>
        <testcase name="testMoveCard" file="/home/juli22/dbwebb-kurser/mvc/me/report/tests/Project/MoveACardTraitTest.php" line="28" class="App\Project\MoveACardTraitTest" classname="App.Project.MoveACardTraitTest" assertions="3" time="0.001197"/>
      </testsuite>
      <testsuite name="App\Project\OneRoundTraitTest" file="/home/juli22/dbwebb-kurser/mvc/me/report/tests/Project/OneRoundTraitTest.php" tests="2" assertions="16" errors="0" failures="0" skipped="0" time="0.003066">
        <testcase name="testOneRoundNotFinished" file="/home/juli22/dbwebb-kurser/mvc/me/report/tests/Project/OneRoundTraitTest.php" line="16" class="App\Project\OneRoundTraitTest" classname="App.Project.OneRoundTraitTest" assertions="8" time="0.001590"/>
        <testcase name="testOneRoundFinished" file="/home/juli22/dbwebb-kurser/mvc/me/report/tests/Project/OneRoundTraitTest.php" line="62" class="App\Project\OneRoundTraitTest" classname="App.Project.OneRoundTraitTest" assertions="8" time="0.001476"/>
      </testsuite>
      <testsuite name="App\Project\PlayerSuggestTraitTest" file="/home/juli22/dbwebb-kurser/mvc/me/report/tests/Project/PlayerSuggestTraitTest.php" tests="1" assertions="3" errors="0" failures="0" skipped="0" time="0.001151">
        <testcase name="testPlayerSuggest" file="/home/juli22/dbwebb-kurser/mvc/me/report/tests/Project/PlayerSuggestTraitTest.php" line="14" class="App\Project\PlayerSuggestTraitTest" classname="App.Project.PlayerSuggestTraitTest" assertions="3" time="0.001151"/>
      </testsuite>
      <testsuite name="App\Project\PotTraitTest" file="/home/juli22/dbwebb-kurser/mvc/me/report/tests/Project/PotTraitTest.php" tests="1" assertions="2" errors="0" failures="0" skipped="0" time="0.000847">
        <testcase name="testGetAdditionalValue" file="/home/juli22/dbwebb-kurser/mvc/me/report/tests/Project/PotTraitTest.php" line="11" class="App\Project\PotTraitTest" classname="App.Project.PotTraitTest" assertions="2" time="0.000847"/>
      </testsuite>
      <testsuite name="App\Repository\Register2Test" file="/home/juli22/dbwebb-kurser/mvc/me/report/tests/Project/Register2Test.php" tests="2" assertions="3" errors="0" failures="0" skipped="0" time="0.005468">
        <testcase name="testGetBalanceNotOk" file="/home/juli22/dbwebb-kurser/mvc/me/report/tests/Project/Register2Test.php" line="49" class="App\Repository\Register2Test" classname="App.Repository.Register2Test" assertions="1" time="0.002867"/>
        <testcase name="testGetBalanceOk" file="/home/juli22/dbwebb-kurser/mvc/me/report/tests/Project/Register2Test.php" line="59" class="App\Repository\Register2Test" classname="App.Repository.Register2Test" assertions="2" time="0.002601"/>
      </testsuite>
      <testsuite name="App\Project\RegisterFactoryTest" file="/home/juli22/dbwebb-kurser/mvc/me/report/tests/Project/RegisterFactoryTest.php" tests="1" assertions="1" errors="0" failures="0" skipped="0" time="0.001477">
        <testcase name="testcreate" file="/home/juli22/dbwebb-kurser/mvc/me/report/tests/Project/RegisterFactoryTest.php" line="27" class="App\Project\RegisterFactoryTest" classname="App.Project.RegisterFactoryTest" assertions="1" time="0.001477"/>
      </testsuite>
      <testsuite name="App\Repository\RegisterTest" file="/home/juli22/dbwebb-kurser/mvc/me/report/tests/Project/RegisterTest.php" tests="4" assertions="9" errors="0" failures="0" skipped="0" time="0.007224">
        <testcase name="testTransaction" file="/home/juli22/dbwebb-kurser/mvc/me/report/tests/Project/RegisterTest.php" line="29" class="App\Repository\RegisterTest" classname="App.Repository.RegisterTest" assertions="3" time="0.001881"/>
        <testcase name="testDebitOk" file="/home/juli22/dbwebb-kurser/mvc/me/report/tests/Project/RegisterTest.php" line="48" class="App\Repository\RegisterTest" classname="App.Repository.RegisterTest" assertions="3" time="0.002010"/>
        <testcase name="testDebitNotOk" file="/home/juli22/dbwebb-kurser/mvc/me/report/tests/Project/RegisterTest.php" line="67" class="App\Repository\RegisterTest" classname="App.Repository.RegisterTest" assertions="1" time="0.001560"/>
        <testcase name="testScore" file="/home/juli22/dbwebb-kurser/mvc/me/report/tests/Project/RegisterTest.php" line="74" class="App\Repository\RegisterTest" classname="App.Repository.RegisterTest" assertions="2" time="0.001773"/>
      </testsuite>
      <testsuite name="App\Project\UndoLastRoundTraitTest" file="/home/juli22/dbwebb-kurser/mvc/me/report/tests/Project/UndoLastRoundTraitTest.php" tests="1" assertions="5" errors="0" failures="0" skipped="0" time="0.001995">
        <testcase name="testUndoLastRound" file="/home/juli22/dbwebb-kurser/mvc/me/report/tests/Project/UndoLastRoundTraitTest.php" line="15" class="App\Project\UndoLastRoundTraitTest" classname="App.Project.UndoLastRoundTraitTest" assertions="5" time="0.001995"/>
      </testsuite>
      <testsuite name="App\ProjectEvaluator\BestPossibleRulesTraitTest" file="/home/juli22/dbwebb-kurser/mvc/me/report/tests/ProjectEvaluator/BestPossibleRulesTraitTest.php" tests="4" assertions="4" errors="0" failures="0" skipped="0" time="0.017660">
        <testcase name="testAdjustPriorityOk" file="/home/juli22/dbwebb-kurser/mvc/me/report/tests/ProjectEvaluator/BestPossibleRulesTraitTest.php" line="34" class="App\ProjectEvaluator\BestPossibleRulesTraitTest" classname="App.ProjectEvaluator.BestPossibleRulesTraitTest" assertions="1" time="0.001081"/>
        <testcase name="testAdjustPriorityNotOk" file="/home/juli22/dbwebb-kurser/mvc/me/report/tests/ProjectEvaluator/BestPossibleRulesTraitTest.php" line="45" class="App\ProjectEvaluator\BestPossibleRulesTraitTest" classname="App.ProjectEvaluator.BestPossibleRulesTraitTest" assertions="1" time="0.000878"/>
        <testcase name="testAdjustPriorityNotOk2" file="/home/juli22/dbwebb-kurser/mvc/me/report/tests/ProjectEvaluator/BestPossibleRulesTraitTest.php" line="56" class="App\ProjectEvaluator\BestPossibleRulesTraitTest" classname="App.ProjectEvaluator.BestPossibleRulesTraitTest" assertions="1" time="0.000865"/>
        <testcase name="testRulesHandsOk" file="/home/juli22/dbwebb-kurser/mvc/me/report/tests/ProjectEvaluator/BestPossibleRulesTraitTest.php" line="67" class="App\ProjectEvaluator\BestPossibleRulesTraitTest" classname="App.ProjectEvaluator.BestPossibleRulesTraitTest" assertions="1" time="0.014837"/>
      </testsuite>
      <testsuite name="App\ProjectEvaluator\CheckEmptyGridTraitTest" file="/home/juli22/dbwebb-kurser/mvc/me/report/tests/ProjectEvaluator/CheckEmptyGridTraitTest.php" tests="1" assertions="1" errors="0" failures="0" skipped="0" time="0.000805">
        <testcase name="testAddCard" file="/home/juli22/dbwebb-kurser/mvc/me/report/tests/ProjectEvaluator/CheckEmptyGridTraitTest.php" line="39" class="App\ProjectEvaluator\CheckEmptyGridTraitTest" classname="App.ProjectEvaluator.CheckEmptyGridTraitTest" assertions="1" time="0.000805"/>
      </testsuite>
      <testsuite name="App\ProjectEvaluator\CheckFullHandTrait2Test" file="/home/juli22/dbwebb-kurser/mvc/me/report/tests/ProjectEvaluator/CheckFullHandTrait2Test.php" tests="10" assertions="10" errors="0" failures="0" skipped="0" time="0.013191">
        <testcase name="testCheckHandForWinRoyalFlush" file="/home/juli22/dbwebb-kurser/mvc/me/report/tests/ProjectEvaluator/CheckFullHandTrait2Test.php" line="37" class="App\ProjectEvaluator\CheckFullHandTrait2Test" classname="App.ProjectEvaluator.CheckFullHandTrait2Test" assertions="1" time="0.001013"/>
        <testcase name="testCheckHandForWinStraightFlush" file="/home/juli22/dbwebb-kurser/mvc/me/report/tests/ProjectEvaluator/CheckFullHandTrait2Test.php" line="49" class="App\ProjectEvaluator\CheckFullHandTrait2Test" classname="App.ProjectEvaluator.CheckFullHandTrait2Test" assertions="1" time="0.001083"/>
        <testcase name="testCheckHandForWinFourOfAKind" file="/home/juli22/dbwebb-kurser/mvc/me/report/tests/ProjectEvaluator/CheckFullHandTrait2Test.php" line="61" class="App\ProjectEvaluator\CheckFullHandTrait2Test" classname="App.ProjectEvaluator.CheckFullHandTrait2Test" assertions="1" time="0.001116"/>
        <testcase name="testCheckHandForWinFullHouse" file="/home/juli22/dbwebb-kurser/mvc/me/report/tests/ProjectEvaluator/CheckFullHandTrait2Test.php" line="73" class="App\ProjectEvaluator\CheckFullHandTrait2Test" classname="App.ProjectEvaluator.CheckFullHandTrait2Test" assertions="1" time="0.001178"/>
        <testcase name="testCheckHandForWinFlush" file="/home/juli22/dbwebb-kurser/mvc/me/report/tests/ProjectEvaluator/CheckFullHandTrait2Test.php" line="85" class="App\ProjectEvaluator\CheckFullHandTrait2Test" classname="App.ProjectEvaluator.CheckFullHandTrait2Test" assertions="1" time="0.001601"/>
        <testcase name="testCheckHandForWinStraight" file="/home/juli22/dbwebb-kurser/mvc/me/report/tests/ProjectEvaluator/CheckFullHandTrait2Test.php" line="97" class="App\ProjectEvaluator\CheckFullHandTrait2Test" classname="App.ProjectEvaluator.CheckFullHandTrait2Test" assertions="1" time="0.001393"/>
        <testcase name="testCheckHandForWinThreeOfAKind" file="/home/juli22/dbwebb-kurser/mvc/me/report/tests/ProjectEvaluator/CheckFullHandTrait2Test.php" line="109" class="App\ProjectEvaluator\CheckFullHandTrait2Test" classname="App.ProjectEvaluator.CheckFullHandTrait2Test" assertions="1" time="0.001387"/>
        <testcase name="testCheckHandForWinTwoPairs" file="/home/juli22/dbwebb-kurser/mvc/me/report/tests/ProjectEvaluator/CheckFullHandTrait2Test.php" line="121" class="App\ProjectEvaluator\CheckFullHandTrait2Test" classname="App.ProjectEvaluator.CheckFullHandTrait2Test" assertions="1" time="0.001469"/>
        <testcase name="testCheckHandForWinOnePair" file="/home/juli22/dbwebb-kurser/mvc/me/report/tests/ProjectEvaluator/CheckFullHandTrait2Test.php" line="133" class="App\ProjectEvaluator\CheckFullHandTrait2Test" classname="App.ProjectEvaluator.CheckFullHandTrait2Test" assertions="1" time="0.001488"/>
        <testcase name="testCheckHandForWinNone" file="/home/juli22/dbwebb-kurser/mvc/me/report/tests/ProjectEvaluator/CheckFullHandTrait2Test.php" line="145" class="App\ProjectEvaluator\CheckFullHandTrait2Test" classname="App.ProjectEvaluator.CheckFullHandTrait2Test" assertions="1" time="0.001464"/>
      </testsuite>
      <testsuite name="App\ProjectEvaluator\CheckFullHandTraitTest" file="/home/juli22/dbwebb-kurser/mvc/me/report/tests/ProjectEvaluator/CheckFullHandTraitTest.php" tests="3" assertions="44" errors="0" failures="0" skipped="0" time="0.004932">
        <testcase name="testCheckHandForWin" file="/home/juli22/dbwebb-kurser/mvc/me/report/tests/ProjectEvaluator/CheckFullHandTraitTest.php" line="49" class="App\ProjectEvaluator\CheckFullHandTraitTest" classname="App.ProjectEvaluator.CheckFullHandTraitTest" assertions="11" time="0.001384"/>
        <testcase name="testCheckHandForWin2" file="/home/juli22/dbwebb-kurser/mvc/me/report/tests/ProjectEvaluator/CheckFullHandTraitTest.php" line="66" class="App\ProjectEvaluator\CheckFullHandTraitTest" classname="App.ProjectEvaluator.CheckFullHandTraitTest" assertions="14" time="0.001606"/>
        <testcase name="testCheckHandForWin3" file="/home/juli22/dbwebb-kurser/mvc/me/report/tests/ProjectEvaluator/CheckFullHandTraitTest.php" line="110" class="App\ProjectEvaluator\CheckFullHandTraitTest" classname="App.ProjectEvaluator.CheckFullHandTraitTest" assertions="19" time="0.001942"/>
      </testsuite>
      <testsuite name="App\ProjectEvaluator\CheckWithCardTraitPt2Test" file="/home/juli22/dbwebb-kurser/mvc/me/report/tests/ProjectEvaluator/CheckWithCardTraitPt2Test.php" tests="4" assertions="4" errors="0" failures="0" skipped="0" time="0.006980">
        <testcase name="testHandRuleWithNotOk" file="/home/juli22/dbwebb-kurser/mvc/me/report/tests/ProjectEvaluator/CheckWithCardTraitPt2Test.php" line="35" class="App\ProjectEvaluator\CheckWithCardTraitPt2Test" classname="App.ProjectEvaluator.CheckWithCardTraitPt2Test" assertions="1" time="0.001025"/>
        <testcase name="testHandRuleWithOk" file="/home/juli22/dbwebb-kurser/mvc/me/report/tests/ProjectEvaluator/CheckWithCardTraitPt2Test.php" line="52" class="App\ProjectEvaluator\CheckWithCardTraitPt2Test" classname="App.ProjectEvaluator.CheckWithCardTraitPt2Test" assertions="1" time="0.002467"/>
        <testcase name="testHandRuleWithOk2" file="/home/juli22/dbwebb-kurser/mvc/me/report/tests/ProjectEvaluator/CheckWithCardTraitPt2Test.php" line="69" class="App\ProjectEvaluator\CheckWithCardTraitPt2Test" classname="App.ProjectEvaluator.CheckWithCardTraitPt2Test" assertions="1" time="0.002280"/>
        <testcase name="testHandRuleWithOk3" file="/home/juli22/dbwebb-kurser/mvc/me/report/tests/ProjectEvaluator/CheckWithCardTraitPt2Test.php" line="84" class="App\ProjectEvaluator\CheckWithCardTraitPt2Test" classname="App.ProjectEvaluator.CheckWithCardTraitPt2Test" assertions="1" time="0.001208"/>
      </testsuite>
      <testsuite name="App\ProjectEvaluator\CheckWithCardTraitTest" file="/home/juli22/dbwebb-kurser/mvc/me/report/tests/ProjectEvaluator/CheckWithCardTraitTest.php" tests="4" assertions="4" errors="0" failures="0" skipped="0" time="0.004079">
        <testcase name="testCheckSingleRuleWithNotOk" file="/home/juli22/dbwebb-kurser/mvc/me/report/tests/ProjectEvaluator/CheckWithCardTraitTest.php" line="15" class="App\ProjectEvaluator\CheckWithCardTraitTest" classname="App.ProjectEvaluator.CheckWithCardTraitTest" assertions="1" time="0.000842"/>
        <testcase name="testCheckSingleRuleWithOk" file="/home/juli22/dbwebb-kurser/mvc/me/report/tests/ProjectEvaluator/CheckWithCardTraitTest.php" line="33" class="App\ProjectEvaluator\CheckWithCardTraitTest" classname="App.ProjectEvaluator.CheckWithCardTraitTest" assertions="1" time="0.001099"/>
        <testcase name="testCheckSingleRuleWithNotOk2" file="/home/juli22/dbwebb-kurser/mvc/me/report/tests/ProjectEvaluator/CheckWithCardTraitTest.php" line="51" class="App\ProjectEvaluator\CheckWithCardTraitTest" classname="App.ProjectEvaluator.CheckWithCardTraitTest" assertions="1" time="0.000911"/>
        <testcase name="testCheckSingleRuleWithOk2" file="/home/juli22/dbwebb-kurser/mvc/me/report/tests/ProjectEvaluator/CheckWithCardTraitTest.php" line="69" class="App\ProjectEvaluator\CheckWithCardTraitTest" classname="App.ProjectEvaluator.CheckWithCardTraitTest" assertions="1" time="0.001227"/>
      </testsuite>
      <testsuite name="App\ProjectEvaluator\CheckWithoutCardTraitPt2Test" file="/home/juli22/dbwebb-kurser/mvc/me/report/tests/ProjectEvaluator/CheckWithoutCardTraitPt2Test.php" tests="4" assertions="4" errors="0" failures="0" skipped="0" time="0.005746">
        <testcase name="testHandRuleWithoutNotOk" file="/home/juli22/dbwebb-kurser/mvc/me/report/tests/ProjectEvaluator/CheckWithoutCardTraitPt2Test.php" line="35" class="App\ProjectEvaluator\CheckWithoutCardTraitPt2Test" classname="App.ProjectEvaluator.CheckWithoutCardTraitPt2Test" assertions="1" time="0.000948"/>
        <testcase name="testHandRuleWithoutOk" file="/home/juli22/dbwebb-kurser/mvc/me/report/tests/ProjectEvaluator/CheckWithoutCardTraitPt2Test.php" line="48" class="App\ProjectEvaluator\CheckWithoutCardTraitPt2Test" classname="App.ProjectEvaluator.CheckWithoutCardTraitPt2Test" assertions="1" time="0.002126"/>
        <testcase name="testHandRuleWithoutOk2" file="/home/juli22/dbwebb-kurser/mvc/me/report/tests/ProjectEvaluator/CheckWithoutCardTraitPt2Test.php" line="61" class="App\ProjectEvaluator\CheckWithoutCardTraitPt2Test" classname="App.ProjectEvaluator.CheckWithoutCardTraitPt2Test" assertions="1" time="0.001105"/>
        <testcase name="testHandRuleWithoutOk3" file="/home/juli22/dbwebb-kurser/mvc/me/report/tests/ProjectEvaluator/CheckWithoutCardTraitPt2Test.php" line="71" class="App\ProjectEvaluator\CheckWithoutCardTraitPt2Test" classname="App.ProjectEvaluator.CheckWithoutCardTraitPt2Test" assertions="1" time="0.001567"/>
      </testsuite>
      <testsuite name="App\ProjectEvaluator\CheckWithoutCardTraitTest" file="/home/juli22/dbwebb-kurser/mvc/me/report/tests/ProjectEvaluator/CheckWithoutCardTraitTest.php" tests="5" assertions="5" errors="0" failures="0" skipped="0" time="0.005252">
        <testcase name="testCheckSingleRuleWithoutNotOk" file="/home/juli22/dbwebb-kurser/mvc/me/report/tests/ProjectEvaluator/CheckWithoutCardTraitTest.php" line="15" class="App\ProjectEvaluator\CheckWithoutCardTraitTest" classname="App.ProjectEvaluator.CheckWithoutCardTraitTest" assertions="1" time="0.001020"/>
        <testcase name="testCheckSingleRuleWithoutOk" file="/home/juli22/dbwebb-kurser/mvc/me/report/tests/ProjectEvaluator/CheckWithoutCardTraitTest.php" line="29" class="App\ProjectEvaluator\CheckWithoutCardTraitTest" classname="App.ProjectEvaluator.CheckWithoutCardTraitTest" assertions="1" time="0.000945"/>
        <testcase name="testCheckSingleRuleWithoutNotOk2" file="/home/juli22/dbwebb-kurser/mvc/me/report/tests/ProjectEvaluator/CheckWithoutCardTraitTest.php" line="44" class="App\ProjectEvaluator\CheckWithoutCardTraitTest" classname="App.ProjectEvaluator.CheckWithoutCardTraitTest" assertions="1" time="0.001174"/>
        <testcase name="testCheckSingleRuleWithoutOk2" file="/home/juli22/dbwebb-kurser/mvc/me/report/tests/ProjectEvaluator/CheckWithoutCardTraitTest.php" line="59" class="App\ProjectEvaluator\CheckWithoutCardTraitTest" classname="App.ProjectEvaluator.CheckWithoutCardTraitTest" assertions="1" time="0.001062"/>
        <testcase name="testCheckSingleRuleWithoutOk3" file="/home/juli22/dbwebb-kurser/mvc/me/report/tests/ProjectEvaluator/CheckWithoutCardTraitTest.php" line="74" class="App\ProjectEvaluator\CheckWithoutCardTraitTest" classname="App.ProjectEvaluator.CheckWithoutCardTraitTest" assertions="1" time="0.001051"/>
      </testsuite>
      <testsuite name="App\ProjectEvaluator\EmptyCellTraitTest" file="/home/juli22/dbwebb-kurser/mvc/me/report/tests/ProjectEvaluator/EmptyCellTraitTest.php" tests="4" assertions="4" errors="0" failures="0" skipped="0" time="0.003810">
        <testcase name="testOneEmptyNotOk" file="/home/juli22/dbwebb-kurser/mvc/me/report/tests/ProjectEvaluator/EmptyCellTraitTest.php" line="12" class="App\ProjectEvaluator\EmptyCellTraitTest" classname="App.ProjectEvaluator.EmptyCellTraitTest" assertions="1" time="0.000992"/>
        <testcase name="testOneEmptyOk" file="/home/juli22/dbwebb-kurser/mvc/me/report/tests/ProjectEvaluator/EmptyCellTraitTest.php" line="21" class="App\ProjectEvaluator\EmptyCellTraitTest" classname="App.ProjectEvaluator.EmptyCellTraitTest" assertions="1" time="0.000951"/>
        <testcase name="testOneEmptyOk2" file="/home/juli22/dbwebb-kurser/mvc/me/report/tests/ProjectEvaluator/EmptyCellTraitTest.php" line="40" class="App\ProjectEvaluator\EmptyCellTraitTest" classname="App.ProjectEvaluator.EmptyCellTraitTest" assertions="1" time="0.000884"/>
        <testcase name="testOneEmptyOk3" file="/home/juli22/dbwebb-kurser/mvc/me/report/tests/ProjectEvaluator/EmptyCellTraitTest.php" line="61" class="App\ProjectEvaluator\EmptyCellTraitTest" classname="App.ProjectEvaluator.EmptyCellTraitTest" assertions="1" time="0.000983"/>
      </testsuite>
      <testsuite name="App\ProjectEvaluator\EmptyCellsTraitTest" file="/home/juli22/dbwebb-kurser/mvc/me/report/tests/ProjectEvaluator/EmptyCellsTraitTest.php" tests="5" assertions="5" errors="0" failures="0" skipped="0" time="0.003780">
        <testcase name="testSinglehand" file="/home/juli22/dbwebb-kurser/mvc/me/report/tests/ProjectEvaluator/EmptyCellsTraitTest.php" line="11" class="App\ProjectEvaluator\EmptyCellsTraitTest" classname="App.ProjectEvaluator.EmptyCellsTraitTest" assertions="1" time="0.000756"/>
        <testcase name="testSingleHand2" file="/home/juli22/dbwebb-kurser/mvc/me/report/tests/ProjectEvaluator/EmptyCellsTraitTest.php" line="28" class="App\ProjectEvaluator\EmptyCellsTraitTest" classname="App.ProjectEvaluator.EmptyCellsTraitTest" assertions="1" time="0.000715"/>
        <testcase name="testSingleHand3" file="/home/juli22/dbwebb-kurser/mvc/me/report/tests/ProjectEvaluator/EmptyCellsTraitTest.php" line="45" class="App\ProjectEvaluator\EmptyCellsTraitTest" classname="App.ProjectEvaluator.EmptyCellsTraitTest" assertions="1" time="0.000733"/>
        <testcase name="testSingleHand4" file="/home/juli22/dbwebb-kurser/mvc/me/report/tests/ProjectEvaluator/EmptyCellsTraitTest.php" line="62" class="App\ProjectEvaluator\EmptyCellsTraitTest" classname="App.ProjectEvaluator.EmptyCellsTraitTest" assertions="1" time="0.000811"/>
        <testcase name="testSingleHand5" file="/home/juli22/dbwebb-kurser/mvc/me/report/tests/ProjectEvaluator/EmptyCellsTraitTest.php" line="79" class="App\ProjectEvaluator\EmptyCellsTraitTest" classname="App.ProjectEvaluator.EmptyCellsTraitTest" assertions="1" time="0.000764"/>
      </testsuite>
      <testsuite name="App\ProjectEvaluator\FinalResultsTraitTest" file="/home/juli22/dbwebb-kurser/mvc/me/report/tests/ProjectEvaluator/FinalResultsTraitTest.php" tests="2" assertions="2" errors="0" failures="0" skipped="0" time="0.009745">
        <testcase name="testResultsOneDirection" file="/home/juli22/dbwebb-kurser/mvc/me/report/tests/ProjectEvaluator/FinalResultsTraitTest.php" line="37" class="App\ProjectEvaluator\FinalResultsTraitTest" classname="App.ProjectEvaluator.FinalResultsTraitTest" assertions="1" time="0.002957"/>
        <testcase name="testResults" file="/home/juli22/dbwebb-kurser/mvc/me/report/tests/ProjectEvaluator/FinalResultsTraitTest.php" line="106" class="App\ProjectEvaluator\FinalResultsTraitTest" classname="App.ProjectEvaluator.FinalResultsTraitTest" assertions="1" time="0.006788"/>
      </testsuite>
      <testsuite name="App\ProjectEvaluator\PointsAndRuleNameTrait2Test" file="/home/juli22/dbwebb-kurser/mvc/me/report/tests/ProjectEvaluator/PointsAndRuleNameTrait2Test.php" tests="2" assertions="2" errors="0" failures="0" skipped="0" time="0.002211">
        <testcase name="testPointsAndNameEmptyHandNotOk" file="/home/juli22/dbwebb-kurser/mvc/me/report/tests/ProjectEvaluator/PointsAndRuleNameTrait2Test.php" line="13" class="App\ProjectEvaluator\PointsAndRuleNameTrait2Test" classname="App.ProjectEvaluator.PointsAndRuleNameTrait2Test" assertions="1" time="0.001069"/>
        <testcase name="testPointsAndNameEmptyHandOk" file="/home/juli22/dbwebb-kurser/mvc/me/report/tests/ProjectEvaluator/PointsAndRuleNameTrait2Test.php" line="27" class="App\ProjectEvaluator\PointsAndRuleNameTrait2Test" classname="App.ProjectEvaluator.PointsAndRuleNameTrait2Test" assertions="1" time="0.001142"/>
      </testsuite>
      <testsuite name="App\ProjectEvaluator\PointsAndRuleNameTraitTest" file="/home/juli22/dbwebb-kurser/mvc/me/report/tests/ProjectEvaluator/PointsAndRuleNameTraitTest.php" tests="5" assertions="5" errors="0" failures="0" skipped="0" time="0.005177">
        <testcase name="testPointsAndNameEmptyHandNotOk" file="/home/juli22/dbwebb-kurser/mvc/me/report/tests/ProjectEvaluator/PointsAndRuleNameTraitTest.php" line="15" class="App\ProjectEvaluator\PointsAndRuleNameTraitTest" classname="App.ProjectEvaluator.PointsAndRuleNameTraitTest" assertions="1" time="0.000788"/>
        <testcase name="testPointsAndNameEmptyHandOk" file="/home/juli22/dbwebb-kurser/mvc/me/report/tests/ProjectEvaluator/PointsAndRuleNameTraitTest.php" line="30" class="App\ProjectEvaluator\PointsAndRuleNameTraitTest" classname="App.ProjectEvaluator.PointsAndRuleNameTraitTest" assertions="1" time="0.001283"/>
        <testcase name="testPointsAndNameEmptyHandOk2" file="/home/juli22/dbwebb-kurser/mvc/me/report/tests/ProjectEvaluator/PointsAndRuleNameTraitTest.php" line="45" class="App\ProjectEvaluator\PointsAndRuleNameTraitTest" classname="App.ProjectEvaluator.PointsAndRuleNameTraitTest" assertions="1" time="0.001226"/>
        <testcase name="testPointsAndNameEmptyHandNotOk2" file="/home/juli22/dbwebb-kurser/mvc/me/report/tests/ProjectEvaluator/PointsAndRuleNameTraitTest.php" line="60" class="App\ProjectEvaluator\PointsAndRuleNameTraitTest" classname="App.ProjectEvaluator.PointsAndRuleNameTraitTest" assertions="1" time="0.000845"/>
        <testcase name="testPointsAndNameEmptyHandOk3" file="/home/juli22/dbwebb-kurser/mvc/me/report/tests/ProjectEvaluator/PointsAndRuleNameTraitTest.php" line="75" class="App\ProjectEvaluator\PointsAndRuleNameTraitTest" classname="App.ProjectEvaluator.PointsAndRuleNameTraitTest" assertions="1" time="0.001036"/>
      </testsuite>
      <testsuite name="App\ProjectEvaluator\RowsToColsTraitTest" file="/home/juli22/dbwebb-kurser/mvc/me/report/tests/ProjectEvaluator/RowsToColsTraitTest.php" tests="2" assertions="3" errors="0" failures="0" skipped="0" time="0.001797">
        <testcase name="testGetCols" file="/home/juli22/dbwebb-kurser/mvc/me/report/tests/ProjectEvaluator/RowsToColsTraitTest.php" line="11" class="App\ProjectEvaluator\RowsToColsTraitTest" classname="App.ProjectEvaluator.RowsToColsTraitTest" assertions="2" time="0.000793"/>
        <testcase name="testGetCols2" file="/home/juli22/dbwebb-kurser/mvc/me/report/tests/ProjectEvaluator/RowsToColsTraitTest.php" line="29" class="App\ProjectEvaluator\RowsToColsTraitTest" classname="App.ProjectEvaluator.RowsToColsTraitTest" assertions="1" time="0.001004"/>
      </testsuite>
      <testsuite name="App\ProjectEvaluator\RuleEvaluatorTest" file="/home/juli22/dbwebb-kurser/mvc/me/report/tests/ProjectEvaluator/RuleEvaluatorTest.php" tests="1" assertions="1" errors="0" failures="0" skipped="0" time="0.000960">
        <testcase name="testCreateObject" file="/home/juli22/dbwebb-kurser/mvc/me/report/tests/ProjectEvaluator/RuleEvaluatorTest.php" line="14" class="App\ProjectEvaluator\RuleEvaluatorTest" classname="App.ProjectEvaluator.RuleEvaluatorTest" assertions="1" time="0.000960"/>
      </testsuite>
      <testsuite name="App\ProjectEvaluator\RuleNameTrait2Test" file="/home/juli22/dbwebb-kurser/mvc/me/report/tests/ProjectEvaluator/RuleNameTrait2Test.php" tests="2" assertions="2" errors="0" failures="0" skipped="0" time="0.001968">
        <testcase name="testPointsAndNameEmptyHandNotOk" file="/home/juli22/dbwebb-kurser/mvc/me/report/tests/ProjectEvaluator/RuleNameTrait2Test.php" line="12" class="App\ProjectEvaluator\RuleNameTrait2Test" classname="App.ProjectEvaluator.RuleNameTrait2Test" assertions="1" time="0.001005"/>
        <testcase name="testPointsAndNameEmptyHandOk" file="/home/juli22/dbwebb-kurser/mvc/me/report/tests/ProjectEvaluator/RuleNameTrait2Test.php" line="22" class="App\ProjectEvaluator\RuleNameTrait2Test" classname="App.ProjectEvaluator.RuleNameTrait2Test" assertions="1" time="0.000963"/>
      </testsuite>
      <testsuite name="App\ProjectEvaluator\RuleNameTraitTest" file="/home/juli22/dbwebb-kurser/mvc/me/report/tests/ProjectEvaluator/RuleNameTraitTest.php" tests="5" assertions="5" errors="0" failures="0" skipped="0" time="0.005478">
        <testcase name="testPointsAndNameEmptyHandNotOk" file="/home/juli22/dbwebb-kurser/mvc/me/report/tests/ProjectEvaluator/RuleNameTraitTest.php" line="15" class="App\ProjectEvaluator\RuleNameTraitTest" classname="App.ProjectEvaluator.RuleNameTraitTest" assertions="1" time="0.000743"/>
        <testcase name="testPointsAndNameEmptyHandOk" file="/home/juli22/dbwebb-kurser/mvc/me/report/tests/ProjectEvaluator/RuleNameTraitTest.php" line="26" class="App\ProjectEvaluator\RuleNameTraitTest" classname="App.ProjectEvaluator.RuleNameTraitTest" assertions="1" time="0.001157"/>
        <testcase name="testPointsAndNameEmptyHandOk2" file="/home/juli22/dbwebb-kurser/mvc/me/report/tests/ProjectEvaluator/RuleNameTraitTest.php" line="38" class="App\ProjectEvaluator\RuleNameTraitTest" classname="App.ProjectEvaluator.RuleNameTraitTest" assertions="1" time="0.001139"/>
        <testcase name="testPointsAndNameEmptyHandNotOk2" file="/home/juli22/dbwebb-kurser/mvc/me/report/tests/ProjectEvaluator/RuleNameTraitTest.php" line="49" class="App\ProjectEvaluator\RuleNameTraitTest" classname="App.ProjectEvaluator.RuleNameTraitTest" assertions="1" time="0.000825"/>
        <testcase name="testPointsAndNameEmptyHandOk3" file="/home/juli22/dbwebb-kurser/mvc/me/report/tests/ProjectEvaluator/RuleNameTraitTest.php" line="60" class="App\ProjectEvaluator\RuleNameTraitTest" classname="App.ProjectEvaluator.RuleNameTraitTest" assertions="1" time="0.001615"/>
      </testsuite>
      <testsuite name="App\ProjectEvaluator\SlotTraitTest" file="/home/juli22/dbwebb-kurser/mvc/me/report/tests/ProjectEvaluator/SlotTraitTest.php" tests="3" assertions="3" errors="0" failures="0" skipped="0" time="0.002646">
        <testcase name="testBestSlot" file="/home/juli22/dbwebb-kurser/mvc/me/report/tests/ProjectEvaluator/SlotTraitTest.php" line="13" class="App\ProjectEvaluator\SlotTraitTest" classname="App.ProjectEvaluator.SlotTraitTest" assertions="1" time="0.000904"/>
        <testcase name="testBestSlotInverted" file="/home/juli22/dbwebb-kurser/mvc/me/report/tests/ProjectEvaluator/SlotTraitTest.php" line="102" class="App\ProjectEvaluator\SlotTraitTest" classname="App.ProjectEvaluator.SlotTraitTest" assertions="1" time="0.000883"/>
        <testcase name="testBestSlot2" file="/home/juli22/dbwebb-kurser/mvc/me/report/tests/ProjectEvaluator/SlotTraitTest.php" line="191" class="App\ProjectEvaluator\SlotTraitTest" classname="App.ProjectEvaluator.SlotTraitTest" assertions="1" time="0.000859"/>
      </testsuite>
      <testsuite name="App\ProjectEvaluator\SuggestionTraitPt2Test" file="/home/juli22/dbwebb-kurser/mvc/me/report/tests/ProjectEvaluator/SuggestionTraitPt2Test.php" tests="1" assertions="1" errors="0" failures="0" skipped="0" time="0.018758">
        <testcase name="testSuggestion" file="/home/juli22/dbwebb-kurser/mvc/me/report/tests/ProjectEvaluator/SuggestionTraitPt2Test.php" line="35" class="App\ProjectEvaluator\SuggestionTraitPt2Test" classname="App.ProjectEvaluator.SuggestionTraitPt2Test" assertions="1" time="0.018758"/>
      </testsuite>
      <testsuite name="App\ProjectEvaluator\SuggestionTraitTest" file="/home/juli22/dbwebb-kurser/mvc/me/report/tests/ProjectEvaluator/SuggestionTraitTest.php" tests="6" assertions="6" errors="0" failures="0" skipped="0" time="0.088986">
        <testcase name="testSuggestion" file="/home/juli22/dbwebb-kurser/mvc/me/report/tests/ProjectEvaluator/SuggestionTraitTest.php" line="35" class="App\ProjectEvaluator\SuggestionTraitTest" classname="App.ProjectEvaluator.SuggestionTraitTest" assertions="1" time="0.025333"/>
        <testcase name="testSuggestion2" file="/home/juli22/dbwebb-kurser/mvc/me/report/tests/ProjectEvaluator/SuggestionTraitTest.php" line="72" class="App\ProjectEvaluator\SuggestionTraitTest" classname="App.ProjectEvaluator.SuggestionTraitTest" assertions="1" time="0.019770"/>
        <testcase name="testSuggestion3" file="/home/juli22/dbwebb-kurser/mvc/me/report/tests/ProjectEvaluator/SuggestionTraitTest.php" line="111" class="App\ProjectEvaluator\SuggestionTraitTest" classname="App.ProjectEvaluator.SuggestionTraitTest" assertions="1" time="0.001860"/>
        <testcase name="testSuggestion4" file="/home/juli22/dbwebb-kurser/mvc/me/report/tests/ProjectEvaluator/SuggestionTraitTest.php" line="187" class="App\ProjectEvaluator\SuggestionTraitTest" classname="App.ProjectEvaluator.SuggestionTraitTest" assertions="1" time="0.019294"/>
        <testcase name="testSuggestion5" file="/home/juli22/dbwebb-kurser/mvc/me/report/tests/ProjectEvaluator/SuggestionTraitTest.php" line="273" class="App\ProjectEvaluator\SuggestionTraitTest" classname="App.ProjectEvaluator.SuggestionTraitTest" assertions="1" time="0.018610"/>
        <testcase name="testSuggestion6" file="/home/juli22/dbwebb-kurser/mvc/me/report/tests/ProjectEvaluator/SuggestionTraitTest.php" line="321" class="App\ProjectEvaluator\SuggestionTraitTest" classname="App.ProjectEvaluator.SuggestionTraitTest" assertions="1" time="0.004120"/>
      </testsuite>
      <testsuite name="App\ProjectGrid\AddCardTraitTest" file="/home/juli22/dbwebb-kurser/mvc/me/report/tests/ProjectGrid/AddCardTraitTest.php" tests="1" assertions="1" errors="0" failures="0" skipped="0" time="0.000790">
        <testcase name="testAddCard" file="/home/juli22/dbwebb-kurser/mvc/me/report/tests/ProjectGrid/AddCardTraitTest.php" line="12" class="App\ProjectGrid\AddCardTraitTest" classname="App.ProjectGrid.AddCardTraitTest" assertions="1" time="0.000790"/>
      </testsuite>
      <testsuite name="App\ProjectGrid\CardCountTraitTest" file="/home/juli22/dbwebb-kurser/mvc/me/report/tests/ProjectGrid/CardCountTraitTest.php" tests="1" assertions="1" errors="0" failures="0" skipped="0" time="0.000761">
        <testcase name="testCardCount" file="/home/juli22/dbwebb-kurser/mvc/me/report/tests/ProjectGrid/CardCountTraitTest.php" line="11" class="App\ProjectGrid\CardCountTraitTest" classname="App.ProjectGrid.CardCountTraitTest" assertions="1" time="0.000761"/>
      </testsuite>
      <testsuite name="App\ProjectGrid\GraphicTraitTest" file="/home/juli22/dbwebb-kurser/mvc/me/report/tests/ProjectGrid/GraphicTraitTest.php" tests="1" assertions="1" errors="0" failures="0" skipped="0" time="0.001624">
        <testcase name="testGraphic" file="/home/juli22/dbwebb-kurser/mvc/me/report/tests/ProjectGrid/GraphicTraitTest.php" line="28" class="App\ProjectGrid\GraphicTraitTest" classname="App.ProjectGrid.GraphicTraitTest" assertions="1" time="0.001624"/>
      </testsuite>
      <testsuite name="App\ProjectGrid\RemoveCardTraitTest" file="/home/juli22/dbwebb-kurser/mvc/me/report/tests/ProjectGrid/RemoveCardTraitTest.php" tests="1" assertions="3" errors="0" failures="0" skipped="0" time="0.000804">
        <testcase name="testRemoveCard" file="/home/juli22/dbwebb-kurser/mvc/me/report/tests/ProjectGrid/RemoveCardTraitTest.php" line="11" class="App\ProjectGrid\RemoveCardTraitTest" classname="App.ProjectGrid.RemoveCardTraitTest" assertions="3" time="0.000804"/>
      </testsuite>
      <testsuite name="App\ProjectGrid\RowsTraitTest" file="/home/juli22/dbwebb-kurser/mvc/me/report/tests/ProjectGrid/RowsTraitTest.php" tests="2" assertions="2" errors="0" failures="0" skipped="0" time="0.001399">
        <testcase name="testGetRows" file="/home/juli22/dbwebb-kurser/mvc/me/report/tests/ProjectGrid/RowsTraitTest.php" line="11" class="App\ProjectGrid\RowsTraitTest" classname="App.ProjectGrid.RowsTraitTest" assertions="1" time="0.000697"/>
        <testcase name="testSetGrid" file="/home/juli22/dbwebb-kurser/mvc/me/report/tests/ProjectGrid/RowsTraitTest.php" line="21" class="App\ProjectGrid\RowsTraitTest" classname="App.ProjectGrid.RowsTraitTest" assertions="1" time="0.000702"/>
      </testsuite>
      <testsuite name="App\ProjectGrid\SlotGraphicTraitTest" file="/home/juli22/dbwebb-kurser/mvc/me/report/tests/ProjectGrid/SlotGraphicTraitTest.php" tests="1" assertions="4" errors="0" failures="0" skipped="0" time="0.000766">
        <testcase name="testSlotGraphic" file="/home/juli22/dbwebb-kurser/mvc/me/report/tests/ProjectGrid/SlotGraphicTraitTest.php" line="11" class="App\ProjectGrid\SlotGraphicTraitTest" classname="App.ProjectGrid.SlotGraphicTraitTest" assertions="4" time="0.000766"/>
      </testsuite>
      <testsuite name="App\ProjectRules\AdditionalValueTraitTest" file="/home/juli22/dbwebb-kurser/mvc/me/report/tests/ProjectRules/AdditionalValueTraitTest.php" tests="1" assertions="2" errors="0" failures="0" skipped="0" time="0.000723">
        <testcase name="testGetAdditionalValue" file="/home/juli22/dbwebb-kurser/mvc/me/report/tests/ProjectRules/AdditionalValueTraitTest.php" line="11" class="App\ProjectRules\AdditionalValueTraitTest" classname="App.ProjectRules.AdditionalValueTraitTest" assertions="2" time="0.000723"/>
      </testsuite>
      <testsuite name="App\ProjectRules\CountByRankTraitTest" file="/home/juli22/dbwebb-kurser/mvc/me/report/tests/ProjectRules/CountByRankTraitTest.php" tests="2" assertions="2" errors="0" failures="0" skipped="0" time="0.001684">
        <testcase name="testCountByRank" file="/home/juli22/dbwebb-kurser/mvc/me/report/tests/ProjectRules/CountByRankTraitTest.php" line="11" class="App\ProjectRules\CountByRankTraitTest" classname="App.ProjectRules.CountByRankTraitTest" assertions="1" time="0.000781"/>
        <testcase name="testCountByRank2" file="/home/juli22/dbwebb-kurser/mvc/me/report/tests/ProjectRules/CountByRankTraitTest.php" line="18" class="App\ProjectRules\CountByRankTraitTest" classname="App.ProjectRules.CountByRankTraitTest" assertions="1" time="0.000903"/>
      </testsuite>
      <testsuite name="App\ProjectRules\CountBySuitTraitTest" file="/home/juli22/dbwebb-kurser/mvc/me/report/tests/ProjectRules/CountBySuitTraitTest.php" tests="2" assertions="2" errors="0" failures="0" skipped="0" time="0.001731">
        <testcase name="testCountBySuit" file="/home/juli22/dbwebb-kurser/mvc/me/report/tests/ProjectRules/CountBySuitTraitTest.php" line="11" class="App\ProjectRules\CountBySuitTraitTest" classname="App.ProjectRules.CountBySuitTraitTest" assertions="1" time="0.000842"/>
        <testcase name="testCountBySuit2" file="/home/juli22/dbwebb-kurser/mvc/me/report/tests/ProjectRules/CountBySuitTraitTest.php" line="18" class="App\ProjectRules\CountBySuitTraitTest" classname="App.ProjectRules.CountBySuitTraitTest" assertions="1" time="0.000890"/>
      </testsuite>
      <testsuite name="App\ProjectRules\CountSuitAndRankTraitTest" file="/home/juli22/dbwebb-kurser/mvc/me/report/tests/ProjectRules/CountSuitAndRankTraitTest.php" tests="2" assertions="2" errors="0" failures="0" skipped="0" time="0.001726">
        <testcase name="testCountSuitAndRank" file="/home/juli22/dbwebb-kurser/mvc/me/report/tests/ProjectRules/CountSuitAndRankTraitTest.php" line="11" class="App\ProjectRules\CountSuitAndRankTraitTest" classname="App.ProjectRules.CountSuitAndRankTraitTest" assertions="1" time="0.000734"/>
        <testcase name="testCountSuitAndRank2" file="/home/juli22/dbwebb-kurser/mvc/me/report/tests/ProjectRules/CountSuitAndRankTraitTest.php" line="22" class="App\ProjectRules\CountSuitAndRankTraitTest" classname="App.ProjectRules.CountSuitAndRankTraitTest" assertions="1" time="0.000992"/>
      </testsuite>
      <testsuite name="App\ProjectRules\FirstCheckTraitTest" file="/home/juli22/dbwebb-kurser/mvc/me/report/tests/ProjectRules/FirstCheckTraitTest.php" tests="2" assertions="8" errors="0" failures="0" skipped="0" time="0.001557">
        <testcase name="testPossibleWithCardOk" file="/home/juli22/dbwebb-kurser/mvc/me/report/tests/ProjectRules/FirstCheckTraitTest.php" line="34" class="App\ProjectRules\FirstCheckTraitTest" classname="App.ProjectRules.FirstCheckTraitTest" assertions="4" time="0.000785"/>
        <testcase name="testPossibleWithCardNotOk" file="/home/juli22/dbwebb-kurser/mvc/me/report/tests/ProjectRules/FirstCheckTraitTest.php" line="48" class="App\ProjectRules\FirstCheckTraitTest" classname="App.ProjectRules.FirstCheckTraitTest" assertions="4" time="0.000772"/>
      </testsuite>
      <testsuite name="App\ProjectRules\FlushTest" file="/home/juli22/dbwebb-kurser/mvc/me/report/tests/ProjectRules/FlushTest.php" tests="3" assertions="5" errors="0" failures="0" skipped="0" time="0.003004">
        <testcase name="testCreateObject" file="/home/juli22/dbwebb-kurser/mvc/me/report/tests/ProjectRules/FlushTest.php" line="9" class="App\ProjectRules\FlushTest" classname="App.ProjectRules.FlushTest" assertions="2" time="0.000846"/>
        <testcase name="testCheckNotOk" file="/home/juli22/dbwebb-kurser/mvc/me/report/tests/ProjectRules/FlushTest.php" line="22" class="App\ProjectRules\FlushTest" classname="App.ProjectRules.FlushTest" assertions="2" time="0.001307"/>
        <testcase name="testCheckOk" file="/home/juli22/dbwebb-kurser/mvc/me/report/tests/ProjectRules/FlushTest.php" line="34" class="App\ProjectRules\FlushTest" classname="App.ProjectRules.FlushTest" assertions="1" time="0.000852"/>
      </testsuite>
      <testsuite name="App\ProjectRules\FlushTrait2Test" file="/home/juli22/dbwebb-kurser/mvc/me/report/tests/ProjectRules/FlushTrait2Test.php" tests="2" assertions="2" errors="0" failures="0" skipped="0" time="0.001699">
        <testcase name="testPossibleDeckOnlyNotOk" file="/home/juli22/dbwebb-kurser/mvc/me/report/tests/ProjectRules/FlushTrait2Test.php" line="12" class="App\ProjectRules\FlushTrait2Test" classname="App.ProjectRules.FlushTrait2Test" assertions="1" time="0.000817"/>
        <testcase name="testPossibleDeckOnlyOk" file="/home/juli22/dbwebb-kurser/mvc/me/report/tests/ProjectRules/FlushTrait2Test.php" line="18" class="App\ProjectRules\FlushTrait2Test" classname="App.ProjectRules.FlushTrait2Test" assertions="1" time="0.000881"/>
      </testsuite>
      <testsuite name="App\ProjectRules\FlushTrait3Test" file="/home/juli22/dbwebb-kurser/mvc/me/report/tests/ProjectRules/FlushTrait3Test.php" tests="3" assertions="3" errors="0" failures="0" skipped="0" time="0.002332">
        <testcase name="testCheckInDeckNotOk2" file="/home/juli22/dbwebb-kurser/mvc/me/report/tests/ProjectRules/FlushTrait3Test.php" line="12" class="App\ProjectRules\FlushTrait3Test" classname="App.ProjectRules.FlushTrait3Test" assertions="1" time="0.000772"/>
        <testcase name="testCheckInDeckOk" file="/home/juli22/dbwebb-kurser/mvc/me/report/tests/ProjectRules/FlushTrait3Test.php" line="20" class="App\ProjectRules\FlushTrait3Test" classname="App.ProjectRules.FlushTrait3Test" assertions="1" time="0.000784"/>
        <testcase name="testCheckInDeckOk2" file="/home/juli22/dbwebb-kurser/mvc/me/report/tests/ProjectRules/FlushTrait3Test.php" line="28" class="App\ProjectRules\FlushTrait3Test" classname="App.ProjectRules.FlushTrait3Test" assertions="1" time="0.000776"/>
      </testsuite>
      <testsuite name="App\ProjectRules\FlushTraitPt2Test" file="/home/juli22/dbwebb-kurser/mvc/me/report/tests/ProjectRules/FlushTraitPt2Test.php" tests="4" assertions="4" errors="0" failures="0" skipped="0" time="0.003935">
        <testcase name="testPossibleWithoutCardNotOk" file="/home/juli22/dbwebb-kurser/mvc/me/report/tests/ProjectRules/FlushTraitPt2Test.php" line="13" class="App\ProjectRules\FlushTraitPt2Test" classname="App.ProjectRules.FlushTraitPt2Test" assertions="1" time="0.000780"/>
        <testcase name="testPossibleWithoutCardNotOk2" file="/home/juli22/dbwebb-kurser/mvc/me/report/tests/ProjectRules/FlushTraitPt2Test.php" line="22" class="App\ProjectRules\FlushTraitPt2Test" classname="App.ProjectRules.FlushTraitPt2Test" assertions="1" time="0.000822"/>
        <testcase name="testPossibleWithoutCardOk" file="/home/juli22/dbwebb-kurser/mvc/me/report/tests/ProjectRules/FlushTraitPt2Test.php" line="31" class="App\ProjectRules\FlushTraitPt2Test" classname="App.ProjectRules.FlushTraitPt2Test" assertions="1" time="0.001505"/>
        <testcase name="testPossibleWithoutCardOk2" file="/home/juli22/dbwebb-kurser/mvc/me/report/tests/ProjectRules/FlushTraitPt2Test.php" line="40" class="App\ProjectRules\FlushTraitPt2Test" classname="App.ProjectRules.FlushTraitPt2Test" assertions="1" time="0.000829"/>
      </testsuite>
      <testsuite name="App\ProjectRules\FlushTraitTest" file="/home/juli22/dbwebb-kurser/mvc/me/report/tests/ProjectRules/FlushTraitTest.php" tests="1" assertions="1" errors="0" failures="0" skipped="0" time="0.000767">
        <testcase name="testPossibleWithoutCard" file="/home/juli22/dbwebb-kurser/mvc/me/report/tests/ProjectRules/FlushTraitTest.php" line="13" class="App\ProjectRules\FlushTraitTest" classname="App.ProjectRules.FlushTraitTest" assertions="1" time="0.000767"/>
      </testsuite>
      <testsuite name="App\ProjectRules\FourOfAKindTest" file="/home/juli22/dbwebb-kurser/mvc/me/report/tests/ProjectRules/FourOfAKindTest.php" tests="4" assertions="4" errors="0" failures="0" skipped="0" time="0.003150">
        <testcase name="testScoredNotOk" file="/home/juli22/dbwebb-kurser/mvc/me/report/tests/ProjectRules/FourOfAKindTest.php" line="11" class="App\ProjectRules\FourOfAKindTest" classname="App.ProjectRules.FourOfAKindTest" assertions="1" time="0.000810"/>
        <testcase name="testScoredNotOk2" file="/home/juli22/dbwebb-kurser/mvc/me/report/tests/ProjectRules/FourOfAKindTest.php" line="19" class="App\ProjectRules\FourOfAKindTest" classname="App.ProjectRules.FourOfAKindTest" assertions="1" time="0.000785"/>
        <testcase name="testScoredNotOk3" file="/home/juli22/dbwebb-kurser/mvc/me/report/tests/ProjectRules/FourOfAKindTest.php" line="27" class="App\ProjectRules\FourOfAKindTest" classname="App.ProjectRules.FourOfAKindTest" assertions="1" time="0.000772"/>
        <testcase name="testScoredOk" file="/home/juli22/dbwebb-kurser/mvc/me/report/tests/ProjectRules/FourOfAKindTest.php" line="35" class="App\ProjectRules\FourOfAKindTest" classname="App.ProjectRules.FourOfAKindTest" assertions="1" time="0.000784"/>
      </testsuite>
      <testsuite name="App\ProjectRules\FullHouseScoredTraitTest" file="/home/juli22/dbwebb-kurser/mvc/me/report/tests/ProjectRules/FullHouseScoredTraitTest.php" tests="3" assertions="3" errors="0" failures="0" skipped="0" time="0.002469">
        <testcase name="testScoredNotOk" file="/home/juli22/dbwebb-kurser/mvc/me/report/tests/ProjectRules/FullHouseScoredTraitTest.php" line="13" class="App\ProjectRules\FullHouseScoredTraitTest" classname="App.ProjectRules.FullHouseScoredTraitTest" assertions="1" time="0.000836"/>
        <testcase name="testScoredNotOk2" file="/home/juli22/dbwebb-kurser/mvc/me/report/tests/ProjectRules/FullHouseScoredTraitTest.php" line="20" class="App\ProjectRules\FullHouseScoredTraitTest" classname="App.ProjectRules.FullHouseScoredTraitTest" assertions="1" time="0.000788"/>
        <testcase name="testScoredOk" file="/home/juli22/dbwebb-kurser/mvc/me/report/tests/ProjectRules/FullHouseScoredTraitTest.php" line="27" class="App\ProjectRules\FullHouseScoredTraitTest" classname="App.ProjectRules.FullHouseScoredTraitTest" assertions="1" time="0.000845"/>
      </testsuite>
      <testsuite name="App\ProjectRules\FullHouseTest" file="/home/juli22/dbwebb-kurser/mvc/me/report/tests/ProjectRules/FullHouseTest.php" tests="1" assertions="2" errors="0" failures="0" skipped="0" time="0.000842">
        <testcase name="testCreateObject" file="/home/juli22/dbwebb-kurser/mvc/me/report/tests/ProjectRules/FullHouseTest.php" line="9" class="App\ProjectRules\FullHouseTest" classname="App.ProjectRules.FullHouseTest" assertions="2" time="0.000842"/>
      </testsuite>
      <testsuite name="App\ProjectRules\FullHouseTrait2Test" file="/home/juli22/dbwebb-kurser/mvc/me/report/tests/ProjectRules/FullHouseTrait2Test.php" tests="10" assertions="10" errors="0" failures="0" skipped="0" time="0.009566">
        <testcase name="testPossibleWithoutCardNotOk" file="/home/juli22/dbwebb-kurser/mvc/me/report/tests/ProjectRules/FullHouseTrait2Test.php" line="13" class="App\ProjectRules\FullHouseTrait2Test" classname="App.ProjectRules.FullHouseTrait2Test" assertions="1" time="0.000801"/>
        <testcase name="testPossibleWithoutCardOk" file="/home/juli22/dbwebb-kurser/mvc/me/report/tests/ProjectRules/FullHouseTrait2Test.php" line="22" class="App\ProjectRules\FullHouseTrait2Test" classname="App.ProjectRules.FullHouseTrait2Test" assertions="1" time="0.000979"/>
        <testcase name="testPossibleWithoutCardNotOk2" file="/home/juli22/dbwebb-kurser/mvc/me/report/tests/ProjectRules/FullHouseTrait2Test.php" line="31" class="App\ProjectRules\FullHouseTrait2Test" classname="App.ProjectRules.FullHouseTrait2Test" assertions="1" time="0.000953"/>
        <testcase name="testPossibleWithoutCardNotOk3" file="/home/juli22/dbwebb-kurser/mvc/me/report/tests/ProjectRules/FullHouseTrait2Test.php" line="40" class="App\ProjectRules\FullHouseTrait2Test" classname="App.ProjectRules.FullHouseTrait2Test" assertions="1" time="0.000929"/>
        <testcase name="testPossibleWithoutCardOk2" file="/home/juli22/dbwebb-kurser/mvc/me/report/tests/ProjectRules/FullHouseTrait2Test.php" line="49" class="App\ProjectRules\FullHouseTrait2Test" classname="App.ProjectRules.FullHouseTrait2Test" assertions="1" time="0.000924"/>
        <testcase name="testPossibleWithoutCardNotOk5" file="/home/juli22/dbwebb-kurser/mvc/me/report/tests/ProjectRules/FullHouseTrait2Test.php" line="58" class="App\ProjectRules\FullHouseTrait2Test" classname="App.ProjectRules.FullHouseTrait2Test" assertions="1" time="0.000912"/>
        <testcase name="testPossibleWithoutCardOk3" file="/home/juli22/dbwebb-kurser/mvc/me/report/tests/ProjectRules/FullHouseTrait2Test.php" line="67" class="App\ProjectRules\FullHouseTrait2Test" classname="App.ProjectRules.FullHouseTrait2Test" assertions="1" time="0.000914"/>
        <testcase name="testPossibleWithoutCardNotOk6" file="/home/juli22/dbwebb-kurser/mvc/me/report/tests/ProjectRules/FullHouseTrait2Test.php" line="76" class="App\ProjectRules\FullHouseTrait2Test" classname="App.ProjectRules.FullHouseTrait2Test" assertions="1" time="0.001305"/>
        <testcase name="testPossibleWithoutCardOk4" file="/home/juli22/dbwebb-kurser/mvc/me/report/tests/ProjectRules/FullHouseTrait2Test.php" line="85" class="App\ProjectRules\FullHouseTrait2Test" classname="App.ProjectRules.FullHouseTrait2Test" assertions="1" time="0.000940"/>
        <testcase name="testPossibleWithoutCardOk5" file="/home/juli22/dbwebb-kurser/mvc/me/report/tests/ProjectRules/FullHouseTrait2Test.php" line="94" class="App\ProjectRules\FullHouseTrait2Test" classname="App.ProjectRules.FullHouseTrait2Test" assertions="1" time="0.000908"/>
      </testsuite>
      <testsuite name="App\ProjectRules\FullHouseTrait3Test" file="/home/juli22/dbwebb-kurser/mvc/me/report/tests/ProjectRules/FullHouseTrait3Test.php" tests="8" assertions="8" errors="0" failures="0" skipped="0" time="0.006537">
        <testcase name="testPossibleDeckOnlyOk" file="/home/juli22/dbwebb-kurser/mvc/me/report/tests/ProjectRules/FullHouseTrait3Test.php" line="13" class="App\ProjectRules\FullHouseTrait3Test" classname="App.ProjectRules.FullHouseTrait3Test" assertions="1" time="0.000818"/>
        <testcase name="testPossibleDeckOnlyOk3" file="/home/juli22/dbwebb-kurser/mvc/me/report/tests/ProjectRules/FullHouseTrait3Test.php" line="22" class="App\ProjectRules\FullHouseTrait3Test" classname="App.ProjectRules.FullHouseTrait3Test" assertions="1" time="0.000867"/>
        <testcase name="testPossibleDeckOnlyNotOk" file="/home/juli22/dbwebb-kurser/mvc/me/report/tests/ProjectRules/FullHouseTrait3Test.php" line="30" class="App\ProjectRules\FullHouseTrait3Test" classname="App.ProjectRules.FullHouseTrait3Test" assertions="1" time="0.000807"/>
        <testcase name="testPossibleDeckOnlyNotOk2" file="/home/juli22/dbwebb-kurser/mvc/me/report/tests/ProjectRules/FullHouseTrait3Test.php" line="39" class="App\ProjectRules\FullHouseTrait3Test" classname="App.ProjectRules.FullHouseTrait3Test" assertions="1" time="0.000774"/>
        <testcase name="testPossibleDeckOnlyNotOk3" file="/home/juli22/dbwebb-kurser/mvc/me/report/tests/ProjectRules/FullHouseTrait3Test.php" line="47" class="App\ProjectRules\FullHouseTrait3Test" classname="App.ProjectRules.FullHouseTrait3Test" assertions="1" time="0.000802"/>
        <testcase name="testPossibleDeckOnlyNotOk4" file="/home/juli22/dbwebb-kurser/mvc/me/report/tests/ProjectRules/FullHouseTrait3Test.php" line="55" class="App\ProjectRules\FullHouseTrait3Test" classname="App.ProjectRules.FullHouseTrait3Test" assertions="1" time="0.000792"/>
        <testcase name="testPossibleDeckOnlyOk5" file="/home/juli22/dbwebb-kurser/mvc/me/report/tests/ProjectRules/FullHouseTrait3Test.php" line="63" class="App\ProjectRules\FullHouseTrait3Test" classname="App.ProjectRules.FullHouseTrait3Test" assertions="1" time="0.000804"/>
        <testcase name="testPossibleDeckOnlyOk4" file="/home/juli22/dbwebb-kurser/mvc/me/report/tests/ProjectRules/FullHouseTrait3Test.php" line="71" class="App\ProjectRules\FullHouseTrait3Test" classname="App.ProjectRules.FullHouseTrait3Test" assertions="1" time="0.000873"/>
      </testsuite>
      <testsuite name="App\ProjectRules\FullHouseTrait4Test" file="/home/juli22/dbwebb-kurser/mvc/me/report/tests/ProjectRules/FullHouseTrait4Test.php" tests="5" assertions="5" errors="0" failures="0" skipped="0" time="0.003524">
        <testcase name="testCheck3Ok" file="/home/juli22/dbwebb-kurser/mvc/me/report/tests/ProjectRules/FullHouseTrait4Test.php" line="12" class="App\ProjectRules\FullHouseTrait4Test" classname="App.ProjectRules.FullHouseTrait4Test" assertions="1" time="0.000707"/>
        <testcase name="testCheck3Ok3" file="/home/juli22/dbwebb-kurser/mvc/me/report/tests/ProjectRules/FullHouseTrait4Test.php" line="30" class="App\ProjectRules\FullHouseTrait4Test" classname="App.ProjectRules.FullHouseTrait4Test" assertions="1" time="0.000690"/>
        <testcase name="testCheck3NotOk" file="/home/juli22/dbwebb-kurser/mvc/me/report/tests/ProjectRules/FullHouseTrait4Test.php" line="48" class="App\ProjectRules\FullHouseTrait4Test" classname="App.ProjectRules.FullHouseTrait4Test" assertions="1" time="0.000716"/>
        <testcase name="testCheck3NotOk2" file="/home/juli22/dbwebb-kurser/mvc/me/report/tests/ProjectRules/FullHouseTrait4Test.php" line="64" class="App\ProjectRules\FullHouseTrait4Test" classname="App.ProjectRules.FullHouseTrait4Test" assertions="1" time="0.000709"/>
        <testcase name="testCheck3NotOk3" file="/home/juli22/dbwebb-kurser/mvc/me/report/tests/ProjectRules/FullHouseTrait4Test.php" line="82" class="App\ProjectRules\FullHouseTrait4Test" classname="App.ProjectRules.FullHouseTrait4Test" assertions="1" time="0.000702"/>
      </testsuite>
      <testsuite name="App\ProjectRules\FullHouseTrait5Pt2Test" file="/home/juli22/dbwebb-kurser/mvc/me/report/tests/ProjectRules/FullHouseTrait5Pt2Test.php" tests="7" assertions="7" errors="0" failures="0" skipped="0" time="0.005127">
        <testcase name="testCheck1SubCheckOk" file="/home/juli22/dbwebb-kurser/mvc/me/report/tests/ProjectRules/FullHouseTrait5Pt2Test.php" line="12" class="App\ProjectRules\FullHouseTrait5Pt2Test" classname="App.ProjectRules.FullHouseTrait5Pt2Test" assertions="1" time="0.000700"/>
        <testcase name="testCheck1SubCheckOk2" file="/home/juli22/dbwebb-kurser/mvc/me/report/tests/ProjectRules/FullHouseTrait5Pt2Test.php" line="26" class="App\ProjectRules\FullHouseTrait5Pt2Test" classname="App.ProjectRules.FullHouseTrait5Pt2Test" assertions="1" time="0.000718"/>
        <testcase name="testCheck1SubCheckNotOk" file="/home/juli22/dbwebb-kurser/mvc/me/report/tests/ProjectRules/FullHouseTrait5Pt2Test.php" line="40" class="App\ProjectRules\FullHouseTrait5Pt2Test" classname="App.ProjectRules.FullHouseTrait5Pt2Test" assertions="1" time="0.000788"/>
        <testcase name="testCheck1SubCheckNotOk2" file="/home/juli22/dbwebb-kurser/mvc/me/report/tests/ProjectRules/FullHouseTrait5Pt2Test.php" line="54" class="App\ProjectRules\FullHouseTrait5Pt2Test" classname="App.ProjectRules.FullHouseTrait5Pt2Test" assertions="1" time="0.000708"/>
        <testcase name="testCheck1SubCheckOk3" file="/home/juli22/dbwebb-kurser/mvc/me/report/tests/ProjectRules/FullHouseTrait5Pt2Test.php" line="68" class="App\ProjectRules\FullHouseTrait5Pt2Test" classname="App.ProjectRules.FullHouseTrait5Pt2Test" assertions="1" time="0.000751"/>
        <testcase name="testCheck1SubCheckOk4" file="/home/juli22/dbwebb-kurser/mvc/me/report/tests/ProjectRules/FullHouseTrait5Pt2Test.php" line="82" class="App\ProjectRules\FullHouseTrait5Pt2Test" classname="App.ProjectRules.FullHouseTrait5Pt2Test" assertions="1" time="0.000741"/>
        <testcase name="testCheck1SubCheckNotOk3" file="/home/juli22/dbwebb-kurser/mvc/me/report/tests/ProjectRules/FullHouseTrait5Pt2Test.php" line="96" class="App\ProjectRules\FullHouseTrait5Pt2Test" classname="App.ProjectRules.FullHouseTrait5Pt2Test" assertions="1" time="0.000722"/>
      </testsuite>
      <testsuite name="App\ProjectRules\FullHouseTrait5Test" file="/home/juli22/dbwebb-kurser/mvc/me/report/tests/ProjectRules/FullHouseTrait5Test.php" tests="7" assertions="7" errors="0" failures="0" skipped="0" time="0.005237">
        <testcase name="testCheck1Ok" file="/home/juli22/dbwebb-kurser/mvc/me/report/tests/ProjectRules/FullHouseTrait5Test.php" line="12" class="App\ProjectRules\FullHouseTrait5Test" classname="App.ProjectRules.FullHouseTrait5Test" assertions="1" time="0.000739"/>
        <testcase name="testCheck1Ok2" file="/home/juli22/dbwebb-kurser/mvc/me/report/tests/ProjectRules/FullHouseTrait5Test.php" line="27" class="App\ProjectRules\FullHouseTrait5Test" classname="App.ProjectRules.FullHouseTrait5Test" assertions="1" time="0.000743"/>
        <testcase name="testcheck1Ok3" file="/home/juli22/dbwebb-kurser/mvc/me/report/tests/ProjectRules/FullHouseTrait5Test.php" line="42" class="App\ProjectRules\FullHouseTrait5Test" classname="App.ProjectRules.FullHouseTrait5Test" assertions="1" time="0.000753"/>
        <testcase name="testCheck1Ok4" file="/home/juli22/dbwebb-kurser/mvc/me/report/tests/ProjectRules/FullHouseTrait5Test.php" line="57" class="App\ProjectRules\FullHouseTrait5Test" classname="App.ProjectRules.FullHouseTrait5Test" assertions="1" time="0.000782"/>
        <testcase name="testcheck1NotOk" file="/home/juli22/dbwebb-kurser/mvc/me/report/tests/ProjectRules/FullHouseTrait5Test.php" line="72" class="App\ProjectRules\FullHouseTrait5Test" classname="App.ProjectRules.FullHouseTrait5Test" assertions="1" time="0.000723"/>
        <testcase name="testcheck1NotOk2" file="/home/juli22/dbwebb-kurser/mvc/me/report/tests/ProjectRules/FullHouseTrait5Test.php" line="88" class="App\ProjectRules\FullHouseTrait5Test" classname="App.ProjectRules.FullHouseTrait5Test" assertions="1" time="0.000744"/>
        <testcase name="testcheck1NotOk3" file="/home/juli22/dbwebb-kurser/mvc/me/report/tests/ProjectRules/FullHouseTrait5Test.php" line="103" class="App\ProjectRules\FullHouseTrait5Test" classname="App.ProjectRules.FullHouseTrait5Test" assertions="1" time="0.000753"/>
      </testsuite>
      <testsuite name="App\ProjectRules\FullHouseTrait6Test" file="/home/juli22/dbwebb-kurser/mvc/me/report/tests/ProjectRules/FullHouseTrait6Test.php" tests="6" assertions="6" errors="0" failures="0" skipped="0" time="0.004439">
        <testcase name="testCheck2Ok" file="/home/juli22/dbwebb-kurser/mvc/me/report/tests/ProjectRules/FullHouseTrait6Test.php" line="12" class="App\ProjectRules\FullHouseTrait6Test" classname="App.ProjectRules.FullHouseTrait6Test" assertions="1" time="0.000740"/>
        <testcase name="testCheck2NotOk" file="/home/juli22/dbwebb-kurser/mvc/me/report/tests/ProjectRules/FullHouseTrait6Test.php" line="22" class="App\ProjectRules\FullHouseTrait6Test" classname="App.ProjectRules.FullHouseTrait6Test" assertions="1" time="0.000747"/>
        <testcase name="testCheck2Ok2" file="/home/juli22/dbwebb-kurser/mvc/me/report/tests/ProjectRules/FullHouseTrait6Test.php" line="31" class="App\ProjectRules\FullHouseTrait6Test" classname="App.ProjectRules.FullHouseTrait6Test" assertions="1" time="0.000740"/>
        <testcase name="testCheck2NotOk2" file="/home/juli22/dbwebb-kurser/mvc/me/report/tests/ProjectRules/FullHouseTrait6Test.php" line="41" class="App\ProjectRules\FullHouseTrait6Test" classname="App.ProjectRules.FullHouseTrait6Test" assertions="1" time="0.000714"/>
        <testcase name="testCheck2NotOk3" file="/home/juli22/dbwebb-kurser/mvc/me/report/tests/ProjectRules/FullHouseTrait6Test.php" line="52" class="App\ProjectRules\FullHouseTrait6Test" classname="App.ProjectRules.FullHouseTrait6Test" assertions="1" time="0.000720"/>
        <testcase name="testCheck2NotOk4" file="/home/juli22/dbwebb-kurser/mvc/me/report/tests/ProjectRules/FullHouseTrait6Test.php" line="63" class="App\ProjectRules\FullHouseTrait6Test" classname="App.ProjectRules.FullHouseTrait6Test" assertions="1" time="0.000778"/>
      </testsuite>
      <testsuite name="App\ProjectRules\GroupBySuitTraitTest" file="/home/juli22/dbwebb-kurser/mvc/me/report/tests/ProjectRules/GroupBySuitTraitTest.php" tests="2" assertions="2" errors="0" failures="0" skipped="0" time="0.001596">
        <testcase name="testGroupBySuit" file="/home/juli22/dbwebb-kurser/mvc/me/report/tests/ProjectRules/GroupBySuitTraitTest.php" line="11" class="App\ProjectRules\GroupBySuitTraitTest" classname="App.ProjectRules.GroupBySuitTraitTest" assertions="1" time="0.000815"/>
        <testcase name="testGroupBySuit2" file="/home/juli22/dbwebb-kurser/mvc/me/report/tests/ProjectRules/GroupBySuitTraitTest.php" line="24" class="App\ProjectRules\GroupBySuitTraitTest" classname="App.ProjectRules.GroupBySuitTraitTest" assertions="1" time="0.000782"/>
      </testsuite>
      <testsuite name="App\ProjectRules\MinRankLimitsTrait2Test" file="/home/juli22/dbwebb-kurser/mvc/me/report/tests/ProjectRules/MinRankLimitsTrait2Test.php" tests="1" assertions="1" errors="0" failures="0" skipped="0" time="0.000772">
        <testcase name="testMinRankLimitsOk" file="/home/juli22/dbwebb-kurser/mvc/me/report/tests/ProjectRules/MinRankLimitsTrait2Test.php" line="11" class="App\ProjectRules\MinRankLimitsTrait2Test" classname="App.ProjectRules.MinRankLimitsTrait2Test" assertions="1" time="0.000772"/>
      </testsuite>
      <testsuite name="App\ProjectRules\MinRankLimitsTraitTest" file="/home/juli22/dbwebb-kurser/mvc/me/report/tests/ProjectRules/MinRankLimitsTraitTest.php" tests="10" assertions="10" errors="0" failures="0" skipped="0" time="0.007682">
        <testcase name="testMinRankLimitsOk" file="/home/juli22/dbwebb-kurser/mvc/me/report/tests/ProjectRules/MinRankLimitsTraitTest.php" line="11" class="App\ProjectRules\MinRankLimitsTraitTest" classname="App.ProjectRules.MinRankLimitsTraitTest" assertions="1" time="0.000753"/>
        <testcase name="testMinRankLimitsOk2" file="/home/juli22/dbwebb-kurser/mvc/me/report/tests/ProjectRules/MinRankLimitsTraitTest.php" line="23" class="App\ProjectRules\MinRankLimitsTraitTest" classname="App.ProjectRules.MinRankLimitsTraitTest" assertions="1" time="0.000858"/>
        <testcase name="testMinRankLimitsOk3" file="/home/juli22/dbwebb-kurser/mvc/me/report/tests/ProjectRules/MinRankLimitsTraitTest.php" line="35" class="App\ProjectRules\MinRankLimitsTraitTest" classname="App.ProjectRules.MinRankLimitsTraitTest" assertions="1" time="0.000806"/>
        <testcase name="testMinRankLimitsOk4" file="/home/juli22/dbwebb-kurser/mvc/me/report/tests/ProjectRules/MinRankLimitsTraitTest.php" line="47" class="App\ProjectRules\MinRankLimitsTraitTest" classname="App.ProjectRules.MinRankLimitsTraitTest" assertions="1" time="0.000727"/>
        <testcase name="testMinRankLimitsOk5" file="/home/juli22/dbwebb-kurser/mvc/me/report/tests/ProjectRules/MinRankLimitsTraitTest.php" line="60" class="App\ProjectRules\MinRankLimitsTraitTest" classname="App.ProjectRules.MinRankLimitsTraitTest" assertions="1" time="0.000725"/>
        <testcase name="testMinRankLimitsOk6" file="/home/juli22/dbwebb-kurser/mvc/me/report/tests/ProjectRules/MinRankLimitsTraitTest.php" line="72" class="App\ProjectRules\MinRankLimitsTraitTest" classname="App.ProjectRules.MinRankLimitsTraitTest" assertions="1" time="0.000751"/>
        <testcase name="testMinRankLimitsNotOk" file="/home/juli22/dbwebb-kurser/mvc/me/report/tests/ProjectRules/MinRankLimitsTraitTest.php" line="84" class="App\ProjectRules\MinRankLimitsTraitTest" classname="App.ProjectRules.MinRankLimitsTraitTest" assertions="1" time="0.000729"/>
        <testcase name="testMinRankLimitsNotOk2" file="/home/juli22/dbwebb-kurser/mvc/me/report/tests/ProjectRules/MinRankLimitsTraitTest.php" line="96" class="App\ProjectRules\MinRankLimitsTraitTest" classname="App.ProjectRules.MinRankLimitsTraitTest" assertions="1" time="0.000772"/>
        <testcase name="testMinRankLimitsNotOk3" file="/home/juli22/dbwebb-kurser/mvc/me/report/tests/ProjectRules/MinRankLimitsTraitTest.php" line="108" class="App\ProjectRules\MinRankLimitsTraitTest" classname="App.ProjectRules.MinRankLimitsTraitTest" assertions="1" time="0.000803"/>
        <testcase name="testMinRankLimitsNotOk4" file="/home/juli22/dbwebb-kurser/mvc/me/report/tests/ProjectRules/MinRankLimitsTraitTest.php" line="120" class="App\ProjectRules\MinRankLimitsTraitTest" classname="App.ProjectRules.MinRankLimitsTraitTest" assertions="1" time="0.000758"/>
      </testsuite>
      <testsuite name="App\ProjectRules\OnePairTest" file="/home/juli22/dbwebb-kurser/mvc/me/report/tests/ProjectRules/OnePairTest.php" tests="2" assertions="2" errors="0" failures="0" skipped="0" time="0.001693">
        <testcase name="testScoredOk" file="/home/juli22/dbwebb-kurser/mvc/me/report/tests/ProjectRules/OnePairTest.php" line="11" class="App\ProjectRules\OnePairTest" classname="App.ProjectRules.OnePairTest" assertions="1" time="0.000848"/>
        <testcase name="testScoredNotOk" file="/home/juli22/dbwebb-kurser/mvc/me/report/tests/ProjectRules/OnePairTest.php" line="19" class="App\ProjectRules\OnePairTest" classname="App.ProjectRules.OnePairTest" assertions="1" time="0.000845"/>
      </testsuite>
      <testsuite name="App\ProjectRules\RoyalFLushScoredTraitTest" file="/home/juli22/dbwebb-kurser/mvc/me/report/tests/ProjectRules/RoyalFlushScoredTraitTest.php" tests="4" assertions="4" errors="0" failures="0" skipped="0" time="0.003428">
        <testcase name="testScoredNotOk" file="/home/juli22/dbwebb-kurser/mvc/me/report/tests/ProjectRules/RoyalFlushScoredTraitTest.php" line="13" class="App\ProjectRules\RoyalFLushScoredTraitTest" classname="App.ProjectRules.RoyalFLushScoredTraitTest" assertions="1" time="0.000878"/>
        <testcase name="testScoredNotOk2" file="/home/juli22/dbwebb-kurser/mvc/me/report/tests/ProjectRules/RoyalFlushScoredTraitTest.php" line="20" class="App\ProjectRules\RoyalFLushScoredTraitTest" classname="App.ProjectRules.RoyalFLushScoredTraitTest" assertions="1" time="0.000865"/>
        <testcase name="testScoredNotOk3" file="/home/juli22/dbwebb-kurser/mvc/me/report/tests/ProjectRules/RoyalFlushScoredTraitTest.php" line="27" class="App\ProjectRules\RoyalFLushScoredTraitTest" classname="App.ProjectRules.RoyalFLushScoredTraitTest" assertions="1" time="0.000841"/>
        <testcase name="testScoredOk" file="/home/juli22/dbwebb-kurser/mvc/me/report/tests/ProjectRules/RoyalFlushScoredTraitTest.php" line="34" class="App\ProjectRules\RoyalFLushScoredTraitTest" classname="App.ProjectRules.RoyalFLushScoredTraitTest" assertions="1" time="0.000844"/>
      </testsuite>
      <testsuite name="App\ProjectRules\RoyalFlushTest" file="/home/juli22/dbwebb-kurser/mvc/me/report/tests/ProjectRules/RoyalFlushTest.php" tests="1" assertions="2" errors="0" failures="0" skipped="0" time="0.000820">
        <testcase name="testCreateObject" file="/home/juli22/dbwebb-kurser/mvc/me/report/tests/ProjectRules/RoyalFlushTest.php" line="9" class="App\ProjectRules\RoyalFlushTest" classname="App.ProjectRules.RoyalFlushTest" assertions="2" time="0.000820"/>
      </testsuite>
      <testsuite name="App\ProjectRules\RoyalFlushTrait2Test" file="/home/juli22/dbwebb-kurser/mvc/me/report/tests/ProjectRules/RoyalFlushTrait2Test.php" tests="2" assertions="2" errors="0" failures="0" skipped="0" time="0.001890">
        <testcase name="testpossibleDeckOnlyOk" file="/home/juli22/dbwebb-kurser/mvc/me/report/tests/ProjectRules/RoyalFlushTrait2Test.php" line="11" class="App\ProjectRules\RoyalFlushTrait2Test" classname="App.ProjectRules.RoyalFlushTrait2Test" assertions="1" time="0.000945"/>
        <testcase name="testpossibleDeckOnlyNotOk" file="/home/juli22/dbwebb-kurser/mvc/me/report/tests/ProjectRules/RoyalFlushTrait2Test.php" line="18" class="App\ProjectRules\RoyalFlushTrait2Test" classname="App.ProjectRules.RoyalFlushTrait2Test" assertions="1" time="0.000946"/>
      </testsuite>
      <testsuite name="App\ProjectRules\RoyalFlushTrait3Test" file="/home/juli22/dbwebb-kurser/mvc/me/report/tests/ProjectRules/RoyalFlushTrait3Test.php" tests="4" assertions="4" errors="0" failures="0" skipped="0" time="0.003895">
        <testcase name="testCheckForCardsNotOk" file="/home/juli22/dbwebb-kurser/mvc/me/report/tests/ProjectRules/RoyalFlushTrait3Test.php" line="11" class="App\ProjectRules\RoyalFlushTrait3Test" classname="App.ProjectRules.RoyalFlushTrait3Test" assertions="1" time="0.000863"/>
        <testcase name="testCheckForCardsOk" file="/home/juli22/dbwebb-kurser/mvc/me/report/tests/ProjectRules/RoyalFlushTrait3Test.php" line="20" class="App\ProjectRules\RoyalFlushTrait3Test" classname="App.ProjectRules.RoyalFlushTrait3Test" assertions="1" time="0.001235"/>
        <testcase name="testCheckForCardsOk2" file="/home/juli22/dbwebb-kurser/mvc/me/report/tests/ProjectRules/RoyalFlushTrait3Test.php" line="29" class="App\ProjectRules\RoyalFlushTrait3Test" classname="App.ProjectRules.RoyalFlushTrait3Test" assertions="1" time="0.001012"/>
        <testcase name="testCheckForCardsNotOk2" file="/home/juli22/dbwebb-kurser/mvc/me/report/tests/ProjectRules/RoyalFlushTrait3Test.php" line="38" class="App\ProjectRules\RoyalFlushTrait3Test" classname="App.ProjectRules.RoyalFlushTrait3Test" assertions="1" time="0.000785"/>
      </testsuite>
      <testsuite name="App\ProjectRules\RoyalFlushTraitTest" file="/home/juli22/dbwebb-kurser/mvc/me/report/tests/ProjectRules/RoyalFlushTraitTest.php" tests="5" assertions="5" errors="0" failures="0" skipped="0" time="0.004250">
        <testcase name="testPossibleWithoutCardNotOk3" file="/home/juli22/dbwebb-kurser/mvc/me/report/tests/ProjectRules/RoyalFlushTraitTest.php" line="13" class="App\ProjectRules\RoyalFlushTraitTest" classname="App.ProjectRules.RoyalFlushTraitTest" assertions="1" time="0.000831"/>
        <testcase name="testPossibleWithoutCardOk" file="/home/juli22/dbwebb-kurser/mvc/me/report/tests/ProjectRules/RoyalFlushTraitTest.php" line="34" class="App\ProjectRules\RoyalFlushTraitTest" classname="App.ProjectRules.RoyalFlushTraitTest" assertions="1" time="0.000915"/>
        <testcase name="testPossibleWithoutCardNotOk5" file="/home/juli22/dbwebb-kurser/mvc/me/report/tests/ProjectRules/RoyalFlushTraitTest.php" line="54" class="App\ProjectRules\RoyalFlushTraitTest" classname="App.ProjectRules.RoyalFlushTraitTest" assertions="1" time="0.000801"/>
        <testcase name="testPossibleWithoutCardOk2" file="/home/juli22/dbwebb-kurser/mvc/me/report/tests/ProjectRules/RoyalFlushTraitTest.php" line="75" class="App\ProjectRules\RoyalFlushTraitTest" classname="App.ProjectRules.RoyalFlushTraitTest" assertions="1" time="0.000943"/>
        <testcase name="testPossibleWithoutCardNotOk" file="/home/juli22/dbwebb-kurser/mvc/me/report/tests/ProjectRules/RoyalFlushTraitTest.php" line="97" class="App\ProjectRules\RoyalFlushTraitTest" classname="App.ProjectRules.RoyalFlushTraitTest" assertions="1" time="0.000760"/>
      </testsuite>
      <testsuite name="App\ProjectRules\SameOfAKindTest" file="/home/juli22/dbwebb-kurser/mvc/me/report/tests/ProjectRules/SameOfAKindTest.php" tests="3" assertions="6" errors="0" failures="0" skipped="0" time="0.002566">
        <testcase name="testOnePair" file="/home/juli22/dbwebb-kurser/mvc/me/report/tests/ProjectRules/SameOfAKindTest.php" line="9" class="App\ProjectRules\SameOfAKindTest" classname="App.ProjectRules.SameOfAKindTest" assertions="2" time="0.000718"/>
        <testcase name="testThreeOfAKind" file="/home/juli22/dbwebb-kurser/mvc/me/report/tests/ProjectRules/SameOfAKindTest.php" line="21" class="App\ProjectRules\SameOfAKindTest" classname="App.ProjectRules.SameOfAKindTest" assertions="2" time="0.000706"/>
        <testcase name="testFourOfAKind" file="/home/juli22/dbwebb-kurser/mvc/me/report/tests/ProjectRules/SameOfAKindTest.php" line="33" class="App\ProjectRules\SameOfAKindTest" classname="App.ProjectRules.SameOfAKindTest" assertions="2" time="0.001141"/>
      </testsuite>
      <testsuite name="App\ProjectRules\SameOfAKindTrait2Test" file="/home/juli22/dbwebb-kurser/mvc/me/report/tests/ProjectRules/SameOfAKindTrait2Test.php" tests="10" assertions="10" errors="0" failures="0" skipped="0" time="0.008495">
        <testcase name="testPossibleWithoutCardOk" file="/home/juli22/dbwebb-kurser/mvc/me/report/tests/ProjectRules/SameOfAKindTrait2Test.php" line="14" class="App\ProjectRules\SameOfAKindTrait2Test" classname="App.ProjectRules.SameOfAKindTrait2Test" assertions="1" time="0.000892"/>
        <testcase name="testPossibleWithoutCardOk2" file="/home/juli22/dbwebb-kurser/mvc/me/report/tests/ProjectRules/SameOfAKindTrait2Test.php" line="23" class="App\ProjectRules\SameOfAKindTrait2Test" classname="App.ProjectRules.SameOfAKindTrait2Test" assertions="1" time="0.000833"/>
        <testcase name="testPossibleWithoutCardNotOk" file="/home/juli22/dbwebb-kurser/mvc/me/report/tests/ProjectRules/SameOfAKindTrait2Test.php" line="32" class="App\ProjectRules\SameOfAKindTrait2Test" classname="App.ProjectRules.SameOfAKindTrait2Test" assertions="1" time="0.000876"/>
        <testcase name="testPossibleWithoutCardNotOk2" file="/home/juli22/dbwebb-kurser/mvc/me/report/tests/ProjectRules/SameOfAKindTrait2Test.php" line="41" class="App\ProjectRules\SameOfAKindTrait2Test" classname="App.ProjectRules.SameOfAKindTrait2Test" assertions="1" time="0.000864"/>
        <testcase name="testPossibleWithoutCardOk3" file="/home/juli22/dbwebb-kurser/mvc/me/report/tests/ProjectRules/SameOfAKindTrait2Test.php" line="50" class="App\ProjectRules\SameOfAKindTrait2Test" classname="App.ProjectRules.SameOfAKindTrait2Test" assertions="1" time="0.000800"/>
        <testcase name="testPossibleWithoutCardNotOk3" file="/home/juli22/dbwebb-kurser/mvc/me/report/tests/ProjectRules/SameOfAKindTrait2Test.php" line="59" class="App\ProjectRules\SameOfAKindTrait2Test" classname="App.ProjectRules.SameOfAKindTrait2Test" assertions="1" time="0.000871"/>
        <testcase name="testPossibleWithoutCardNotOk4" file="/home/juli22/dbwebb-kurser/mvc/me/report/tests/ProjectRules/SameOfAKindTrait2Test.php" line="68" class="App\ProjectRules\SameOfAKindTrait2Test" classname="App.ProjectRules.SameOfAKindTrait2Test" assertions="1" time="0.000839"/>
        <testcase name="testPossibleWithoutCardOk4" file="/home/juli22/dbwebb-kurser/mvc/me/report/tests/ProjectRules/SameOfAKindTrait2Test.php" line="77" class="App\ProjectRules\SameOfAKindTrait2Test" classname="App.ProjectRules.SameOfAKindTrait2Test" assertions="1" time="0.000840"/>
        <testcase name="testPossibleWithoutCardOk5" file="/home/juli22/dbwebb-kurser/mvc/me/report/tests/ProjectRules/SameOfAKindTrait2Test.php" line="86" class="App\ProjectRules\SameOfAKindTrait2Test" classname="App.ProjectRules.SameOfAKindTrait2Test" assertions="1" time="0.000818"/>
        <testcase name="testPossibleWithoutCardNotOk5" file="/home/juli22/dbwebb-kurser/mvc/me/report/tests/ProjectRules/SameOfAKindTrait2Test.php" line="95" class="App\ProjectRules\SameOfAKindTrait2Test" classname="App.ProjectRules.SameOfAKindTrait2Test" assertions="1" time="0.000862"/>
      </testsuite>
      <testsuite name="App\ProjectRules\SameOfAKindTrait3Test" file="/home/juli22/dbwebb-kurser/mvc/me/report/tests/ProjectRules/SameOfAKindTrait3Test.php" tests="6" assertions="6" errors="0" failures="0" skipped="0" time="0.005065">
        <testcase name="testPossibleDeckOnlyOk" file="/home/juli22/dbwebb-kurser/mvc/me/report/tests/ProjectRules/SameOfAKindTrait3Test.php" line="12" class="App\ProjectRules\SameOfAKindTrait3Test" classname="App.ProjectRules.SameOfAKindTrait3Test" assertions="1" time="0.000940"/>
        <testcase name="testPossibleDeckOnlyNotOk" file="/home/juli22/dbwebb-kurser/mvc/me/report/tests/ProjectRules/SameOfAKindTrait3Test.php" line="20" class="App\ProjectRules\SameOfAKindTrait3Test" classname="App.ProjectRules.SameOfAKindTrait3Test" assertions="1" time="0.000825"/>
        <testcase name="testPossibleDeckOnlyNotOk2" file="/home/juli22/dbwebb-kurser/mvc/me/report/tests/ProjectRules/SameOfAKindTrait3Test.php" line="28" class="App\ProjectRules\SameOfAKindTrait3Test" classname="App.ProjectRules.SameOfAKindTrait3Test" assertions="1" time="0.000808"/>
        <testcase name="testPossibleDeckOnlyOk4" file="/home/juli22/dbwebb-kurser/mvc/me/report/tests/ProjectRules/SameOfAKindTrait3Test.php" line="37" class="App\ProjectRules\SameOfAKindTrait3Test" classname="App.ProjectRules.SameOfAKindTrait3Test" assertions="1" time="0.000850"/>
        <testcase name="testPossibleDeckOnlyNotOk3" file="/home/juli22/dbwebb-kurser/mvc/me/report/tests/ProjectRules/SameOfAKindTrait3Test.php" line="45" class="App\ProjectRules\SameOfAKindTrait3Test" classname="App.ProjectRules.SameOfAKindTrait3Test" assertions="1" time="0.000832"/>
        <testcase name="testPossibleDeckOnlyOk6" file="/home/juli22/dbwebb-kurser/mvc/me/report/tests/ProjectRules/SameOfAKindTrait3Test.php" line="53" class="App\ProjectRules\SameOfAKindTrait3Test" classname="App.ProjectRules.SameOfAKindTrait3Test" assertions="1" time="0.000810"/>
      </testsuite>
      <testsuite name="App\ProjectRules\SameOfAKindTrait4Pt2Test" file="/home/juli22/dbwebb-kurser/mvc/me/report/tests/ProjectRules/SameOfAKindTrait4Pt2Test.php" tests="6" assertions="6" errors="0" failures="0" skipped="0" time="0.004358">
        <testcase name="testRequiredCountOk" file="/home/juli22/dbwebb-kurser/mvc/me/report/tests/ProjectRules/SameOfAKindTrait4Pt2Test.php" line="11" class="App\ProjectRules\SameOfAKindTrait4Pt2Test" classname="App.ProjectRules.SameOfAKindTrait4Pt2Test" assertions="1" time="0.000778"/>
        <testcase name="testRequiredCountNotOk" file="/home/juli22/dbwebb-kurser/mvc/me/report/tests/ProjectRules/SameOfAKindTrait4Pt2Test.php" line="19" class="App\ProjectRules\SameOfAKindTrait4Pt2Test" classname="App.ProjectRules.SameOfAKindTrait4Pt2Test" assertions="1" time="0.000730"/>
        <testcase name="testRequiredCountOk2" file="/home/juli22/dbwebb-kurser/mvc/me/report/tests/ProjectRules/SameOfAKindTrait4Pt2Test.php" line="27" class="App\ProjectRules\SameOfAKindTrait4Pt2Test" classname="App.ProjectRules.SameOfAKindTrait4Pt2Test" assertions="1" time="0.000726"/>
        <testcase name="testRequiredCountNotOk3" file="/home/juli22/dbwebb-kurser/mvc/me/report/tests/ProjectRules/SameOfAKindTrait4Pt2Test.php" line="35" class="App\ProjectRules\SameOfAKindTrait4Pt2Test" classname="App.ProjectRules.SameOfAKindTrait4Pt2Test" assertions="1" time="0.000694"/>
        <testcase name="testRequiredCountOk3" file="/home/juli22/dbwebb-kurser/mvc/me/report/tests/ProjectRules/SameOfAKindTrait4Pt2Test.php" line="43" class="App\ProjectRules\SameOfAKindTrait4Pt2Test" classname="App.ProjectRules.SameOfAKindTrait4Pt2Test" assertions="1" time="0.000720"/>
        <testcase name="testRequiredCountNotOk4" file="/home/juli22/dbwebb-kurser/mvc/me/report/tests/ProjectRules/SameOfAKindTrait4Pt2Test.php" line="51" class="App\ProjectRules\SameOfAKindTrait4Pt2Test" classname="App.ProjectRules.SameOfAKindTrait4Pt2Test" assertions="1" time="0.000710"/>
      </testsuite>
      <testsuite name="App\ProjectRules\SameOfAKindTrait4Test" file="/home/juli22/dbwebb-kurser/mvc/me/report/tests/ProjectRules/SameOfAKindTrait4Test.php" tests="9" assertions="9" errors="0" failures="0" skipped="0" time="0.007937">
        <testcase name="testEnoughSpaceInHandOk" file="/home/juli22/dbwebb-kurser/mvc/me/report/tests/ProjectRules/SameOfAKindTrait4Test.php" line="11" class="App\ProjectRules\SameOfAKindTrait4Test" classname="App.ProjectRules.SameOfAKindTrait4Test" assertions="1" time="0.000746"/>
        <testcase name="testEnoughSpaceInHandOk2" file="/home/juli22/dbwebb-kurser/mvc/me/report/tests/ProjectRules/SameOfAKindTrait4Test.php" line="20" class="App\ProjectRules\SameOfAKindTrait4Test" classname="App.ProjectRules.SameOfAKindTrait4Test" assertions="1" time="0.001008"/>
        <testcase name="testEnoughSpaceInHandNotOk" file="/home/juli22/dbwebb-kurser/mvc/me/report/tests/ProjectRules/SameOfAKindTrait4Test.php" line="29" class="App\ProjectRules\SameOfAKindTrait4Test" classname="App.ProjectRules.SameOfAKindTrait4Test" assertions="1" time="0.000897"/>
        <testcase name="testEnoughSpaceInHandNotOk2" file="/home/juli22/dbwebb-kurser/mvc/me/report/tests/ProjectRules/SameOfAKindTrait4Test.php" line="38" class="App\ProjectRules\SameOfAKindTrait4Test" classname="App.ProjectRules.SameOfAKindTrait4Test" assertions="1" time="0.000724"/>
        <testcase name="testEnoughSpaceInHandOk3" file="/home/juli22/dbwebb-kurser/mvc/me/report/tests/ProjectRules/SameOfAKindTrait4Test.php" line="47" class="App\ProjectRules\SameOfAKindTrait4Test" classname="App.ProjectRules.SameOfAKindTrait4Test" assertions="1" time="0.000957"/>
        <testcase name="testEnoughSpaceInHandOk4" file="/home/juli22/dbwebb-kurser/mvc/me/report/tests/ProjectRules/SameOfAKindTrait4Test.php" line="56" class="App\ProjectRules\SameOfAKindTrait4Test" classname="App.ProjectRules.SameOfAKindTrait4Test" assertions="1" time="0.000742"/>
        <testcase name="testEnoughSpaceInHandOk5" file="/home/juli22/dbwebb-kurser/mvc/me/report/tests/ProjectRules/SameOfAKindTrait4Test.php" line="65" class="App\ProjectRules\SameOfAKindTrait4Test" classname="App.ProjectRules.SameOfAKindTrait4Test" assertions="1" time="0.001354"/>
        <testcase name="testEnoughSpaceInHandNotOk3" file="/home/juli22/dbwebb-kurser/mvc/me/report/tests/ProjectRules/SameOfAKindTrait4Test.php" line="74" class="App\ProjectRules\SameOfAKindTrait4Test" classname="App.ProjectRules.SameOfAKindTrait4Test" assertions="1" time="0.000777"/>
        <testcase name="testEnoughSpaceInHandOk6" file="/home/juli22/dbwebb-kurser/mvc/me/report/tests/ProjectRules/SameOfAKindTrait4Test.php" line="83" class="App\ProjectRules\SameOfAKindTrait4Test" classname="App.ProjectRules.SameOfAKindTrait4Test" assertions="1" time="0.000731"/>
      </testsuite>
      <testsuite name="App\ProjectRules\SameOfAKindTraitTest" file="/home/juli22/dbwebb-kurser/mvc/me/report/tests/ProjectRules/SameOfAKindTraitTest.php" tests="8" assertions="13" errors="0" failures="0" skipped="0" time="0.008080">
        <testcase name="testPossibleWithCardOk" file="/home/juli22/dbwebb-kurser/mvc/me/report/tests/ProjectRules/SameOfAKindTraitTest.php" line="15" class="App\ProjectRules\SameOfAKindTraitTest" classname="App.ProjectRules.SameOfAKindTraitTest" assertions="2" time="0.001002"/>
        <testcase name="testPossibleWithCardOk2" file="/home/juli22/dbwebb-kurser/mvc/me/report/tests/ProjectRules/SameOfAKindTraitTest.php" line="26" class="App\ProjectRules\SameOfAKindTraitTest" classname="App.ProjectRules.SameOfAKindTraitTest" assertions="2" time="0.001048"/>
        <testcase name="testPossibleWithCardOk3" file="/home/juli22/dbwebb-kurser/mvc/me/report/tests/ProjectRules/SameOfAKindTraitTest.php" line="37" class="App\ProjectRules\SameOfAKindTraitTest" classname="App.ProjectRules.SameOfAKindTraitTest" assertions="2" time="0.000891"/>
        <testcase name="testPossibleWithCardOk4" file="/home/juli22/dbwebb-kurser/mvc/me/report/tests/ProjectRules/SameOfAKindTraitTest.php" line="48" class="App\ProjectRules\SameOfAKindTraitTest" classname="App.ProjectRules.SameOfAKindTraitTest" assertions="2" time="0.000867"/>
        <testcase name="testPossibleWithCardNotOk" file="/home/juli22/dbwebb-kurser/mvc/me/report/tests/ProjectRules/SameOfAKindTraitTest.php" line="59" class="App\ProjectRules\SameOfAKindTraitTest" classname="App.ProjectRules.SameOfAKindTraitTest" assertions="1" time="0.000866"/>
        <testcase name="testPossibleWithCardNotOk2" file="/home/juli22/dbwebb-kurser/mvc/me/report/tests/ProjectRules/SameOfAKindTraitTest.php" line="69" class="App\ProjectRules\SameOfAKindTraitTest" classname="App.ProjectRules.SameOfAKindTraitTest" assertions="1" time="0.000948"/>
        <testcase name="testPossibleWithCardNotOk3" file="/home/juli22/dbwebb-kurser/mvc/me/report/tests/ProjectRules/SameOfAKindTraitTest.php" line="79" class="App\ProjectRules\SameOfAKindTraitTest" classname="App.ProjectRules.SameOfAKindTraitTest" assertions="1" time="0.001465"/>
        <testcase name="testPossibleWithCardOk5" file="/home/juli22/dbwebb-kurser/mvc/me/report/tests/ProjectRules/SameOfAKindTraitTest.php" line="89" class="App\ProjectRules\SameOfAKindTraitTest" classname="App.ProjectRules.SameOfAKindTraitTest" assertions="2" time="0.000993"/>
      </testsuite>
      <testsuite name="App\ProjectRules\SearchSpecificCardTraitTest" file="/home/juli22/dbwebb-kurser/mvc/me/report/tests/ProjectRules/SearchSpecificCardTraitTest.php" tests="4" assertions="4" errors="0" failures="0" skipped="0" time="0.002934">
        <testcase name="testSearchSpecificCardOk" file="/home/juli22/dbwebb-kurser/mvc/me/report/tests/ProjectRules/SearchSpecificCardTraitTest.php" line="12" class="App\ProjectRules\SearchSpecificCardTraitTest" classname="App.ProjectRules.SearchSpecificCardTraitTest" assertions="1" time="0.000739"/>
        <testcase name="testSearchSpecificCardOk2" file="/home/juli22/dbwebb-kurser/mvc/me/report/tests/ProjectRules/SearchSpecificCardTraitTest.php" line="22" class="App\ProjectRules\SearchSpecificCardTraitTest" classname="App.ProjectRules.SearchSpecificCardTraitTest" assertions="1" time="0.000736"/>
        <testcase name="testSearchSpecificCardNotOk" file="/home/juli22/dbwebb-kurser/mvc/me/report/tests/ProjectRules/SearchSpecificCardTraitTest.php" line="32" class="App\ProjectRules\SearchSpecificCardTraitTest" classname="App.ProjectRules.SearchSpecificCardTraitTest" assertions="1" time="0.000731"/>
        <testcase name="testSearchSpecificCardNotOk2" file="/home/juli22/dbwebb-kurser/mvc/me/report/tests/ProjectRules/SearchSpecificCardTraitTest.php" line="42" class="App\ProjectRules\SearchSpecificCardTraitTest" classname="App.ProjectRules.SearchSpecificCardTraitTest" assertions="1" time="0.000729"/>
      </testsuite>
      <testsuite name="App\ProjectRules\StraightFlushScoredTraitTest" file="/home/juli22/dbwebb-kurser/mvc/me/report/tests/ProjectRules/StraightFlushScoredTraitTest.php" tests="9" assertions="9" errors="0" failures="0" skipped="0" time="0.008010">
        <testcase name="testScoredNotOk" file="/home/juli22/dbwebb-kurser/mvc/me/report/tests/ProjectRules/StraightFlushScoredTraitTest.php" line="12" class="App\ProjectRules\StraightFlushScoredTraitTest" classname="App.ProjectRules.StraightFlushScoredTraitTest" assertions="1" time="0.000878"/>
        <testcase name="testScoredOk" file="/home/juli22/dbwebb-kurser/mvc/me/report/tests/ProjectRules/StraightFlushScoredTraitTest.php" line="20" class="App\ProjectRules\StraightFlushScoredTraitTest" classname="App.ProjectRules.StraightFlushScoredTraitTest" assertions="1" time="0.001011"/>
        <testcase name="testScoredNotOk2" file="/home/juli22/dbwebb-kurser/mvc/me/report/tests/ProjectRules/StraightFlushScoredTraitTest.php" line="28" class="App\ProjectRules\StraightFlushScoredTraitTest" classname="App.ProjectRules.StraightFlushScoredTraitTest" assertions="1" time="0.000827"/>
        <testcase name="testScoredOk2" file="/home/juli22/dbwebb-kurser/mvc/me/report/tests/ProjectRules/StraightFlushScoredTraitTest.php" line="36" class="App\ProjectRules\StraightFlushScoredTraitTest" classname="App.ProjectRules.StraightFlushScoredTraitTest" assertions="1" time="0.000855"/>
        <testcase name="testScoredOk3" file="/home/juli22/dbwebb-kurser/mvc/me/report/tests/ProjectRules/StraightFlushScoredTraitTest.php" line="44" class="App\ProjectRules\StraightFlushScoredTraitTest" classname="App.ProjectRules.StraightFlushScoredTraitTest" assertions="1" time="0.000849"/>
        <testcase name="testScoredNotOk4" file="/home/juli22/dbwebb-kurser/mvc/me/report/tests/ProjectRules/StraightFlushScoredTraitTest.php" line="52" class="App\ProjectRules\StraightFlushScoredTraitTest" classname="App.ProjectRules.StraightFlushScoredTraitTest" assertions="1" time="0.000840"/>
        <testcase name="testScoredOk4" file="/home/juli22/dbwebb-kurser/mvc/me/report/tests/ProjectRules/StraightFlushScoredTraitTest.php" line="61" class="App\ProjectRules\StraightFlushScoredTraitTest" classname="App.ProjectRules.StraightFlushScoredTraitTest" assertions="1" time="0.001022"/>
        <testcase name="testScoredNotOk5" file="/home/juli22/dbwebb-kurser/mvc/me/report/tests/ProjectRules/StraightFlushScoredTraitTest.php" line="69" class="App\ProjectRules\StraightFlushScoredTraitTest" classname="App.ProjectRules.StraightFlushScoredTraitTest" assertions="1" time="0.000895"/>
        <testcase name="testScoredNotOk6" file="/home/juli22/dbwebb-kurser/mvc/me/report/tests/ProjectRules/StraightFlushScoredTraitTest.php" line="77" class="App\ProjectRules\StraightFlushScoredTraitTest" classname="App.ProjectRules.StraightFlushScoredTraitTest" assertions="1" time="0.000835"/>
      </testsuite>
      <testsuite name="App\ProjectRules\StraightFlushTest" file="/home/juli22/dbwebb-kurser/mvc/me/report/tests/ProjectRules/StraightFlushTest.php" tests="1" assertions="2" errors="0" failures="0" skipped="0" time="0.000748">
        <testcase name="testCreateObject" file="/home/juli22/dbwebb-kurser/mvc/me/report/tests/ProjectRules/StraightFlushTest.php" line="9" class="App\ProjectRules\StraightFlushTest" classname="App.ProjectRules.StraightFlushTest" assertions="2" time="0.000748"/>
      </testsuite>
      <testsuite name="App\ProjectRules\StraightFlushTrait3Test" file="/home/juli22/dbwebb-kurser/mvc/me/report/tests/ProjectRules/StraightFlushTrait3Test.php" tests="5" assertions="5" errors="0" failures="0" skipped="0" time="0.004445">
        <testcase name="testPossibleDeckOnlyNotOk" file="/home/juli22/dbwebb-kurser/mvc/me/report/tests/ProjectRules/StraightFlushTrait3Test.php" line="13" class="App\ProjectRules\StraightFlushTrait3Test" classname="App.ProjectRules.StraightFlushTrait3Test" assertions="1" time="0.000812"/>
        <testcase name="testPossibleDeckOnlyNotOk2" file="/home/juli22/dbwebb-kurser/mvc/me/report/tests/ProjectRules/StraightFlushTrait3Test.php" line="28" class="App\ProjectRules\StraightFlushTrait3Test" classname="App.ProjectRules.StraightFlushTrait3Test" assertions="1" time="0.000830"/>
        <testcase name="testPossibleDeckOnlyOk" file="/home/juli22/dbwebb-kurser/mvc/me/report/tests/ProjectRules/StraightFlushTrait3Test.php" line="45" class="App\ProjectRules\StraightFlushTrait3Test" classname="App.ProjectRules.StraightFlushTrait3Test" assertions="1" time="0.000894"/>
        <testcase name="testPossibleDeckOnlyOk2" file="/home/juli22/dbwebb-kurser/mvc/me/report/tests/ProjectRules/StraightFlushTrait3Test.php" line="61" class="App\ProjectRules\StraightFlushTrait3Test" classname="App.ProjectRules.StraightFlushTrait3Test" assertions="1" time="0.000938"/>
        <testcase name="testPossibleDeckOnlyNotOk3" file="/home/juli22/dbwebb-kurser/mvc/me/report/tests/ProjectRules/StraightFlushTrait3Test.php" line="81" class="App\ProjectRules\StraightFlushTrait3Test" classname="App.ProjectRules.StraightFlushTrait3Test" assertions="1" time="0.000971"/>
      </testsuite>
      <testsuite name="App\ProjectRules\StraightFlushTraitTest" file="/home/juli22/dbwebb-kurser/mvc/me/report/tests/ProjectRules/StraightFlushTraitTest.php" tests="7" assertions="7" errors="0" failures="0" skipped="0" time="0.007203">
        <testcase name="testPossibleWithoutCardNotOk3" file="/home/juli22/dbwebb-kurser/mvc/me/report/tests/ProjectRules/StraightFlushTraitTest.php" line="14" class="App\ProjectRules\StraightFlushTraitTest" classname="App.ProjectRules.StraightFlushTraitTest" assertions="1" time="0.000803"/>
        <testcase name="testPossibleWithoutCardOk" file="/home/juli22/dbwebb-kurser/mvc/me/report/tests/ProjectRules/StraightFlushTraitTest.php" line="35" class="App\ProjectRules\StraightFlushTraitTest" classname="App.ProjectRules.StraightFlushTraitTest" assertions="1" time="0.001014"/>
        <testcase name="testPossibleWithoutCardNotOk5" file="/home/juli22/dbwebb-kurser/mvc/me/report/tests/ProjectRules/StraightFlushTraitTest.php" line="55" class="App\ProjectRules\StraightFlushTraitTest" classname="App.ProjectRules.StraightFlushTraitTest" assertions="1" time="0.001077"/>
        <testcase name="testPossibleWithoutCardOk2" file="/home/juli22/dbwebb-kurser/mvc/me/report/tests/ProjectRules/StraightFlushTraitTest.php" line="76" class="App\ProjectRules\StraightFlushTraitTest" classname="App.ProjectRules.StraightFlushTraitTest" assertions="1" time="0.000980"/>
        <testcase name="testPossibleWithoutCardNotOk" file="/home/juli22/dbwebb-kurser/mvc/me/report/tests/ProjectRules/StraightFlushTraitTest.php" line="98" class="App\ProjectRules\StraightFlushTraitTest" classname="App.ProjectRules.StraightFlushTraitTest" assertions="1" time="0.001011"/>
        <testcase name="testPossibleWithoutCardNotOk2" file="/home/juli22/dbwebb-kurser/mvc/me/report/tests/ProjectRules/StraightFlushTraitTest.php" line="117" class="App\ProjectRules\StraightFlushTraitTest" classname="App.ProjectRules.StraightFlushTraitTest" assertions="1" time="0.000958"/>
        <testcase name="testPossibleWithoutCardNotOk4" file="/home/juli22/dbwebb-kurser/mvc/me/report/tests/ProjectRules/StraightFlushTraitTest.php" line="135" class="App\ProjectRules\StraightFlushTraitTest" classname="App.ProjectRules.StraightFlushTraitTest" assertions="1" time="0.001360"/>
      </testsuite>
      <testsuite name="App\ProjectRules\StraightScoredTraitTest" file="/home/juli22/dbwebb-kurser/mvc/me/report/tests/ProjectRules/StraightScoredTraitTest.php" tests="5" assertions="5" errors="0" failures="0" skipped="0" time="0.004192">
        <testcase name="testScoredOk" file="/home/juli22/dbwebb-kurser/mvc/me/report/tests/ProjectRules/StraightScoredTraitTest.php" line="12" class="App\ProjectRules\StraightScoredTraitTest" classname="App.ProjectRules.StraightScoredTraitTest" assertions="1" time="0.000956"/>
        <testcase name="testScoredNotOk" file="/home/juli22/dbwebb-kurser/mvc/me/report/tests/ProjectRules/StraightScoredTraitTest.php" line="20" class="App\ProjectRules\StraightScoredTraitTest" classname="App.ProjectRules.StraightScoredTraitTest" assertions="1" time="0.000869"/>
        <testcase name="testScoredNotOk2" file="/home/juli22/dbwebb-kurser/mvc/me/report/tests/ProjectRules/StraightScoredTraitTest.php" line="28" class="App\ProjectRules\StraightScoredTraitTest" classname="App.ProjectRules.StraightScoredTraitTest" assertions="1" time="0.000799"/>
        <testcase name="testScoredOk2" file="/home/juli22/dbwebb-kurser/mvc/me/report/tests/ProjectRules/StraightScoredTraitTest.php" line="36" class="App\ProjectRules\StraightScoredTraitTest" classname="App.ProjectRules.StraightScoredTraitTest" assertions="1" time="0.000789"/>
        <testcase name="testScoredOk3" file="/home/juli22/dbwebb-kurser/mvc/me/report/tests/ProjectRules/StraightScoredTraitTest.php" line="44" class="App\ProjectRules\StraightScoredTraitTest" classname="App.ProjectRules.StraightScoredTraitTest" assertions="1" time="0.000778"/>
      </testsuite>
      <testsuite name="App\ProjectRules\StraightTest" file="/home/juli22/dbwebb-kurser/mvc/me/report/tests/ProjectRules/StraightTest.php" tests="1" assertions="2" errors="0" failures="0" skipped="0" time="0.000744">
        <testcase name="testCreateObject" file="/home/juli22/dbwebb-kurser/mvc/me/report/tests/ProjectRules/StraightTest.php" line="9" class="App\ProjectRules\StraightTest" classname="App.ProjectRules.StraightTest" assertions="2" time="0.000744"/>
      </testsuite>
      <testsuite name="App\ProjectRules\StraightTrait2Test" file="/home/juli22/dbwebb-kurser/mvc/me/report/tests/ProjectRules/StraightTrait2Test.php" tests="5" assertions="5" errors="0" failures="0" skipped="0" time="0.004509">
        <testcase name="testCheckForRanksOk" file="/home/juli22/dbwebb-kurser/mvc/me/report/tests/ProjectRules/StraightTrait2Test.php" line="11" class="App\ProjectRules\StraightTrait2Test" classname="App.ProjectRules.StraightTrait2Test" assertions="1" time="0.000784"/>
        <testcase name="testCheckForRanksOk2" file="/home/juli22/dbwebb-kurser/mvc/me/report/tests/ProjectRules/StraightTrait2Test.php" line="19" class="App\ProjectRules\StraightTrait2Test" classname="App.ProjectRules.StraightTrait2Test" assertions="1" time="0.000731"/>
        <testcase name="testCheckForRanksNotOk" file="/home/juli22/dbwebb-kurser/mvc/me/report/tests/ProjectRules/StraightTrait2Test.php" line="28" class="App\ProjectRules\StraightTrait2Test" classname="App.ProjectRules.StraightTrait2Test" assertions="1" time="0.001129"/>
        <testcase name="testCheckForRanksNotOk2" file="/home/juli22/dbwebb-kurser/mvc/me/report/tests/ProjectRules/StraightTrait2Test.php" line="36" class="App\ProjectRules\StraightTrait2Test" classname="App.ProjectRules.StraightTrait2Test" assertions="1" time="0.001007"/>
        <testcase name="testCheckForRanksNotOk3" file="/home/juli22/dbwebb-kurser/mvc/me/report/tests/ProjectRules/StraightTrait2Test.php" line="44" class="App\ProjectRules\StraightTrait2Test" classname="App.ProjectRules.StraightTrait2Test" assertions="1" time="0.000858"/>
      </testsuite>
      <testsuite name="App\ProjectRules\StraightTrait3Test" file="/home/juli22/dbwebb-kurser/mvc/me/report/tests/ProjectRules/StraightTrait3Test.php" tests="5" assertions="5" errors="0" failures="0" skipped="0" time="0.004067">
        <testcase name="testCheckAllPoissbleOk" file="/home/juli22/dbwebb-kurser/mvc/me/report/tests/ProjectRules/StraightTrait3Test.php" line="11" class="App\ProjectRules\StraightTrait3Test" classname="App.ProjectRules.StraightTrait3Test" assertions="1" time="0.000821"/>
        <testcase name="testCheckAllPoissbleNotOk" file="/home/juli22/dbwebb-kurser/mvc/me/report/tests/ProjectRules/StraightTrait3Test.php" line="20" class="App\ProjectRules\StraightTrait3Test" classname="App.ProjectRules.StraightTrait3Test" assertions="1" time="0.000826"/>
        <testcase name="testCheckAllPoissbleOk2" file="/home/juli22/dbwebb-kurser/mvc/me/report/tests/ProjectRules/StraightTrait3Test.php" line="29" class="App\ProjectRules\StraightTrait3Test" classname="App.ProjectRules.StraightTrait3Test" assertions="1" time="0.000792"/>
        <testcase name="testCheckAllPoissbleNotOk2" file="/home/juli22/dbwebb-kurser/mvc/me/report/tests/ProjectRules/StraightTrait3Test.php" line="38" class="App\ProjectRules\StraightTrait3Test" classname="App.ProjectRules.StraightTrait3Test" assertions="1" time="0.000807"/>
        <testcase name="testCheckAllPoissbleOk3" file="/home/juli22/dbwebb-kurser/mvc/me/report/tests/ProjectRules/StraightTrait3Test.php" line="47" class="App\ProjectRules\StraightTrait3Test" classname="App.ProjectRules.StraightTrait3Test" assertions="1" time="0.000822"/>
      </testsuite>
      <testsuite name="App\ProjectRules\StraightTraitTest" file="/home/juli22/dbwebb-kurser/mvc/me/report/tests/ProjectRules/StraightTraitTest.php" tests="10" assertions="10" errors="0" failures="0" skipped="0" time="0.009782">
        <testcase name="testPossibleWithoutCardNotOk" file="/home/juli22/dbwebb-kurser/mvc/me/report/tests/ProjectRules/StraightTraitTest.php" line="12" class="App\ProjectRules\StraightTraitTest" classname="App.ProjectRules.StraightTraitTest" assertions="1" time="0.000853"/>
        <testcase name="testPossibleWithoutCardNotOk2" file="/home/juli22/dbwebb-kurser/mvc/me/report/tests/ProjectRules/StraightTraitTest.php" line="33" class="App\ProjectRules\StraightTraitTest" classname="App.ProjectRules.StraightTraitTest" assertions="1" time="0.000903"/>
        <testcase name="testPossibleWithoutCardNotOk3" file="/home/juli22/dbwebb-kurser/mvc/me/report/tests/ProjectRules/StraightTraitTest.php" line="55" class="App\ProjectRules\StraightTraitTest" classname="App.ProjectRules.StraightTraitTest" assertions="1" time="0.000957"/>
        <testcase name="testPossibleWithoutCardOk3" file="/home/juli22/dbwebb-kurser/mvc/me/report/tests/ProjectRules/StraightTraitTest.php" line="77" class="App\ProjectRules\StraightTraitTest" classname="App.ProjectRules.StraightTraitTest" assertions="1" time="0.001105"/>
        <testcase name="testPossibleWithoutCardNot4" file="/home/juli22/dbwebb-kurser/mvc/me/report/tests/ProjectRules/StraightTraitTest.php" line="98" class="App\ProjectRules\StraightTraitTest" classname="App.ProjectRules.StraightTraitTest" assertions="1" time="0.000980"/>
        <testcase name="testPossibleWithoutCardNotOk5" file="/home/juli22/dbwebb-kurser/mvc/me/report/tests/ProjectRules/StraightTraitTest.php" line="116" class="App\ProjectRules\StraightTraitTest" classname="App.ProjectRules.StraightTraitTest" assertions="1" time="0.000988"/>
        <testcase name="testPossibleWithoutCardOk" file="/home/juli22/dbwebb-kurser/mvc/me/report/tests/ProjectRules/StraightTraitTest.php" line="134" class="App\ProjectRules\StraightTraitTest" classname="App.ProjectRules.StraightTraitTest" assertions="1" time="0.001000"/>
        <testcase name="testPossibleWithoutCardOk2" file="/home/juli22/dbwebb-kurser/mvc/me/report/tests/ProjectRules/StraightTraitTest.php" line="153" class="App\ProjectRules\StraightTraitTest" classname="App.ProjectRules.StraightTraitTest" assertions="1" time="0.001112"/>
        <testcase name="testPossibleDeckOnlyNotOk" file="/home/juli22/dbwebb-kurser/mvc/me/report/tests/ProjectRules/StraightTraitTest.php" line="171" class="App\ProjectRules\StraightTraitTest" classname="App.ProjectRules.StraightTraitTest" assertions="1" time="0.000929"/>
        <testcase name="testPossibleDeckOnlyOk" file="/home/juli22/dbwebb-kurser/mvc/me/report/tests/ProjectRules/StraightTraitTest.php" line="186" class="App\ProjectRules\StraightTraitTest" classname="App.ProjectRules.StraightTraitTest" assertions="1" time="0.000955"/>
      </testsuite>
      <testsuite name="App\ProjectRules\SubCountTraitTest" file="/home/juli22/dbwebb-kurser/mvc/me/report/tests/ProjectRules/SubCountTraitTest.php" tests="2" assertions="4" errors="0" failures="0" skipped="0" time="0.001753">
        <testcase name="testSubCountRanks" file="/home/juli22/dbwebb-kurser/mvc/me/report/tests/ProjectRules/SubCountTraitTest.php" line="11" class="App\ProjectRules\SubCountTraitTest" classname="App.ProjectRules.SubCountTraitTest" assertions="2" time="0.000979"/>
        <testcase name="testSubCountSuits" file="/home/juli22/dbwebb-kurser/mvc/me/report/tests/ProjectRules/SubCountTraitTest.php" line="23" class="App\ProjectRules\SubCountTraitTest" classname="App.ProjectRules.SubCountTraitTest" assertions="2" time="0.000773"/>
      </testsuite>
      <testsuite name="App\ProjectRules\ThreeOfAKindTest" file="/home/juli22/dbwebb-kurser/mvc/me/report/tests/ProjectRules/ThreeOfAKindTest.php" tests="3" assertions="3" errors="0" failures="0" skipped="0" time="0.002792">
        <testcase name="testScoredNotOk" file="/home/juli22/dbwebb-kurser/mvc/me/report/tests/ProjectRules/ThreeOfAKindTest.php" line="11" class="App\ProjectRules\ThreeOfAKindTest" classname="App.ProjectRules.ThreeOfAKindTest" assertions="1" time="0.001079"/>
        <testcase name="testScoredNotOk2" file="/home/juli22/dbwebb-kurser/mvc/me/report/tests/ProjectRules/ThreeOfAKindTest.php" line="19" class="App\ProjectRules\ThreeOfAKindTest" classname="App.ProjectRules.ThreeOfAKindTest" assertions="1" time="0.000911"/>
        <testcase name="testScoredOk" file="/home/juli22/dbwebb-kurser/mvc/me/report/tests/ProjectRules/ThreeOfAKindTest.php" line="27" class="App\ProjectRules\ThreeOfAKindTest" classname="App.ProjectRules.ThreeOfAKindTest" assertions="1" time="0.000803"/>
      </testsuite>
      <testsuite name="App\ProjectRules\TwoPairsTest" file="/home/juli22/dbwebb-kurser/mvc/me/report/tests/ProjectRules/TwoPairsTest.php" tests="5" assertions="5" errors="0" failures="0" skipped="0" time="0.004263">
        <testcase name="testCheckOk" file="/home/juli22/dbwebb-kurser/mvc/me/report/tests/ProjectRules/TwoPairsTest.php" line="9" class="App\ProjectRules\TwoPairsTest" classname="App.ProjectRules.TwoPairsTest" assertions="1" time="0.000827"/>
        <testcase name="testCheckOk2" file="/home/juli22/dbwebb-kurser/mvc/me/report/tests/ProjectRules/TwoPairsTest.php" line="16" class="App\ProjectRules\TwoPairsTest" classname="App.ProjectRules.TwoPairsTest" assertions="1" time="0.000816"/>
        <testcase name="testCheckNotOk" file="/home/juli22/dbwebb-kurser/mvc/me/report/tests/ProjectRules/TwoPairsTest.php" line="24" class="App\ProjectRules\TwoPairsTest" classname="App.ProjectRules.TwoPairsTest" assertions="1" time="0.000863"/>
        <testcase name="testCheckNotOk2" file="/home/juli22/dbwebb-kurser/mvc/me/report/tests/ProjectRules/TwoPairsTest.php" line="31" class="App\ProjectRules\TwoPairsTest" classname="App.ProjectRules.TwoPairsTest" assertions="1" time="0.000862"/>
        <testcase name="testCheckNotOk3" file="/home/juli22/dbwebb-kurser/mvc/me/report/tests/ProjectRules/TwoPairsTest.php" line="38" class="App\ProjectRules\TwoPairsTest" classname="App.ProjectRules.TwoPairsTest" assertions="1" time="0.000894"/>
      </testsuite>
      <testsuite name="App\ProjectRules\TwoPairsTrait10Test" file="/home/juli22/dbwebb-kurser/mvc/me/report/tests/ProjectRules/TwoPairsTrait10Test.php" tests="3" assertions="3" errors="0" failures="0" skipped="0" time="0.002513">
        <testcase name="testOneCardTwoPairsOk" file="/home/juli22/dbwebb-kurser/mvc/me/report/tests/ProjectRules/TwoPairsTrait10Test.php" line="11" class="App\ProjectRules\TwoPairsTrait10Test" classname="App.ProjectRules.TwoPairsTrait10Test" assertions="1" time="0.000793"/>
        <testcase name="testOneCardTwoPairsNotOk" file="/home/juli22/dbwebb-kurser/mvc/me/report/tests/ProjectRules/TwoPairsTrait10Test.php" line="27" class="App\ProjectRules\TwoPairsTrait10Test" classname="App.ProjectRules.TwoPairsTrait10Test" assertions="1" time="0.000828"/>
        <testcase name="testOneCardTwoPairsNotOk2" file="/home/juli22/dbwebb-kurser/mvc/me/report/tests/ProjectRules/TwoPairsTrait10Test.php" line="43" class="App\ProjectRules\TwoPairsTrait10Test" classname="App.ProjectRules.TwoPairsTrait10Test" assertions="1" time="0.000892"/>
      </testsuite>
      <testsuite name="App\ProjectRules\TwoPairsTrait14Test" file="/home/juli22/dbwebb-kurser/mvc/me/report/tests/ProjectRules/TwoPairsTrait14Test.php" tests="4" assertions="4" errors="0" failures="0" skipped="0" time="0.002992">
        <testcase name="testThreeCardsTwoPairsNotOk" file="/home/juli22/dbwebb-kurser/mvc/me/report/tests/ProjectRules/TwoPairsTrait14Test.php" line="11" class="App\ProjectRules\TwoPairsTrait14Test" classname="App.ProjectRules.TwoPairsTrait14Test" assertions="1" time="0.000814"/>
        <testcase name="testThreeCardsTwoPairsOk" file="/home/juli22/dbwebb-kurser/mvc/me/report/tests/ProjectRules/TwoPairsTrait14Test.php" line="25" class="App\ProjectRules\TwoPairsTrait14Test" classname="App.ProjectRules.TwoPairsTrait14Test" assertions="1" time="0.000743"/>
        <testcase name="testThreeCardsTwoPairsOk2" file="/home/juli22/dbwebb-kurser/mvc/me/report/tests/ProjectRules/TwoPairsTrait14Test.php" line="39" class="App\ProjectRules\TwoPairsTrait14Test" classname="App.ProjectRules.TwoPairsTrait14Test" assertions="1" time="0.000707"/>
        <testcase name="testThreeCardsTwoPairsOk3" file="/home/juli22/dbwebb-kurser/mvc/me/report/tests/ProjectRules/TwoPairsTrait14Test.php" line="53" class="App\ProjectRules\TwoPairsTrait14Test" classname="App.ProjectRules.TwoPairsTrait14Test" assertions="1" time="0.000729"/>
      </testsuite>
      <testsuite name="App\ProjectRules\TwoPairsTrait2Test" file="/home/juli22/dbwebb-kurser/mvc/me/report/tests/ProjectRules/TwoPairsTrait2Test.php" tests="10" assertions="10" errors="0" failures="0" skipped="0" time="0.009935">
        <testcase name="testPossibleWithoutCardOk" file="/home/juli22/dbwebb-kurser/mvc/me/report/tests/ProjectRules/TwoPairsTrait2Test.php" line="15" class="App\ProjectRules\TwoPairsTrait2Test" classname="App.ProjectRules.TwoPairsTrait2Test" assertions="1" time="0.001246"/>
        <testcase name="testPossibleWithoutCardOk2" file="/home/juli22/dbwebb-kurser/mvc/me/report/tests/ProjectRules/TwoPairsTrait2Test.php" line="23" class="App\ProjectRules\TwoPairsTrait2Test" classname="App.ProjectRules.TwoPairsTrait2Test" assertions="1" time="0.001024"/>
        <testcase name="testPossibleWithoutCardOk3" file="/home/juli22/dbwebb-kurser/mvc/me/report/tests/ProjectRules/TwoPairsTrait2Test.php" line="31" class="App\ProjectRules\TwoPairsTrait2Test" classname="App.ProjectRules.TwoPairsTrait2Test" assertions="1" time="0.000903"/>
        <testcase name="testPossibleWithoutCardOk4" file="/home/juli22/dbwebb-kurser/mvc/me/report/tests/ProjectRules/TwoPairsTrait2Test.php" line="39" class="App\ProjectRules\TwoPairsTrait2Test" classname="App.ProjectRules.TwoPairsTrait2Test" assertions="1" time="0.000926"/>
        <testcase name="testPossibleWithoutCardOk5" file="/home/juli22/dbwebb-kurser/mvc/me/report/tests/ProjectRules/TwoPairsTrait2Test.php" line="47" class="App\ProjectRules\TwoPairsTrait2Test" classname="App.ProjectRules.TwoPairsTrait2Test" assertions="1" time="0.000967"/>
        <testcase name="testPossibleWithoutCardOk6" file="/home/juli22/dbwebb-kurser/mvc/me/report/tests/ProjectRules/TwoPairsTrait2Test.php" line="55" class="App\ProjectRules\TwoPairsTrait2Test" classname="App.ProjectRules.TwoPairsTrait2Test" assertions="1" time="0.000985"/>
        <testcase name="testPossibleWithoutCardOk7" file="/home/juli22/dbwebb-kurser/mvc/me/report/tests/ProjectRules/TwoPairsTrait2Test.php" line="63" class="App\ProjectRules\TwoPairsTrait2Test" classname="App.ProjectRules.TwoPairsTrait2Test" assertions="1" time="0.000861"/>
        <testcase name="testPossibleWithoutCardNotOk" file="/home/juli22/dbwebb-kurser/mvc/me/report/tests/ProjectRules/TwoPairsTrait2Test.php" line="71" class="App\ProjectRules\TwoPairsTrait2Test" classname="App.ProjectRules.TwoPairsTrait2Test" assertions="1" time="0.000950"/>
        <testcase name="testPossibleWithoutCardNotOk2" file="/home/juli22/dbwebb-kurser/mvc/me/report/tests/ProjectRules/TwoPairsTrait2Test.php" line="79" class="App\ProjectRules\TwoPairsTrait2Test" classname="App.ProjectRules.TwoPairsTrait2Test" assertions="1" time="0.000958"/>
        <testcase name="testPossibleWithoutCardNotOk3" file="/home/juli22/dbwebb-kurser/mvc/me/report/tests/ProjectRules/TwoPairsTrait2Test.php" line="87" class="App\ProjectRules\TwoPairsTrait2Test" classname="App.ProjectRules.TwoPairsTrait2Test" assertions="1" time="0.001116"/>
      </testsuite>
      <testsuite name="App\ProjectRules\TwoPairsTrait2pt2Test" file="/home/juli22/dbwebb-kurser/mvc/me/report/tests/ProjectRules/TwoPairsTrait2pt2Test.php" tests="2" assertions="2" errors="0" failures="0" skipped="0" time="0.002079">
        <testcase name="testPossibleWithoutCardOk" file="/home/juli22/dbwebb-kurser/mvc/me/report/tests/ProjectRules/TwoPairsTrait2pt2Test.php" line="13" class="App\ProjectRules\TwoPairsTrait2pt2Test" classname="App.ProjectRules.TwoPairsTrait2pt2Test" assertions="1" time="0.001111"/>
        <testcase name="testPossibleWithoutCardNotOk" file="/home/juli22/dbwebb-kurser/mvc/me/report/tests/ProjectRules/TwoPairsTrait2pt2Test.php" line="21" class="App\ProjectRules\TwoPairsTrait2pt2Test" classname="App.ProjectRules.TwoPairsTrait2pt2Test" assertions="1" time="0.000968"/>
      </testsuite>
      <testsuite name="App\ProjectRules\TwoPairsTrait3Test" file="/home/juli22/dbwebb-kurser/mvc/me/report/tests/ProjectRules/TwoPairsTrait3Test.php" tests="2" assertions="2" errors="0" failures="0" skipped="0" time="0.001965">
        <testcase name="testPossibleDeckOnlyOk" file="/home/juli22/dbwebb-kurser/mvc/me/report/tests/ProjectRules/TwoPairsTrait3Test.php" line="13" class="App\ProjectRules\TwoPairsTrait3Test" classname="App.ProjectRules.TwoPairsTrait3Test" assertions="1" time="0.001007"/>
        <testcase name="testPossibleDeckOnlyNotOk" file="/home/juli22/dbwebb-kurser/mvc/me/report/tests/ProjectRules/TwoPairsTrait3Test.php" line="20" class="App\ProjectRules\TwoPairsTrait3Test" classname="App.ProjectRules.TwoPairsTrait3Test" assertions="1" time="0.000958"/>
      </testsuite>
      <testsuite name="App\ProjectRules\TwoPairsTrait4Test" file="/home/juli22/dbwebb-kurser/mvc/me/report/tests/ProjectRules/TwoPairsTrait4Test.php" tests="3" assertions="6" errors="0" failures="0" skipped="0" time="0.002499">
        <testcase name="testCheck1Ok" file="/home/juli22/dbwebb-kurser/mvc/me/report/tests/ProjectRules/TwoPairsTrait4Test.php" line="11" class="App\ProjectRules\TwoPairsTrait4Test" classname="App.ProjectRules.TwoPairsTrait4Test" assertions="2" time="0.000787"/>
        <testcase name="testCheck1Ok2" file="/home/juli22/dbwebb-kurser/mvc/me/report/tests/ProjectRules/TwoPairsTrait4Test.php" line="30" class="App\ProjectRules\TwoPairsTrait4Test" classname="App.ProjectRules.TwoPairsTrait4Test" assertions="2" time="0.000770"/>
        <testcase name="testCheck1NotOk" file="/home/juli22/dbwebb-kurser/mvc/me/report/tests/ProjectRules/TwoPairsTrait4Test.php" line="49" class="App\ProjectRules\TwoPairsTrait4Test" classname="App.ProjectRules.TwoPairsTrait4Test" assertions="2" time="0.000942"/>
      </testsuite>
      <testsuite name="App\ProjectRules\TwoPairsTrait5Pt2Test" file="/home/juli22/dbwebb-kurser/mvc/me/report/tests/ProjectRules/TwoPairsTrait5Pt2Test.php" tests="5" assertions="5" errors="0" failures="0" skipped="0" time="0.004418">
        <testcase name="testCheck2Ok" file="/home/juli22/dbwebb-kurser/mvc/me/report/tests/ProjectRules/TwoPairsTrait5Pt2Test.php" line="12" class="App\ProjectRules\TwoPairsTrait5Pt2Test" classname="App.ProjectRules.TwoPairsTrait5Pt2Test" assertions="1" time="0.001144"/>
        <testcase name="testCheck2Ok2" file="/home/juli22/dbwebb-kurser/mvc/me/report/tests/ProjectRules/TwoPairsTrait5Pt2Test.php" line="27" class="App\ProjectRules\TwoPairsTrait5Pt2Test" classname="App.ProjectRules.TwoPairsTrait5Pt2Test" assertions="1" time="0.000926"/>
        <testcase name="testCheckForTwoPairs3Ok" file="/home/juli22/dbwebb-kurser/mvc/me/report/tests/ProjectRules/TwoPairsTrait5Pt2Test.php" line="42" class="App\ProjectRules\TwoPairsTrait5Pt2Test" classname="App.ProjectRules.TwoPairsTrait5Pt2Test" assertions="1" time="0.000750"/>
        <testcase name="testCheckForTwoPairs3NotOk" file="/home/juli22/dbwebb-kurser/mvc/me/report/tests/ProjectRules/TwoPairsTrait5Pt2Test.php" line="54" class="App\ProjectRules\TwoPairsTrait5Pt2Test" classname="App.ProjectRules.TwoPairsTrait5Pt2Test" assertions="1" time="0.000791"/>
        <testcase name="testCheckForTwoPairs3NotOk2" file="/home/juli22/dbwebb-kurser/mvc/me/report/tests/ProjectRules/TwoPairsTrait5Pt2Test.php" line="66" class="App\ProjectRules\TwoPairsTrait5Pt2Test" classname="App.ProjectRules.TwoPairsTrait5Pt2Test" assertions="1" time="0.000806"/>
      </testsuite>
      <testsuite name="App\ProjectRules\TwoPairsTrait5Test" file="/home/juli22/dbwebb-kurser/mvc/me/report/tests/ProjectRules/TwoPairsTrait5Test.php" tests="7" assertions="7" errors="0" failures="0" skipped="0" time="0.005464">
        <testcase name="testCheckForTwoPairs1Ok" file="/home/juli22/dbwebb-kurser/mvc/me/report/tests/ProjectRules/TwoPairsTrait5Test.php" line="12" class="App\ProjectRules\TwoPairsTrait5Test" classname="App.ProjectRules.TwoPairsTrait5Test" assertions="1" time="0.000788"/>
        <testcase name="testCheckForTwoPairs1Ok2" file="/home/juli22/dbwebb-kurser/mvc/me/report/tests/ProjectRules/TwoPairsTrait5Test.php" line="26" class="App\ProjectRules\TwoPairsTrait5Test" classname="App.ProjectRules.TwoPairsTrait5Test" assertions="1" time="0.000761"/>
        <testcase name="testCheckForTwoPairs1NotOk" file="/home/juli22/dbwebb-kurser/mvc/me/report/tests/ProjectRules/TwoPairsTrait5Test.php" line="41" class="App\ProjectRules\TwoPairsTrait5Test" classname="App.ProjectRules.TwoPairsTrait5Test" assertions="1" time="0.000769"/>
        <testcase name="testCheckForTwoPairs1NotOk2" file="/home/juli22/dbwebb-kurser/mvc/me/report/tests/ProjectRules/TwoPairsTrait5Test.php" line="55" class="App\ProjectRules\TwoPairsTrait5Test" classname="App.ProjectRules.TwoPairsTrait5Test" assertions="1" time="0.000892"/>
        <testcase name="testCheck2NotOk" file="/home/juli22/dbwebb-kurser/mvc/me/report/tests/ProjectRules/TwoPairsTrait5Test.php" line="69" class="App\ProjectRules\TwoPairsTrait5Test" classname="App.ProjectRules.TwoPairsTrait5Test" assertions="1" time="0.000768"/>
        <testcase name="testCheck2NotOk2" file="/home/juli22/dbwebb-kurser/mvc/me/report/tests/ProjectRules/TwoPairsTrait5Test.php" line="85" class="App\ProjectRules\TwoPairsTrait5Test" classname="App.ProjectRules.TwoPairsTrait5Test" assertions="1" time="0.000736"/>
        <testcase name="testCheck2NotOk3" file="/home/juli22/dbwebb-kurser/mvc/me/report/tests/ProjectRules/TwoPairsTrait5Test.php" line="100" class="App\ProjectRules\TwoPairsTrait5Test" classname="App.ProjectRules.TwoPairsTrait5Test" assertions="1" time="0.000751"/>
      </testsuite>
      <testsuite name="App\ProjectRules\TwoPairsTrait6Pt2Test" file="/home/juli22/dbwebb-kurser/mvc/me/report/tests/ProjectRules/TwoPairsTrait6Pt2Test.php" tests="5" assertions="7" errors="0" failures="0" skipped="0" time="0.004084">
        <testcase name="testCheck3Ok" file="/home/juli22/dbwebb-kurser/mvc/me/report/tests/ProjectRules/TwoPairsTrait6Pt2Test.php" line="12" class="App\ProjectRules\TwoPairsTrait6Pt2Test" classname="App.ProjectRules.TwoPairsTrait6Pt2Test" assertions="1" time="0.000858"/>
        <testcase name="testCheck3NotOk" file="/home/juli22/dbwebb-kurser/mvc/me/report/tests/ProjectRules/TwoPairsTrait6Pt2Test.php" line="27" class="App\ProjectRules\TwoPairsTrait6Pt2Test" classname="App.ProjectRules.TwoPairsTrait6Pt2Test" assertions="1" time="0.000828"/>
        <testcase name="testCheck3NotOk2" file="/home/juli22/dbwebb-kurser/mvc/me/report/tests/ProjectRules/TwoPairsTrait6Pt2Test.php" line="42" class="App\ProjectRules\TwoPairsTrait6Pt2Test" classname="App.ProjectRules.TwoPairsTrait6Pt2Test" assertions="1" time="0.000810"/>
        <testcase name="testMatchRankOk" file="/home/juli22/dbwebb-kurser/mvc/me/report/tests/ProjectRules/TwoPairsTrait6Pt2Test.php" line="57" class="App\ProjectRules\TwoPairsTrait6Pt2Test" classname="App.ProjectRules.TwoPairsTrait6Pt2Test" assertions="2" time="0.000843"/>
        <testcase name="testMatchRankOk2" file="/home/juli22/dbwebb-kurser/mvc/me/report/tests/ProjectRules/TwoPairsTrait6Pt2Test.php" line="73" class="App\ProjectRules\TwoPairsTrait6Pt2Test" classname="App.ProjectRules.TwoPairsTrait6Pt2Test" assertions="2" time="0.000745"/>
      </testsuite>
      <testsuite name="App\ProjectRules\TwoPairsTrait6Test" file="/home/juli22/dbwebb-kurser/mvc/me/report/tests/ProjectRules/TwoPairsTrait6Test.php" tests="4" assertions="4" errors="0" failures="0" skipped="0" time="0.003145">
        <testcase name="testCheck3Ok" file="/home/juli22/dbwebb-kurser/mvc/me/report/tests/ProjectRules/TwoPairsTrait6Test.php" line="12" class="App\ProjectRules\TwoPairsTrait6Test" classname="App.ProjectRules.TwoPairsTrait6Test" assertions="1" time="0.000787"/>
        <testcase name="testCheck3NotOk4" file="/home/juli22/dbwebb-kurser/mvc/me/report/tests/ProjectRules/TwoPairsTrait6Test.php" line="30" class="App\ProjectRules\TwoPairsTrait6Test" classname="App.ProjectRules.TwoPairsTrait6Test" assertions="1" time="0.000790"/>
        <testcase name="testCheck3NotOk2" file="/home/juli22/dbwebb-kurser/mvc/me/report/tests/ProjectRules/TwoPairsTrait6Test.php" line="48" class="App\ProjectRules\TwoPairsTrait6Test" classname="App.ProjectRules.TwoPairsTrait6Test" assertions="1" time="0.000766"/>
        <testcase name="testCheck3NotOk3" file="/home/juli22/dbwebb-kurser/mvc/me/report/tests/ProjectRules/TwoPairsTrait6Test.php" line="66" class="App\ProjectRules\TwoPairsTrait6Test" classname="App.ProjectRules.TwoPairsTrait6Test" assertions="1" time="0.000803"/>
      </testsuite>
      <testsuite name="App\ProjectRules\TwoPairsTrait7Test" file="/home/juli22/dbwebb-kurser/mvc/me/report/tests/ProjectRules/TwoPairsTrait7Test.php" tests="6" assertions="6" errors="0" failures="0" skipped="0" time="0.005626">
        <testcase name="testFourCardsTwoPairsOk" file="/home/juli22/dbwebb-kurser/mvc/me/report/tests/ProjectRules/TwoPairsTrait7Test.php" line="12" class="App\ProjectRules\TwoPairsTrait7Test" classname="App.ProjectRules.TwoPairsTrait7Test" assertions="1" time="0.000746"/>
        <testcase name="testFourCardsTwoPairsNotOk" file="/home/juli22/dbwebb-kurser/mvc/me/report/tests/ProjectRules/TwoPairsTrait7Test.php" line="22" class="App\ProjectRules\TwoPairsTrait7Test" classname="App.ProjectRules.TwoPairsTrait7Test" assertions="1" time="0.000753"/>
        <testcase name="testFindSecondPairOk" file="/home/juli22/dbwebb-kurser/mvc/me/report/tests/ProjectRules/TwoPairsTrait7Test.php" line="32" class="App\ProjectRules\TwoPairsTrait7Test" classname="App.ProjectRules.TwoPairsTrait7Test" assertions="1" time="0.000775"/>
        <testcase name="testFindSecondPairOk2" file="/home/juli22/dbwebb-kurser/mvc/me/report/tests/ProjectRules/TwoPairsTrait7Test.php" line="47" class="App\ProjectRules\TwoPairsTrait7Test" classname="App.ProjectRules.TwoPairsTrait7Test" assertions="1" time="0.001692"/>
        <testcase name="testFindSecondPairOk3" file="/home/juli22/dbwebb-kurser/mvc/me/report/tests/ProjectRules/TwoPairsTrait7Test.php" line="63" class="App\ProjectRules\TwoPairsTrait7Test" classname="App.ProjectRules.TwoPairsTrait7Test" assertions="1" time="0.000819"/>
        <testcase name="testFindSecondPairOk4" file="/home/juli22/dbwebb-kurser/mvc/me/report/tests/ProjectRules/TwoPairsTrait7Test.php" line="78" class="App\ProjectRules\TwoPairsTrait7Test" classname="App.ProjectRules.TwoPairsTrait7Test" assertions="1" time="0.000841"/>
      </testsuite>
      <testsuite name="App\ProjectRules\TwoPairsTrait8Test" file="/home/juli22/dbwebb-kurser/mvc/me/report/tests/ProjectRules/TwoPairsTrait8Test.php" tests="3" assertions="3" errors="0" failures="0" skipped="0" time="0.002496">
        <testcase name="testMatchOneInDeckOk" file="/home/juli22/dbwebb-kurser/mvc/me/report/tests/ProjectRules/TwoPairsTrait8Test.php" line="11" class="App\ProjectRules\TwoPairsTrait8Test" classname="App.ProjectRules.TwoPairsTrait8Test" assertions="1" time="0.000824"/>
        <testcase name="testMatchOneInDeckNotOk" file="/home/juli22/dbwebb-kurser/mvc/me/report/tests/ProjectRules/TwoPairsTrait8Test.php" line="28" class="App\ProjectRules\TwoPairsTrait8Test" classname="App.ProjectRules.TwoPairsTrait8Test" assertions="1" time="0.000874"/>
        <testcase name="testMatchOneInDeckNotOk2" file="/home/juli22/dbwebb-kurser/mvc/me/report/tests/ProjectRules/TwoPairsTrait8Test.php" line="45" class="App\ProjectRules\TwoPairsTrait8Test" classname="App.ProjectRules.TwoPairsTrait8Test" assertions="1" time="0.000797"/>
      </testsuite>
      <testsuite name="App\ProjectRules\TwoPairsTrait9Test" file="/home/juli22/dbwebb-kurser/mvc/me/report/tests/ProjectRules/TwoPairsTrait9Test.php" tests="3" assertions="3" errors="0" failures="0" skipped="0" time="0.002425">
        <testcase name="testThreeCardsTwoPairsAltOk" file="/home/juli22/dbwebb-kurser/mvc/me/report/tests/ProjectRules/TwoPairsTrait9Test.php" line="11" class="App\ProjectRules\TwoPairsTrait9Test" classname="App.ProjectRules.TwoPairsTrait9Test" assertions="1" time="0.000876"/>
        <testcase name="testThreeCardsTwoPairsAltNotOk" file="/home/juli22/dbwebb-kurser/mvc/me/report/tests/ProjectRules/TwoPairsTrait9Test.php" line="29" class="App\ProjectRules\TwoPairsTrait9Test" classname="App.ProjectRules.TwoPairsTrait9Test" assertions="1" time="0.000784"/>
        <testcase name="testThreeCardsTwoPairsAltNotOk2" file="/home/juli22/dbwebb-kurser/mvc/me/report/tests/ProjectRules/TwoPairsTrait9Test.php" line="47" class="App\ProjectRules\TwoPairsTrait9Test" classname="App.ProjectRules.TwoPairsTrait9Test" assertions="1" time="0.000765"/>
      </testsuite>
      <testsuite name="App\ProjectRules\TwoPairsTraitTest" file="/home/juli22/dbwebb-kurser/mvc/me/report/tests/ProjectRules/TwoPairsTraitTest.php" tests="10" assertions="16" errors="0" failures="0" skipped="0" time="0.011058">
        <testcase name="testPossibleWithCardNotOk" file="/home/juli22/dbwebb-kurser/mvc/me/report/tests/ProjectRules/TwoPairsTraitTest.php" line="15" class="App\ProjectRules\TwoPairsTraitTest" classname="App.ProjectRules.TwoPairsTraitTest" assertions="1" time="0.001801"/>
        <testcase name="testPossibleWithCardOk" file="/home/juli22/dbwebb-kurser/mvc/me/report/tests/ProjectRules/TwoPairsTraitTest.php" line="25" class="App\ProjectRules\TwoPairsTraitTest" classname="App.ProjectRules.TwoPairsTraitTest" assertions="2" time="0.001173"/>
        <testcase name="testPossibleWithCardNotOk2" file="/home/juli22/dbwebb-kurser/mvc/me/report/tests/ProjectRules/TwoPairsTraitTest.php" line="36" class="App\ProjectRules\TwoPairsTraitTest" classname="App.ProjectRules.TwoPairsTraitTest" assertions="1" time="0.000977"/>
        <testcase name="testPossibleWithCardOk2" file="/home/juli22/dbwebb-kurser/mvc/me/report/tests/ProjectRules/TwoPairsTraitTest.php" line="46" class="App\ProjectRules\TwoPairsTraitTest" classname="App.ProjectRules.TwoPairsTraitTest" assertions="2" time="0.001087"/>
        <testcase name="testPossibleWithCardNotOk5" file="/home/juli22/dbwebb-kurser/mvc/me/report/tests/ProjectRules/TwoPairsTraitTest.php" line="57" class="App\ProjectRules\TwoPairsTraitTest" classname="App.ProjectRules.TwoPairsTraitTest" assertions="2" time="0.001016"/>
        <testcase name="testPossibleWithCardNotOk3" file="/home/juli22/dbwebb-kurser/mvc/me/report/tests/ProjectRules/TwoPairsTraitTest.php" line="68" class="App\ProjectRules\TwoPairsTraitTest" classname="App.ProjectRules.TwoPairsTraitTest" assertions="1" time="0.000968"/>
        <testcase name="testPossibleWithCardOk4" file="/home/juli22/dbwebb-kurser/mvc/me/report/tests/ProjectRules/TwoPairsTraitTest.php" line="78" class="App\ProjectRules\TwoPairsTraitTest" classname="App.ProjectRules.TwoPairsTraitTest" assertions="2" time="0.000911"/>
        <testcase name="testPossibleWithCardOk5" file="/home/juli22/dbwebb-kurser/mvc/me/report/tests/ProjectRules/TwoPairsTraitTest.php" line="89" class="App\ProjectRules\TwoPairsTraitTest" classname="App.ProjectRules.TwoPairsTraitTest" assertions="2" time="0.000983"/>
        <testcase name="testPossibleWithCardOk6" file="/home/juli22/dbwebb-kurser/mvc/me/report/tests/ProjectRules/TwoPairsTraitTest.php" line="100" class="App\ProjectRules\TwoPairsTraitTest" classname="App.ProjectRules.TwoPairsTraitTest" assertions="2" time="0.001132"/>
        <testcase name="testPossibleWithCardNotOk4" file="/home/juli22/dbwebb-kurser/mvc/me/report/tests/ProjectRules/TwoPairsTraitTest.php" line="111" class="App\ProjectRules\TwoPairsTraitTest" classname="App.ProjectRules.TwoPairsTraitTest" assertions="1" time="0.001010"/>
      </testsuite>
      <testsuite name="App\Repository\BookRepositoryTest" file="/home/juli22/dbwebb-kurser/mvc/me/report/tests/Repository/BookRepositoryTest.php" tests="2" assertions="4" errors="0" failures="0" skipped="0" time="0.003074">
        <testcase name="testCreateObject" file="/home/juli22/dbwebb-kurser/mvc/me/report/tests/Repository/BookRepositoryTest.php" line="20" class="App\Repository\BookRepositoryTest" classname="App.Repository.BookRepositoryTest" assertions="1" time="0.001386"/>
        <testcase name="testCompareIdNotOk" file="/home/juli22/dbwebb-kurser/mvc/me/report/tests/Repository/BookRepositoryTest.php" line="32" class="App\Repository\BookRepositoryTest" classname="App.Repository.BookRepositoryTest" assertions="3" time="0.001688"/>
      </testsuite>
      <testsuite name="App\Repository\ScoreRepositoryTest" file="/home/juli22/dbwebb-kurser/mvc/me/report/tests/Repository/ScoreRepositoryTest.php" tests="2" assertions="4" errors="0" failures="0" skipped="0" time="0.004248">
        <testcase name="testSave" file="/home/juli22/dbwebb-kurser/mvc/me/report/tests/Repository/ScoreRepositoryTest.php" line="28" class="App\Repository\ScoreRepositoryTest" classname="App.Repository.ScoreRepositoryTest" assertions="2" time="0.002443"/>
        <testcase name="testRemove" file="/home/juli22/dbwebb-kurser/mvc/me/report/tests/Repository/ScoreRepositoryTest.php" line="56" class="App\Repository\ScoreRepositoryTest" classname="App.Repository.ScoreRepositoryTest" assertions="2" time="0.001806"/>
      </testsuite>
      <testsuite name="App\Repository\TransactionRepositoryTest" file="/home/juli22/dbwebb-kurser/mvc/me/report/tests/Repository/TransactionRepositoryTest.php" tests="2" assertions="6" errors="0" failures="0" skipped="0" time="0.004013">
        <testcase name="testSave" file="/home/juli22/dbwebb-kurser/mvc/me/report/tests/Repository/TransactionRepositoryTest.php" line="27" class="App\Repository\TransactionRepositoryTest" classname="App.Repository.TransactionRepositoryTest" assertions="3" time="0.002056"/>
        <testcase name="testRemove" file="/home/juli22/dbwebb-kurser/mvc/me/report/tests/Repository/TransactionRepositoryTest.php" line="57" class="App\Repository\TransactionRepositoryTest" classname="App.Repository.TransactionRepositoryTest" assertions="3" time="0.001957"/>
      </testsuite>
      <testsuite name="App\Repository\UserRepositoryTest" file="/home/juli22/dbwebb-kurser/mvc/me/report/tests/Repository/UserRepositoryTest.php" tests="2" assertions="3" errors="0" failures="0" skipped="0" time="0.045540">
        <testcase name="testSave" file="/home/juli22/dbwebb-kurser/mvc/me/report/tests/Repository/UserRepositoryTest.php" line="27" class="App\Repository\UserRepositoryTest" classname="App.Repository.UserRepositoryTest" assertions="1" time="0.043846"/>
        <testcase name="testRemove" file="/home/juli22/dbwebb-kurser/mvc/me/report/tests/Repository/UserRepositoryTest.php" line="58" class="App\Repository\UserRepositoryTest" classname="App.Repository.UserRepositoryTest" assertions="2" time="0.001694"/>
      </testsuite>
    </testsuite>
  </testsuite>
</testsuites>
