<?xml version="1.0" encoding="UTF-8"?>
<testsuites>
  <testsuite name="" tests="597" assertions="1227" errors="0" failures="0" skipped="0" time="8.110524">
    <testsuite name="Project Test Suite" tests="597" assertions="1227" errors="0" failures="0" skipped="0" time="8.110524">
      <testsuite name="App\Cards\CardDataTraitTest" file="/home/juli22/dbwebb-kurser/mvc/me/report/tests/Cards/CardDataTraitTest.php" tests="3" assertions="3" errors="0" failures="0" skipped="0" time="0.262272">
        <testcase name="testGetValues" file="/home/juli22/dbwebb-kurser/mvc/me/report/tests/Cards/CardDataTraitTest.php" line="19" class="App\Cards\CardDataTraitTest" classname="App.Cards.CardDataTraitTest" assertions="1" time="0.260808"/>
        <testcase name="testGetAsString" file="/home/juli22/dbwebb-kurser/mvc/me/report/tests/Cards/CardDataTraitTest.php" line="30" class="App\Cards\CardDataTraitTest" classname="App.Cards.CardDataTraitTest" assertions="1" time="0.000738"/>
        <testcase name="testGetCardCount" file="/home/juli22/dbwebb-kurser/mvc/me/report/tests/Cards/CardDataTraitTest.php" line="40" class="App\Cards\CardDataTraitTest" classname="App.Cards.CardDataTraitTest" assertions="1" time="0.000726"/>
      </testsuite>
      <testsuite name="App\Cards\CardGraphicTest" file="/home/juli22/dbwebb-kurser/mvc/me/report/tests/Cards/CardGraphicTest.php" tests="1" assertions="2" errors="0" failures="0" skipped="0" time="0.000798">
        <testcase name="testCreateObject" file="/home/juli22/dbwebb-kurser/mvc/me/report/tests/Cards/CardGraphicTest.php" line="16" class="App\Cards\CardGraphicTest" classname="App.Cards.CardGraphicTest" assertions="2" time="0.000798"/>
      </testsuite>
      <testsuite name="App\Cards\CardHandTest" file="/home/juli22/dbwebb-kurser/mvc/me/report/tests/Cards/CardHandTest.php" tests="8" assertions="14" errors="0" failures="0" skipped="0" time="0.019795">
        <testcase name="testCreateObject" file="/home/juli22/dbwebb-kurser/mvc/me/report/tests/Cards/CardHandTest.php" line="22" class="App\Cards\CardHandTest" classname="App.Cards.CardHandTest" assertions="5" time="0.003140"/>
        <testcase name="testAddOneCardOk" file="/home/juli22/dbwebb-kurser/mvc/me/report/tests/Cards/CardHandTest.php" line="43" class="App\Cards\CardHandTest" classname="App.Cards.CardHandTest" assertions="2" time="0.007362"/>
        <testcase name="testGetValues" file="/home/juli22/dbwebb-kurser/mvc/me/report/tests/Cards/CardHandTest.php" line="67" class="App\Cards\CardHandTest" classname="App.Cards.CardHandTest" assertions="1" time="0.001491"/>
        <testcase name="testGetAsString" file="/home/juli22/dbwebb-kurser/mvc/me/report/tests/Cards/CardHandTest.php" line="93" class="App\Cards\CardHandTest" classname="App.Cards.CardHandTest" assertions="1" time="0.001356"/>
        <testcase name="testGetImgLinksAndDescr" file="/home/juli22/dbwebb-kurser/mvc/me/report/tests/Cards/CardHandTest.php" line="118" class="App\Cards\CardHandTest" classname="App.Cards.CardHandTest" assertions="1" time="0.002037"/>
        <testcase name="testAddManyCardsOk" file="/home/juli22/dbwebb-kurser/mvc/me/report/tests/Cards/CardHandTest.php" line="147" class="App\Cards\CardHandTest" classname="App.Cards.CardHandTest" assertions="1" time="0.000893"/>
        <testcase name="testAddManyCardsNotOk" file="/home/juli22/dbwebb-kurser/mvc/me/report/tests/Cards/CardHandTest.php" line="163" class="App\Cards\CardHandTest" classname="App.Cards.CardHandTest" assertions="1" time="0.002535"/>
        <testcase name="testEmptyHandOk" file="/home/juli22/dbwebb-kurser/mvc/me/report/tests/Cards/CardHandTest.php" line="183" class="App\Cards\CardHandTest" classname="App.Cards.CardHandTest" assertions="2" time="0.000981"/>
      </testsuite>
      <testsuite name="App\Cards\CardTest" file="/home/juli22/dbwebb-kurser/mvc/me/report/tests/Cards/CardTest.php" tests="2" assertions="10" errors="0" failures="0" skipped="0" time="0.001432">
        <testcase name="testCreateObject" file="/home/juli22/dbwebb-kurser/mvc/me/report/tests/Cards/CardTest.php" line="16" class="App\Cards\CardTest" classname="App.Cards.CardTest" assertions="5" time="0.000736"/>
        <testcase name="testCreateDifferentObject" file="/home/juli22/dbwebb-kurser/mvc/me/report/tests/Cards/CardTest.php" line="42" class="App\Cards\CardTest" classname="App.Cards.CardTest" assertions="5" time="0.000696"/>
      </testsuite>
      <testsuite name="App\Cards\DeckOfCardsExtTest" file="/home/juli22/dbwebb-kurser/mvc/me/report/tests/Cards/DeckOfCardsExtTest.php" tests="1" assertions="5" errors="0" failures="0" skipped="0" time="0.002871">
        <testcase name="testCreateObject" file="/home/juli22/dbwebb-kurser/mvc/me/report/tests/Cards/DeckOfCardsExtTest.php" line="16" class="App\Cards\DeckOfCardsExtTest" classname="App.Cards.DeckOfCardsExtTest" assertions="5" time="0.002871"/>
      </testsuite>
      <testsuite name="App\Cards\DeckOfCardsTest" file="/home/juli22/dbwebb-kurser/mvc/me/report/tests/Cards/DeckOfCardsTest.php" tests="9" assertions="21" errors="0" failures="0" skipped="0" time="0.011241">
        <testcase name="testCreateObject" file="/home/juli22/dbwebb-kurser/mvc/me/report/tests/Cards/DeckOfCardsTest.php" line="17" class="App\Cards\DeckOfCardsTest" classname="App.Cards.DeckOfCardsTest" assertions="4" time="0.000924"/>
        <testcase name="testDrawOk" file="/home/juli22/dbwebb-kurser/mvc/me/report/tests/Cards/DeckOfCardsTest.php" line="43" class="App\Cards\DeckOfCardsTest" classname="App.Cards.DeckOfCardsTest" assertions="1" time="0.001503"/>
        <testcase name="testDrawNotOk" file="/home/juli22/dbwebb-kurser/mvc/me/report/tests/Cards/DeckOfCardsTest.php" line="65" class="App\Cards\DeckOfCardsTest" classname="App.Cards.DeckOfCardsTest" assertions="1" time="0.001111"/>
        <testcase name="testCardCountOk" file="/home/juli22/dbwebb-kurser/mvc/me/report/tests/Cards/DeckOfCardsTest.php" line="84" class="App\Cards\DeckOfCardsTest" classname="App.Cards.DeckOfCardsTest" assertions="1" time="0.001109"/>
        <testcase name="testGetAsStringOk" file="/home/juli22/dbwebb-kurser/mvc/me/report/tests/Cards/DeckOfCardsTest.php" line="101" class="App\Cards\DeckOfCardsTest" classname="App.Cards.DeckOfCardsTest" assertions="5" time="0.001223"/>
        <testcase name="testGetAsStringNotOk" file="/home/juli22/dbwebb-kurser/mvc/me/report/tests/Cards/DeckOfCardsTest.php" line="126" class="App\Cards\DeckOfCardsTest" classname="App.Cards.DeckOfCardsTest" assertions="1" time="0.000819"/>
        <testcase name="testGetImgLinksOk" file="/home/juli22/dbwebb-kurser/mvc/me/report/tests/Cards/DeckOfCardsTest.php" line="143" class="App\Cards\DeckOfCardsTest" classname="App.Cards.DeckOfCardsTest" assertions="5" time="0.001207"/>
        <testcase name="testGetImgLinksNotOk" file="/home/juli22/dbwebb-kurser/mvc/me/report/tests/Cards/DeckOfCardsTest.php" line="169" class="App\Cards\DeckOfCardsTest" classname="App.Cards.DeckOfCardsTest" assertions="1" time="0.000788"/>
        <testcase name="testShuffleOk" file="/home/juli22/dbwebb-kurser/mvc/me/report/tests/Cards/DeckOfCardsTest.php" line="185" class="App\Cards\DeckOfCardsTest" classname="App.Cards.DeckOfCardsTest" assertions="2" time="0.002556"/>
      </testsuite>
      <testsuite name="App\Cards\PlayerTest" file="/home/juli22/dbwebb-kurser/mvc/me/report/tests/Cards/PlayerTest.php" tests="4" assertions="7" errors="0" failures="0" skipped="0" time="0.007035">
        <testcase name="testCreateObject" file="/home/juli22/dbwebb-kurser/mvc/me/report/tests/Cards/PlayerTest.php" line="22" class="App\Cards\PlayerTest" classname="App.Cards.PlayerTest" assertions="4" time="0.003949"/>
        <testcase name="testDrawOk" file="/home/juli22/dbwebb-kurser/mvc/me/report/tests/Cards/PlayerTest.php" line="42" class="App\Cards\PlayerTest" classname="App.Cards.PlayerTest" assertions="1" time="0.001288"/>
        <testcase name="testDrawManyOk" file="/home/juli22/dbwebb-kurser/mvc/me/report/tests/Cards/PlayerTest.php" line="61" class="App\Cards\PlayerTest" classname="App.Cards.PlayerTest" assertions="1" time="0.000847"/>
        <testcase name="testDrawManyNotOk" file="/home/juli22/dbwebb-kurser/mvc/me/report/tests/Cards/PlayerTest.php" line="81" class="App\Cards\PlayerTest" classname="App.Cards.PlayerTest" assertions="1" time="0.000952"/>
      </testsuite>
      <testsuite name="App\Controller\CardController2Test" file="/home/juli22/dbwebb-kurser/mvc/me/report/tests/Controller/CardController2Test.php" tests="6" assertions="43" errors="0" failures="0" skipped="0" time="1.388125">
        <testcase name="testDraw" file="/home/juli22/dbwebb-kurser/mvc/me/report/tests/Controller/CardController2Test.php" line="19" class="App\Controller\CardController2Test" classname="App.Controller.CardController2Test" assertions="5" time="1.298559"/>
        <testcase name="testDraw2" file="/home/juli22/dbwebb-kurser/mvc/me/report/tests/Controller/CardController2Test.php" line="38" class="App\Controller\CardController2Test" classname="App.Controller.CardController2Test" assertions="6" time="0.013061"/>
        <testcase name="testDraw3" file="/home/juli22/dbwebb-kurser/mvc/me/report/tests/Controller/CardController2Test.php" line="49" class="App\Controller\CardController2Test" classname="App.Controller.CardController2Test" assertions="3" time="0.016294"/>
        <testcase name="testDrawMany" file="/home/juli22/dbwebb-kurser/mvc/me/report/tests/Controller/CardController2Test.php" line="60" class="App\Controller\CardController2Test" classname="App.Controller.CardController2Test" assertions="5" time="0.012542"/>
        <testcase name="testDrawMany2" file="/home/juli22/dbwebb-kurser/mvc/me/report/tests/Controller/CardController2Test.php" line="78" class="App\Controller\CardController2Test" classname="App.Controller.CardController2Test" assertions="10" time="0.018571"/>
        <testcase name="testDeal" file="/home/juli22/dbwebb-kurser/mvc/me/report/tests/Controller/CardController2Test.php" line="92" class="App\Controller\CardController2Test" classname="App.Controller.CardController2Test" assertions="14" time="0.029099"/>
      </testsuite>
      <testsuite name="App\Controller\CardControllerTest" file="/home/juli22/dbwebb-kurser/mvc/me/report/tests/Controller/CardControllerTest.php" tests="3" assertions="17" errors="0" failures="0" skipped="0" time="0.041494">
        <testcase name="testDeck" file="/home/juli22/dbwebb-kurser/mvc/me/report/tests/Controller/CardControllerTest.php" line="15" class="App\Controller\CardControllerTest" classname="App.Controller.CardControllerTest" assertions="6" time="0.012581"/>
        <testcase name="testShuffle" file="/home/juli22/dbwebb-kurser/mvc/me/report/tests/Controller/CardControllerTest.php" line="36" class="App\Controller\CardControllerTest" classname="App.Controller.CardControllerTest" assertions="6" time="0.010160"/>
        <testcase name="testCard" file="/home/juli22/dbwebb-kurser/mvc/me/report/tests/Controller/CardControllerTest.php" line="54" class="App\Controller\CardControllerTest" classname="App.Controller.CardControllerTest" assertions="5" time="0.018753"/>
      </testsuite>
      <testsuite name="App\Controller\Game21ControllerTest" file="/home/juli22/dbwebb-kurser/mvc/me/report/tests/Controller/Game21ControllerTest.php" tests="9" assertions="43" errors="0" failures="0" skipped="0" time="0.170720">
        <testcase name="testGame" file="/home/juli22/dbwebb-kurser/mvc/me/report/tests/Controller/Game21ControllerTest.php" line="15" class="App\Controller\Game21ControllerTest" classname="App.Controller.Game21ControllerTest" assertions="8" time="0.017824"/>
        <testcase name="testGame2" file="/home/juli22/dbwebb-kurser/mvc/me/report/tests/Controller/Game21ControllerTest.php" line="33" class="App\Controller\Game21ControllerTest" classname="App.Controller.Game21ControllerTest" assertions="7" time="0.025466"/>
        <testcase name="testDoc" file="/home/juli22/dbwebb-kurser/mvc/me/report/tests/Controller/Game21ControllerTest.php" line="49" class="App\Controller\Game21ControllerTest" classname="App.Controller.Game21ControllerTest" assertions="4" time="0.013629"/>
        <testcase name="testInit" file="/home/juli22/dbwebb-kurser/mvc/me/report/tests/Controller/Game21ControllerTest.php" line="58" class="App\Controller\Game21ControllerTest" classname="App.Controller.Game21ControllerTest" assertions="5" time="0.015954"/>
        <testcase name="testSelectAmount" file="/home/juli22/dbwebb-kurser/mvc/me/report/tests/Controller/Game21ControllerTest.php" line="69" class="App\Controller\Game21ControllerTest" classname="App.Controller.Game21ControllerTest" assertions="6" time="0.019860"/>
        <testcase name="testBet" file="/home/juli22/dbwebb-kurser/mvc/me/report/tests/Controller/Game21ControllerTest.php" line="80" class="App\Controller\Game21ControllerTest" classname="App.Controller.Game21ControllerTest" assertions="3" time="0.013454"/>
        <testcase name="testPlayerDraw" file="/home/juli22/dbwebb-kurser/mvc/me/report/tests/Controller/Game21ControllerTest.php" line="89" class="App\Controller\Game21ControllerTest" classname="App.Controller.Game21ControllerTest" assertions="3" time="0.014811"/>
        <testcase name="testBankPlaying" file="/home/juli22/dbwebb-kurser/mvc/me/report/tests/Controller/Game21ControllerTest.php" line="98" class="App\Controller\Game21ControllerTest" classname="App.Controller.Game21ControllerTest" assertions="3" time="0.013253"/>
        <testcase name="testPlay" file="/home/juli22/dbwebb-kurser/mvc/me/report/tests/Controller/Game21ControllerTest.php" line="107" class="App\Controller\Game21ControllerTest" classname="App.Controller.Game21ControllerTest" assertions="4" time="0.036468"/>
      </testsuite>
      <testsuite name="App\Controller\JsonCardController2Test" file="/home/juli22/dbwebb-kurser/mvc/me/report/tests/Controller/JsonCardController2Test.php" tests="2" assertions="8" errors="0" failures="0" skipped="0" time="0.015575">
        <testcase name="testJsonDeck" file="/home/juli22/dbwebb-kurser/mvc/me/report/tests/Controller/JsonCardController2Test.php" line="10" class="App\Controller\JsonCardController2Test" classname="App.Controller.JsonCardController2Test" assertions="6" time="0.008790"/>
        <testcase name="testJsonShuffle" file="/home/juli22/dbwebb-kurser/mvc/me/report/tests/Controller/JsonCardController2Test.php" line="27" class="App\Controller\JsonCardController2Test" classname="App.Controller.JsonCardController2Test" assertions="2" time="0.006785"/>
      </testsuite>
      <testsuite name="App\Controller\JsonCardController3Test" file="/home/juli22/dbwebb-kurser/mvc/me/report/tests/Controller/JsonCardController3Test.php" tests="1" assertions="2" errors="0" failures="0" skipped="0" time="0.006248">
        <testcase name="testJsonDrawMany" file="/home/juli22/dbwebb-kurser/mvc/me/report/tests/Controller/JsonCardController3Test.php" line="9" class="App\Controller\JsonCardController3Test" classname="App.Controller.JsonCardController3Test" assertions="2" time="0.006248"/>
      </testsuite>
      <testsuite name="App\Controller\JsonCardController4Test" file="/home/juli22/dbwebb-kurser/mvc/me/report/tests/Controller/JsonCardController4Test.php" tests="1" assertions="2" errors="0" failures="0" skipped="0" time="0.006836">
        <testcase name="testDraw" file="/home/juli22/dbwebb-kurser/mvc/me/report/tests/Controller/JsonCardController4Test.php" line="9" class="App\Controller\JsonCardController4Test" classname="App.Controller.JsonCardController4Test" assertions="2" time="0.006836"/>
      </testsuite>
      <testsuite name="App\Controller\JsonCardControllerTest" file="/home/juli22/dbwebb-kurser/mvc/me/report/tests/Controller/JsonCardControllerTest.php" tests="1" assertions="2" errors="0" failures="0" skipped="0" time="0.007498">
        <testcase name="testJsonDeal" file="/home/juli22/dbwebb-kurser/mvc/me/report/tests/Controller/JsonCardControllerTest.php" line="9" class="App\Controller\JsonCardControllerTest" classname="App.Controller.JsonCardControllerTest" assertions="2" time="0.007498"/>
      </testsuite>
      <testsuite name="App\Controller\JsonControllerTest" file="/home/juli22/dbwebb-kurser/mvc/me/report/tests/Controller/JsonControllerTest.php" tests="2" assertions="6" errors="0" failures="0" skipped="0" time="0.024256">
        <testcase name="testApi" file="/home/juli22/dbwebb-kurser/mvc/me/report/tests/Controller/JsonControllerTest.php" line="9" class="App\Controller\JsonControllerTest" classname="App.Controller.JsonControllerTest" assertions="4" time="0.018431"/>
        <testcase name="testQuote" file="/home/juli22/dbwebb-kurser/mvc/me/report/tests/Controller/JsonControllerTest.php" line="18" class="App\Controller\JsonControllerTest" classname="App.Controller.JsonControllerTest" assertions="2" time="0.005826"/>
      </testsuite>
      <testsuite name="App\Controller\JsonGame21ControllerTest" file="/home/juli22/dbwebb-kurser/mvc/me/report/tests/Controller/JsonGame21ControllerTest.php" tests="1" assertions="2" errors="0" failures="0" skipped="0" time="0.013450">
        <testcase name="testDraw" file="/home/juli22/dbwebb-kurser/mvc/me/report/tests/Controller/JsonGame21ControllerTest.php" line="9" class="App\Controller\JsonGame21ControllerTest" classname="App.Controller.JsonGame21ControllerTest" assertions="2" time="0.013450"/>
      </testsuite>
      <testsuite name="App\Controller\JsonLibraryControllerTest" file="/home/juli22/dbwebb-kurser/mvc/me/report/tests/Controller/JsonLibraryControllerTest.php" tests="3" assertions="10" errors="0" failures="0" skipped="0" time="0.048731">
        <testcase name="testShowAllBooks" file="/home/juli22/dbwebb-kurser/mvc/me/report/tests/Controller/JsonLibraryControllerTest.php" line="9" class="App\Controller\JsonLibraryControllerTest" classname="App.Controller.JsonLibraryControllerTest" assertions="2" time="0.025244"/>
        <testcase name="testShowABookByIsbnNotOk" file="/home/juli22/dbwebb-kurser/mvc/me/report/tests/Controller/JsonLibraryControllerTest.php" line="17" class="App\Controller\JsonLibraryControllerTest" classname="App.Controller.JsonLibraryControllerTest" assertions="4" time="0.016728"/>
        <testcase name="testShowABookByIsbnOk" file="/home/juli22/dbwebb-kurser/mvc/me/report/tests/Controller/JsonLibraryControllerTest.php" line="28" class="App\Controller\JsonLibraryControllerTest" classname="App.Controller.JsonLibraryControllerTest" assertions="4" time="0.006760"/>
      </testsuite>
      <testsuite name="App\Controller\LibraryControllerTest" file="/home/juli22/dbwebb-kurser/mvc/me/report/tests/Controller/LibraryControllerTest.php" tests="4" assertions="16" errors="0" failures="0" skipped="0" time="0.051255">
        <testcase name="testReadOneOk" file="/home/juli22/dbwebb-kurser/mvc/me/report/tests/Controller/LibraryControllerTest.php" line="14" class="App\Controller\LibraryControllerTest" classname="App.Controller.LibraryControllerTest" assertions="4" time="0.017312"/>
        <testcase name="testReadOneNotOk" file="/home/juli22/dbwebb-kurser/mvc/me/report/tests/Controller/LibraryControllerTest.php" line="23" class="App\Controller\LibraryControllerTest" classname="App.Controller.LibraryControllerTest" assertions="3" time="0.006792"/>
        <testcase name="testReadMany" file="/home/juli22/dbwebb-kurser/mvc/me/report/tests/Controller/LibraryControllerTest.php" line="31" class="App\Controller\LibraryControllerTest" classname="App.Controller.LibraryControllerTest" assertions="4" time="0.016980"/>
        <testcase name="testRemoveOne" file="/home/juli22/dbwebb-kurser/mvc/me/report/tests/Controller/LibraryControllerTest.php" line="40" class="App\Controller\LibraryControllerTest" classname="App.Controller.LibraryControllerTest" assertions="5" time="0.010171"/>
      </testsuite>
      <testsuite name="App\Controller\LibraryCreateNewController2Test" file="/home/juli22/dbwebb-kurser/mvc/me/report/tests/Controller/LibraryCreateNewController2Test.php" tests="1" assertions="4" errors="0" failures="0" skipped="0" time="0.014064">
        <testcase name="testCreateForm" file="/home/juli22/dbwebb-kurser/mvc/me/report/tests/Controller/LibraryCreateNewController2Test.php" line="14" class="App\Controller\LibraryCreateNewController2Test" classname="App.Controller.LibraryCreateNewController2Test" assertions="4" time="0.014064"/>
      </testsuite>
      <testsuite name="App\Controller\LibraryCreateNewControllerTest" file="/home/juli22/dbwebb-kurser/mvc/me/report/tests/Controller/LibraryCreateNewControllerTest.php" tests="2" assertions="9" errors="0" failures="0" skipped="0" time="0.020026">
        <testcase name="testCreateNewOk" file="/home/juli22/dbwebb-kurser/mvc/me/report/tests/Controller/LibraryCreateNewControllerTest.php" line="21" class="App\Controller\LibraryCreateNewControllerTest" classname="App.Controller.LibraryCreateNewControllerTest" assertions="5" time="0.010941"/>
        <testcase name="testCreateNewNotOk" file="/home/juli22/dbwebb-kurser/mvc/me/report/tests/Controller/LibraryCreateNewControllerTest.php" line="69" class="App\Controller\LibraryCreateNewControllerTest" classname="App.Controller.LibraryCreateNewControllerTest" assertions="4" time="0.009085"/>
      </testsuite>
      <testsuite name="App\Controller\LibraryLandingControllerTest" file="/home/juli22/dbwebb-kurser/mvc/me/report/tests/Controller/LibraryLandingControllerTest.php" tests="1" assertions="4" errors="0" failures="0" skipped="0" time="0.010957">
        <testcase name="testLibrary" file="/home/juli22/dbwebb-kurser/mvc/me/report/tests/Controller/LibraryLandingControllerTest.php" line="14" class="App\Controller\LibraryLandingControllerTest" classname="App.Controller.LibraryLandingControllerTest" assertions="4" time="0.010957"/>
      </testsuite>
      <testsuite name="App\Controller\LibraryResetControllerTest" file="/home/juli22/dbwebb-kurser/mvc/me/report/tests/Controller/LibraryResetControllerTest.php" tests="1" assertions="5" errors="0" failures="0" skipped="0" time="0.009859">
        <testcase name="testReset" file="/home/juli22/dbwebb-kurser/mvc/me/report/tests/Controller/LibraryResetControllerTest.php" line="18" class="App\Controller\LibraryResetControllerTest" classname="App.Controller.LibraryResetControllerTest" assertions="5" time="0.009859"/>
      </testsuite>
      <testsuite name="App\Controller\LibraryUpdateController2Test" file="/home/juli22/dbwebb-kurser/mvc/me/report/tests/Controller/LibraryUpdateController2Test.php" tests="3" assertions="16" errors="0" failures="0" skipped="0" time="0.027398">
        <testcase name="testUpdateOk" file="/home/juli22/dbwebb-kurser/mvc/me/report/tests/Controller/LibraryUpdateController2Test.php" line="20" class="App\Controller\LibraryUpdateController2Test" classname="App.Controller.LibraryUpdateController2Test" assertions="5" time="0.009027"/>
        <testcase name="testUpdateAnotherOk" file="/home/juli22/dbwebb-kurser/mvc/me/report/tests/Controller/LibraryUpdateController2Test.php" line="60" class="App\Controller\LibraryUpdateController2Test" classname="App.Controller.LibraryUpdateController2Test" assertions="5" time="0.010940"/>
        <testcase name="testUpdateNotOk" file="/home/juli22/dbwebb-kurser/mvc/me/report/tests/Controller/LibraryUpdateController2Test.php" line="99" class="App\Controller\LibraryUpdateController2Test" classname="App.Controller.LibraryUpdateController2Test" assertions="6" time="0.007430"/>
      </testsuite>
      <testsuite name="App\Controller\LibraryUpdateControllerTest" file="/home/juli22/dbwebb-kurser/mvc/me/report/tests/Controller/LibraryUpdateControllerTest.php" tests="1" assertions="4" errors="0" failures="0" skipped="0" time="0.016940">
        <testcase name="testUpdateForm" file="/home/juli22/dbwebb-kurser/mvc/me/report/tests/Controller/LibraryUpdateControllerTest.php" line="13" class="App\Controller\LibraryUpdateControllerTest" classname="App.Controller.LibraryUpdateControllerTest" assertions="4" time="0.016940"/>
      </testsuite>
      <testsuite name="App\Controller\LuckyMonkeyTest" file="/home/juli22/dbwebb-kurser/mvc/me/report/tests/Controller/LuckyMonkeyTest.php" tests="2" assertions="2" errors="0" failures="0" skipped="0" time="0.001579">
        <testcase name="testCreateObject" file="/home/juli22/dbwebb-kurser/mvc/me/report/tests/Controller/LuckyMonkeyTest.php" line="15" class="App\Controller\LuckyMonkeyTest" classname="App.Controller.LuckyMonkeyTest" assertions="1" time="0.000744"/>
        <testcase name="testData" file="/home/juli22/dbwebb-kurser/mvc/me/report/tests/Controller/LuckyMonkeyTest.php" line="25" class="App\Controller\LuckyMonkeyTest" classname="App.Controller.LuckyMonkeyTest" assertions="1" time="0.000835"/>
      </testsuite>
      <testsuite name="App\Controller\MainControllerHelperTest" file="/home/juli22/dbwebb-kurser/mvc/me/report/tests/Controller/MainControllerHelperTest.php" tests="3" assertions="5" errors="0" failures="0" skipped="0" time="0.002466">
        <testcase name="testCreateObject" file="/home/juli22/dbwebb-kurser/mvc/me/report/tests/Controller/MainControllerHelperTest.php" line="17" class="App\Controller\MainControllerHelperTest" classname="App.Controller.MainControllerHelperTest" assertions="1" time="0.000688"/>
        <testcase name="testStandardData" file="/home/juli22/dbwebb-kurser/mvc/me/report/tests/Controller/MainControllerHelperTest.php" line="26" class="App\Controller\MainControllerHelperTest" classname="App.Controller.MainControllerHelperTest" assertions="2" time="0.000893"/>
        <testcase name="testReportData" file="/home/juli22/dbwebb-kurser/mvc/me/report/tests/Controller/MainControllerHelperTest.php" line="51" class="App\Controller\MainControllerHelperTest" classname="App.Controller.MainControllerHelperTest" assertions="2" time="0.000885"/>
      </testsuite>
      <testsuite name="App\Controller\MainControllerTest" file="/home/juli22/dbwebb-kurser/mvc/me/report/tests/Controller/MainControllerTest.php" tests="5" assertions="13" errors="0" failures="0" skipped="0" time="0.055146">
        <testcase name="testHome" file="/home/juli22/dbwebb-kurser/mvc/me/report/tests/Controller/MainControllerTest.php" line="12" class="App\Controller\MainControllerTest" classname="App.Controller.MainControllerTest" assertions="2" time="0.011240"/>
        <testcase name="testAbout" file="/home/juli22/dbwebb-kurser/mvc/me/report/tests/Controller/MainControllerTest.php" line="25" class="App\Controller\MainControllerTest" classname="App.Controller.MainControllerTest" assertions="2" time="0.011248"/>
        <testcase name="testReport" file="/home/juli22/dbwebb-kurser/mvc/me/report/tests/Controller/MainControllerTest.php" line="33" class="App\Controller\MainControllerTest" classname="App.Controller.MainControllerTest" assertions="2" time="0.012198"/>
        <testcase name="testLucky" file="/home/juli22/dbwebb-kurser/mvc/me/report/tests/Controller/MainControllerTest.php" line="41" class="App\Controller\MainControllerTest" classname="App.Controller.MainControllerTest" assertions="5" time="0.011189"/>
        <testcase name="testMetrics" file="/home/juli22/dbwebb-kurser/mvc/me/report/tests/Controller/MainControllerTest.php" line="52" class="App\Controller\MainControllerTest" classname="App.Controller.MainControllerTest" assertions="2" time="0.009271"/>
      </testsuite>
      <testsuite name="App\Controller\MdParserTest" file="/home/juli22/dbwebb-kurser/mvc/me/report/tests/Controller/MdParserTest.php" tests="2" assertions="3" errors="0" failures="0" skipped="0" time="0.002861">
        <testcase name="testCreateObject" file="/home/juli22/dbwebb-kurser/mvc/me/report/tests/Controller/MdParserTest.php" line="29" class="App\Controller\MdParserTest" classname="App.Controller.MdParserTest" assertions="1" time="0.000764"/>
        <testcase name="testGetParsedText" file="/home/juli22/dbwebb-kurser/mvc/me/report/tests/Controller/MdParserTest.php" line="39" class="App\Controller\MdParserTest" classname="App.Controller.MdParserTest" assertions="2" time="0.002098"/>
      </testsuite>
      <testsuite name="App\Controller\ProjectApiController1Test" file="/home/juli22/dbwebb-kurser/mvc/me/report/tests/Controller/ProjectApiController1Test.php" tests="1" assertions="6" errors="0" failures="0" skipped="0" time="0.068274">
        <testcase name="testApiOneRound" file="/home/juli22/dbwebb-kurser/mvc/me/report/tests/Controller/ProjectApiController1Test.php" line="15" class="App\Controller\ProjectApiController1Test" classname="App.Controller.ProjectApiController1Test" assertions="6" time="0.068274"/>
      </testsuite>
      <testsuite name="App\Controller\ProjectApiController2Test" file="/home/juli22/dbwebb-kurser/mvc/me/report/tests/Controller/ProjectApiController2Test.php" tests="1" assertions="4" errors="0" failures="0" skipped="0" time="0.035082">
        <testcase name="testApiUser" file="/home/juli22/dbwebb-kurser/mvc/me/report/tests/Controller/ProjectApiController2Test.php" line="13" class="App\Controller\ProjectApiController2Test" classname="App.Controller.ProjectApiController2Test" assertions="4" time="0.035082"/>
      </testsuite>
      <testsuite name="App\Controller\ProjectApiController3Test" file="/home/juli22/dbwebb-kurser/mvc/me/report/tests/Controller/ProjectApiController3Test.php" tests="1" assertions="4" errors="0" failures="0" skipped="0" time="0.019557">
        <testcase name="testApiTrasactions" file="/home/juli22/dbwebb-kurser/mvc/me/report/tests/Controller/ProjectApiController3Test.php" line="13" class="App\Controller\ProjectApiController3Test" classname="App.Controller.ProjectApiController3Test" assertions="4" time="0.019557"/>
      </testsuite>
      <testsuite name="App\Controller\ProjectApiController4Test" file="/home/juli22/dbwebb-kurser/mvc/me/report/tests/Controller/ProjectApiController4Test.php" tests="2" assertions="7" errors="0" failures="0" skipped="0" time="0.012882">
        <testcase name="testApiPlaceCard" file="/home/juli22/dbwebb-kurser/mvc/me/report/tests/Controller/ProjectApiController4Test.php" line="13" class="App\Controller\ProjectApiController4Test" classname="App.Controller.ProjectApiController4Test" assertions="4" time="0.007179"/>
        <testcase name="testApiPlaceCard2" file="/home/juli22/dbwebb-kurser/mvc/me/report/tests/Controller/ProjectApiController4Test.php" line="24" class="App\Controller\ProjectApiController4Test" classname="App.Controller.ProjectApiController4Test" assertions="3" time="0.005703"/>
      </testsuite>
      <testsuite name="App\Controller\ProjectApiController5Test" file="/home/juli22/dbwebb-kurser/mvc/me/report/tests/Controller/ProjectApiController5Test.php" tests="2" assertions="10" errors="0" failures="0" skipped="0" time="0.073068">
        <testcase name="testApiGameStateNotOk" file="/home/juli22/dbwebb-kurser/mvc/me/report/tests/Controller/ProjectApiController5Test.php" line="15" class="App\Controller\ProjectApiController5Test" classname="App.Controller.ProjectApiController5Test" assertions="4" time="0.006116"/>
        <testcase name="testApiGameStateOk" file="/home/juli22/dbwebb-kurser/mvc/me/report/tests/Controller/ProjectApiController5Test.php" line="31" class="App\Controller\ProjectApiController5Test" classname="App.Controller.ProjectApiController5Test" assertions="6" time="0.066953"/>
      </testsuite>
      <testsuite name="App\Controller\ProjectApiController6Test" file="/home/juli22/dbwebb-kurser/mvc/me/report/tests/Controller/ProjectApiController6Test.php" tests="1" assertions="6" errors="0" failures="0" skipped="0" time="0.007364">
        <testcase name="testApiUsers" file="/home/juli22/dbwebb-kurser/mvc/me/report/tests/Controller/ProjectApiController6Test.php" line="13" class="App\Controller\ProjectApiController6Test" classname="App.Controller.ProjectApiController6Test" assertions="6" time="0.007364"/>
      </testsuite>
      <testsuite name="App\Controller\ProjectApiController7Test" file="/home/juli22/dbwebb-kurser/mvc/me/report/tests/Controller/ProjectApiController7Test.php" tests="1" assertions="6" errors="0" failures="0" skipped="0" time="0.013686">
        <testcase name="testApiUsers" file="/home/juli22/dbwebb-kurser/mvc/me/report/tests/Controller/ProjectApiController7Test.php" line="13" class="App\Controller\ProjectApiController7Test" classname="App.Controller.ProjectApiController7Test" assertions="6" time="0.013686"/>
      </testsuite>
      <testsuite name="App\Controller\ProjectApiController8Test" file="/home/juli22/dbwebb-kurser/mvc/me/report/tests/Controller/ProjectApiController8Test.php" tests="1" assertions="4" errors="0" failures="0" skipped="0" time="0.340177">
        <testcase name="testApiResults" file="/home/juli22/dbwebb-kurser/mvc/me/report/tests/Controller/ProjectApiController8Test.php" line="11" class="App\Controller\ProjectApiController8Test" classname="App.Controller.ProjectApiController8Test" assertions="4" time="0.340177"/>
      </testsuite>
      <testsuite name="App\Controller\ProjectAuthControllerTest" file="/home/juli22/dbwebb-kurser/mvc/me/report/tests/Controller/ProjectAuthControllerTest.php" tests="7" assertions="41" errors="0" failures="0" skipped="0" time="0.247334">
        <testcase name="testRegisterOk" file="/home/juli22/dbwebb-kurser/mvc/me/report/tests/Controller/ProjectAuthControllerTest.php" line="22" class="App\Controller\ProjectAuthControllerTest" classname="App.Controller.ProjectAuthControllerTest" assertions="6" time="0.050000"/>
        <testcase name="testRegisterNotOk" file="/home/juli22/dbwebb-kurser/mvc/me/report/tests/Controller/ProjectAuthControllerTest.php" line="74" class="App\Controller\ProjectAuthControllerTest" classname="App.Controller.ProjectAuthControllerTest" assertions="6" time="0.010646"/>
        <testcase name="testRegisterNotOk2" file="/home/juli22/dbwebb-kurser/mvc/me/report/tests/Controller/ProjectAuthControllerTest.php" line="121" class="App\Controller\ProjectAuthControllerTest" classname="App.Controller.ProjectAuthControllerTest" assertions="6" time="0.009465"/>
        <testcase name="testLoginOk" file="/home/juli22/dbwebb-kurser/mvc/me/report/tests/Controller/ProjectAuthControllerTest.php" line="166" class="App\Controller\ProjectAuthControllerTest" classname="App.Controller.ProjectAuthControllerTest" assertions="4" time="0.049221"/>
        <testcase name="testLoginNotOk" file="/home/juli22/dbwebb-kurser/mvc/me/report/tests/Controller/ProjectAuthControllerTest.php" line="191" class="App\Controller\ProjectAuthControllerTest" classname="App.Controller.ProjectAuthControllerTest" assertions="5" time="0.049211"/>
        <testcase name="testLoginNotOk2" file="/home/juli22/dbwebb-kurser/mvc/me/report/tests/Controller/ProjectAuthControllerTest.php" line="223" class="App\Controller\ProjectAuthControllerTest" classname="App.Controller.ProjectAuthControllerTest" assertions="5" time="0.007678"/>
        <testcase name="testLogiout" file="/home/juli22/dbwebb-kurser/mvc/me/report/tests/Controller/ProjectAuthControllerTest.php" line="255" class="App\Controller\ProjectAuthControllerTest" classname="App.Controller.ProjectAuthControllerTest" assertions="9" time="0.071112"/>
      </testsuite>
      <testsuite name="App\Controller\ProjectCoinsControllerTest" file="/home/juli22/dbwebb-kurser/mvc/me/report/tests/Controller/ProjectCoinsControllerTest.php" tests="4" assertions="17" errors="0" failures="0" skipped="0" time="0.195619">
        <testcase name="testProjPurchase" file="/home/juli22/dbwebb-kurser/mvc/me/report/tests/Controller/ProjectCoinsControllerTest.php" line="15" class="App\Controller\ProjectCoinsControllerTest" classname="App.Controller.ProjectCoinsControllerTest" assertions="4" time="0.057750"/>
        <testcase name="testSelectAmountNotOk" file="/home/juli22/dbwebb-kurser/mvc/me/report/tests/Controller/ProjectCoinsControllerTest.php" line="46" class="App\Controller\ProjectCoinsControllerTest" classname="App.Controller.ProjectCoinsControllerTest" assertions="4" time="0.064340"/>
        <testcase name="testSelectAmountNotOk2" file="/home/juli22/dbwebb-kurser/mvc/me/report/tests/Controller/ProjectCoinsControllerTest.php" line="82" class="App\Controller\ProjectCoinsControllerTest" classname="App.Controller.ProjectCoinsControllerTest" assertions="2" time="0.011937"/>
        <testcase name="testSelectAmountOk" file="/home/juli22/dbwebb-kurser/mvc/me/report/tests/Controller/ProjectCoinsControllerTest.php" line="93" class="App\Controller\ProjectCoinsControllerTest" classname="App.Controller.ProjectCoinsControllerTest" assertions="7" time="0.061592"/>
      </testsuite>
      <testsuite name="App\Controller\ProjectControllerTest" file="/home/juli22/dbwebb-kurser/mvc/me/report/tests/Controller/ProjectControllerTest.php" tests="5" assertions="16" errors="0" failures="0" skipped="0" time="0.063221">
        <testcase name="testProjApiLanding" file="/home/juli22/dbwebb-kurser/mvc/me/report/tests/Controller/ProjectControllerTest.php" line="15" class="App\Controller\ProjectControllerTest" classname="App.Controller.ProjectControllerTest" assertions="4" time="0.015883"/>
        <testcase name="testProjAbout" file="/home/juli22/dbwebb-kurser/mvc/me/report/tests/Controller/ProjectControllerTest.php" line="24" class="App\Controller\ProjectControllerTest" classname="App.Controller.ProjectControllerTest" assertions="2" time="0.012282"/>
        <testcase name="testProjDb" file="/home/juli22/dbwebb-kurser/mvc/me/report/tests/Controller/ProjectControllerTest.php" line="32" class="App\Controller\ProjectControllerTest" classname="App.Controller.ProjectControllerTest" assertions="2" time="0.010447"/>
        <testcase name="testProjRules" file="/home/juli22/dbwebb-kurser/mvc/me/report/tests/Controller/ProjectControllerTest.php" line="40" class="App\Controller\ProjectControllerTest" classname="App.Controller.ProjectControllerTest" assertions="4" time="0.011627"/>
        <testcase name="testProjRegisterForm" file="/home/juli22/dbwebb-kurser/mvc/me/report/tests/Controller/ProjectControllerTest.php" line="49" class="App\Controller\ProjectControllerTest" classname="App.Controller.ProjectControllerTest" assertions="4" time="0.012982"/>
      </testsuite>
      <testsuite name="App\Controller\ProjectInitControllerTest" file="/home/juli22/dbwebb-kurser/mvc/me/report/tests/Controller/ProjectInitControllerTest.php" tests="2" assertions="10" errors="0" failures="0" skipped="0" time="0.119699">
        <testcase name="testInitOk" file="/home/juli22/dbwebb-kurser/mvc/me/report/tests/Controller/ProjectInitControllerTest.php" line="19" class="App\Controller\ProjectInitControllerTest" classname="App.Controller.ProjectInitControllerTest" assertions="5" time="0.062805"/>
        <testcase name="testInitNotOk" file="/home/juli22/dbwebb-kurser/mvc/me/report/tests/Controller/ProjectInitControllerTest.php" line="58" class="App\Controller\ProjectInitControllerTest" classname="App.Controller.ProjectInitControllerTest" assertions="5" time="0.056895"/>
      </testsuite>
      <testsuite name="App\Controller\ProjectLandingControllerTest" file="/home/juli22/dbwebb-kurser/mvc/me/report/tests/Controller/ProjectLandingControllerTest.php" tests="2" assertions="11" errors="0" failures="0" skipped="0" time="0.140921">
        <testcase name="testProjLanding" file="/home/juli22/dbwebb-kurser/mvc/me/report/tests/Controller/ProjectLandingControllerTest.php" line="19" class="App\Controller\ProjectLandingControllerTest" classname="App.Controller.ProjectLandingControllerTest" assertions="5" time="0.070980"/>
        <testcase name="testProjLanding2" file="/home/juli22/dbwebb-kurser/mvc/me/report/tests/Controller/ProjectLandingControllerTest.php" line="46" class="App\Controller\ProjectLandingControllerTest" classname="App.Controller.ProjectLandingControllerTest" assertions="6" time="0.069941"/>
      </testsuite>
      <testsuite name="App\Controller\ProjectMoveCardControllerTest" file="/home/juli22/dbwebb-kurser/mvc/me/report/tests/Controller/ProjectMoveCardControllerTest.php" tests="6" assertions="30" errors="0" failures="0" skipped="0" time="0.487220">
        <testcase name="testProjPickCardNotOk" file="/home/juli22/dbwebb-kurser/mvc/me/report/tests/Controller/ProjectMoveCardControllerTest.php" line="19" class="App\Controller\ProjectMoveCardControllerTest" classname="App.Controller.ProjectMoveCardControllerTest" assertions="4" time="0.062538"/>
        <testcase name="testProjPickCardNotOk2" file="/home/juli22/dbwebb-kurser/mvc/me/report/tests/Controller/ProjectMoveCardControllerTest.php" line="57" class="App\Controller\ProjectMoveCardControllerTest" classname="App.Controller.ProjectMoveCardControllerTest" assertions="3" time="0.054260"/>
        <testcase name="testProjPickCardOk" file="/home/juli22/dbwebb-kurser/mvc/me/report/tests/Controller/ProjectMoveCardControllerTest.php" line="78" class="App\Controller\ProjectMoveCardControllerTest" classname="App.Controller.ProjectMoveCardControllerTest" assertions="3" time="0.095928"/>
        <testcase name="testSeetFromSlotNotOk" file="/home/juli22/dbwebb-kurser/mvc/me/report/tests/Controller/ProjectMoveCardControllerTest.php" line="110" class="App\Controller\ProjectMoveCardControllerTest" classname="App.Controller.ProjectMoveCardControllerTest" assertions="4" time="0.080371"/>
        <testcase name="testSetFromSlotOk" file="/home/juli22/dbwebb-kurser/mvc/me/report/tests/Controller/ProjectMoveCardControllerTest.php" line="149" class="App\Controller\ProjectMoveCardControllerTest" classname="App.Controller.ProjectMoveCardControllerTest" assertions="8" time="0.089266"/>
        <testcase name="testMoveCardOk" file="/home/juli22/dbwebb-kurser/mvc/me/report/tests/Controller/ProjectMoveCardControllerTest.php" line="200" class="App\Controller\ProjectMoveCardControllerTest" classname="App.Controller.ProjectMoveCardControllerTest" assertions="8" time="0.104858"/>
      </testsuite>
      <testsuite name="App\Controller\ProjectOneROundControllerTest" file="/home/juli22/dbwebb-kurser/mvc/me/report/tests/Controller/ProjectOneRoundControllerTest.php" tests="2" assertions="5" errors="0" failures="0" skipped="0" time="0.766896">
        <testcase name="testProjRoundNotFinished" file="/home/juli22/dbwebb-kurser/mvc/me/report/tests/Controller/ProjectOneRoundControllerTest.php" line="20" class="App\Controller\ProjectOneROundControllerTest" classname="App.Controller.ProjectOneROundControllerTest" assertions="4" time="0.070571"/>
        <testcase name="testProjRoundFinished" file="/home/juli22/dbwebb-kurser/mvc/me/report/tests/Controller/ProjectOneRoundControllerTest.php" line="61" class="App\Controller\ProjectOneROundControllerTest" classname="App.Controller.ProjectOneROundControllerTest" assertions="1" time="0.696324"/>
      </testsuite>
      <testsuite name="App\Controller\ProjectPeekControllerTest" file="/home/juli22/dbwebb-kurser/mvc/me/report/tests/Controller/ProjectPeekControllerTest.php" tests="4" assertions="12" errors="0" failures="0" skipped="0" time="0.271197">
        <testcase name="testPurchasePeekCheatOk" file="/home/juli22/dbwebb-kurser/mvc/me/report/tests/Controller/ProjectPeekControllerTest.php" line="19" class="App\Controller\ProjectPeekControllerTest" classname="App.Controller.ProjectPeekControllerTest" assertions="3" time="0.063804"/>
        <testcase name="testPurchasePeekCheatNotOk" file="/home/juli22/dbwebb-kurser/mvc/me/report/tests/Controller/ProjectPeekControllerTest.php" line="49" class="App\Controller\ProjectPeekControllerTest" classname="App.Controller.ProjectPeekControllerTest" assertions="3" time="0.061807"/>
        <testcase name="testDeckPeekNotOk" file="/home/juli22/dbwebb-kurser/mvc/me/report/tests/Controller/ProjectPeekControllerTest.php" line="87" class="App\Controller\ProjectPeekControllerTest" classname="App.Controller.ProjectPeekControllerTest" assertions="3" time="0.061915"/>
        <testcase name="testDeckPeekOk" file="/home/juli22/dbwebb-kurser/mvc/me/report/tests/Controller/ProjectPeekControllerTest.php" line="116" class="App\Controller\ProjectPeekControllerTest" classname="App.Controller.ProjectPeekControllerTest" assertions="3" time="0.083671"/>
      </testsuite>
      <testsuite name="App\Controller\ProjectPlayControllerTest" file="/home/juli22/dbwebb-kurser/mvc/me/report/tests/Controller/ProjectPlayControllerTest.php" tests="4" assertions="13" errors="0" failures="0" skipped="0" time="1.050705">
        <testcase name="testProjPlayNotOk" file="/home/juli22/dbwebb-kurser/mvc/me/report/tests/Controller/ProjectPlayControllerTest.php" line="19" class="App\Controller\ProjectPlayControllerTest" classname="App.Controller.ProjectPlayControllerTest" assertions="3" time="0.057022"/>
        <testcase name="testProjPlayFinished" file="/home/juli22/dbwebb-kurser/mvc/me/report/tests/Controller/ProjectPlayControllerTest.php" line="41" class="App\Controller\ProjectPlayControllerTest" classname="App.Controller.ProjectPlayControllerTest" assertions="4" time="0.803020"/>
        <testcase name="testProjPlayFromSlotSet" file="/home/juli22/dbwebb-kurser/mvc/me/report/tests/Controller/ProjectPlayControllerTest.php" line="80" class="App\Controller\ProjectPlayControllerTest" classname="App.Controller.ProjectPlayControllerTest" assertions="3" time="0.100427"/>
        <testcase name="testProjPlayOk" file="/home/juli22/dbwebb-kurser/mvc/me/report/tests/Controller/ProjectPlayControllerTest.php" line="116" class="App\Controller\ProjectPlayControllerTest" classname="App.Controller.ProjectPlayControllerTest" assertions="3" time="0.090237"/>
      </testsuite>
      <testsuite name="App\Controller\ProjectResetControllerTest" file="/home/juli22/dbwebb-kurser/mvc/me/report/tests/Controller/ProjectResetControllerTest.php" tests="1" assertions="5" errors="0" failures="0" skipped="0" time="0.008315">
        <testcase name="testReset" file="/home/juli22/dbwebb-kurser/mvc/me/report/tests/Controller/ProjectResetControllerTest.php" line="22" class="App\Controller\ProjectResetControllerTest" classname="App.Controller.ProjectResetControllerTest" assertions="5" time="0.008315"/>
      </testsuite>
      <testsuite name="App\Controller\ProjectScoresControllerTest" file="/home/juli22/dbwebb-kurser/mvc/me/report/tests/Controller/ProjectScoresControllerTest.php" tests="3" assertions="12" errors="0" failures="0" skipped="0" time="0.089585">
        <testcase name="testProjScoresSingleOk" file="/home/juli22/dbwebb-kurser/mvc/me/report/tests/Controller/ProjectScoresControllerTest.php" line="19" class="App\Controller\ProjectScoresControllerTest" classname="App.Controller.ProjectScoresControllerTest" assertions="5" time="0.063914"/>
        <testcase name="testScoresSingleNotOk" file="/home/juli22/dbwebb-kurser/mvc/me/report/tests/Controller/ProjectScoresControllerTest.php" line="46" class="App\Controller\ProjectScoresControllerTest" classname="App.Controller.ProjectScoresControllerTest" assertions="2" time="0.008180"/>
        <testcase name="testProjLeaderboard" file="/home/juli22/dbwebb-kurser/mvc/me/report/tests/Controller/ProjectScoresControllerTest.php" line="56" class="App\Controller\ProjectScoresControllerTest" classname="App.Controller.ProjectScoresControllerTest" assertions="5" time="0.017491"/>
      </testsuite>
      <testsuite name="App\Controller\ProjectShopControllerTest" file="/home/juli22/dbwebb-kurser/mvc/me/report/tests/Controller/ProjectShopControllerTest.php" tests="4" assertions="13" errors="0" failures="0" skipped="0" time="0.145867">
        <testcase name="testShopOk" file="/home/juli22/dbwebb-kurser/mvc/me/report/tests/Controller/ProjectShopControllerTest.php" line="15" class="App\Controller\ProjectShopControllerTest" classname="App.Controller.ProjectShopControllerTest" assertions="3" time="0.066080"/>
        <testcase name="testShopNotOk" file="/home/juli22/dbwebb-kurser/mvc/me/report/tests/Controller/ProjectShopControllerTest.php" line="36" class="App\Controller\ProjectShopControllerTest" classname="App.Controller.ProjectShopControllerTest" assertions="2" time="0.007599"/>
        <testcase name="testTransactionsOk" file="/home/juli22/dbwebb-kurser/mvc/me/report/tests/Controller/ProjectShopControllerTest.php" line="46" class="App\Controller\ProjectShopControllerTest" classname="App.Controller.ProjectShopControllerTest" assertions="6" time="0.063615"/>
        <testcase name="testTransactionsNotOk" file="/home/juli22/dbwebb-kurser/mvc/me/report/tests/Controller/ProjectShopControllerTest.php" line="72" class="App\Controller\ProjectShopControllerTest" classname="App.Controller.ProjectShopControllerTest" assertions="2" time="0.008573"/>
      </testsuite>
      <testsuite name="App\Controller\ProjectSuggestionControllerTest" file="/home/juli22/dbwebb-kurser/mvc/me/report/tests/Controller/ProjectSuggestionControllerTest.php" tests="4" assertions="15" errors="0" failures="0" skipped="0" time="0.294226">
        <testcase name="testProjPurchaseSuggestNotOk" file="/home/juli22/dbwebb-kurser/mvc/me/report/tests/Controller/ProjectSuggestionControllerTest.php" line="19" class="App\Controller\ProjectSuggestionControllerTest" classname="App.Controller.ProjectSuggestionControllerTest" assertions="5" time="0.064096"/>
        <testcase name="testProjPurchaseSuggestOk" file="/home/juli22/dbwebb-kurser/mvc/me/report/tests/Controller/ProjectSuggestionControllerTest.php" line="57" class="App\Controller\ProjectSuggestionControllerTest" classname="App.Controller.ProjectSuggestionControllerTest" assertions="4" time="0.068204"/>
        <testcase name="testProjShowSuggestNotOk" file="/home/juli22/dbwebb-kurser/mvc/me/report/tests/Controller/ProjectSuggestionControllerTest.php" line="87" class="App\Controller\ProjectSuggestionControllerTest" classname="App.Controller.ProjectSuggestionControllerTest" assertions="3" time="0.068539"/>
        <testcase name="testProjShowSuggestOk" file="/home/juli22/dbwebb-kurser/mvc/me/report/tests/Controller/ProjectSuggestionControllerTest.php" line="116" class="App\Controller\ProjectSuggestionControllerTest" classname="App.Controller.ProjectSuggestionControllerTest" assertions="3" time="0.093386"/>
      </testsuite>
      <testsuite name="App\Controller\ProjectUndoControllerTest" file="/home/juli22/dbwebb-kurser/mvc/me/report/tests/Controller/ProjectUndoControllerTest.php" tests="2" assertions="7" errors="0" failures="0" skipped="0" time="0.148835">
        <testcase name="testUndoNotOk" file="/home/juli22/dbwebb-kurser/mvc/me/report/tests/Controller/ProjectUndoControllerTest.php" line="19" class="App\Controller\ProjectUndoControllerTest" classname="App.Controller.ProjectUndoControllerTest" assertions="4" time="0.073643"/>
        <testcase name="testUndoOk" file="/home/juli22/dbwebb-kurser/mvc/me/report/tests/Controller/ProjectUndoControllerTest.php" line="58" class="App\Controller\ProjectUndoControllerTest" classname="App.Controller.ProjectUndoControllerTest" assertions="3" time="0.075193"/>
      </testsuite>
      <testsuite name="App\Controller\QuoteTest" file="/home/juli22/dbwebb-kurser/mvc/me/report/tests/Controller/QuoteTest.php" tests="1" assertions="1" errors="0" failures="0" skipped="0" time="0.000844">
        <testcase name="testGenerate" file="/home/juli22/dbwebb-kurser/mvc/me/report/tests/Controller/QuoteTest.php" line="31" class="App\Controller\QuoteTest" classname="App.Controller.QuoteTest" assertions="1" time="0.000844"/>
      </testsuite>
      <testsuite name="App\Controller\SqlFileLoaderTest" file="/home/juli22/dbwebb-kurser/mvc/me/report/tests/Controller/SqlFileLoaderTest.php" tests="1" assertions="1" errors="0" failures="0" skipped="0" time="0.001223">
        <testcase name="testLoad" file="/home/juli22/dbwebb-kurser/mvc/me/report/tests/Controller/SqlFileLoaderTest.php" line="28" class="App\Controller\SqlFileLoaderTest" classname="App.Controller.SqlFileLoaderTest" assertions="1" time="0.001223"/>
      </testsuite>
      <testsuite name="App\DataFixtures\AddScoreTraitTest" file="/home/juli22/dbwebb-kurser/mvc/me/report/tests/DataFixtures/AddScoreTraitTest.php" tests="1" assertions="1" errors="0" failures="0" skipped="0" time="0.001837">
        <testcase name="testAddUser" file="/home/juli22/dbwebb-kurser/mvc/me/report/tests/DataFixtures/AddScoreTraitTest.php" line="15" class="App\DataFixtures\AddScoreTraitTest" classname="App.DataFixtures.AddScoreTraitTest" assertions="1" time="0.001837"/>
      </testsuite>
      <testsuite name="App\DataFixtures\AddTransactionTraitTest" file="/home/juli22/dbwebb-kurser/mvc/me/report/tests/DataFixtures/AddTransactionTraitTest.php" tests="1" assertions="1" errors="0" failures="0" skipped="0" time="0.001067">
        <testcase name="testAddUser" file="/home/juli22/dbwebb-kurser/mvc/me/report/tests/DataFixtures/AddTransactionTraitTest.php" line="15" class="App\DataFixtures\AddTransactionTraitTest" classname="App.DataFixtures.AddTransactionTraitTest" assertions="1" time="0.001067"/>
      </testsuite>
      <testsuite name="App\DataFixtures\AddUserTraitTest" file="/home/juli22/dbwebb-kurser/mvc/me/report/tests/DataFixtures/AddUserTraitTest.php" tests="1" assertions="4" errors="0" failures="0" skipped="0" time="0.084785">
        <testcase name="testAddUser" file="/home/juli22/dbwebb-kurser/mvc/me/report/tests/DataFixtures/AddUserTraitTest.php" line="13" class="App\DataFixtures\AddUserTraitTest" classname="App.DataFixtures.AddUserTraitTest" assertions="4" time="0.084785"/>
      </testsuite>
      <testsuite name="App\DataFixtures\AppFixturesTest" file="/home/juli22/dbwebb-kurser/mvc/me/report/tests/DataFixtures/AppFixturesTest.php" tests="1" assertions="1" errors="0" failures="0" skipped="0" time="0.127018">
        <testcase name="testLoad" file="/home/juli22/dbwebb-kurser/mvc/me/report/tests/DataFixtures/AppFixturesTest.php" line="11" class="App\DataFixtures\AppFixturesTest" classname="App.DataFixtures.AppFixturesTest" assertions="1" time="0.127018"/>
      </testsuite>
      <testsuite name="App\DataFixtures\BookFixtureTest" file="/home/juli22/dbwebb-kurser/mvc/me/report/tests/DataFixtures/BookFixtureTest.php" tests="1" assertions="1" errors="0" failures="0" skipped="0" time="0.001078">
        <testcase name="testLoad" file="/home/juli22/dbwebb-kurser/mvc/me/report/tests/DataFixtures/BookFixtureTest.php" line="12" class="App\DataFixtures\BookFixtureTest" classname="App.DataFixtures.BookFixtureTest" assertions="1" time="0.001078"/>
      </testsuite>
      <testsuite name="App\Entity\BookTest" file="/home/juli22/dbwebb-kurser/mvc/me/report/tests/Entity/BookTest.php" tests="1" assertions="6" errors="0" failures="0" skipped="0" time="0.000815">
        <testcase name="testCreateObject" file="/home/juli22/dbwebb-kurser/mvc/me/report/tests/Entity/BookTest.php" line="16" class="App\Entity\BookTest" classname="App.Entity.BookTest" assertions="6" time="0.000815"/>
      </testsuite>
      <testsuite name="App\Entity\ScoreTest" file="/home/juli22/dbwebb-kurser/mvc/me/report/tests/Entity/ScoreTest.php" tests="1" assertions="5" errors="0" failures="0" skipped="0" time="0.000873">
        <testcase name="testCreateObject" file="/home/juli22/dbwebb-kurser/mvc/me/report/tests/Entity/ScoreTest.php" line="17" class="App\Entity\ScoreTest" classname="App.Entity.ScoreTest" assertions="5" time="0.000873"/>
      </testsuite>
      <testsuite name="App\Entity\TransactionTest" file="/home/juli22/dbwebb-kurser/mvc/me/report/tests/Entity/TransactionTest.php" tests="1" assertions="6" errors="0" failures="0" skipped="0" time="0.000872">
        <testcase name="testCreateObject" file="/home/juli22/dbwebb-kurser/mvc/me/report/tests/Entity/TransactionTest.php" line="17" class="App\Entity\TransactionTest" classname="App.Entity.TransactionTest" assertions="6" time="0.000872"/>
      </testsuite>
      <testsuite name="App\Entity\UserTest" file="/home/juli22/dbwebb-kurser/mvc/me/report/tests/Entity/UserTest.php" tests="1" assertions="4" errors="0" failures="0" skipped="0" time="0.089866">
        <testcase name="testCreateObject" file="/home/juli22/dbwebb-kurser/mvc/me/report/tests/Entity/UserTest.php" line="18" class="App\Entity\UserTest" classname="App.Entity.UserTest" assertions="4" time="0.089866"/>
      </testsuite>
      <testsuite name="App\Game\BanksTurnTraitTest" file="/home/juli22/dbwebb-kurser/mvc/me/report/tests/Game/BanksTurnTraitTest.php" tests="1" assertions="4" errors="0" failures="0" skipped="0" time="0.000777">
        <testcase name="testBankTurn" file="/home/juli22/dbwebb-kurser/mvc/me/report/tests/Game/BanksTurnTraitTest.php" line="46" class="App\Game\BanksTurnTraitTest" classname="App.Game.BanksTurnTraitTest" assertions="4" time="0.000777"/>
      </testsuite>
      <testsuite name="App\Game\BettingGameTraitTest" file="/home/juli22/dbwebb-kurser/mvc/me/report/tests/Game/BettingGameTraitTest.php" tests="3" assertions="6" errors="0" failures="0" skipped="0" time="0.002907">
        <testcase name="testGetInvestLimit" file="/home/juli22/dbwebb-kurser/mvc/me/report/tests/Game/BettingGameTraitTest.php" line="29" class="App\Game\BettingGameTraitTest" classname="App.Game.BettingGameTraitTest" assertions="3" time="0.000826"/>
        <testcase name="testAddToMoneyPotOk" file="/home/juli22/dbwebb-kurser/mvc/me/report/tests/Game/BettingGameTraitTest.php" line="47" class="App\Game\BettingGameTraitTest" classname="App.Game.BettingGameTraitTest" assertions="1" time="0.001082"/>
        <testcase name="testAddToMoneyPotNotOk" file="/home/juli22/dbwebb-kurser/mvc/me/report/tests/Game/BettingGameTraitTest.php" line="61" class="App\Game\BettingGameTraitTest" classname="App.Game.BettingGameTraitTest" assertions="2" time="0.000999"/>
      </testsuite>
      <testsuite name="App\Game\DealBankEasyTraitTest" file="/home/juli22/dbwebb-kurser/mvc/me/report/tests/Game/DealBankEasyTraitTest.php" tests="2" assertions="3" errors="0" failures="0" skipped="0" time="0.002423">
        <testcase name="testDealBankCardsLeft" file="/home/juli22/dbwebb-kurser/mvc/me/report/tests/Game/DealBankEasyTraitTest.php" line="21" class="App\Game\DealBankEasyTraitTest" classname="App.Game.DealBankEasyTraitTest" assertions="2" time="0.001413"/>
        <testcase name="testDealBankNoCardsLeft" file="/home/juli22/dbwebb-kurser/mvc/me/report/tests/Game/DealBankEasyTraitTest.php" line="45" class="App\Game\DealBankEasyTraitTest" classname="App.Game.DealBankEasyTraitTest" assertions="1" time="0.001010"/>
      </testsuite>
      <testsuite name="App\Game\DealBankHardTraitTest" file="/home/juli22/dbwebb-kurser/mvc/me/report/tests/Game/DealBankHardTraitTest.php" tests="2" assertions="4" errors="0" failures="0" skipped="0" time="0.002228">
        <testcase name="testDealBank" file="/home/juli22/dbwebb-kurser/mvc/me/report/tests/Game/DealBankHardTraitTest.php" line="21" class="App\Game\DealBankHardTraitTest" classname="App.Game.DealBankHardTraitTest" assertions="2" time="0.001147"/>
        <testcase name="testDealBankNoCardsLeft" file="/home/juli22/dbwebb-kurser/mvc/me/report/tests/Game/DealBankHardTraitTest.php" line="43" class="App\Game\DealBankHardTraitTest" classname="App.Game.DealBankHardTraitTest" assertions="2" time="0.001081"/>
      </testsuite>
      <testsuite name="App\Game\EndRoundTraitTest" file="/home/juli22/dbwebb-kurser/mvc/me/report/tests/Game/EndRoundTraitTest.php" tests="5" assertions="15" errors="0" failures="0" skipped="0" time="0.005748">
        <testcase name="testDetermineWinner" file="/home/juli22/dbwebb-kurser/mvc/me/report/tests/Game/EndRoundTraitTest.php" line="20" class="App\Game\EndRoundTraitTest" classname="App.Game.EndRoundTraitTest" assertions="2" time="0.001350"/>
        <testcase name="testFinishGame" file="/home/juli22/dbwebb-kurser/mvc/me/report/tests/Game/EndRoundTraitTest.php" line="43" class="App\Game\EndRoundTraitTest" classname="App.Game.EndRoundTraitTest" assertions="3" time="0.000924"/>
        <testcase name="testGameOver" file="/home/juli22/dbwebb-kurser/mvc/me/report/tests/Game/EndRoundTraitTest.php" line="60" class="App\Game\EndRoundTraitTest" classname="App.Game.EndRoundTraitTest" assertions="2" time="0.000740"/>
        <testcase name="testEndRound1" file="/home/juli22/dbwebb-kurser/mvc/me/report/tests/Game/EndRoundTraitTest.php" line="67" class="App\Game\EndRoundTraitTest" classname="App.Game.EndRoundTraitTest" assertions="4" time="0.001133"/>
        <testcase name="testEndRound2" file="/home/juli22/dbwebb-kurser/mvc/me/report/tests/Game/EndRoundTraitTest.php" line="84" class="App\Game\EndRoundTraitTest" classname="App.Game.EndRoundTraitTest" assertions="4" time="0.001602"/>
      </testsuite>
      <testsuite name="App\Game\EvaluateBankTrait2Test" file="/home/juli22/dbwebb-kurser/mvc/me/report/tests/Game/EvaluateBankTrait2Test.php" tests="3" assertions="10" errors="0" failures="0" skipped="0" time="0.002287">
        <testcase name="testBankWinsOnEqual" file="/home/juli22/dbwebb-kurser/mvc/me/report/tests/Game/EvaluateBankTrait2Test.php" line="15" class="App\Game\EvaluateBankTrait2Test" classname="App.Game.EvaluateBankTrait2Test" assertions="4" time="0.000852"/>
        <testcase name="testHasBankMoreThan21" file="/home/juli22/dbwebb-kurser/mvc/me/report/tests/Game/EvaluateBankTrait2Test.php" line="30" class="App\Game\EvaluateBankTrait2Test" classname="App.Game.EvaluateBankTrait2Test" assertions="3" time="0.000717"/>
        <testcase name="testHasBankBestScore" file="/home/juli22/dbwebb-kurser/mvc/me/report/tests/Game/EvaluateBankTrait2Test.php" line="42" class="App\Game\EvaluateBankTrait2Test" classname="App.Game.EvaluateBankTrait2Test" assertions="3" time="0.000718"/>
      </testsuite>
      <testsuite name="App\Game\EvaluateBankTraitTest" file="/home/juli22/dbwebb-kurser/mvc/me/report/tests/Game/EvaluateBankTraitTest.php" tests="4" assertions="16" errors="0" failures="0" skipped="0" time="0.004140">
        <testcase name="testEvaluateBank" file="/home/juli22/dbwebb-kurser/mvc/me/report/tests/Game/EvaluateBankTraitTest.php" line="38" class="App\Game\EvaluateBankTraitTest" classname="App.Game.EvaluateBankTraitTest" assertions="4" time="0.001061"/>
        <testcase name="testEvaluateBank2" file="/home/juli22/dbwebb-kurser/mvc/me/report/tests/Game/EvaluateBankTraitTest.php" line="54" class="App\Game\EvaluateBankTraitTest" classname="App.Game.EvaluateBankTraitTest" assertions="4" time="0.001051"/>
        <testcase name="testEvaluateBank3" file="/home/juli22/dbwebb-kurser/mvc/me/report/tests/Game/EvaluateBankTraitTest.php" line="70" class="App\Game\EvaluateBankTraitTest" classname="App.Game.EvaluateBankTraitTest" assertions="4" time="0.001016"/>
        <testcase name="testEvaluateBank4" file="/home/juli22/dbwebb-kurser/mvc/me/report/tests/Game/EvaluateBankTraitTest.php" line="86" class="App\Game\EvaluateBankTraitTest" classname="App.Game.EvaluateBankTraitTest" assertions="4" time="0.001012"/>
      </testsuite>
      <testsuite name="App\Game\EvaluatePlayerTraitTest" file="/home/juli22/dbwebb-kurser/mvc/me/report/tests/Game/EvaluatePlayerTraitTest.php" tests="3" assertions="7" errors="0" failures="0" skipped="0" time="0.003281">
        <testcase name="testEvaluate" file="/home/juli22/dbwebb-kurser/mvc/me/report/tests/Game/EvaluatePlayerTraitTest.php" line="14" class="App\Game\EvaluatePlayerTraitTest" classname="App.Game.EvaluatePlayerTraitTest" assertions="2" time="0.001008"/>
        <testcase name="testEvaluate2" file="/home/juli22/dbwebb-kurser/mvc/me/report/tests/Game/EvaluatePlayerTraitTest.php" line="28" class="App\Game\EvaluatePlayerTraitTest" classname="App.Game.EvaluatePlayerTraitTest" assertions="4" time="0.001210"/>
        <testcase name="testEvaluate3" file="/home/juli22/dbwebb-kurser/mvc/me/report/tests/Game/EvaluatePlayerTraitTest.php" line="47" class="App\Game\EvaluatePlayerTraitTest" classname="App.Game.EvaluatePlayerTraitTest" assertions="1" time="0.001063"/>
      </testsuite>
      <testsuite name="App\Game\Game21DataTraitTest" file="/home/juli22/dbwebb-kurser/mvc/me/report/tests/Game/Game21DataTraitTest.php" tests="2" assertions="4" errors="0" failures="0" skipped="0" time="0.002459">
        <testcase name="testGetPlayerData" file="/home/juli22/dbwebb-kurser/mvc/me/report/tests/Game/Game21DataTraitTest.php" line="16" class="App\Game\Game21DataTraitTest" classname="App.Game.Game21DataTraitTest" assertions="3" time="0.001378"/>
        <testcase name="testGetGameStatus" file="/home/juli22/dbwebb-kurser/mvc/me/report/tests/Game/Game21DataTraitTest.php" line="49" class="App\Game\Game21DataTraitTest" classname="App.Game.Game21DataTraitTest" assertions="1" time="0.001081"/>
      </testsuite>
      <testsuite name="App\Game\Game21EasyTest" file="/home/juli22/dbwebb-kurser/mvc/me/report/tests/Game/Game21EasyTest.php" tests="1" assertions="4" errors="0" failures="0" skipped="0" time="0.001593">
        <testcase name="testCreateObject" file="/home/juli22/dbwebb-kurser/mvc/me/report/tests/Game/Game21EasyTest.php" line="17" class="App\Game\Game21EasyTest" classname="App.Game.Game21EasyTest" assertions="4" time="0.001593"/>
      </testsuite>
      <testsuite name="App\Game\Game21FlashTraitTest" file="/home/juli22/dbwebb-kurser/mvc/me/report/tests/Game/Game21FlashTraitTest.php" tests="1" assertions="2" errors="0" failures="0" skipped="0" time="0.000712">
        <testcase name="testMessageType" file="/home/juli22/dbwebb-kurser/mvc/me/report/tests/Game/Game21FlashTraitTest.php" line="12" class="App\Game\Game21FlashTraitTest" classname="App.Game.Game21FlashTraitTest" assertions="2" time="0.000712"/>
      </testsuite>
      <testsuite name="App\Game\Game21HardTest" file="/home/juli22/dbwebb-kurser/mvc/me/report/tests/Game/Game21HardTest.php" tests="1" assertions="4" errors="0" failures="0" skipped="0" time="0.001572">
        <testcase name="testCreateObject" file="/home/juli22/dbwebb-kurser/mvc/me/report/tests/Game/Game21HardTest.php" line="17" class="App\Game\Game21HardTest" classname="App.Game.Game21HardTest" assertions="4" time="0.001572"/>
      </testsuite>
      <testsuite name="App\Game\Game21Test" file="/home/juli22/dbwebb-kurser/mvc/me/report/tests/Game/Game21Test.php" tests="1" assertions="2" errors="0" failures="0" skipped="0" time="0.000870">
        <testcase name="testCreateObject" file="/home/juli22/dbwebb-kurser/mvc/me/report/tests/Game/Game21Test.php" line="18" class="App\Game\Game21Test" classname="App.Game.Game21Test" assertions="2" time="0.000870"/>
      </testsuite>
      <testsuite name="App\Game\Game21TraitTest" file="/home/juli22/dbwebb-kurser/mvc/me/report/tests/Game/Game21TraitTest.php" tests="2" assertions="3" errors="0" failures="0" skipped="0" time="0.001946">
        <testcase name="testCurrentPlayer2" file="/home/juli22/dbwebb-kurser/mvc/me/report/tests/Game/Game21TraitTest.php" line="25" class="App\Game\Game21TraitTest" classname="App.Game.Game21TraitTest" assertions="1" time="0.000917"/>
        <testcase name="testEstimateRisk" file="/home/juli22/dbwebb-kurser/mvc/me/report/tests/Game/Game21TraitTest.php" line="37" class="App\Game\Game21TraitTest" classname="App.Game.Game21TraitTest" assertions="2" time="0.001029"/>
      </testsuite>
      <testsuite name="App\Game\GameApiTest" file="/home/juli22/dbwebb-kurser/mvc/me/report/tests/Game/GameApiTest.php" tests="2" assertions="2" errors="0" failures="0" skipped="0" time="0.001966">
        <testcase name="testCreateObject" file="/home/juli22/dbwebb-kurser/mvc/me/report/tests/Game/GameApiTest.php" line="13" class="App\Game\GameApiTest" classname="App.Game.GameApiTest" assertions="1" time="0.000667"/>
        <testcase name="testJsonGame" file="/home/juli22/dbwebb-kurser/mvc/me/report/tests/Game/GameApiTest.php" line="23" class="App\Game\GameApiTest" classname="App.Game.GameApiTest" assertions="1" time="0.001299"/>
      </testsuite>
      <testsuite name="App\Game\MoneyPotTest" file="/home/juli22/dbwebb-kurser/mvc/me/report/tests/Game/MoneyPotTest.php" tests="3" assertions="5" errors="0" failures="0" skipped="0" time="0.002761">
        <testcase name="testCreateObject" file="/home/juli22/dbwebb-kurser/mvc/me/report/tests/Game/MoneyPotTest.php" line="25" class="App\Game\MoneyPotTest" classname="App.Game.MoneyPotTest" assertions="2" time="0.000869"/>
        <testcase name="testAddMoneyOk" file="/home/juli22/dbwebb-kurser/mvc/me/report/tests/Game/MoneyPotTest.php" line="37" class="App\Game\MoneyPotTest" classname="App.Game.MoneyPotTest" assertions="1" time="0.000916"/>
        <testcase name="testMoneyToWinnerOk" file="/home/juli22/dbwebb-kurser/mvc/me/report/tests/Game/MoneyPotTest.php" line="51" class="App\Game\MoneyPotTest" classname="App.Game.MoneyPotTest" assertions="2" time="0.000976"/>
      </testsuite>
      <testsuite name="App\Game\NextRoundTraitTest" file="/home/juli22/dbwebb-kurser/mvc/me/report/tests/Game/NextRoundTraitTest.php" tests="1" assertions="6" errors="0" failures="0" skipped="0" time="0.001077">
        <testcase name="testNextRound" file="/home/juli22/dbwebb-kurser/mvc/me/report/tests/Game/NextRoundTraitTest.php" line="16" class="App\Game\NextRoundTraitTest" classname="App.Game.NextRoundTraitTest" assertions="6" time="0.001077"/>
      </testsuite>
      <testsuite name="App\Game\Player21Test" file="/home/juli22/dbwebb-kurser/mvc/me/report/tests/Game/Player21Test.php" tests="6" assertions="13" errors="0" failures="0" skipped="0" time="0.005775">
        <testcase name="testCreateObject" file="/home/juli22/dbwebb-kurser/mvc/me/report/tests/Game/Player21Test.php" line="19" class="App\Game\Player21Test" classname="App.Game.Player21Test" assertions="2" time="0.000719"/>
        <testcase name="testIncrMoneyOk" file="/home/juli22/dbwebb-kurser/mvc/me/report/tests/Game/Player21Test.php" line="32" class="App\Game\Player21Test" classname="App.Game.Player21Test" assertions="2" time="0.000686"/>
        <testcase name="testDecrMoneyOk" file="/home/juli22/dbwebb-kurser/mvc/me/report/tests/Game/Player21Test.php" line="52" class="App\Game\Player21Test" classname="App.Game.Player21Test" assertions="2" time="0.000794"/>
        <testcase name="testHandValue" file="/home/juli22/dbwebb-kurser/mvc/me/report/tests/Game/Player21Test.php" line="76" class="App\Game\Player21Test" classname="App.Game.Player21Test" assertions="1" time="0.000981"/>
        <testcase name="testMinHandValue" file="/home/juli22/dbwebb-kurser/mvc/me/report/tests/Game/Player21Test.php" line="92" class="App\Game\Player21Test" classname="App.Game.Player21Test" assertions="1" time="0.000881"/>
        <testcase name="testEstimateRisk" file="/home/juli22/dbwebb-kurser/mvc/me/report/tests/Game/Player21Test.php" line="106" class="App\Game\Player21Test" classname="App.Game.Player21Test" assertions="5" time="0.001713"/>
      </testsuite>
      <testsuite name="App\Game\PlayerTraitTest" file="/home/juli22/dbwebb-kurser/mvc/me/report/tests/Game/PlayerTraitTest.php" tests="5" assertions="5" errors="0" failures="0" skipped="0" time="0.004154">
        <testcase name="testDraw" file="/home/juli22/dbwebb-kurser/mvc/me/report/tests/Game/PlayerTraitTest.php" line="21" class="App\Game\PlayerTraitTest" classname="App.Game.PlayerTraitTest" assertions="1" time="0.000945"/>
        <testcase name="testEmptyHandOk" file="/home/juli22/dbwebb-kurser/mvc/me/report/tests/Game/PlayerTraitTest.php" line="37" class="App\Game\PlayerTraitTest" classname="App.Game.PlayerTraitTest" assertions="1" time="0.000829"/>
        <testcase name="testGetCardValues" file="/home/juli22/dbwebb-kurser/mvc/me/report/tests/Game/PlayerTraitTest.php" line="51" class="App\Game\PlayerTraitTest" classname="App.Game.PlayerTraitTest" assertions="1" time="0.000800"/>
        <testcase name="testShowHandAsString" file="/home/juli22/dbwebb-kurser/mvc/me/report/tests/Game/PlayerTraitTest.php" line="65" class="App\Game\PlayerTraitTest" classname="App.Game.PlayerTraitTest" assertions="1" time="0.000795"/>
        <testcase name="testGetCardCount" file="/home/juli22/dbwebb-kurser/mvc/me/report/tests/Game/PlayerTraitTest.php" line="79" class="App\Game\PlayerTraitTest" classname="App.Game.PlayerTraitTest" assertions="1" time="0.000785"/>
      </testsuite>
      <testsuite name="App\Game\PlayersTurnTraitTest" file="/home/juli22/dbwebb-kurser/mvc/me/report/tests/Game/PlayersTurnTraitTest.php" tests="2" assertions="8" errors="0" failures="0" skipped="0" time="0.001941">
        <testcase name="testplayersTurn" file="/home/juli22/dbwebb-kurser/mvc/me/report/tests/Game/PlayersTurnTraitTest.php" line="42" class="App\Game\PlayersTurnTraitTest" classname="App.Game.PlayersTurnTraitTest" assertions="4" time="0.000965"/>
        <testcase name="testplayersTurn2" file="/home/juli22/dbwebb-kurser/mvc/me/report/tests/Game/PlayersTurnTraitTest.php" line="58" class="App\Game\PlayersTurnTraitTest" classname="App.Game.PlayersTurnTraitTest" assertions="4" time="0.000976"/>
      </testsuite>
      <testsuite name="App\Project\ApiGame1OneRoundTraitTest" file="/home/juli22/dbwebb-kurser/mvc/me/report/tests/Project/ApiGame1OneRoundTraitTest.php" tests="2" assertions="4" errors="0" failures="0" skipped="0" time="0.024044">
        <testcase name="testOneRound" file="/home/juli22/dbwebb-kurser/mvc/me/report/tests/Project/ApiGame1OneRoundTraitTest.php" line="14" class="App\Project\ApiGame1OneRoundTraitTest" classname="App.Project.ApiGame1OneRoundTraitTest" assertions="2" time="0.018780"/>
        <testcase name="testOneRound2" file="/home/juli22/dbwebb-kurser/mvc/me/report/tests/Project/ApiGame1OneRoundTraitTest.php" line="74" class="App\Project\ApiGame1OneRoundTraitTest" classname="App.Project.ApiGame1OneRoundTraitTest" assertions="2" time="0.005265"/>
      </testsuite>
      <testsuite name="App\Project\ApiGame1ResetTraitTest" file="/home/juli22/dbwebb-kurser/mvc/me/report/tests/Project/ApiGame1ResetTraitTest.php" tests="1" assertions="2" errors="0" failures="0" skipped="0" time="0.001255">
        <testcase name="testReset" file="/home/juli22/dbwebb-kurser/mvc/me/report/tests/Project/ApiGame1ResetTraitTest.php" line="12" class="App\Project\ApiGame1ResetTraitTest" classname="App.Project.ApiGame1ResetTraitTest" assertions="2" time="0.001255"/>
      </testsuite>
      <testsuite name="App\Project\ApiGame1Test" file="/home/juli22/dbwebb-kurser/mvc/me/report/tests/Project/ApiGame1Test.php" tests="1" assertions="1" errors="0" failures="0" skipped="0" time="0.000784">
        <testcase name="testCreateObject" file="/home/juli22/dbwebb-kurser/mvc/me/report/tests/Project/ApiGame1Test.php" line="12" class="App\Project\ApiGame1Test" classname="App.Project.ApiGame1Test" assertions="1" time="0.000784"/>
      </testsuite>
      <testsuite name="App\Project\ApiGame2Test" file="/home/juli22/dbwebb-kurser/mvc/me/report/tests/Project/ApiGame2Test.php" tests="1" assertions="3" errors="0" failures="0" skipped="0" time="0.000945">
        <testcase name="testOneRound" file="/home/juli22/dbwebb-kurser/mvc/me/report/tests/Project/ApiGame2Test.php" line="12" class="App\Project\ApiGame2Test" classname="App.Project.ApiGame2Test" assertions="3" time="0.000945"/>
      </testsuite>
      <testsuite name="App\Project\ApiGame3Test" file="/home/juli22/dbwebb-kurser/mvc/me/report/tests/Project/ApiGame3Test.php" tests="1" assertions="3" errors="0" failures="0" skipped="0" time="0.338627">
        <testcase name="testResults" file="/home/juli22/dbwebb-kurser/mvc/me/report/tests/Project/ApiGame3Test.php" line="12" class="App\Project\ApiGame3Test" classname="App.Project.ApiGame3Test" assertions="3" time="0.338627"/>
      </testsuite>
      <testsuite name="App\Project\CardFactoryTest" file="/home/juli22/dbwebb-kurser/mvc/me/report/tests/Project/CardFactoryTest.php" tests="1" assertions="2" errors="0" failures="0" skipped="0" time="0.001513">
        <testcase name="testFullSet" file="/home/juli22/dbwebb-kurser/mvc/me/report/tests/Project/CardFactoryTest.php" line="12" class="App\Project\CardFactoryTest" classname="App.Project.CardFactoryTest" assertions="2" time="0.001513"/>
      </testsuite>
      <testsuite name="App\Project\CurrentStateTraitTest" file="/home/juli22/dbwebb-kurser/mvc/me/report/tests/Project/CurrentStateTraitTest.php" tests="2" assertions="2" errors="0" failures="0" skipped="0" time="0.002320">
        <testcase name="testCurrentState" file="/home/juli22/dbwebb-kurser/mvc/me/report/tests/Project/CurrentStateTraitTest.php" line="14" class="App\Project\CurrentStateTraitTest" classname="App.Project.CurrentStateTraitTest" assertions="1" time="0.001188"/>
        <testcase name="testCurrentStateApi" file="/home/juli22/dbwebb-kurser/mvc/me/report/tests/Project/CurrentStateTraitTest.php" line="68" class="App\Project\CurrentStateTraitTest" classname="App.Project.CurrentStateTraitTest" assertions="1" time="0.001132"/>
      </testsuite>
      <testsuite name="App\Project\DeckTest" file="/home/juli22/dbwebb-kurser/mvc/me/report/tests/Project/DeckTest.php" tests="4" assertions="8" errors="0" failures="0" skipped="0" time="0.004024">
        <testcase name="testCreateObject" file="/home/juli22/dbwebb-kurser/mvc/me/report/tests/Project/DeckTest.php" line="18" class="App\Project\DeckTest" classname="App.Project.DeckTest" assertions="3" time="0.001385"/>
        <testcase name="testDealOk" file="/home/juli22/dbwebb-kurser/mvc/me/report/tests/Project/DeckTest.php" line="42" class="App\Project\DeckTest" classname="App.Project.DeckTest" assertions="2" time="0.000869"/>
        <testcase name="testDealNotOk" file="/home/juli22/dbwebb-kurser/mvc/me/report/tests/Project/DeckTest.php" line="65" class="App\Project\DeckTest" classname="App.Project.DeckTest" assertions="1" time="0.000903"/>
        <testcase name="testPossibleCards" file="/home/juli22/dbwebb-kurser/mvc/me/report/tests/Project/DeckTest.php" line="97" class="App\Project\DeckTest" classname="App.Project.DeckTest" assertions="2" time="0.000867"/>
      </testsuite>
      <testsuite name="App\Project\EvaluateTraitTest" file="/home/juli22/dbwebb-kurser/mvc/me/report/tests/Project/EvaluateTraitTest.php" tests="2" assertions="11" errors="0" failures="0" skipped="0" time="0.003471">
        <testcase name="testEvaluatePlayerWon" file="/home/juli22/dbwebb-kurser/mvc/me/report/tests/Project/EvaluateTraitTest.php" line="29" class="App\Project\EvaluateTraitTest" classname="App.Project.EvaluateTraitTest" assertions="5" time="0.001686"/>
        <testcase name="testEvaluateHouseWon" file="/home/juli22/dbwebb-kurser/mvc/me/report/tests/Project/EvaluateTraitTest.php" line="73" class="App\Project\EvaluateTraitTest" classname="App.Project.EvaluateTraitTest" assertions="6" time="0.001785"/>
      </testsuite>
      <testsuite name="App\Project\GameTest" file="/home/juli22/dbwebb-kurser/mvc/me/report/tests/Project/GameTest.php" tests="1" assertions="3" errors="0" failures="0" skipped="0" time="0.001158">
        <testcase name="testCreateObject" file="/home/juli22/dbwebb-kurser/mvc/me/report/tests/Project/GameTest.php" line="12" class="App\Project\GameTest" classname="App.Project.GameTest" assertions="3" time="0.001158"/>
      </testsuite>
      <testsuite name="App\Project\HousePlaceCardTraitTest" file="/home/juli22/dbwebb-kurser/mvc/me/report/tests/Project/HousePlaceCardTraitTest.php" tests="1" assertions="3" errors="0" failures="0" skipped="0" time="0.001227">
        <testcase name="testHousePlaceCard" file="/home/juli22/dbwebb-kurser/mvc/me/report/tests/Project/HousePlaceCardTraitTest.php" line="13" class="App\Project\HousePlaceCardTraitTest" classname="App.Project.HousePlaceCardTraitTest" assertions="3" time="0.001227"/>
      </testsuite>
      <testsuite name="App\Project\MoveACardTraitTest" file="/home/juli22/dbwebb-kurser/mvc/me/report/tests/Project/MoveACardTraitTest.php" tests="2" assertions="6" errors="0" failures="0" skipped="0" time="0.001948">
        <testcase name="testSetFromSlot" file="/home/juli22/dbwebb-kurser/mvc/me/report/tests/Project/MoveACardTraitTest.php" line="14" class="App\Project\MoveACardTraitTest" classname="App.Project.MoveACardTraitTest" assertions="3" time="0.000794"/>
        <testcase name="testMoveCard" file="/home/juli22/dbwebb-kurser/mvc/me/report/tests/Project/MoveACardTraitTest.php" line="29" class="App\Project\MoveACardTraitTest" classname="App.Project.MoveACardTraitTest" assertions="3" time="0.001154"/>
      </testsuite>
      <testsuite name="App\Project\OneRoundTraitTest" file="/home/juli22/dbwebb-kurser/mvc/me/report/tests/Project/OneRoundTraitTest.php" tests="2" assertions="16" errors="0" failures="0" skipped="0" time="0.002979">
        <testcase name="testOneRoundNotFinished" file="/home/juli22/dbwebb-kurser/mvc/me/report/tests/Project/OneRoundTraitTest.php" line="16" class="App\Project\OneRoundTraitTest" classname="App.Project.OneRoundTraitTest" assertions="8" time="0.001510"/>
        <testcase name="testOneRoundFinished" file="/home/juli22/dbwebb-kurser/mvc/me/report/tests/Project/OneRoundTraitTest.php" line="63" class="App\Project\OneRoundTraitTest" classname="App.Project.OneRoundTraitTest" assertions="8" time="0.001469"/>
      </testsuite>
      <testsuite name="App\Project\PlayerSuggestTraitTest" file="/home/juli22/dbwebb-kurser/mvc/me/report/tests/Project/PlayerSuggestTraitTest.php" tests="1" assertions="3" errors="0" failures="0" skipped="0" time="0.001330">
        <testcase name="testPlayerSuggest" file="/home/juli22/dbwebb-kurser/mvc/me/report/tests/Project/PlayerSuggestTraitTest.php" line="14" class="App\Project\PlayerSuggestTraitTest" classname="App.Project.PlayerSuggestTraitTest" assertions="3" time="0.001330"/>
      </testsuite>
      <testsuite name="App\Project\PotTraitTest" file="/home/juli22/dbwebb-kurser/mvc/me/report/tests/Project/PotTraitTest.php" tests="1" assertions="2" errors="0" failures="0" skipped="0" time="0.000741">
        <testcase name="testGetAdditionalValue" file="/home/juli22/dbwebb-kurser/mvc/me/report/tests/Project/PotTraitTest.php" line="11" class="App\Project\PotTraitTest" classname="App.Project.PotTraitTest" assertions="2" time="0.000741"/>
      </testsuite>
      <testsuite name="App\Repository\Register2Test" file="/home/juli22/dbwebb-kurser/mvc/me/report/tests/Project/Register2Test.php" tests="2" assertions="3" errors="0" failures="0" skipped="0" time="0.006301">
        <testcase name="testGetBalanceNotOk" file="/home/juli22/dbwebb-kurser/mvc/me/report/tests/Project/Register2Test.php" line="49" class="App\Repository\Register2Test" classname="App.Repository.Register2Test" assertions="1" time="0.003392"/>
        <testcase name="testGetBalanceOk" file="/home/juli22/dbwebb-kurser/mvc/me/report/tests/Project/Register2Test.php" line="59" class="App\Repository\Register2Test" classname="App.Repository.Register2Test" assertions="2" time="0.002909"/>
      </testsuite>
      <testsuite name="App\Project\RegisterFactoryTest" file="/home/juli22/dbwebb-kurser/mvc/me/report/tests/Project/RegisterFactoryTest.php" tests="1" assertions="1" errors="0" failures="0" skipped="0" time="0.001217">
        <testcase name="testcreate" file="/home/juli22/dbwebb-kurser/mvc/me/report/tests/Project/RegisterFactoryTest.php" line="27" class="App\Project\RegisterFactoryTest" classname="App.Project.RegisterFactoryTest" assertions="1" time="0.001217"/>
      </testsuite>
      <testsuite name="App\Repository\RegisterTest" file="/home/juli22/dbwebb-kurser/mvc/me/report/tests/Project/RegisterTest.php" tests="4" assertions="9" errors="0" failures="0" skipped="0" time="0.006794">
        <testcase name="testTransaction" file="/home/juli22/dbwebb-kurser/mvc/me/report/tests/Project/RegisterTest.php" line="29" class="App\Repository\RegisterTest" classname="App.Repository.RegisterTest" assertions="3" time="0.001675"/>
        <testcase name="testDebitOk" file="/home/juli22/dbwebb-kurser/mvc/me/report/tests/Project/RegisterTest.php" line="48" class="App\Repository\RegisterTest" classname="App.Repository.RegisterTest" assertions="3" time="0.001870"/>
        <testcase name="testDebitNotOk" file="/home/juli22/dbwebb-kurser/mvc/me/report/tests/Project/RegisterTest.php" line="67" class="App\Repository\RegisterTest" classname="App.Repository.RegisterTest" assertions="1" time="0.001507"/>
        <testcase name="testScore" file="/home/juli22/dbwebb-kurser/mvc/me/report/tests/Project/RegisterTest.php" line="74" class="App\Repository\RegisterTest" classname="App.Repository.RegisterTest" assertions="2" time="0.001741"/>
      </testsuite>
      <testsuite name="App\Project\UndoLastRoundTraitTest" file="/home/juli22/dbwebb-kurser/mvc/me/report/tests/Project/UndoLastRoundTraitTest.php" tests="1" assertions="6" errors="0" failures="0" skipped="0" time="0.001355">
        <testcase name="testUndoLastRound" file="/home/juli22/dbwebb-kurser/mvc/me/report/tests/Project/UndoLastRoundTraitTest.php" line="16" class="App\Project\UndoLastRoundTraitTest" classname="App.Project.UndoLastRoundTraitTest" assertions="6" time="0.001355"/>
      </testsuite>
      <testsuite name="App\ProjectEvaluator\BestPossibleRulesTraitTest" file="/home/juli22/dbwebb-kurser/mvc/me/report/tests/ProjectEvaluator/BestPossibleRulesTraitTest.php" tests="4" assertions="4" errors="0" failures="0" skipped="0" time="0.016899">
        <testcase name="testAdjustPriorityOk" file="/home/juli22/dbwebb-kurser/mvc/me/report/tests/ProjectEvaluator/BestPossibleRulesTraitTest.php" line="34" class="App\ProjectEvaluator\BestPossibleRulesTraitTest" classname="App.ProjectEvaluator.BestPossibleRulesTraitTest" assertions="1" time="0.000898"/>
        <testcase name="testAdjustPriorityNotOk" file="/home/juli22/dbwebb-kurser/mvc/me/report/tests/ProjectEvaluator/BestPossibleRulesTraitTest.php" line="45" class="App\ProjectEvaluator\BestPossibleRulesTraitTest" classname="App.ProjectEvaluator.BestPossibleRulesTraitTest" assertions="1" time="0.000811"/>
        <testcase name="testAdjustPriorityNotOk2" file="/home/juli22/dbwebb-kurser/mvc/me/report/tests/ProjectEvaluator/BestPossibleRulesTraitTest.php" line="56" class="App\ProjectEvaluator\BestPossibleRulesTraitTest" classname="App.ProjectEvaluator.BestPossibleRulesTraitTest" assertions="1" time="0.001016"/>
        <testcase name="testRulesHandsOk" file="/home/juli22/dbwebb-kurser/mvc/me/report/tests/ProjectEvaluator/BestPossibleRulesTraitTest.php" line="67" class="App\ProjectEvaluator\BestPossibleRulesTraitTest" classname="App.ProjectEvaluator.BestPossibleRulesTraitTest" assertions="1" time="0.014174"/>
      </testsuite>
      <testsuite name="App\ProjectEvaluator\CheckEmptyGridTraitTest" file="/home/juli22/dbwebb-kurser/mvc/me/report/tests/ProjectEvaluator/CheckEmptyGridTraitTest.php" tests="1" assertions="1" errors="0" failures="0" skipped="0" time="0.000764">
        <testcase name="testAddCard" file="/home/juli22/dbwebb-kurser/mvc/me/report/tests/ProjectEvaluator/CheckEmptyGridTraitTest.php" line="39" class="App\ProjectEvaluator\CheckEmptyGridTraitTest" classname="App.ProjectEvaluator.CheckEmptyGridTraitTest" assertions="1" time="0.000764"/>
      </testsuite>
      <testsuite name="App\ProjectEvaluator\CheckFullHandTrait2Test" file="/home/juli22/dbwebb-kurser/mvc/me/report/tests/ProjectEvaluator/CheckFullHandTrait2Test.php" tests="10" assertions="10" errors="0" failures="0" skipped="0" time="0.014540">
        <testcase name="testCheckHandForWinRoyalFlush" file="/home/juli22/dbwebb-kurser/mvc/me/report/tests/ProjectEvaluator/CheckFullHandTrait2Test.php" line="37" class="App\ProjectEvaluator\CheckFullHandTrait2Test" classname="App.ProjectEvaluator.CheckFullHandTrait2Test" assertions="1" time="0.000953"/>
        <testcase name="testCheckHandForWinStraightFlush" file="/home/juli22/dbwebb-kurser/mvc/me/report/tests/ProjectEvaluator/CheckFullHandTrait2Test.php" line="49" class="App\ProjectEvaluator\CheckFullHandTrait2Test" classname="App.ProjectEvaluator.CheckFullHandTrait2Test" assertions="1" time="0.001436"/>
        <testcase name="testCheckHandForWinFourOfAKind" file="/home/juli22/dbwebb-kurser/mvc/me/report/tests/ProjectEvaluator/CheckFullHandTrait2Test.php" line="61" class="App\ProjectEvaluator\CheckFullHandTrait2Test" classname="App.ProjectEvaluator.CheckFullHandTrait2Test" assertions="1" time="0.001127"/>
        <testcase name="testCheckHandForWinFullHouse" file="/home/juli22/dbwebb-kurser/mvc/me/report/tests/ProjectEvaluator/CheckFullHandTrait2Test.php" line="73" class="App\ProjectEvaluator\CheckFullHandTrait2Test" classname="App.ProjectEvaluator.CheckFullHandTrait2Test" assertions="1" time="0.001142"/>
        <testcase name="testCheckHandForWinFlush" file="/home/juli22/dbwebb-kurser/mvc/me/report/tests/ProjectEvaluator/CheckFullHandTrait2Test.php" line="85" class="App\ProjectEvaluator\CheckFullHandTrait2Test" classname="App.ProjectEvaluator.CheckFullHandTrait2Test" assertions="1" time="0.001625"/>
        <testcase name="testCheckHandForWinStraight" file="/home/juli22/dbwebb-kurser/mvc/me/report/tests/ProjectEvaluator/CheckFullHandTrait2Test.php" line="97" class="App\ProjectEvaluator\CheckFullHandTrait2Test" classname="App.ProjectEvaluator.CheckFullHandTrait2Test" assertions="1" time="0.001719"/>
        <testcase name="testCheckHandForWinThreeOfAKind" file="/home/juli22/dbwebb-kurser/mvc/me/report/tests/ProjectEvaluator/CheckFullHandTrait2Test.php" line="109" class="App\ProjectEvaluator\CheckFullHandTrait2Test" classname="App.ProjectEvaluator.CheckFullHandTrait2Test" assertions="1" time="0.001364"/>
        <testcase name="testCheckHandForWinTwoPairs" file="/home/juli22/dbwebb-kurser/mvc/me/report/tests/ProjectEvaluator/CheckFullHandTrait2Test.php" line="121" class="App\ProjectEvaluator\CheckFullHandTrait2Test" classname="App.ProjectEvaluator.CheckFullHandTrait2Test" assertions="1" time="0.001443"/>
        <testcase name="testCheckHandForWinOnePair" file="/home/juli22/dbwebb-kurser/mvc/me/report/tests/ProjectEvaluator/CheckFullHandTrait2Test.php" line="133" class="App\ProjectEvaluator\CheckFullHandTrait2Test" classname="App.ProjectEvaluator.CheckFullHandTrait2Test" assertions="1" time="0.002043"/>
        <testcase name="testCheckHandForWinNone" file="/home/juli22/dbwebb-kurser/mvc/me/report/tests/ProjectEvaluator/CheckFullHandTrait2Test.php" line="145" class="App\ProjectEvaluator\CheckFullHandTrait2Test" classname="App.ProjectEvaluator.CheckFullHandTrait2Test" assertions="1" time="0.001688"/>
      </testsuite>
      <testsuite name="App\ProjectEvaluator\CheckFullHandTraitTest" file="/home/juli22/dbwebb-kurser/mvc/me/report/tests/ProjectEvaluator/CheckFullHandTraitTest.php" tests="3" assertions="44" errors="0" failures="0" skipped="0" time="0.004850">
        <testcase name="testCheckHandForWin" file="/home/juli22/dbwebb-kurser/mvc/me/report/tests/ProjectEvaluator/CheckFullHandTraitTest.php" line="49" class="App\ProjectEvaluator\CheckFullHandTraitTest" classname="App.ProjectEvaluator.CheckFullHandTraitTest" assertions="11" time="0.001256"/>
        <testcase name="testCheckHandForWin2" file="/home/juli22/dbwebb-kurser/mvc/me/report/tests/ProjectEvaluator/CheckFullHandTraitTest.php" line="66" class="App\ProjectEvaluator\CheckFullHandTraitTest" classname="App.ProjectEvaluator.CheckFullHandTraitTest" assertions="14" time="0.001518"/>
        <testcase name="testCheckHandForWin3" file="/home/juli22/dbwebb-kurser/mvc/me/report/tests/ProjectEvaluator/CheckFullHandTraitTest.php" line="110" class="App\ProjectEvaluator\CheckFullHandTraitTest" classname="App.ProjectEvaluator.CheckFullHandTraitTest" assertions="19" time="0.002076"/>
      </testsuite>
      <testsuite name="App\ProjectEvaluator\CheckWithCardTraitPt2Test" file="/home/juli22/dbwebb-kurser/mvc/me/report/tests/ProjectEvaluator/CheckWithCardTraitPt2Test.php" tests="4" assertions="4" errors="0" failures="0" skipped="0" time="0.007620">
        <testcase name="testHandRuleWithNotOk" file="/home/juli22/dbwebb-kurser/mvc/me/report/tests/ProjectEvaluator/CheckWithCardTraitPt2Test.php" line="35" class="App\ProjectEvaluator\CheckWithCardTraitPt2Test" classname="App.ProjectEvaluator.CheckWithCardTraitPt2Test" assertions="1" time="0.000913"/>
        <testcase name="testHandRuleWithOk" file="/home/juli22/dbwebb-kurser/mvc/me/report/tests/ProjectEvaluator/CheckWithCardTraitPt2Test.php" line="52" class="App\ProjectEvaluator\CheckWithCardTraitPt2Test" classname="App.ProjectEvaluator.CheckWithCardTraitPt2Test" assertions="1" time="0.003271"/>
        <testcase name="testHandRuleWithOk2" file="/home/juli22/dbwebb-kurser/mvc/me/report/tests/ProjectEvaluator/CheckWithCardTraitPt2Test.php" line="69" class="App\ProjectEvaluator\CheckWithCardTraitPt2Test" classname="App.ProjectEvaluator.CheckWithCardTraitPt2Test" assertions="1" time="0.002154"/>
        <testcase name="testHandRuleWithOk3" file="/home/juli22/dbwebb-kurser/mvc/me/report/tests/ProjectEvaluator/CheckWithCardTraitPt2Test.php" line="84" class="App\ProjectEvaluator\CheckWithCardTraitPt2Test" classname="App.ProjectEvaluator.CheckWithCardTraitPt2Test" assertions="1" time="0.001283"/>
      </testsuite>
      <testsuite name="App\ProjectEvaluator\CheckWithCardTraitTest" file="/home/juli22/dbwebb-kurser/mvc/me/report/tests/ProjectEvaluator/CheckWithCardTraitTest.php" tests="4" assertions="4" errors="0" failures="0" skipped="0" time="0.004090">
        <testcase name="testCheckSingleRuleWithNotOk" file="/home/juli22/dbwebb-kurser/mvc/me/report/tests/ProjectEvaluator/CheckWithCardTraitTest.php" line="15" class="App\ProjectEvaluator\CheckWithCardTraitTest" classname="App.ProjectEvaluator.CheckWithCardTraitTest" assertions="1" time="0.000787"/>
        <testcase name="testCheckSingleRuleWithOk" file="/home/juli22/dbwebb-kurser/mvc/me/report/tests/ProjectEvaluator/CheckWithCardTraitTest.php" line="33" class="App\ProjectEvaluator\CheckWithCardTraitTest" classname="App.ProjectEvaluator.CheckWithCardTraitTest" assertions="1" time="0.001099"/>
        <testcase name="testCheckSingleRuleWithNotOk2" file="/home/juli22/dbwebb-kurser/mvc/me/report/tests/ProjectEvaluator/CheckWithCardTraitTest.php" line="51" class="App\ProjectEvaluator\CheckWithCardTraitTest" classname="App.ProjectEvaluator.CheckWithCardTraitTest" assertions="1" time="0.000934"/>
        <testcase name="testCheckSingleRuleWithOk2" file="/home/juli22/dbwebb-kurser/mvc/me/report/tests/ProjectEvaluator/CheckWithCardTraitTest.php" line="69" class="App\ProjectEvaluator\CheckWithCardTraitTest" classname="App.ProjectEvaluator.CheckWithCardTraitTest" assertions="1" time="0.001270"/>
      </testsuite>
      <testsuite name="App\ProjectEvaluator\CheckWithoutCardTraitPt2Test" file="/home/juli22/dbwebb-kurser/mvc/me/report/tests/ProjectEvaluator/CheckWithoutCardTraitPt2Test.php" tests="4" assertions="4" errors="0" failures="0" skipped="0" time="0.005732">
        <testcase name="testHandRuleWithoutNotOk" file="/home/juli22/dbwebb-kurser/mvc/me/report/tests/ProjectEvaluator/CheckWithoutCardTraitPt2Test.php" line="35" class="App\ProjectEvaluator\CheckWithoutCardTraitPt2Test" classname="App.ProjectEvaluator.CheckWithoutCardTraitPt2Test" assertions="1" time="0.000958"/>
        <testcase name="testHandRuleWithoutOk" file="/home/juli22/dbwebb-kurser/mvc/me/report/tests/ProjectEvaluator/CheckWithoutCardTraitPt2Test.php" line="48" class="App\ProjectEvaluator\CheckWithoutCardTraitPt2Test" classname="App.ProjectEvaluator.CheckWithoutCardTraitPt2Test" assertions="1" time="0.001965"/>
        <testcase name="testHandRuleWithoutOk2" file="/home/juli22/dbwebb-kurser/mvc/me/report/tests/ProjectEvaluator/CheckWithoutCardTraitPt2Test.php" line="61" class="App\ProjectEvaluator\CheckWithoutCardTraitPt2Test" classname="App.ProjectEvaluator.CheckWithoutCardTraitPt2Test" assertions="1" time="0.001030"/>
        <testcase name="testHandRuleWithoutOk3" file="/home/juli22/dbwebb-kurser/mvc/me/report/tests/ProjectEvaluator/CheckWithoutCardTraitPt2Test.php" line="71" class="App\ProjectEvaluator\CheckWithoutCardTraitPt2Test" classname="App.ProjectEvaluator.CheckWithoutCardTraitPt2Test" assertions="1" time="0.001779"/>
      </testsuite>
      <testsuite name="App\ProjectEvaluator\CheckWithoutCardTraitTest" file="/home/juli22/dbwebb-kurser/mvc/me/report/tests/ProjectEvaluator/CheckWithoutCardTraitTest.php" tests="5" assertions="5" errors="0" failures="0" skipped="0" time="0.005173">
        <testcase name="testCheckSingleRuleWithoutNotOk" file="/home/juli22/dbwebb-kurser/mvc/me/report/tests/ProjectEvaluator/CheckWithoutCardTraitTest.php" line="15" class="App\ProjectEvaluator\CheckWithoutCardTraitTest" classname="App.ProjectEvaluator.CheckWithoutCardTraitTest" assertions="1" time="0.000851"/>
        <testcase name="testCheckSingleRuleWithoutOk" file="/home/juli22/dbwebb-kurser/mvc/me/report/tests/ProjectEvaluator/CheckWithoutCardTraitTest.php" line="29" class="App\ProjectEvaluator\CheckWithoutCardTraitTest" classname="App.ProjectEvaluator.CheckWithoutCardTraitTest" assertions="1" time="0.000992"/>
        <testcase name="testCheckSingleRuleWithoutNotOk2" file="/home/juli22/dbwebb-kurser/mvc/me/report/tests/ProjectEvaluator/CheckWithoutCardTraitTest.php" line="44" class="App\ProjectEvaluator\CheckWithoutCardTraitTest" classname="App.ProjectEvaluator.CheckWithoutCardTraitTest" assertions="1" time="0.001222"/>
        <testcase name="testCheckSingleRuleWithoutOk2" file="/home/juli22/dbwebb-kurser/mvc/me/report/tests/ProjectEvaluator/CheckWithoutCardTraitTest.php" line="59" class="App\ProjectEvaluator\CheckWithoutCardTraitTest" classname="App.ProjectEvaluator.CheckWithoutCardTraitTest" assertions="1" time="0.001049"/>
        <testcase name="testCheckSingleRuleWithoutOk3" file="/home/juli22/dbwebb-kurser/mvc/me/report/tests/ProjectEvaluator/CheckWithoutCardTraitTest.php" line="74" class="App\ProjectEvaluator\CheckWithoutCardTraitTest" classname="App.ProjectEvaluator.CheckWithoutCardTraitTest" assertions="1" time="0.001060"/>
      </testsuite>
      <testsuite name="App\ProjectEvaluator\EmptyCellTraitTest" file="/home/juli22/dbwebb-kurser/mvc/me/report/tests/ProjectEvaluator/EmptyCellTraitTest.php" tests="4" assertions="4" errors="0" failures="0" skipped="0" time="0.004138">
        <testcase name="testOneEmptyNotOk" file="/home/juli22/dbwebb-kurser/mvc/me/report/tests/ProjectEvaluator/EmptyCellTraitTest.php" line="12" class="App\ProjectEvaluator\EmptyCellTraitTest" classname="App.ProjectEvaluator.EmptyCellTraitTest" assertions="1" time="0.001074"/>
        <testcase name="testOneEmptyOk" file="/home/juli22/dbwebb-kurser/mvc/me/report/tests/ProjectEvaluator/EmptyCellTraitTest.php" line="21" class="App\ProjectEvaluator\EmptyCellTraitTest" classname="App.ProjectEvaluator.EmptyCellTraitTest" assertions="1" time="0.001047"/>
        <testcase name="testOneEmptyOk2" file="/home/juli22/dbwebb-kurser/mvc/me/report/tests/ProjectEvaluator/EmptyCellTraitTest.php" line="40" class="App\ProjectEvaluator\EmptyCellTraitTest" classname="App.ProjectEvaluator.EmptyCellTraitTest" assertions="1" time="0.000959"/>
        <testcase name="testOneEmptyOk3" file="/home/juli22/dbwebb-kurser/mvc/me/report/tests/ProjectEvaluator/EmptyCellTraitTest.php" line="61" class="App\ProjectEvaluator\EmptyCellTraitTest" classname="App.ProjectEvaluator.EmptyCellTraitTest" assertions="1" time="0.001057"/>
      </testsuite>
      <testsuite name="App\ProjectEvaluator\EmptyCellsTraitTest" file="/home/juli22/dbwebb-kurser/mvc/me/report/tests/ProjectEvaluator/EmptyCellsTraitTest.php" tests="5" assertions="5" errors="0" failures="0" skipped="0" time="0.003601">
        <testcase name="testSinglehand" file="/home/juli22/dbwebb-kurser/mvc/me/report/tests/ProjectEvaluator/EmptyCellsTraitTest.php" line="11" class="App\ProjectEvaluator\EmptyCellsTraitTest" classname="App.ProjectEvaluator.EmptyCellsTraitTest" assertions="1" time="0.000786"/>
        <testcase name="testSingleHand2" file="/home/juli22/dbwebb-kurser/mvc/me/report/tests/ProjectEvaluator/EmptyCellsTraitTest.php" line="28" class="App\ProjectEvaluator\EmptyCellsTraitTest" classname="App.ProjectEvaluator.EmptyCellsTraitTest" assertions="1" time="0.000703"/>
        <testcase name="testSingleHand3" file="/home/juli22/dbwebb-kurser/mvc/me/report/tests/ProjectEvaluator/EmptyCellsTraitTest.php" line="45" class="App\ProjectEvaluator\EmptyCellsTraitTest" classname="App.ProjectEvaluator.EmptyCellsTraitTest" assertions="1" time="0.000721"/>
        <testcase name="testSingleHand4" file="/home/juli22/dbwebb-kurser/mvc/me/report/tests/ProjectEvaluator/EmptyCellsTraitTest.php" line="62" class="App\ProjectEvaluator\EmptyCellsTraitTest" classname="App.ProjectEvaluator.EmptyCellsTraitTest" assertions="1" time="0.000693"/>
        <testcase name="testSingleHand5" file="/home/juli22/dbwebb-kurser/mvc/me/report/tests/ProjectEvaluator/EmptyCellsTraitTest.php" line="79" class="App\ProjectEvaluator\EmptyCellsTraitTest" classname="App.ProjectEvaluator.EmptyCellsTraitTest" assertions="1" time="0.000698"/>
      </testsuite>
      <testsuite name="App\ProjectEvaluator\FinalResultsTraitTest" file="/home/juli22/dbwebb-kurser/mvc/me/report/tests/ProjectEvaluator/FinalResultsTraitTest.php" tests="2" assertions="2" errors="0" failures="0" skipped="0" time="0.009071">
        <testcase name="testResultsOneDirection" file="/home/juli22/dbwebb-kurser/mvc/me/report/tests/ProjectEvaluator/FinalResultsTraitTest.php" line="37" class="App\ProjectEvaluator\FinalResultsTraitTest" classname="App.ProjectEvaluator.FinalResultsTraitTest" assertions="1" time="0.002837"/>
        <testcase name="testResults" file="/home/juli22/dbwebb-kurser/mvc/me/report/tests/ProjectEvaluator/FinalResultsTraitTest.php" line="106" class="App\ProjectEvaluator\FinalResultsTraitTest" classname="App.ProjectEvaluator.FinalResultsTraitTest" assertions="1" time="0.006233"/>
      </testsuite>
      <testsuite name="App\ProjectEvaluator\PointsAndRuleNameTrait2Test" file="/home/juli22/dbwebb-kurser/mvc/me/report/tests/ProjectEvaluator/PointsAndRuleNameTrait2Test.php" tests="2" assertions="2" errors="0" failures="0" skipped="0" time="0.002052">
        <testcase name="testPointsAndNameEmptyHandNotOk" file="/home/juli22/dbwebb-kurser/mvc/me/report/tests/ProjectEvaluator/PointsAndRuleNameTrait2Test.php" line="13" class="App\ProjectEvaluator\PointsAndRuleNameTrait2Test" classname="App.ProjectEvaluator.PointsAndRuleNameTrait2Test" assertions="1" time="0.000974"/>
        <testcase name="testPointsAndNameEmptyHandOk" file="/home/juli22/dbwebb-kurser/mvc/me/report/tests/ProjectEvaluator/PointsAndRuleNameTrait2Test.php" line="27" class="App\ProjectEvaluator\PointsAndRuleNameTrait2Test" classname="App.ProjectEvaluator.PointsAndRuleNameTrait2Test" assertions="1" time="0.001077"/>
      </testsuite>
      <testsuite name="App\ProjectEvaluator\PointsAndRuleNameTraitTest" file="/home/juli22/dbwebb-kurser/mvc/me/report/tests/ProjectEvaluator/PointsAndRuleNameTraitTest.php" tests="5" assertions="5" errors="0" failures="0" skipped="0" time="0.005031">
        <testcase name="testPointsAndNameEmptyHandNotOk" file="/home/juli22/dbwebb-kurser/mvc/me/report/tests/ProjectEvaluator/PointsAndRuleNameTraitTest.php" line="15" class="App\ProjectEvaluator\PointsAndRuleNameTraitTest" classname="App.ProjectEvaluator.PointsAndRuleNameTraitTest" assertions="1" time="0.000749"/>
        <testcase name="testPointsAndNameEmptyHandOk" file="/home/juli22/dbwebb-kurser/mvc/me/report/tests/ProjectEvaluator/PointsAndRuleNameTraitTest.php" line="30" class="App\ProjectEvaluator\PointsAndRuleNameTraitTest" classname="App.ProjectEvaluator.PointsAndRuleNameTraitTest" assertions="1" time="0.001212"/>
        <testcase name="testPointsAndNameEmptyHandOk2" file="/home/juli22/dbwebb-kurser/mvc/me/report/tests/ProjectEvaluator/PointsAndRuleNameTraitTest.php" line="45" class="App\ProjectEvaluator\PointsAndRuleNameTraitTest" classname="App.ProjectEvaluator.PointsAndRuleNameTraitTest" assertions="1" time="0.001220"/>
        <testcase name="testPointsAndNameEmptyHandNotOk2" file="/home/juli22/dbwebb-kurser/mvc/me/report/tests/ProjectEvaluator/PointsAndRuleNameTraitTest.php" line="60" class="App\ProjectEvaluator\PointsAndRuleNameTraitTest" classname="App.ProjectEvaluator.PointsAndRuleNameTraitTest" assertions="1" time="0.000829"/>
        <testcase name="testPointsAndNameEmptyHandOk3" file="/home/juli22/dbwebb-kurser/mvc/me/report/tests/ProjectEvaluator/PointsAndRuleNameTraitTest.php" line="75" class="App\ProjectEvaluator\PointsAndRuleNameTraitTest" classname="App.ProjectEvaluator.PointsAndRuleNameTraitTest" assertions="1" time="0.001021"/>
      </testsuite>
      <testsuite name="App\ProjectEvaluator\RowsToColsTraitTest" file="/home/juli22/dbwebb-kurser/mvc/me/report/tests/ProjectEvaluator/RowsToColsTraitTest.php" tests="2" assertions="3" errors="0" failures="0" skipped="0" time="0.001594">
        <testcase name="testGetCols" file="/home/juli22/dbwebb-kurser/mvc/me/report/tests/ProjectEvaluator/RowsToColsTraitTest.php" line="11" class="App\ProjectEvaluator\RowsToColsTraitTest" classname="App.ProjectEvaluator.RowsToColsTraitTest" assertions="2" time="0.000725"/>
        <testcase name="testGetCols2" file="/home/juli22/dbwebb-kurser/mvc/me/report/tests/ProjectEvaluator/RowsToColsTraitTest.php" line="29" class="App\ProjectEvaluator\RowsToColsTraitTest" classname="App.ProjectEvaluator.RowsToColsTraitTest" assertions="1" time="0.000869"/>
      </testsuite>
      <testsuite name="App\ProjectEvaluator\RuleEvaluatorTest" file="/home/juli22/dbwebb-kurser/mvc/me/report/tests/ProjectEvaluator/RuleEvaluatorTest.php" tests="1" assertions="1" errors="0" failures="0" skipped="0" time="0.000859">
        <testcase name="testCreateObject" file="/home/juli22/dbwebb-kurser/mvc/me/report/tests/ProjectEvaluator/RuleEvaluatorTest.php" line="14" class="App\ProjectEvaluator\RuleEvaluatorTest" classname="App.ProjectEvaluator.RuleEvaluatorTest" assertions="1" time="0.000859"/>
      </testsuite>
      <testsuite name="App\ProjectEvaluator\RuleNameTrait2Test" file="/home/juli22/dbwebb-kurser/mvc/me/report/tests/ProjectEvaluator/RuleNameTrait2Test.php" tests="2" assertions="2" errors="0" failures="0" skipped="0" time="0.001830">
        <testcase name="testPointsAndNameEmptyHandNotOk" file="/home/juli22/dbwebb-kurser/mvc/me/report/tests/ProjectEvaluator/RuleNameTrait2Test.php" line="12" class="App\ProjectEvaluator\RuleNameTrait2Test" classname="App.ProjectEvaluator.RuleNameTrait2Test" assertions="1" time="0.000913"/>
        <testcase name="testPointsAndNameEmptyHandOk" file="/home/juli22/dbwebb-kurser/mvc/me/report/tests/ProjectEvaluator/RuleNameTrait2Test.php" line="22" class="App\ProjectEvaluator\RuleNameTrait2Test" classname="App.ProjectEvaluator.RuleNameTrait2Test" assertions="1" time="0.000917"/>
      </testsuite>
      <testsuite name="App\ProjectEvaluator\RuleNameTraitTest" file="/home/juli22/dbwebb-kurser/mvc/me/report/tests/ProjectEvaluator/RuleNameTraitTest.php" tests="5" assertions="5" errors="0" failures="0" skipped="0" time="0.005171">
        <testcase name="testPointsAndNameEmptyHandNotOk" file="/home/juli22/dbwebb-kurser/mvc/me/report/tests/ProjectEvaluator/RuleNameTraitTest.php" line="15" class="App\ProjectEvaluator\RuleNameTraitTest" classname="App.ProjectEvaluator.RuleNameTraitTest" assertions="1" time="0.000729"/>
        <testcase name="testPointsAndNameEmptyHandOk" file="/home/juli22/dbwebb-kurser/mvc/me/report/tests/ProjectEvaluator/RuleNameTraitTest.php" line="26" class="App\ProjectEvaluator\RuleNameTraitTest" classname="App.ProjectEvaluator.RuleNameTraitTest" assertions="1" time="0.001487"/>
        <testcase name="testPointsAndNameEmptyHandOk2" file="/home/juli22/dbwebb-kurser/mvc/me/report/tests/ProjectEvaluator/RuleNameTraitTest.php" line="38" class="App\ProjectEvaluator\RuleNameTraitTest" classname="App.ProjectEvaluator.RuleNameTraitTest" assertions="1" time="0.001146"/>
        <testcase name="testPointsAndNameEmptyHandNotOk2" file="/home/juli22/dbwebb-kurser/mvc/me/report/tests/ProjectEvaluator/RuleNameTraitTest.php" line="49" class="App\ProjectEvaluator\RuleNameTraitTest" classname="App.ProjectEvaluator.RuleNameTraitTest" assertions="1" time="0.000813"/>
        <testcase name="testPointsAndNameEmptyHandOk3" file="/home/juli22/dbwebb-kurser/mvc/me/report/tests/ProjectEvaluator/RuleNameTraitTest.php" line="60" class="App\ProjectEvaluator\RuleNameTraitTest" classname="App.ProjectEvaluator.RuleNameTraitTest" assertions="1" time="0.000995"/>
      </testsuite>
      <testsuite name="App\ProjectEvaluator\SlotTraitTest" file="/home/juli22/dbwebb-kurser/mvc/me/report/tests/ProjectEvaluator/SlotTraitTest.php" tests="3" assertions="3" errors="0" failures="0" skipped="0" time="0.002380">
        <testcase name="testBestSlot" file="/home/juli22/dbwebb-kurser/mvc/me/report/tests/ProjectEvaluator/SlotTraitTest.php" line="13" class="App\ProjectEvaluator\SlotTraitTest" classname="App.ProjectEvaluator.SlotTraitTest" assertions="1" time="0.000770"/>
        <testcase name="testBestSlotInverted" file="/home/juli22/dbwebb-kurser/mvc/me/report/tests/ProjectEvaluator/SlotTraitTest.php" line="102" class="App\ProjectEvaluator\SlotTraitTest" classname="App.ProjectEvaluator.SlotTraitTest" assertions="1" time="0.000771"/>
        <testcase name="testBestSlot2" file="/home/juli22/dbwebb-kurser/mvc/me/report/tests/ProjectEvaluator/SlotTraitTest.php" line="191" class="App\ProjectEvaluator\SlotTraitTest" classname="App.ProjectEvaluator.SlotTraitTest" assertions="1" time="0.000839"/>
      </testsuite>
      <testsuite name="App\ProjectEvaluator\SuggestionTraitPt2Test" file="/home/juli22/dbwebb-kurser/mvc/me/report/tests/ProjectEvaluator/SuggestionTraitPt2Test.php" tests="1" assertions="1" errors="0" failures="0" skipped="0" time="0.020030">
        <testcase name="testSuggestion" file="/home/juli22/dbwebb-kurser/mvc/me/report/tests/ProjectEvaluator/SuggestionTraitPt2Test.php" line="35" class="App\ProjectEvaluator\SuggestionTraitPt2Test" classname="App.ProjectEvaluator.SuggestionTraitPt2Test" assertions="1" time="0.020030"/>
      </testsuite>
      <testsuite name="App\ProjectEvaluator\SuggestionTraitTest" file="/home/juli22/dbwebb-kurser/mvc/me/report/tests/ProjectEvaluator/SuggestionTraitTest.php" tests="6" assertions="6" errors="0" failures="0" skipped="0" time="0.089888">
        <testcase name="testSuggestion" file="/home/juli22/dbwebb-kurser/mvc/me/report/tests/ProjectEvaluator/SuggestionTraitTest.php" line="35" class="App\ProjectEvaluator\SuggestionTraitTest" classname="App.ProjectEvaluator.SuggestionTraitTest" assertions="1" time="0.024213"/>
        <testcase name="testSuggestion2" file="/home/juli22/dbwebb-kurser/mvc/me/report/tests/ProjectEvaluator/SuggestionTraitTest.php" line="72" class="App\ProjectEvaluator\SuggestionTraitTest" classname="App.ProjectEvaluator.SuggestionTraitTest" assertions="1" time="0.021064"/>
        <testcase name="testSuggestion3" file="/home/juli22/dbwebb-kurser/mvc/me/report/tests/ProjectEvaluator/SuggestionTraitTest.php" line="111" class="App\ProjectEvaluator\SuggestionTraitTest" classname="App.ProjectEvaluator.SuggestionTraitTest" assertions="1" time="0.001597"/>
        <testcase name="testSuggestion4" file="/home/juli22/dbwebb-kurser/mvc/me/report/tests/ProjectEvaluator/SuggestionTraitTest.php" line="187" class="App\ProjectEvaluator\SuggestionTraitTest" classname="App.ProjectEvaluator.SuggestionTraitTest" assertions="1" time="0.019048"/>
        <testcase name="testSuggestion5" file="/home/juli22/dbwebb-kurser/mvc/me/report/tests/ProjectEvaluator/SuggestionTraitTest.php" line="273" class="App\ProjectEvaluator\SuggestionTraitTest" classname="App.ProjectEvaluator.SuggestionTraitTest" assertions="1" time="0.019461"/>
        <testcase name="testSuggestion6" file="/home/juli22/dbwebb-kurser/mvc/me/report/tests/ProjectEvaluator/SuggestionTraitTest.php" line="321" class="App\ProjectEvaluator\SuggestionTraitTest" classname="App.ProjectEvaluator.SuggestionTraitTest" assertions="1" time="0.004506"/>
      </testsuite>
      <testsuite name="App\ProjectGrid\AddCardTraitTest" file="/home/juli22/dbwebb-kurser/mvc/me/report/tests/ProjectGrid/AddCardTraitTest.php" tests="1" assertions="1" errors="0" failures="0" skipped="0" time="0.000832">
        <testcase name="testAddCard" file="/home/juli22/dbwebb-kurser/mvc/me/report/tests/ProjectGrid/AddCardTraitTest.php" line="12" class="App\ProjectGrid\AddCardTraitTest" classname="App.ProjectGrid.AddCardTraitTest" assertions="1" time="0.000832"/>
      </testsuite>
      <testsuite name="App\ProjectGrid\CardCountTraitTest" file="/home/juli22/dbwebb-kurser/mvc/me/report/tests/ProjectGrid/CardCountTraitTest.php" tests="1" assertions="1" errors="0" failures="0" skipped="0" time="0.000750">
        <testcase name="testCardCount" file="/home/juli22/dbwebb-kurser/mvc/me/report/tests/ProjectGrid/CardCountTraitTest.php" line="11" class="App\ProjectGrid\CardCountTraitTest" classname="App.ProjectGrid.CardCountTraitTest" assertions="1" time="0.000750"/>
      </testsuite>
      <testsuite name="App\ProjectGrid\GraphicTraitTest" file="/home/juli22/dbwebb-kurser/mvc/me/report/tests/ProjectGrid/GraphicTraitTest.php" tests="1" assertions="1" errors="0" failures="0" skipped="0" time="0.000854">
        <testcase name="testGraphic" file="/home/juli22/dbwebb-kurser/mvc/me/report/tests/ProjectGrid/GraphicTraitTest.php" line="28" class="App\ProjectGrid\GraphicTraitTest" classname="App.ProjectGrid.GraphicTraitTest" assertions="1" time="0.000854"/>
      </testsuite>
      <testsuite name="App\ProjectGrid\RemoveCardTraitTest" file="/home/juli22/dbwebb-kurser/mvc/me/report/tests/ProjectGrid/RemoveCardTraitTest.php" tests="1" assertions="3" errors="0" failures="0" skipped="0" time="0.000865">
        <testcase name="testRemoveCard" file="/home/juli22/dbwebb-kurser/mvc/me/report/tests/ProjectGrid/RemoveCardTraitTest.php" line="11" class="App\ProjectGrid\RemoveCardTraitTest" classname="App.ProjectGrid.RemoveCardTraitTest" assertions="3" time="0.000865"/>
      </testsuite>
      <testsuite name="App\ProjectGrid\RowsTraitTest" file="/home/juli22/dbwebb-kurser/mvc/me/report/tests/ProjectGrid/RowsTraitTest.php" tests="2" assertions="2" errors="0" failures="0" skipped="0" time="0.001424">
        <testcase name="testGetRows" file="/home/juli22/dbwebb-kurser/mvc/me/report/tests/ProjectGrid/RowsTraitTest.php" line="11" class="App\ProjectGrid\RowsTraitTest" classname="App.ProjectGrid.RowsTraitTest" assertions="1" time="0.000722"/>
        <testcase name="testSetGrid" file="/home/juli22/dbwebb-kurser/mvc/me/report/tests/ProjectGrid/RowsTraitTest.php" line="21" class="App\ProjectGrid\RowsTraitTest" classname="App.ProjectGrid.RowsTraitTest" assertions="1" time="0.000703"/>
      </testsuite>
      <testsuite name="App\ProjectGrid\SlotGraphicTraitTest" file="/home/juli22/dbwebb-kurser/mvc/me/report/tests/ProjectGrid/SlotGraphicTraitTest.php" tests="1" assertions="4" errors="0" failures="0" skipped="0" time="0.001269">
        <testcase name="testSlotGraphic" file="/home/juli22/dbwebb-kurser/mvc/me/report/tests/ProjectGrid/SlotGraphicTraitTest.php" line="11" class="App\ProjectGrid\SlotGraphicTraitTest" classname="App.ProjectGrid.SlotGraphicTraitTest" assertions="4" time="0.001269"/>
      </testsuite>
      <testsuite name="App\ProjectRules\AdditionalValueTraitTest" file="/home/juli22/dbwebb-kurser/mvc/me/report/tests/ProjectRules/AdditionalValueTraitTest.php" tests="1" assertions="2" errors="0" failures="0" skipped="0" time="0.000764">
        <testcase name="testGetAdditionalValue" file="/home/juli22/dbwebb-kurser/mvc/me/report/tests/ProjectRules/AdditionalValueTraitTest.php" line="11" class="App\ProjectRules\AdditionalValueTraitTest" classname="App.ProjectRules.AdditionalValueTraitTest" assertions="2" time="0.000764"/>
      </testsuite>
      <testsuite name="App\ProjectRules\CountByRankTraitTest" file="/home/juli22/dbwebb-kurser/mvc/me/report/tests/ProjectRules/CountByRankTraitTest.php" tests="2" assertions="2" errors="0" failures="0" skipped="0" time="0.001566">
        <testcase name="testCountByRank" file="/home/juli22/dbwebb-kurser/mvc/me/report/tests/ProjectRules/CountByRankTraitTest.php" line="11" class="App\ProjectRules\CountByRankTraitTest" classname="App.ProjectRules.CountByRankTraitTest" assertions="1" time="0.000687"/>
        <testcase name="testCountByRank2" file="/home/juli22/dbwebb-kurser/mvc/me/report/tests/ProjectRules/CountByRankTraitTest.php" line="18" class="App\ProjectRules\CountByRankTraitTest" classname="App.ProjectRules.CountByRankTraitTest" assertions="1" time="0.000879"/>
      </testsuite>
      <testsuite name="App\ProjectRules\CountBySuitTraitTest" file="/home/juli22/dbwebb-kurser/mvc/me/report/tests/ProjectRules/CountBySuitTraitTest.php" tests="2" assertions="2" errors="0" failures="0" skipped="0" time="0.001610">
        <testcase name="testCountBySuit" file="/home/juli22/dbwebb-kurser/mvc/me/report/tests/ProjectRules/CountBySuitTraitTest.php" line="11" class="App\ProjectRules\CountBySuitTraitTest" classname="App.ProjectRules.CountBySuitTraitTest" assertions="1" time="0.000809"/>
        <testcase name="testCountBySuit2" file="/home/juli22/dbwebb-kurser/mvc/me/report/tests/ProjectRules/CountBySuitTraitTest.php" line="18" class="App\ProjectRules\CountBySuitTraitTest" classname="App.ProjectRules.CountBySuitTraitTest" assertions="1" time="0.000801"/>
      </testsuite>
      <testsuite name="App\ProjectRules\CountSuitAndRankTraitTest" file="/home/juli22/dbwebb-kurser/mvc/me/report/tests/ProjectRules/CountSuitAndRankTraitTest.php" tests="2" assertions="2" errors="0" failures="0" skipped="0" time="0.001772">
        <testcase name="testCountSuitAndRank" file="/home/juli22/dbwebb-kurser/mvc/me/report/tests/ProjectRules/CountSuitAndRankTraitTest.php" line="11" class="App\ProjectRules\CountSuitAndRankTraitTest" classname="App.ProjectRules.CountSuitAndRankTraitTest" assertions="1" time="0.000716"/>
        <testcase name="testCountSuitAndRank2" file="/home/juli22/dbwebb-kurser/mvc/me/report/tests/ProjectRules/CountSuitAndRankTraitTest.php" line="22" class="App\ProjectRules\CountSuitAndRankTraitTest" classname="App.ProjectRules.CountSuitAndRankTraitTest" assertions="1" time="0.001056"/>
      </testsuite>
      <testsuite name="App\ProjectRules\FirstCheckTraitTest" file="/home/juli22/dbwebb-kurser/mvc/me/report/tests/ProjectRules/FirstCheckTraitTest.php" tests="2" assertions="8" errors="0" failures="0" skipped="0" time="0.002098">
        <testcase name="testPossibleWithCardOk" file="/home/juli22/dbwebb-kurser/mvc/me/report/tests/ProjectRules/FirstCheckTraitTest.php" line="34" class="App\ProjectRules\FirstCheckTraitTest" classname="App.ProjectRules.FirstCheckTraitTest" assertions="4" time="0.000813"/>
        <testcase name="testPossibleWithCardNotOk" file="/home/juli22/dbwebb-kurser/mvc/me/report/tests/ProjectRules/FirstCheckTraitTest.php" line="48" class="App\ProjectRules\FirstCheckTraitTest" classname="App.ProjectRules.FirstCheckTraitTest" assertions="4" time="0.001285"/>
      </testsuite>
      <testsuite name="App\ProjectRules\FlushTest" file="/home/juli22/dbwebb-kurser/mvc/me/report/tests/ProjectRules/FlushTest.php" tests="3" assertions="5" errors="0" failures="0" skipped="0" time="0.002517">
        <testcase name="testCreateObject" file="/home/juli22/dbwebb-kurser/mvc/me/report/tests/ProjectRules/FlushTest.php" line="9" class="App\ProjectRules\FlushTest" classname="App.ProjectRules.FlushTest" assertions="2" time="0.000847"/>
        <testcase name="testCheckNotOk" file="/home/juli22/dbwebb-kurser/mvc/me/report/tests/ProjectRules/FlushTest.php" line="22" class="App\ProjectRules\FlushTest" classname="App.ProjectRules.FlushTest" assertions="2" time="0.000871"/>
        <testcase name="testCheckOk" file="/home/juli22/dbwebb-kurser/mvc/me/report/tests/ProjectRules/FlushTest.php" line="34" class="App\ProjectRules\FlushTest" classname="App.ProjectRules.FlushTest" assertions="1" time="0.000800"/>
      </testsuite>
      <testsuite name="App\ProjectRules\FlushTrait2Test" file="/home/juli22/dbwebb-kurser/mvc/me/report/tests/ProjectRules/FlushTrait2Test.php" tests="2" assertions="2" errors="0" failures="0" skipped="0" time="0.001735">
        <testcase name="testPossibleDeckOnlyNotOk" file="/home/juli22/dbwebb-kurser/mvc/me/report/tests/ProjectRules/FlushTrait2Test.php" line="12" class="App\ProjectRules\FlushTrait2Test" classname="App.ProjectRules.FlushTrait2Test" assertions="1" time="0.000910"/>
        <testcase name="testPossibleDeckOnlyOk" file="/home/juli22/dbwebb-kurser/mvc/me/report/tests/ProjectRules/FlushTrait2Test.php" line="18" class="App\ProjectRules\FlushTrait2Test" classname="App.ProjectRules.FlushTrait2Test" assertions="1" time="0.000825"/>
      </testsuite>
      <testsuite name="App\ProjectRules\FlushTrait3Test" file="/home/juli22/dbwebb-kurser/mvc/me/report/tests/ProjectRules/FlushTrait3Test.php" tests="3" assertions="3" errors="0" failures="0" skipped="0" time="0.002481">
        <testcase name="testCheckInDeckNotOk2" file="/home/juli22/dbwebb-kurser/mvc/me/report/tests/ProjectRules/FlushTrait3Test.php" line="12" class="App\ProjectRules\FlushTrait3Test" classname="App.ProjectRules.FlushTrait3Test" assertions="1" time="0.000806"/>
        <testcase name="testCheckInDeckOk" file="/home/juli22/dbwebb-kurser/mvc/me/report/tests/ProjectRules/FlushTrait3Test.php" line="20" class="App\ProjectRules\FlushTrait3Test" classname="App.ProjectRules.FlushTrait3Test" assertions="1" time="0.000803"/>
        <testcase name="testCheckInDeckOk2" file="/home/juli22/dbwebb-kurser/mvc/me/report/tests/ProjectRules/FlushTrait3Test.php" line="28" class="App\ProjectRules\FlushTrait3Test" classname="App.ProjectRules.FlushTrait3Test" assertions="1" time="0.000872"/>
      </testsuite>
      <testsuite name="App\ProjectRules\FlushTraitPt2Test" file="/home/juli22/dbwebb-kurser/mvc/me/report/tests/ProjectRules/FlushTraitPt2Test.php" tests="4" assertions="4" errors="0" failures="0" skipped="0" time="0.003558">
        <testcase name="testPossibleWithoutCardNotOk" file="/home/juli22/dbwebb-kurser/mvc/me/report/tests/ProjectRules/FlushTraitPt2Test.php" line="13" class="App\ProjectRules\FlushTraitPt2Test" classname="App.ProjectRules.FlushTraitPt2Test" assertions="1" time="0.000898"/>
        <testcase name="testPossibleWithoutCardNotOk2" file="/home/juli22/dbwebb-kurser/mvc/me/report/tests/ProjectRules/FlushTraitPt2Test.php" line="22" class="App\ProjectRules\FlushTraitPt2Test" classname="App.ProjectRules.FlushTraitPt2Test" assertions="1" time="0.000878"/>
        <testcase name="testPossibleWithoutCardOk" file="/home/juli22/dbwebb-kurser/mvc/me/report/tests/ProjectRules/FlushTraitPt2Test.php" line="31" class="App\ProjectRules\FlushTraitPt2Test" classname="App.ProjectRules.FlushTraitPt2Test" assertions="1" time="0.000844"/>
        <testcase name="testPossibleWithoutCardOk2" file="/home/juli22/dbwebb-kurser/mvc/me/report/tests/ProjectRules/FlushTraitPt2Test.php" line="40" class="App\ProjectRules\FlushTraitPt2Test" classname="App.ProjectRules.FlushTraitPt2Test" assertions="1" time="0.000938"/>
      </testsuite>
      <testsuite name="App\ProjectRules\FlushTraitTest" file="/home/juli22/dbwebb-kurser/mvc/me/report/tests/ProjectRules/FlushTraitTest.php" tests="1" assertions="1" errors="0" failures="0" skipped="0" time="0.000844">
        <testcase name="testPossibleWithoutCard" file="/home/juli22/dbwebb-kurser/mvc/me/report/tests/ProjectRules/FlushTraitTest.php" line="13" class="App\ProjectRules\FlushTraitTest" classname="App.ProjectRules.FlushTraitTest" assertions="1" time="0.000844"/>
      </testsuite>
      <testsuite name="App\ProjectRules\FourOfAKindTest" file="/home/juli22/dbwebb-kurser/mvc/me/report/tests/ProjectRules/FourOfAKindTest.php" tests="4" assertions="4" errors="0" failures="0" skipped="0" time="0.003322">
        <testcase name="testScoredNotOk" file="/home/juli22/dbwebb-kurser/mvc/me/report/tests/ProjectRules/FourOfAKindTest.php" line="11" class="App\ProjectRules\FourOfAKindTest" classname="App.ProjectRules.FourOfAKindTest" assertions="1" time="0.000824"/>
        <testcase name="testScoredNotOk2" file="/home/juli22/dbwebb-kurser/mvc/me/report/tests/ProjectRules/FourOfAKindTest.php" line="19" class="App\ProjectRules\FourOfAKindTest" classname="App.ProjectRules.FourOfAKindTest" assertions="1" time="0.000828"/>
        <testcase name="testScoredNotOk3" file="/home/juli22/dbwebb-kurser/mvc/me/report/tests/ProjectRules/FourOfAKindTest.php" line="27" class="App\ProjectRules\FourOfAKindTest" classname="App.ProjectRules.FourOfAKindTest" assertions="1" time="0.000827"/>
        <testcase name="testScoredOk" file="/home/juli22/dbwebb-kurser/mvc/me/report/tests/ProjectRules/FourOfAKindTest.php" line="35" class="App\ProjectRules\FourOfAKindTest" classname="App.ProjectRules.FourOfAKindTest" assertions="1" time="0.000843"/>
      </testsuite>
      <testsuite name="App\ProjectRules\FullHouseScoredTraitTest" file="/home/juli22/dbwebb-kurser/mvc/me/report/tests/ProjectRules/FullHouseScoredTraitTest.php" tests="3" assertions="3" errors="0" failures="0" skipped="0" time="0.002624">
        <testcase name="testScoredNotOk" file="/home/juli22/dbwebb-kurser/mvc/me/report/tests/ProjectRules/FullHouseScoredTraitTest.php" line="13" class="App\ProjectRules\FullHouseScoredTraitTest" classname="App.ProjectRules.FullHouseScoredTraitTest" assertions="1" time="0.000927"/>
        <testcase name="testScoredNotOk2" file="/home/juli22/dbwebb-kurser/mvc/me/report/tests/ProjectRules/FullHouseScoredTraitTest.php" line="20" class="App\ProjectRules\FullHouseScoredTraitTest" classname="App.ProjectRules.FullHouseScoredTraitTest" assertions="1" time="0.000925"/>
        <testcase name="testScoredOk" file="/home/juli22/dbwebb-kurser/mvc/me/report/tests/ProjectRules/FullHouseScoredTraitTest.php" line="27" class="App\ProjectRules\FullHouseScoredTraitTest" classname="App.ProjectRules.FullHouseScoredTraitTest" assertions="1" time="0.000773"/>
      </testsuite>
      <testsuite name="App\ProjectRules\FullHouseTest" file="/home/juli22/dbwebb-kurser/mvc/me/report/tests/ProjectRules/FullHouseTest.php" tests="1" assertions="2" errors="0" failures="0" skipped="0" time="0.000740">
        <testcase name="testCreateObject" file="/home/juli22/dbwebb-kurser/mvc/me/report/tests/ProjectRules/FullHouseTest.php" line="9" class="App\ProjectRules\FullHouseTest" classname="App.ProjectRules.FullHouseTest" assertions="2" time="0.000740"/>
      </testsuite>
      <testsuite name="App\ProjectRules\FullHouseTrait2Test" file="/home/juli22/dbwebb-kurser/mvc/me/report/tests/ProjectRules/FullHouseTrait2Test.php" tests="10" assertions="10" errors="0" failures="0" skipped="0" time="0.015740">
        <testcase name="testPossibleWithoutCardNotOk" file="/home/juli22/dbwebb-kurser/mvc/me/report/tests/ProjectRules/FullHouseTrait2Test.php" line="13" class="App\ProjectRules\FullHouseTrait2Test" classname="App.ProjectRules.FullHouseTrait2Test" assertions="1" time="0.000945"/>
        <testcase name="testPossibleWithoutCardOk" file="/home/juli22/dbwebb-kurser/mvc/me/report/tests/ProjectRules/FullHouseTrait2Test.php" line="22" class="App\ProjectRules\FullHouseTrait2Test" classname="App.ProjectRules.FullHouseTrait2Test" assertions="1" time="0.000966"/>
        <testcase name="testPossibleWithoutCardNotOk2" file="/home/juli22/dbwebb-kurser/mvc/me/report/tests/ProjectRules/FullHouseTrait2Test.php" line="31" class="App\ProjectRules\FullHouseTrait2Test" classname="App.ProjectRules.FullHouseTrait2Test" assertions="1" time="0.000936"/>
        <testcase name="testPossibleWithoutCardNotOk3" file="/home/juli22/dbwebb-kurser/mvc/me/report/tests/ProjectRules/FullHouseTrait2Test.php" line="40" class="App\ProjectRules\FullHouseTrait2Test" classname="App.ProjectRules.FullHouseTrait2Test" assertions="1" time="0.000996"/>
        <testcase name="testPossibleWithoutCardOk2" file="/home/juli22/dbwebb-kurser/mvc/me/report/tests/ProjectRules/FullHouseTrait2Test.php" line="49" class="App\ProjectRules\FullHouseTrait2Test" classname="App.ProjectRules.FullHouseTrait2Test" assertions="1" time="0.007152"/>
        <testcase name="testPossibleWithoutCardNotOk5" file="/home/juli22/dbwebb-kurser/mvc/me/report/tests/ProjectRules/FullHouseTrait2Test.php" line="58" class="App\ProjectRules\FullHouseTrait2Test" classname="App.ProjectRules.FullHouseTrait2Test" assertions="1" time="0.001044"/>
        <testcase name="testPossibleWithoutCardOk3" file="/home/juli22/dbwebb-kurser/mvc/me/report/tests/ProjectRules/FullHouseTrait2Test.php" line="67" class="App\ProjectRules\FullHouseTrait2Test" classname="App.ProjectRules.FullHouseTrait2Test" assertions="1" time="0.000931"/>
        <testcase name="testPossibleWithoutCardNotOk6" file="/home/juli22/dbwebb-kurser/mvc/me/report/tests/ProjectRules/FullHouseTrait2Test.php" line="76" class="App\ProjectRules\FullHouseTrait2Test" classname="App.ProjectRules.FullHouseTrait2Test" assertions="1" time="0.000915"/>
        <testcase name="testPossibleWithoutCardOk4" file="/home/juli22/dbwebb-kurser/mvc/me/report/tests/ProjectRules/FullHouseTrait2Test.php" line="85" class="App\ProjectRules\FullHouseTrait2Test" classname="App.ProjectRules.FullHouseTrait2Test" assertions="1" time="0.000902"/>
        <testcase name="testPossibleWithoutCardOk5" file="/home/juli22/dbwebb-kurser/mvc/me/report/tests/ProjectRules/FullHouseTrait2Test.php" line="94" class="App\ProjectRules\FullHouseTrait2Test" classname="App.ProjectRules.FullHouseTrait2Test" assertions="1" time="0.000953"/>
      </testsuite>
      <testsuite name="App\ProjectRules\FullHouseTrait3Test" file="/home/juli22/dbwebb-kurser/mvc/me/report/tests/ProjectRules/FullHouseTrait3Test.php" tests="8" assertions="8" errors="0" failures="0" skipped="0" time="0.006927">
        <testcase name="testPossibleDeckOnlyOk" file="/home/juli22/dbwebb-kurser/mvc/me/report/tests/ProjectRules/FullHouseTrait3Test.php" line="13" class="App\ProjectRules\FullHouseTrait3Test" classname="App.ProjectRules.FullHouseTrait3Test" assertions="1" time="0.000926"/>
        <testcase name="testPossibleDeckOnlyOk3" file="/home/juli22/dbwebb-kurser/mvc/me/report/tests/ProjectRules/FullHouseTrait3Test.php" line="22" class="App\ProjectRules\FullHouseTrait3Test" classname="App.ProjectRules.FullHouseTrait3Test" assertions="1" time="0.000900"/>
        <testcase name="testPossibleDeckOnlyNotOk" file="/home/juli22/dbwebb-kurser/mvc/me/report/tests/ProjectRules/FullHouseTrait3Test.php" line="30" class="App\ProjectRules\FullHouseTrait3Test" classname="App.ProjectRules.FullHouseTrait3Test" assertions="1" time="0.000840"/>
        <testcase name="testPossibleDeckOnlyNotOk2" file="/home/juli22/dbwebb-kurser/mvc/me/report/tests/ProjectRules/FullHouseTrait3Test.php" line="39" class="App\ProjectRules\FullHouseTrait3Test" classname="App.ProjectRules.FullHouseTrait3Test" assertions="1" time="0.000825"/>
        <testcase name="testPossibleDeckOnlyNotOk3" file="/home/juli22/dbwebb-kurser/mvc/me/report/tests/ProjectRules/FullHouseTrait3Test.php" line="47" class="App\ProjectRules\FullHouseTrait3Test" classname="App.ProjectRules.FullHouseTrait3Test" assertions="1" time="0.000815"/>
        <testcase name="testPossibleDeckOnlyNotOk4" file="/home/juli22/dbwebb-kurser/mvc/me/report/tests/ProjectRules/FullHouseTrait3Test.php" line="55" class="App\ProjectRules\FullHouseTrait3Test" classname="App.ProjectRules.FullHouseTrait3Test" assertions="1" time="0.000862"/>
        <testcase name="testPossibleDeckOnlyOk5" file="/home/juli22/dbwebb-kurser/mvc/me/report/tests/ProjectRules/FullHouseTrait3Test.php" line="63" class="App\ProjectRules\FullHouseTrait3Test" classname="App.ProjectRules.FullHouseTrait3Test" assertions="1" time="0.000907"/>
        <testcase name="testPossibleDeckOnlyOk4" file="/home/juli22/dbwebb-kurser/mvc/me/report/tests/ProjectRules/FullHouseTrait3Test.php" line="71" class="App\ProjectRules\FullHouseTrait3Test" classname="App.ProjectRules.FullHouseTrait3Test" assertions="1" time="0.000854"/>
      </testsuite>
      <testsuite name="App\ProjectRules\FullHouseTrait4Test" file="/home/juli22/dbwebb-kurser/mvc/me/report/tests/ProjectRules/FullHouseTrait4Test.php" tests="5" assertions="5" errors="0" failures="0" skipped="0" time="0.003516">
        <testcase name="testCheck3Ok" file="/home/juli22/dbwebb-kurser/mvc/me/report/tests/ProjectRules/FullHouseTrait4Test.php" line="12" class="App\ProjectRules\FullHouseTrait4Test" classname="App.ProjectRules.FullHouseTrait4Test" assertions="1" time="0.000720"/>
        <testcase name="testCheck3Ok3" file="/home/juli22/dbwebb-kurser/mvc/me/report/tests/ProjectRules/FullHouseTrait4Test.php" line="30" class="App\ProjectRules\FullHouseTrait4Test" classname="App.ProjectRules.FullHouseTrait4Test" assertions="1" time="0.000720"/>
        <testcase name="testCheck3NotOk" file="/home/juli22/dbwebb-kurser/mvc/me/report/tests/ProjectRules/FullHouseTrait4Test.php" line="48" class="App\ProjectRules\FullHouseTrait4Test" classname="App.ProjectRules.FullHouseTrait4Test" assertions="1" time="0.000690"/>
        <testcase name="testCheck3NotOk2" file="/home/juli22/dbwebb-kurser/mvc/me/report/tests/ProjectRules/FullHouseTrait4Test.php" line="64" class="App\ProjectRules\FullHouseTrait4Test" classname="App.ProjectRules.FullHouseTrait4Test" assertions="1" time="0.000698"/>
        <testcase name="testCheck3NotOk3" file="/home/juli22/dbwebb-kurser/mvc/me/report/tests/ProjectRules/FullHouseTrait4Test.php" line="82" class="App\ProjectRules\FullHouseTrait4Test" classname="App.ProjectRules.FullHouseTrait4Test" assertions="1" time="0.000687"/>
      </testsuite>
      <testsuite name="App\ProjectRules\FullHouseTrait5Pt2Test" file="/home/juli22/dbwebb-kurser/mvc/me/report/tests/ProjectRules/FullHouseTrait5Pt2Test.php" tests="7" assertions="7" errors="0" failures="0" skipped="0" time="0.004838">
        <testcase name="testCheck1SubCheckOk" file="/home/juli22/dbwebb-kurser/mvc/me/report/tests/ProjectRules/FullHouseTrait5Pt2Test.php" line="12" class="App\ProjectRules\FullHouseTrait5Pt2Test" classname="App.ProjectRules.FullHouseTrait5Pt2Test" assertions="1" time="0.000690"/>
        <testcase name="testCheck1SubCheckOk2" file="/home/juli22/dbwebb-kurser/mvc/me/report/tests/ProjectRules/FullHouseTrait5Pt2Test.php" line="26" class="App\ProjectRules\FullHouseTrait5Pt2Test" classname="App.ProjectRules.FullHouseTrait5Pt2Test" assertions="1" time="0.000683"/>
        <testcase name="testCheck1SubCheckNotOk" file="/home/juli22/dbwebb-kurser/mvc/me/report/tests/ProjectRules/FullHouseTrait5Pt2Test.php" line="40" class="App\ProjectRules\FullHouseTrait5Pt2Test" classname="App.ProjectRules.FullHouseTrait5Pt2Test" assertions="1" time="0.000676"/>
        <testcase name="testCheck1SubCheckNotOk2" file="/home/juli22/dbwebb-kurser/mvc/me/report/tests/ProjectRules/FullHouseTrait5Pt2Test.php" line="54" class="App\ProjectRules\FullHouseTrait5Pt2Test" classname="App.ProjectRules.FullHouseTrait5Pt2Test" assertions="1" time="0.000727"/>
        <testcase name="testCheck1SubCheckOk3" file="/home/juli22/dbwebb-kurser/mvc/me/report/tests/ProjectRules/FullHouseTrait5Pt2Test.php" line="68" class="App\ProjectRules\FullHouseTrait5Pt2Test" classname="App.ProjectRules.FullHouseTrait5Pt2Test" assertions="1" time="0.000685"/>
        <testcase name="testCheck1SubCheckOk4" file="/home/juli22/dbwebb-kurser/mvc/me/report/tests/ProjectRules/FullHouseTrait5Pt2Test.php" line="82" class="App\ProjectRules\FullHouseTrait5Pt2Test" classname="App.ProjectRules.FullHouseTrait5Pt2Test" assertions="1" time="0.000678"/>
        <testcase name="testCheck1SubCheckNotOk3" file="/home/juli22/dbwebb-kurser/mvc/me/report/tests/ProjectRules/FullHouseTrait5Pt2Test.php" line="96" class="App\ProjectRules\FullHouseTrait5Pt2Test" classname="App.ProjectRules.FullHouseTrait5Pt2Test" assertions="1" time="0.000699"/>
      </testsuite>
      <testsuite name="App\ProjectRules\FullHouseTrait5Test" file="/home/juli22/dbwebb-kurser/mvc/me/report/tests/ProjectRules/FullHouseTrait5Test.php" tests="7" assertions="7" errors="0" failures="0" skipped="0" time="0.005196">
        <testcase name="testCheck1Ok" file="/home/juli22/dbwebb-kurser/mvc/me/report/tests/ProjectRules/FullHouseTrait5Test.php" line="12" class="App\ProjectRules\FullHouseTrait5Test" classname="App.ProjectRules.FullHouseTrait5Test" assertions="1" time="0.000729"/>
        <testcase name="testCheck1Ok2" file="/home/juli22/dbwebb-kurser/mvc/me/report/tests/ProjectRules/FullHouseTrait5Test.php" line="27" class="App\ProjectRules\FullHouseTrait5Test" classname="App.ProjectRules.FullHouseTrait5Test" assertions="1" time="0.000710"/>
        <testcase name="testcheck1Ok3" file="/home/juli22/dbwebb-kurser/mvc/me/report/tests/ProjectRules/FullHouseTrait5Test.php" line="42" class="App\ProjectRules\FullHouseTrait5Test" classname="App.ProjectRules.FullHouseTrait5Test" assertions="1" time="0.000762"/>
        <testcase name="testCheck1Ok4" file="/home/juli22/dbwebb-kurser/mvc/me/report/tests/ProjectRules/FullHouseTrait5Test.php" line="57" class="App\ProjectRules\FullHouseTrait5Test" classname="App.ProjectRules.FullHouseTrait5Test" assertions="1" time="0.000851"/>
        <testcase name="testcheck1NotOk" file="/home/juli22/dbwebb-kurser/mvc/me/report/tests/ProjectRules/FullHouseTrait5Test.php" line="72" class="App\ProjectRules\FullHouseTrait5Test" classname="App.ProjectRules.FullHouseTrait5Test" assertions="1" time="0.000711"/>
        <testcase name="testcheck1NotOk2" file="/home/juli22/dbwebb-kurser/mvc/me/report/tests/ProjectRules/FullHouseTrait5Test.php" line="88" class="App\ProjectRules\FullHouseTrait5Test" classname="App.ProjectRules.FullHouseTrait5Test" assertions="1" time="0.000717"/>
        <testcase name="testcheck1NotOk3" file="/home/juli22/dbwebb-kurser/mvc/me/report/tests/ProjectRules/FullHouseTrait5Test.php" line="103" class="App\ProjectRules\FullHouseTrait5Test" classname="App.ProjectRules.FullHouseTrait5Test" assertions="1" time="0.000716"/>
      </testsuite>
      <testsuite name="App\ProjectRules\FullHouseTrait6Test" file="/home/juli22/dbwebb-kurser/mvc/me/report/tests/ProjectRules/FullHouseTrait6Test.php" tests="6" assertions="6" errors="0" failures="0" skipped="0" time="0.005065">
        <testcase name="testCheck2Ok" file="/home/juli22/dbwebb-kurser/mvc/me/report/tests/ProjectRules/FullHouseTrait6Test.php" line="12" class="App\ProjectRules\FullHouseTrait6Test" classname="App.ProjectRules.FullHouseTrait6Test" assertions="1" time="0.000730"/>
        <testcase name="testCheck2NotOk" file="/home/juli22/dbwebb-kurser/mvc/me/report/tests/ProjectRules/FullHouseTrait6Test.php" line="22" class="App\ProjectRules\FullHouseTrait6Test" classname="App.ProjectRules.FullHouseTrait6Test" assertions="1" time="0.000807"/>
        <testcase name="testCheck2Ok2" file="/home/juli22/dbwebb-kurser/mvc/me/report/tests/ProjectRules/FullHouseTrait6Test.php" line="31" class="App\ProjectRules\FullHouseTrait6Test" classname="App.ProjectRules.FullHouseTrait6Test" assertions="1" time="0.000889"/>
        <testcase name="testCheck2NotOk2" file="/home/juli22/dbwebb-kurser/mvc/me/report/tests/ProjectRules/FullHouseTrait6Test.php" line="41" class="App\ProjectRules\FullHouseTrait6Test" classname="App.ProjectRules.FullHouseTrait6Test" assertions="1" time="0.001213"/>
        <testcase name="testCheck2NotOk3" file="/home/juli22/dbwebb-kurser/mvc/me/report/tests/ProjectRules/FullHouseTrait6Test.php" line="52" class="App\ProjectRules\FullHouseTrait6Test" classname="App.ProjectRules.FullHouseTrait6Test" assertions="1" time="0.000733"/>
        <testcase name="testCheck2NotOk4" file="/home/juli22/dbwebb-kurser/mvc/me/report/tests/ProjectRules/FullHouseTrait6Test.php" line="63" class="App\ProjectRules\FullHouseTrait6Test" classname="App.ProjectRules.FullHouseTrait6Test" assertions="1" time="0.000693"/>
      </testsuite>
      <testsuite name="App\ProjectRules\GroupBySuitTraitTest" file="/home/juli22/dbwebb-kurser/mvc/me/report/tests/ProjectRules/GroupBySuitTraitTest.php" tests="2" assertions="2" errors="0" failures="0" skipped="0" time="0.001766">
        <testcase name="testGroupBySuit" file="/home/juli22/dbwebb-kurser/mvc/me/report/tests/ProjectRules/GroupBySuitTraitTest.php" line="11" class="App\ProjectRules\GroupBySuitTraitTest" classname="App.ProjectRules.GroupBySuitTraitTest" assertions="1" time="0.001001"/>
        <testcase name="testGroupBySuit2" file="/home/juli22/dbwebb-kurser/mvc/me/report/tests/ProjectRules/GroupBySuitTraitTest.php" line="24" class="App\ProjectRules\GroupBySuitTraitTest" classname="App.ProjectRules.GroupBySuitTraitTest" assertions="1" time="0.000765"/>
      </testsuite>
      <testsuite name="App\ProjectRules\MinRankLimitsTrait2Test" file="/home/juli22/dbwebb-kurser/mvc/me/report/tests/ProjectRules/MinRankLimitsTrait2Test.php" tests="1" assertions="1" errors="0" failures="0" skipped="0" time="0.000732">
        <testcase name="testMinRankLimitsOk" file="/home/juli22/dbwebb-kurser/mvc/me/report/tests/ProjectRules/MinRankLimitsTrait2Test.php" line="11" class="App\ProjectRules\MinRankLimitsTrait2Test" classname="App.ProjectRules.MinRankLimitsTrait2Test" assertions="1" time="0.000732"/>
      </testsuite>
      <testsuite name="App\ProjectRules\MinRankLimitsTraitTest" file="/home/juli22/dbwebb-kurser/mvc/me/report/tests/ProjectRules/MinRankLimitsTraitTest.php" tests="10" assertions="10" errors="0" failures="0" skipped="0" time="0.007765">
        <testcase name="testMinRankLimitsOk" file="/home/juli22/dbwebb-kurser/mvc/me/report/tests/ProjectRules/MinRankLimitsTraitTest.php" line="11" class="App\ProjectRules\MinRankLimitsTraitTest" classname="App.ProjectRules.MinRankLimitsTraitTest" assertions="1" time="0.000740"/>
        <testcase name="testMinRankLimitsOk2" file="/home/juli22/dbwebb-kurser/mvc/me/report/tests/ProjectRules/MinRankLimitsTraitTest.php" line="23" class="App\ProjectRules\MinRankLimitsTraitTest" classname="App.ProjectRules.MinRankLimitsTraitTest" assertions="1" time="0.000718"/>
        <testcase name="testMinRankLimitsOk3" file="/home/juli22/dbwebb-kurser/mvc/me/report/tests/ProjectRules/MinRankLimitsTraitTest.php" line="35" class="App\ProjectRules\MinRankLimitsTraitTest" classname="App.ProjectRules.MinRankLimitsTraitTest" assertions="1" time="0.000740"/>
        <testcase name="testMinRankLimitsOk4" file="/home/juli22/dbwebb-kurser/mvc/me/report/tests/ProjectRules/MinRankLimitsTraitTest.php" line="47" class="App\ProjectRules\MinRankLimitsTraitTest" classname="App.ProjectRules.MinRankLimitsTraitTest" assertions="1" time="0.000710"/>
        <testcase name="testMinRankLimitsOk5" file="/home/juli22/dbwebb-kurser/mvc/me/report/tests/ProjectRules/MinRankLimitsTraitTest.php" line="60" class="App\ProjectRules\MinRankLimitsTraitTest" classname="App.ProjectRules.MinRankLimitsTraitTest" assertions="1" time="0.001144"/>
        <testcase name="testMinRankLimitsOk6" file="/home/juli22/dbwebb-kurser/mvc/me/report/tests/ProjectRules/MinRankLimitsTraitTest.php" line="72" class="App\ProjectRules\MinRankLimitsTraitTest" classname="App.ProjectRules.MinRankLimitsTraitTest" assertions="1" time="0.000687"/>
        <testcase name="testMinRankLimitsNotOk" file="/home/juli22/dbwebb-kurser/mvc/me/report/tests/ProjectRules/MinRankLimitsTraitTest.php" line="84" class="App\ProjectRules\MinRankLimitsTraitTest" classname="App.ProjectRules.MinRankLimitsTraitTest" assertions="1" time="0.000677"/>
        <testcase name="testMinRankLimitsNotOk2" file="/home/juli22/dbwebb-kurser/mvc/me/report/tests/ProjectRules/MinRankLimitsTraitTest.php" line="96" class="App\ProjectRules\MinRankLimitsTraitTest" classname="App.ProjectRules.MinRankLimitsTraitTest" assertions="1" time="0.000739"/>
        <testcase name="testMinRankLimitsNotOk3" file="/home/juli22/dbwebb-kurser/mvc/me/report/tests/ProjectRules/MinRankLimitsTraitTest.php" line="108" class="App\ProjectRules\MinRankLimitsTraitTest" classname="App.ProjectRules.MinRankLimitsTraitTest" assertions="1" time="0.000742"/>
        <testcase name="testMinRankLimitsNotOk4" file="/home/juli22/dbwebb-kurser/mvc/me/report/tests/ProjectRules/MinRankLimitsTraitTest.php" line="120" class="App\ProjectRules\MinRankLimitsTraitTest" classname="App.ProjectRules.MinRankLimitsTraitTest" assertions="1" time="0.000867"/>
      </testsuite>
      <testsuite name="App\ProjectRules\OnePairTest" file="/home/juli22/dbwebb-kurser/mvc/me/report/tests/ProjectRules/OnePairTest.php" tests="2" assertions="2" errors="0" failures="0" skipped="0" time="0.001616">
        <testcase name="testScoredOk" file="/home/juli22/dbwebb-kurser/mvc/me/report/tests/ProjectRules/OnePairTest.php" line="11" class="App\ProjectRules\OnePairTest" classname="App.ProjectRules.OnePairTest" assertions="1" time="0.000820"/>
        <testcase name="testScoredNotOk" file="/home/juli22/dbwebb-kurser/mvc/me/report/tests/ProjectRules/OnePairTest.php" line="19" class="App\ProjectRules\OnePairTest" classname="App.ProjectRules.OnePairTest" assertions="1" time="0.000796"/>
      </testsuite>
      <testsuite name="App\ProjectRules\RoyalFLushScoredTraitTest" file="/home/juli22/dbwebb-kurser/mvc/me/report/tests/ProjectRules/RoyalFlushScoredTraitTest.php" tests="4" assertions="4" errors="0" failures="0" skipped="0" time="0.003352">
        <testcase name="testScoredNotOk" file="/home/juli22/dbwebb-kurser/mvc/me/report/tests/ProjectRules/RoyalFlushScoredTraitTest.php" line="13" class="App\ProjectRules\RoyalFLushScoredTraitTest" classname="App.ProjectRules.RoyalFLushScoredTraitTest" assertions="1" time="0.000841"/>
        <testcase name="testScoredNotOk2" file="/home/juli22/dbwebb-kurser/mvc/me/report/tests/ProjectRules/RoyalFlushScoredTraitTest.php" line="20" class="App\ProjectRules\RoyalFLushScoredTraitTest" classname="App.ProjectRules.RoyalFLushScoredTraitTest" assertions="1" time="0.000840"/>
        <testcase name="testScoredNotOk3" file="/home/juli22/dbwebb-kurser/mvc/me/report/tests/ProjectRules/RoyalFlushScoredTraitTest.php" line="27" class="App\ProjectRules\RoyalFLushScoredTraitTest" classname="App.ProjectRules.RoyalFLushScoredTraitTest" assertions="1" time="0.000891"/>
        <testcase name="testScoredOk" file="/home/juli22/dbwebb-kurser/mvc/me/report/tests/ProjectRules/RoyalFlushScoredTraitTest.php" line="34" class="App\ProjectRules\RoyalFLushScoredTraitTest" classname="App.ProjectRules.RoyalFLushScoredTraitTest" assertions="1" time="0.000780"/>
      </testsuite>
      <testsuite name="App\ProjectRules\RoyalFlushTest" file="/home/juli22/dbwebb-kurser/mvc/me/report/tests/ProjectRules/RoyalFlushTest.php" tests="1" assertions="2" errors="0" failures="0" skipped="0" time="0.000706">
        <testcase name="testCreateObject" file="/home/juli22/dbwebb-kurser/mvc/me/report/tests/ProjectRules/RoyalFlushTest.php" line="9" class="App\ProjectRules\RoyalFlushTest" classname="App.ProjectRules.RoyalFlushTest" assertions="2" time="0.000706"/>
      </testsuite>
      <testsuite name="App\ProjectRules\RoyalFlushTrait2Test" file="/home/juli22/dbwebb-kurser/mvc/me/report/tests/ProjectRules/RoyalFlushTrait2Test.php" tests="2" assertions="2" errors="0" failures="0" skipped="0" time="0.001884">
        <testcase name="testpossibleDeckOnlyOk" file="/home/juli22/dbwebb-kurser/mvc/me/report/tests/ProjectRules/RoyalFlushTrait2Test.php" line="11" class="App\ProjectRules\RoyalFlushTrait2Test" classname="App.ProjectRules.RoyalFlushTrait2Test" assertions="1" time="0.000876"/>
        <testcase name="testpossibleDeckOnlyNotOk" file="/home/juli22/dbwebb-kurser/mvc/me/report/tests/ProjectRules/RoyalFlushTrait2Test.php" line="18" class="App\ProjectRules\RoyalFlushTrait2Test" classname="App.ProjectRules.RoyalFlushTrait2Test" assertions="1" time="0.001008"/>
      </testsuite>
      <testsuite name="App\ProjectRules\RoyalFlushTrait3Test" file="/home/juli22/dbwebb-kurser/mvc/me/report/tests/ProjectRules/RoyalFlushTrait3Test.php" tests="4" assertions="4" errors="0" failures="0" skipped="0" time="0.003253">
        <testcase name="testCheckForCardsNotOk" file="/home/juli22/dbwebb-kurser/mvc/me/report/tests/ProjectRules/RoyalFlushTrait3Test.php" line="11" class="App\ProjectRules\RoyalFlushTrait3Test" classname="App.ProjectRules.RoyalFlushTrait3Test" assertions="1" time="0.000854"/>
        <testcase name="testCheckForCardsOk" file="/home/juli22/dbwebb-kurser/mvc/me/report/tests/ProjectRules/RoyalFlushTrait3Test.php" line="20" class="App\ProjectRules\RoyalFlushTrait3Test" classname="App.ProjectRules.RoyalFlushTrait3Test" assertions="1" time="0.000786"/>
        <testcase name="testCheckForCardsOk2" file="/home/juli22/dbwebb-kurser/mvc/me/report/tests/ProjectRules/RoyalFlushTrait3Test.php" line="29" class="App\ProjectRules\RoyalFlushTrait3Test" classname="App.ProjectRules.RoyalFlushTrait3Test" assertions="1" time="0.000845"/>
        <testcase name="testCheckForCardsNotOk2" file="/home/juli22/dbwebb-kurser/mvc/me/report/tests/ProjectRules/RoyalFlushTrait3Test.php" line="38" class="App\ProjectRules\RoyalFlushTrait3Test" classname="App.ProjectRules.RoyalFlushTrait3Test" assertions="1" time="0.000769"/>
      </testsuite>
      <testsuite name="App\ProjectRules\RoyalFlushTraitTest" file="/home/juli22/dbwebb-kurser/mvc/me/report/tests/ProjectRules/RoyalFlushTraitTest.php" tests="5" assertions="5" errors="0" failures="0" skipped="0" time="0.004647">
        <testcase name="testPossibleWithoutCardNotOk3" file="/home/juli22/dbwebb-kurser/mvc/me/report/tests/ProjectRules/RoyalFlushTraitTest.php" line="13" class="App\ProjectRules\RoyalFlushTraitTest" classname="App.ProjectRules.RoyalFlushTraitTest" assertions="1" time="0.000840"/>
        <testcase name="testPossibleWithoutCardOk" file="/home/juli22/dbwebb-kurser/mvc/me/report/tests/ProjectRules/RoyalFlushTraitTest.php" line="34" class="App\ProjectRules\RoyalFlushTraitTest" classname="App.ProjectRules.RoyalFlushTraitTest" assertions="1" time="0.000904"/>
        <testcase name="testPossibleWithoutCardNotOk5" file="/home/juli22/dbwebb-kurser/mvc/me/report/tests/ProjectRules/RoyalFlushTraitTest.php" line="54" class="App\ProjectRules\RoyalFlushTraitTest" classname="App.ProjectRules.RoyalFlushTraitTest" assertions="1" time="0.001215"/>
        <testcase name="testPossibleWithoutCardOk2" file="/home/juli22/dbwebb-kurser/mvc/me/report/tests/ProjectRules/RoyalFlushTraitTest.php" line="75" class="App\ProjectRules\RoyalFlushTraitTest" classname="App.ProjectRules.RoyalFlushTraitTest" assertions="1" time="0.000894"/>
        <testcase name="testPossibleWithoutCardNotOk" file="/home/juli22/dbwebb-kurser/mvc/me/report/tests/ProjectRules/RoyalFlushTraitTest.php" line="97" class="App\ProjectRules\RoyalFlushTraitTest" classname="App.ProjectRules.RoyalFlushTraitTest" assertions="1" time="0.000793"/>
      </testsuite>
      <testsuite name="App\ProjectRules\SameOfAKindTest" file="/home/juli22/dbwebb-kurser/mvc/me/report/tests/ProjectRules/SameOfAKindTest.php" tests="3" assertions="6" errors="0" failures="0" skipped="0" time="0.002453">
        <testcase name="testOnePair" file="/home/juli22/dbwebb-kurser/mvc/me/report/tests/ProjectRules/SameOfAKindTest.php" line="9" class="App\ProjectRules\SameOfAKindTest" classname="App.ProjectRules.SameOfAKindTest" assertions="2" time="0.000951"/>
        <testcase name="testThreeOfAKind" file="/home/juli22/dbwebb-kurser/mvc/me/report/tests/ProjectRules/SameOfAKindTest.php" line="21" class="App\ProjectRules\SameOfAKindTest" classname="App.ProjectRules.SameOfAKindTest" assertions="2" time="0.000771"/>
        <testcase name="testFourOfAKind" file="/home/juli22/dbwebb-kurser/mvc/me/report/tests/ProjectRules/SameOfAKindTest.php" line="33" class="App\ProjectRules\SameOfAKindTest" classname="App.ProjectRules.SameOfAKindTest" assertions="2" time="0.000730"/>
      </testsuite>
      <testsuite name="App\ProjectRules\SameOfAKindTrait2Test" file="/home/juli22/dbwebb-kurser/mvc/me/report/tests/ProjectRules/SameOfAKindTrait2Test.php" tests="10" assertions="10" errors="0" failures="0" skipped="0" time="0.010348">
        <testcase name="testPossibleWithoutCardOk" file="/home/juli22/dbwebb-kurser/mvc/me/report/tests/ProjectRules/SameOfAKindTrait2Test.php" line="14" class="App\ProjectRules\SameOfAKindTrait2Test" classname="App.ProjectRules.SameOfAKindTrait2Test" assertions="1" time="0.000930"/>
        <testcase name="testPossibleWithoutCardOk2" file="/home/juli22/dbwebb-kurser/mvc/me/report/tests/ProjectRules/SameOfAKindTrait2Test.php" line="23" class="App\ProjectRules\SameOfAKindTrait2Test" classname="App.ProjectRules.SameOfAKindTrait2Test" assertions="1" time="0.000877"/>
        <testcase name="testPossibleWithoutCardNotOk" file="/home/juli22/dbwebb-kurser/mvc/me/report/tests/ProjectRules/SameOfAKindTrait2Test.php" line="32" class="App\ProjectRules\SameOfAKindTrait2Test" classname="App.ProjectRules.SameOfAKindTrait2Test" assertions="1" time="0.000962"/>
        <testcase name="testPossibleWithoutCardNotOk2" file="/home/juli22/dbwebb-kurser/mvc/me/report/tests/ProjectRules/SameOfAKindTrait2Test.php" line="41" class="App\ProjectRules\SameOfAKindTrait2Test" classname="App.ProjectRules.SameOfAKindTrait2Test" assertions="1" time="0.000903"/>
        <testcase name="testPossibleWithoutCardOk3" file="/home/juli22/dbwebb-kurser/mvc/me/report/tests/ProjectRules/SameOfAKindTrait2Test.php" line="50" class="App\ProjectRules\SameOfAKindTrait2Test" classname="App.ProjectRules.SameOfAKindTrait2Test" assertions="1" time="0.000859"/>
        <testcase name="testPossibleWithoutCardNotOk3" file="/home/juli22/dbwebb-kurser/mvc/me/report/tests/ProjectRules/SameOfAKindTrait2Test.php" line="59" class="App\ProjectRules\SameOfAKindTrait2Test" classname="App.ProjectRules.SameOfAKindTrait2Test" assertions="1" time="0.001011"/>
        <testcase name="testPossibleWithoutCardNotOk4" file="/home/juli22/dbwebb-kurser/mvc/me/report/tests/ProjectRules/SameOfAKindTrait2Test.php" line="68" class="App\ProjectRules\SameOfAKindTrait2Test" classname="App.ProjectRules.SameOfAKindTrait2Test" assertions="1" time="0.002321"/>
        <testcase name="testPossibleWithoutCardOk4" file="/home/juli22/dbwebb-kurser/mvc/me/report/tests/ProjectRules/SameOfAKindTrait2Test.php" line="77" class="App\ProjectRules\SameOfAKindTrait2Test" classname="App.ProjectRules.SameOfAKindTrait2Test" assertions="1" time="0.000854"/>
        <testcase name="testPossibleWithoutCardOk5" file="/home/juli22/dbwebb-kurser/mvc/me/report/tests/ProjectRules/SameOfAKindTrait2Test.php" line="86" class="App\ProjectRules\SameOfAKindTrait2Test" classname="App.ProjectRules.SameOfAKindTrait2Test" assertions="1" time="0.000790"/>
        <testcase name="testPossibleWithoutCardNotOk5" file="/home/juli22/dbwebb-kurser/mvc/me/report/tests/ProjectRules/SameOfAKindTrait2Test.php" line="95" class="App\ProjectRules\SameOfAKindTrait2Test" classname="App.ProjectRules.SameOfAKindTrait2Test" assertions="1" time="0.000840"/>
      </testsuite>
      <testsuite name="App\ProjectRules\SameOfAKindTrait3Test" file="/home/juli22/dbwebb-kurser/mvc/me/report/tests/ProjectRules/SameOfAKindTrait3Test.php" tests="6" assertions="6" errors="0" failures="0" skipped="0" time="0.005229">
        <testcase name="testPossibleDeckOnlyOk" file="/home/juli22/dbwebb-kurser/mvc/me/report/tests/ProjectRules/SameOfAKindTrait3Test.php" line="12" class="App\ProjectRules\SameOfAKindTrait3Test" classname="App.ProjectRules.SameOfAKindTrait3Test" assertions="1" time="0.000946"/>
        <testcase name="testPossibleDeckOnlyNotOk" file="/home/juli22/dbwebb-kurser/mvc/me/report/tests/ProjectRules/SameOfAKindTrait3Test.php" line="20" class="App\ProjectRules\SameOfAKindTrait3Test" classname="App.ProjectRules.SameOfAKindTrait3Test" assertions="1" time="0.000889"/>
        <testcase name="testPossibleDeckOnlyNotOk2" file="/home/juli22/dbwebb-kurser/mvc/me/report/tests/ProjectRules/SameOfAKindTrait3Test.php" line="28" class="App\ProjectRules\SameOfAKindTrait3Test" classname="App.ProjectRules.SameOfAKindTrait3Test" assertions="1" time="0.000796"/>
        <testcase name="testPossibleDeckOnlyOk4" file="/home/juli22/dbwebb-kurser/mvc/me/report/tests/ProjectRules/SameOfAKindTrait3Test.php" line="37" class="App\ProjectRules\SameOfAKindTrait3Test" classname="App.ProjectRules.SameOfAKindTrait3Test" assertions="1" time="0.000809"/>
        <testcase name="testPossibleDeckOnlyNotOk3" file="/home/juli22/dbwebb-kurser/mvc/me/report/tests/ProjectRules/SameOfAKindTrait3Test.php" line="45" class="App\ProjectRules\SameOfAKindTrait3Test" classname="App.ProjectRules.SameOfAKindTrait3Test" assertions="1" time="0.000791"/>
        <testcase name="testPossibleDeckOnlyOk6" file="/home/juli22/dbwebb-kurser/mvc/me/report/tests/ProjectRules/SameOfAKindTrait3Test.php" line="53" class="App\ProjectRules\SameOfAKindTrait3Test" classname="App.ProjectRules.SameOfAKindTrait3Test" assertions="1" time="0.000999"/>
      </testsuite>
      <testsuite name="App\ProjectRules\SameOfAKindTrait4Pt2Test" file="/home/juli22/dbwebb-kurser/mvc/me/report/tests/ProjectRules/SameOfAKindTrait4Pt2Test.php" tests="6" assertions="6" errors="0" failures="0" skipped="0" time="0.006720">
        <testcase name="testRequiredCountOk" file="/home/juli22/dbwebb-kurser/mvc/me/report/tests/ProjectRules/SameOfAKindTrait4Pt2Test.php" line="11" class="App\ProjectRules\SameOfAKindTrait4Pt2Test" classname="App.ProjectRules.SameOfAKindTrait4Pt2Test" assertions="1" time="0.000809"/>
        <testcase name="testRequiredCountNotOk" file="/home/juli22/dbwebb-kurser/mvc/me/report/tests/ProjectRules/SameOfAKindTrait4Pt2Test.php" line="19" class="App\ProjectRules\SameOfAKindTrait4Pt2Test" classname="App.ProjectRules.SameOfAKindTrait4Pt2Test" assertions="1" time="0.001698"/>
        <testcase name="testRequiredCountOk2" file="/home/juli22/dbwebb-kurser/mvc/me/report/tests/ProjectRules/SameOfAKindTrait4Pt2Test.php" line="27" class="App\ProjectRules\SameOfAKindTrait4Pt2Test" classname="App.ProjectRules.SameOfAKindTrait4Pt2Test" assertions="1" time="0.002114"/>
        <testcase name="testRequiredCountNotOk3" file="/home/juli22/dbwebb-kurser/mvc/me/report/tests/ProjectRules/SameOfAKindTrait4Pt2Test.php" line="35" class="App\ProjectRules\SameOfAKindTrait4Pt2Test" classname="App.ProjectRules.SameOfAKindTrait4Pt2Test" assertions="1" time="0.000709"/>
        <testcase name="testRequiredCountOk3" file="/home/juli22/dbwebb-kurser/mvc/me/report/tests/ProjectRules/SameOfAKindTrait4Pt2Test.php" line="43" class="App\ProjectRules\SameOfAKindTrait4Pt2Test" classname="App.ProjectRules.SameOfAKindTrait4Pt2Test" assertions="1" time="0.000687"/>
        <testcase name="testRequiredCountNotOk4" file="/home/juli22/dbwebb-kurser/mvc/me/report/tests/ProjectRules/SameOfAKindTrait4Pt2Test.php" line="51" class="App\ProjectRules\SameOfAKindTrait4Pt2Test" classname="App.ProjectRules.SameOfAKindTrait4Pt2Test" assertions="1" time="0.000703"/>
      </testsuite>
      <testsuite name="App\ProjectRules\SameOfAKindTrait4Test" file="/home/juli22/dbwebb-kurser/mvc/me/report/tests/ProjectRules/SameOfAKindTrait4Test.php" tests="9" assertions="9" errors="0" failures="0" skipped="0" time="0.007020">
        <testcase name="testEnoughSpaceInHandOk" file="/home/juli22/dbwebb-kurser/mvc/me/report/tests/ProjectRules/SameOfAKindTrait4Test.php" line="11" class="App\ProjectRules\SameOfAKindTrait4Test" classname="App.ProjectRules.SameOfAKindTrait4Test" assertions="1" time="0.000697"/>
        <testcase name="testEnoughSpaceInHandOk2" file="/home/juli22/dbwebb-kurser/mvc/me/report/tests/ProjectRules/SameOfAKindTrait4Test.php" line="20" class="App\ProjectRules\SameOfAKindTrait4Test" classname="App.ProjectRules.SameOfAKindTrait4Test" assertions="1" time="0.000693"/>
        <testcase name="testEnoughSpaceInHandNotOk" file="/home/juli22/dbwebb-kurser/mvc/me/report/tests/ProjectRules/SameOfAKindTrait4Test.php" line="29" class="App\ProjectRules\SameOfAKindTrait4Test" classname="App.ProjectRules.SameOfAKindTrait4Test" assertions="1" time="0.000769"/>
        <testcase name="testEnoughSpaceInHandNotOk2" file="/home/juli22/dbwebb-kurser/mvc/me/report/tests/ProjectRules/SameOfAKindTrait4Test.php" line="38" class="App\ProjectRules\SameOfAKindTrait4Test" classname="App.ProjectRules.SameOfAKindTrait4Test" assertions="1" time="0.000892"/>
        <testcase name="testEnoughSpaceInHandOk3" file="/home/juli22/dbwebb-kurser/mvc/me/report/tests/ProjectRules/SameOfAKindTrait4Test.php" line="47" class="App\ProjectRules\SameOfAKindTrait4Test" classname="App.ProjectRules.SameOfAKindTrait4Test" assertions="1" time="0.000766"/>
        <testcase name="testEnoughSpaceInHandOk4" file="/home/juli22/dbwebb-kurser/mvc/me/report/tests/ProjectRules/SameOfAKindTrait4Test.php" line="56" class="App\ProjectRules\SameOfAKindTrait4Test" classname="App.ProjectRules.SameOfAKindTrait4Test" assertions="1" time="0.000905"/>
        <testcase name="testEnoughSpaceInHandOk5" file="/home/juli22/dbwebb-kurser/mvc/me/report/tests/ProjectRules/SameOfAKindTrait4Test.php" line="65" class="App\ProjectRules\SameOfAKindTrait4Test" classname="App.ProjectRules.SameOfAKindTrait4Test" assertions="1" time="0.000817"/>
        <testcase name="testEnoughSpaceInHandNotOk3" file="/home/juli22/dbwebb-kurser/mvc/me/report/tests/ProjectRules/SameOfAKindTrait4Test.php" line="74" class="App\ProjectRules\SameOfAKindTrait4Test" classname="App.ProjectRules.SameOfAKindTrait4Test" assertions="1" time="0.000729"/>
        <testcase name="testEnoughSpaceInHandOk6" file="/home/juli22/dbwebb-kurser/mvc/me/report/tests/ProjectRules/SameOfAKindTrait4Test.php" line="83" class="App\ProjectRules\SameOfAKindTrait4Test" classname="App.ProjectRules.SameOfAKindTrait4Test" assertions="1" time="0.000752"/>
      </testsuite>
      <testsuite name="App\ProjectRules\SameOfAKindTraitTest" file="/home/juli22/dbwebb-kurser/mvc/me/report/tests/ProjectRules/SameOfAKindTraitTest.php" tests="8" assertions="13" errors="0" failures="0" skipped="0" time="0.007733">
        <testcase name="testPossibleWithCardOk" file="/home/juli22/dbwebb-kurser/mvc/me/report/tests/ProjectRules/SameOfAKindTraitTest.php" line="15" class="App\ProjectRules\SameOfAKindTraitTest" classname="App.ProjectRules.SameOfAKindTraitTest" assertions="2" time="0.000964"/>
        <testcase name="testPossibleWithCardOk2" file="/home/juli22/dbwebb-kurser/mvc/me/report/tests/ProjectRules/SameOfAKindTraitTest.php" line="26" class="App\ProjectRules\SameOfAKindTraitTest" classname="App.ProjectRules.SameOfAKindTraitTest" assertions="2" time="0.000982"/>
        <testcase name="testPossibleWithCardOk3" file="/home/juli22/dbwebb-kurser/mvc/me/report/tests/ProjectRules/SameOfAKindTraitTest.php" line="37" class="App\ProjectRules\SameOfAKindTraitTest" classname="App.ProjectRules.SameOfAKindTraitTest" assertions="2" time="0.000893"/>
        <testcase name="testPossibleWithCardOk4" file="/home/juli22/dbwebb-kurser/mvc/me/report/tests/ProjectRules/SameOfAKindTraitTest.php" line="48" class="App\ProjectRules\SameOfAKindTraitTest" classname="App.ProjectRules.SameOfAKindTraitTest" assertions="2" time="0.000955"/>
        <testcase name="testPossibleWithCardNotOk" file="/home/juli22/dbwebb-kurser/mvc/me/report/tests/ProjectRules/SameOfAKindTraitTest.php" line="59" class="App\ProjectRules\SameOfAKindTraitTest" classname="App.ProjectRules.SameOfAKindTraitTest" assertions="1" time="0.000862"/>
        <testcase name="testPossibleWithCardNotOk2" file="/home/juli22/dbwebb-kurser/mvc/me/report/tests/ProjectRules/SameOfAKindTraitTest.php" line="69" class="App\ProjectRules\SameOfAKindTraitTest" classname="App.ProjectRules.SameOfAKindTraitTest" assertions="1" time="0.000899"/>
        <testcase name="testPossibleWithCardNotOk3" file="/home/juli22/dbwebb-kurser/mvc/me/report/tests/ProjectRules/SameOfAKindTraitTest.php" line="79" class="App\ProjectRules\SameOfAKindTraitTest" classname="App.ProjectRules.SameOfAKindTraitTest" assertions="1" time="0.001070"/>
        <testcase name="testPossibleWithCardOk5" file="/home/juli22/dbwebb-kurser/mvc/me/report/tests/ProjectRules/SameOfAKindTraitTest.php" line="89" class="App\ProjectRules\SameOfAKindTraitTest" classname="App.ProjectRules.SameOfAKindTraitTest" assertions="2" time="0.001108"/>
      </testsuite>
      <testsuite name="App\ProjectRules\SearchSpecificCardTraitTest" file="/home/juli22/dbwebb-kurser/mvc/me/report/tests/ProjectRules/SearchSpecificCardTraitTest.php" tests="4" assertions="4" errors="0" failures="0" skipped="0" time="0.003813">
        <testcase name="testSearchSpecificCardOk" file="/home/juli22/dbwebb-kurser/mvc/me/report/tests/ProjectRules/SearchSpecificCardTraitTest.php" line="12" class="App\ProjectRules\SearchSpecificCardTraitTest" classname="App.ProjectRules.SearchSpecificCardTraitTest" assertions="1" time="0.000797"/>
        <testcase name="testSearchSpecificCardOk2" file="/home/juli22/dbwebb-kurser/mvc/me/report/tests/ProjectRules/SearchSpecificCardTraitTest.php" line="22" class="App\ProjectRules\SearchSpecificCardTraitTest" classname="App.ProjectRules.SearchSpecificCardTraitTest" assertions="1" time="0.000827"/>
        <testcase name="testSearchSpecificCardNotOk" file="/home/juli22/dbwebb-kurser/mvc/me/report/tests/ProjectRules/SearchSpecificCardTraitTest.php" line="32" class="App\ProjectRules\SearchSpecificCardTraitTest" classname="App.ProjectRules.SearchSpecificCardTraitTest" assertions="1" time="0.001262"/>
        <testcase name="testSearchSpecificCardNotOk2" file="/home/juli22/dbwebb-kurser/mvc/me/report/tests/ProjectRules/SearchSpecificCardTraitTest.php" line="42" class="App\ProjectRules\SearchSpecificCardTraitTest" classname="App.ProjectRules.SearchSpecificCardTraitTest" assertions="1" time="0.000927"/>
      </testsuite>
      <testsuite name="App\ProjectRules\StraightFlushScoredTraitTest" file="/home/juli22/dbwebb-kurser/mvc/me/report/tests/ProjectRules/StraightFlushScoredTraitTest.php" tests="9" assertions="9" errors="0" failures="0" skipped="0" time="0.007920">
        <testcase name="testScoredNotOk" file="/home/juli22/dbwebb-kurser/mvc/me/report/tests/ProjectRules/StraightFlushScoredTraitTest.php" line="12" class="App\ProjectRules\StraightFlushScoredTraitTest" classname="App.ProjectRules.StraightFlushScoredTraitTest" assertions="1" time="0.000963"/>
        <testcase name="testScoredOk" file="/home/juli22/dbwebb-kurser/mvc/me/report/tests/ProjectRules/StraightFlushScoredTraitTest.php" line="20" class="App\ProjectRules\StraightFlushScoredTraitTest" classname="App.ProjectRules.StraightFlushScoredTraitTest" assertions="1" time="0.000834"/>
        <testcase name="testScoredNotOk2" file="/home/juli22/dbwebb-kurser/mvc/me/report/tests/ProjectRules/StraightFlushScoredTraitTest.php" line="28" class="App\ProjectRules\StraightFlushScoredTraitTest" classname="App.ProjectRules.StraightFlushScoredTraitTest" assertions="1" time="0.000852"/>
        <testcase name="testScoredOk2" file="/home/juli22/dbwebb-kurser/mvc/me/report/tests/ProjectRules/StraightFlushScoredTraitTest.php" line="36" class="App\ProjectRules\StraightFlushScoredTraitTest" classname="App.ProjectRules.StraightFlushScoredTraitTest" assertions="1" time="0.000825"/>
        <testcase name="testScoredOk3" file="/home/juli22/dbwebb-kurser/mvc/me/report/tests/ProjectRules/StraightFlushScoredTraitTest.php" line="44" class="App\ProjectRules\StraightFlushScoredTraitTest" classname="App.ProjectRules.StraightFlushScoredTraitTest" assertions="1" time="0.000826"/>
        <testcase name="testScoredNotOk4" file="/home/juli22/dbwebb-kurser/mvc/me/report/tests/ProjectRules/StraightFlushScoredTraitTest.php" line="52" class="App\ProjectRules\StraightFlushScoredTraitTest" classname="App.ProjectRules.StraightFlushScoredTraitTest" assertions="1" time="0.000820"/>
        <testcase name="testScoredOk4" file="/home/juli22/dbwebb-kurser/mvc/me/report/tests/ProjectRules/StraightFlushScoredTraitTest.php" line="61" class="App\ProjectRules\StraightFlushScoredTraitTest" classname="App.ProjectRules.StraightFlushScoredTraitTest" assertions="1" time="0.000891"/>
        <testcase name="testScoredNotOk5" file="/home/juli22/dbwebb-kurser/mvc/me/report/tests/ProjectRules/StraightFlushScoredTraitTest.php" line="69" class="App\ProjectRules\StraightFlushScoredTraitTest" classname="App.ProjectRules.StraightFlushScoredTraitTest" assertions="1" time="0.000991"/>
        <testcase name="testScoredNotOk6" file="/home/juli22/dbwebb-kurser/mvc/me/report/tests/ProjectRules/StraightFlushScoredTraitTest.php" line="77" class="App\ProjectRules\StraightFlushScoredTraitTest" classname="App.ProjectRules.StraightFlushScoredTraitTest" assertions="1" time="0.000918"/>
      </testsuite>
      <testsuite name="App\ProjectRules\StraightFlushTest" file="/home/juli22/dbwebb-kurser/mvc/me/report/tests/ProjectRules/StraightFlushTest.php" tests="1" assertions="2" errors="0" failures="0" skipped="0" time="0.000727">
        <testcase name="testCreateObject" file="/home/juli22/dbwebb-kurser/mvc/me/report/tests/ProjectRules/StraightFlushTest.php" line="9" class="App\ProjectRules\StraightFlushTest" classname="App.ProjectRules.StraightFlushTest" assertions="2" time="0.000727"/>
      </testsuite>
      <testsuite name="App\ProjectRules\StraightFlushTrait3Test" file="/home/juli22/dbwebb-kurser/mvc/me/report/tests/ProjectRules/StraightFlushTrait3Test.php" tests="5" assertions="5" errors="0" failures="0" skipped="0" time="0.004362">
        <testcase name="testPossibleDeckOnlyNotOk" file="/home/juli22/dbwebb-kurser/mvc/me/report/tests/ProjectRules/StraightFlushTrait3Test.php" line="13" class="App\ProjectRules\StraightFlushTrait3Test" classname="App.ProjectRules.StraightFlushTrait3Test" assertions="1" time="0.000799"/>
        <testcase name="testPossibleDeckOnlyNotOk2" file="/home/juli22/dbwebb-kurser/mvc/me/report/tests/ProjectRules/StraightFlushTrait3Test.php" line="28" class="App\ProjectRules\StraightFlushTrait3Test" classname="App.ProjectRules.StraightFlushTrait3Test" assertions="1" time="0.000829"/>
        <testcase name="testPossibleDeckOnlyOk" file="/home/juli22/dbwebb-kurser/mvc/me/report/tests/ProjectRules/StraightFlushTrait3Test.php" line="45" class="App\ProjectRules\StraightFlushTrait3Test" classname="App.ProjectRules.StraightFlushTrait3Test" assertions="1" time="0.000851"/>
        <testcase name="testPossibleDeckOnlyOk2" file="/home/juli22/dbwebb-kurser/mvc/me/report/tests/ProjectRules/StraightFlushTrait3Test.php" line="61" class="App\ProjectRules\StraightFlushTrait3Test" classname="App.ProjectRules.StraightFlushTrait3Test" assertions="1" time="0.000959"/>
        <testcase name="testPossibleDeckOnlyNotOk3" file="/home/juli22/dbwebb-kurser/mvc/me/report/tests/ProjectRules/StraightFlushTrait3Test.php" line="81" class="App\ProjectRules\StraightFlushTrait3Test" classname="App.ProjectRules.StraightFlushTrait3Test" assertions="1" time="0.000924"/>
      </testsuite>
      <testsuite name="App\ProjectRules\StraightFlushTraitTest" file="/home/juli22/dbwebb-kurser/mvc/me/report/tests/ProjectRules/StraightFlushTraitTest.php" tests="7" assertions="7" errors="0" failures="0" skipped="0" time="0.006692">
        <testcase name="testPossibleWithoutCardNotOk3" file="/home/juli22/dbwebb-kurser/mvc/me/report/tests/ProjectRules/StraightFlushTraitTest.php" line="14" class="App\ProjectRules\StraightFlushTraitTest" classname="App.ProjectRules.StraightFlushTraitTest" assertions="1" time="0.000772"/>
        <testcase name="testPossibleWithoutCardOk" file="/home/juli22/dbwebb-kurser/mvc/me/report/tests/ProjectRules/StraightFlushTraitTest.php" line="35" class="App\ProjectRules\StraightFlushTraitTest" classname="App.ProjectRules.StraightFlushTraitTest" assertions="1" time="0.000943"/>
        <testcase name="testPossibleWithoutCardNotOk5" file="/home/juli22/dbwebb-kurser/mvc/me/report/tests/ProjectRules/StraightFlushTraitTest.php" line="55" class="App\ProjectRules\StraightFlushTraitTest" classname="App.ProjectRules.StraightFlushTraitTest" assertions="1" time="0.000974"/>
        <testcase name="testPossibleWithoutCardOk2" file="/home/juli22/dbwebb-kurser/mvc/me/report/tests/ProjectRules/StraightFlushTraitTest.php" line="76" class="App\ProjectRules\StraightFlushTraitTest" classname="App.ProjectRules.StraightFlushTraitTest" assertions="1" time="0.000925"/>
        <testcase name="testPossibleWithoutCardNotOk" file="/home/juli22/dbwebb-kurser/mvc/me/report/tests/ProjectRules/StraightFlushTraitTest.php" line="98" class="App\ProjectRules\StraightFlushTraitTest" classname="App.ProjectRules.StraightFlushTraitTest" assertions="1" time="0.001036"/>
        <testcase name="testPossibleWithoutCardNotOk2" file="/home/juli22/dbwebb-kurser/mvc/me/report/tests/ProjectRules/StraightFlushTraitTest.php" line="117" class="App\ProjectRules\StraightFlushTraitTest" classname="App.ProjectRules.StraightFlushTraitTest" assertions="1" time="0.000934"/>
        <testcase name="testPossibleWithoutCardNotOk4" file="/home/juli22/dbwebb-kurser/mvc/me/report/tests/ProjectRules/StraightFlushTraitTest.php" line="135" class="App\ProjectRules\StraightFlushTraitTest" classname="App.ProjectRules.StraightFlushTraitTest" assertions="1" time="0.001107"/>
      </testsuite>
      <testsuite name="App\ProjectRules\StraightScoredTraitTest" file="/home/juli22/dbwebb-kurser/mvc/me/report/tests/ProjectRules/StraightScoredTraitTest.php" tests="5" assertions="5" errors="0" failures="0" skipped="0" time="0.003966">
        <testcase name="testScoredOk" file="/home/juli22/dbwebb-kurser/mvc/me/report/tests/ProjectRules/StraightScoredTraitTest.php" line="12" class="App\ProjectRules\StraightScoredTraitTest" classname="App.ProjectRules.StraightScoredTraitTest" assertions="1" time="0.000802"/>
        <testcase name="testScoredNotOk" file="/home/juli22/dbwebb-kurser/mvc/me/report/tests/ProjectRules/StraightScoredTraitTest.php" line="20" class="App\ProjectRules\StraightScoredTraitTest" classname="App.ProjectRules.StraightScoredTraitTest" assertions="1" time="0.000793"/>
        <testcase name="testScoredNotOk2" file="/home/juli22/dbwebb-kurser/mvc/me/report/tests/ProjectRules/StraightScoredTraitTest.php" line="28" class="App\ProjectRules\StraightScoredTraitTest" classname="App.ProjectRules.StraightScoredTraitTest" assertions="1" time="0.000794"/>
        <testcase name="testScoredOk2" file="/home/juli22/dbwebb-kurser/mvc/me/report/tests/ProjectRules/StraightScoredTraitTest.php" line="36" class="App\ProjectRules\StraightScoredTraitTest" classname="App.ProjectRules.StraightScoredTraitTest" assertions="1" time="0.000825"/>
        <testcase name="testScoredOk3" file="/home/juli22/dbwebb-kurser/mvc/me/report/tests/ProjectRules/StraightScoredTraitTest.php" line="44" class="App\ProjectRules\StraightScoredTraitTest" classname="App.ProjectRules.StraightScoredTraitTest" assertions="1" time="0.000752"/>
      </testsuite>
      <testsuite name="App\ProjectRules\StraightTest" file="/home/juli22/dbwebb-kurser/mvc/me/report/tests/ProjectRules/StraightTest.php" tests="1" assertions="2" errors="0" failures="0" skipped="0" time="0.000752">
        <testcase name="testCreateObject" file="/home/juli22/dbwebb-kurser/mvc/me/report/tests/ProjectRules/StraightTest.php" line="9" class="App\ProjectRules\StraightTest" classname="App.ProjectRules.StraightTest" assertions="2" time="0.000752"/>
      </testsuite>
      <testsuite name="App\ProjectRules\StraightTrait2Test" file="/home/juli22/dbwebb-kurser/mvc/me/report/tests/ProjectRules/StraightTrait2Test.php" tests="5" assertions="5" errors="0" failures="0" skipped="0" time="0.004016">
        <testcase name="testCheckForRanksOk" file="/home/juli22/dbwebb-kurser/mvc/me/report/tests/ProjectRules/StraightTrait2Test.php" line="11" class="App\ProjectRules\StraightTrait2Test" classname="App.ProjectRules.StraightTrait2Test" assertions="1" time="0.000721"/>
        <testcase name="testCheckForRanksOk2" file="/home/juli22/dbwebb-kurser/mvc/me/report/tests/ProjectRules/StraightTrait2Test.php" line="19" class="App\ProjectRules\StraightTrait2Test" classname="App.ProjectRules.StraightTrait2Test" assertions="1" time="0.000706"/>
        <testcase name="testCheckForRanksNotOk" file="/home/juli22/dbwebb-kurser/mvc/me/report/tests/ProjectRules/StraightTrait2Test.php" line="28" class="App\ProjectRules\StraightTrait2Test" classname="App.ProjectRules.StraightTrait2Test" assertions="1" time="0.000791"/>
        <testcase name="testCheckForRanksNotOk2" file="/home/juli22/dbwebb-kurser/mvc/me/report/tests/ProjectRules/StraightTrait2Test.php" line="36" class="App\ProjectRules\StraightTrait2Test" classname="App.ProjectRules.StraightTrait2Test" assertions="1" time="0.001015"/>
        <testcase name="testCheckForRanksNotOk3" file="/home/juli22/dbwebb-kurser/mvc/me/report/tests/ProjectRules/StraightTrait2Test.php" line="44" class="App\ProjectRules\StraightTrait2Test" classname="App.ProjectRules.StraightTrait2Test" assertions="1" time="0.000783"/>
      </testsuite>
      <testsuite name="App\ProjectRules\StraightTrait3Test" file="/home/juli22/dbwebb-kurser/mvc/me/report/tests/ProjectRules/StraightTrait3Test.php" tests="5" assertions="5" errors="0" failures="0" skipped="0" time="0.004014">
        <testcase name="testCheckAllPoissbleOk" file="/home/juli22/dbwebb-kurser/mvc/me/report/tests/ProjectRules/StraightTrait3Test.php" line="11" class="App\ProjectRules\StraightTrait3Test" classname="App.ProjectRules.StraightTrait3Test" assertions="1" time="0.000903"/>
        <testcase name="testCheckAllPoissbleNotOk" file="/home/juli22/dbwebb-kurser/mvc/me/report/tests/ProjectRules/StraightTrait3Test.php" line="20" class="App\ProjectRules\StraightTrait3Test" classname="App.ProjectRules.StraightTrait3Test" assertions="1" time="0.000753"/>
        <testcase name="testCheckAllPoissbleOk2" file="/home/juli22/dbwebb-kurser/mvc/me/report/tests/ProjectRules/StraightTrait3Test.php" line="29" class="App\ProjectRules\StraightTrait3Test" classname="App.ProjectRules.StraightTrait3Test" assertions="1" time="0.000796"/>
        <testcase name="testCheckAllPoissbleNotOk2" file="/home/juli22/dbwebb-kurser/mvc/me/report/tests/ProjectRules/StraightTrait3Test.php" line="38" class="App\ProjectRules\StraightTrait3Test" classname="App.ProjectRules.StraightTrait3Test" assertions="1" time="0.000794"/>
        <testcase name="testCheckAllPoissbleOk3" file="/home/juli22/dbwebb-kurser/mvc/me/report/tests/ProjectRules/StraightTrait3Test.php" line="47" class="App\ProjectRules\StraightTrait3Test" classname="App.ProjectRules.StraightTrait3Test" assertions="1" time="0.000768"/>
      </testsuite>
      <testsuite name="App\ProjectRules\StraightTraitTest" file="/home/juli22/dbwebb-kurser/mvc/me/report/tests/ProjectRules/StraightTraitTest.php" tests="10" assertions="10" errors="0" failures="0" skipped="0" time="0.009148">
        <testcase name="testPossibleWithoutCardNotOk" file="/home/juli22/dbwebb-kurser/mvc/me/report/tests/ProjectRules/StraightTraitTest.php" line="12" class="App\ProjectRules\StraightTraitTest" classname="App.ProjectRules.StraightTraitTest" assertions="1" time="0.000817"/>
        <testcase name="testPossibleWithoutCardNotOk2" file="/home/juli22/dbwebb-kurser/mvc/me/report/tests/ProjectRules/StraightTraitTest.php" line="33" class="App\ProjectRules\StraightTraitTest" classname="App.ProjectRules.StraightTraitTest" assertions="1" time="0.000797"/>
        <testcase name="testPossibleWithoutCardNotOk3" file="/home/juli22/dbwebb-kurser/mvc/me/report/tests/ProjectRules/StraightTraitTest.php" line="55" class="App\ProjectRules\StraightTraitTest" classname="App.ProjectRules.StraightTraitTest" assertions="1" time="0.000859"/>
        <testcase name="testPossibleWithoutCardOk3" file="/home/juli22/dbwebb-kurser/mvc/me/report/tests/ProjectRules/StraightTraitTest.php" line="77" class="App\ProjectRules\StraightTraitTest" classname="App.ProjectRules.StraightTraitTest" assertions="1" time="0.000987"/>
        <testcase name="testPossibleWithoutCardNot4" file="/home/juli22/dbwebb-kurser/mvc/me/report/tests/ProjectRules/StraightTraitTest.php" line="98" class="App\ProjectRules\StraightTraitTest" classname="App.ProjectRules.StraightTraitTest" assertions="1" time="0.000965"/>
        <testcase name="testPossibleWithoutCardNotOk5" file="/home/juli22/dbwebb-kurser/mvc/me/report/tests/ProjectRules/StraightTraitTest.php" line="116" class="App\ProjectRules\StraightTraitTest" classname="App.ProjectRules.StraightTraitTest" assertions="1" time="0.000915"/>
        <testcase name="testPossibleWithoutCardOk" file="/home/juli22/dbwebb-kurser/mvc/me/report/tests/ProjectRules/StraightTraitTest.php" line="134" class="App\ProjectRules\StraightTraitTest" classname="App.ProjectRules.StraightTraitTest" assertions="1" time="0.000962"/>
        <testcase name="testPossibleWithoutCardOk2" file="/home/juli22/dbwebb-kurser/mvc/me/report/tests/ProjectRules/StraightTraitTest.php" line="153" class="App\ProjectRules\StraightTraitTest" classname="App.ProjectRules.StraightTraitTest" assertions="1" time="0.000947"/>
        <testcase name="testPossibleDeckOnlyNotOk" file="/home/juli22/dbwebb-kurser/mvc/me/report/tests/ProjectRules/StraightTraitTest.php" line="171" class="App\ProjectRules\StraightTraitTest" classname="App.ProjectRules.StraightTraitTest" assertions="1" time="0.000926"/>
        <testcase name="testPossibleDeckOnlyOk" file="/home/juli22/dbwebb-kurser/mvc/me/report/tests/ProjectRules/StraightTraitTest.php" line="186" class="App\ProjectRules\StraightTraitTest" classname="App.ProjectRules.StraightTraitTest" assertions="1" time="0.000973"/>
      </testsuite>
      <testsuite name="App\ProjectRules\SubCountTraitTest" file="/home/juli22/dbwebb-kurser/mvc/me/report/tests/ProjectRules/SubCountTraitTest.php" tests="2" assertions="4" errors="0" failures="0" skipped="0" time="0.001553">
        <testcase name="testSubCountRanks" file="/home/juli22/dbwebb-kurser/mvc/me/report/tests/ProjectRules/SubCountTraitTest.php" line="11" class="App\ProjectRules\SubCountTraitTest" classname="App.ProjectRules.SubCountTraitTest" assertions="2" time="0.000838"/>
        <testcase name="testSubCountSuits" file="/home/juli22/dbwebb-kurser/mvc/me/report/tests/ProjectRules/SubCountTraitTest.php" line="23" class="App\ProjectRules\SubCountTraitTest" classname="App.ProjectRules.SubCountTraitTest" assertions="2" time="0.000715"/>
      </testsuite>
      <testsuite name="App\ProjectRules\ThreeOfAKindTest" file="/home/juli22/dbwebb-kurser/mvc/me/report/tests/ProjectRules/ThreeOfAKindTest.php" tests="3" assertions="3" errors="0" failures="0" skipped="0" time="0.002731">
        <testcase name="testScoredNotOk" file="/home/juli22/dbwebb-kurser/mvc/me/report/tests/ProjectRules/ThreeOfAKindTest.php" line="11" class="App\ProjectRules\ThreeOfAKindTest" classname="App.ProjectRules.ThreeOfAKindTest" assertions="1" time="0.001213"/>
        <testcase name="testScoredNotOk2" file="/home/juli22/dbwebb-kurser/mvc/me/report/tests/ProjectRules/ThreeOfAKindTest.php" line="19" class="App\ProjectRules\ThreeOfAKindTest" classname="App.ProjectRules.ThreeOfAKindTest" assertions="1" time="0.000764"/>
        <testcase name="testScoredOk" file="/home/juli22/dbwebb-kurser/mvc/me/report/tests/ProjectRules/ThreeOfAKindTest.php" line="27" class="App\ProjectRules\ThreeOfAKindTest" classname="App.ProjectRules.ThreeOfAKindTest" assertions="1" time="0.000754"/>
      </testsuite>
      <testsuite name="App\ProjectRules\TwoPairsTest" file="/home/juli22/dbwebb-kurser/mvc/me/report/tests/ProjectRules/TwoPairsTest.php" tests="5" assertions="5" errors="0" failures="0" skipped="0" time="0.003990">
        <testcase name="testCheckOk" file="/home/juli22/dbwebb-kurser/mvc/me/report/tests/ProjectRules/TwoPairsTest.php" line="9" class="App\ProjectRules\TwoPairsTest" classname="App.ProjectRules.TwoPairsTest" assertions="1" time="0.000811"/>
        <testcase name="testCheckOk2" file="/home/juli22/dbwebb-kurser/mvc/me/report/tests/ProjectRules/TwoPairsTest.php" line="16" class="App\ProjectRules\TwoPairsTest" classname="App.ProjectRules.TwoPairsTest" assertions="1" time="0.000860"/>
        <testcase name="testCheckNotOk" file="/home/juli22/dbwebb-kurser/mvc/me/report/tests/ProjectRules/TwoPairsTest.php" line="24" class="App\ProjectRules\TwoPairsTest" classname="App.ProjectRules.TwoPairsTest" assertions="1" time="0.000776"/>
        <testcase name="testCheckNotOk2" file="/home/juli22/dbwebb-kurser/mvc/me/report/tests/ProjectRules/TwoPairsTest.php" line="31" class="App\ProjectRules\TwoPairsTest" classname="App.ProjectRules.TwoPairsTest" assertions="1" time="0.000778"/>
        <testcase name="testCheckNotOk3" file="/home/juli22/dbwebb-kurser/mvc/me/report/tests/ProjectRules/TwoPairsTest.php" line="38" class="App\ProjectRules\TwoPairsTest" classname="App.ProjectRules.TwoPairsTest" assertions="1" time="0.000764"/>
      </testsuite>
      <testsuite name="App\ProjectRules\TwoPairsTrait10Test" file="/home/juli22/dbwebb-kurser/mvc/me/report/tests/ProjectRules/TwoPairsTrait10Test.php" tests="3" assertions="3" errors="0" failures="0" skipped="0" time="0.002052">
        <testcase name="testOneCardTwoPairsOk" file="/home/juli22/dbwebb-kurser/mvc/me/report/tests/ProjectRules/TwoPairsTrait10Test.php" line="11" class="App\ProjectRules\TwoPairsTrait10Test" classname="App.ProjectRules.TwoPairsTrait10Test" assertions="1" time="0.000674"/>
        <testcase name="testOneCardTwoPairsNotOk" file="/home/juli22/dbwebb-kurser/mvc/me/report/tests/ProjectRules/TwoPairsTrait10Test.php" line="27" class="App\ProjectRules\TwoPairsTrait10Test" classname="App.ProjectRules.TwoPairsTrait10Test" assertions="1" time="0.000673"/>
        <testcase name="testOneCardTwoPairsNotOk2" file="/home/juli22/dbwebb-kurser/mvc/me/report/tests/ProjectRules/TwoPairsTrait10Test.php" line="43" class="App\ProjectRules\TwoPairsTrait10Test" classname="App.ProjectRules.TwoPairsTrait10Test" assertions="1" time="0.000706"/>
      </testsuite>
      <testsuite name="App\ProjectRules\TwoPairsTrait14Test" file="/home/juli22/dbwebb-kurser/mvc/me/report/tests/ProjectRules/TwoPairsTrait14Test.php" tests="4" assertions="4" errors="0" failures="0" skipped="0" time="0.002834">
        <testcase name="testThreeCardsTwoPairsNotOk" file="/home/juli22/dbwebb-kurser/mvc/me/report/tests/ProjectRules/TwoPairsTrait14Test.php" line="11" class="App\ProjectRules\TwoPairsTrait14Test" classname="App.ProjectRules.TwoPairsTrait14Test" assertions="1" time="0.000773"/>
        <testcase name="testThreeCardsTwoPairsOk" file="/home/juli22/dbwebb-kurser/mvc/me/report/tests/ProjectRules/TwoPairsTrait14Test.php" line="25" class="App\ProjectRules\TwoPairsTrait14Test" classname="App.ProjectRules.TwoPairsTrait14Test" assertions="1" time="0.000709"/>
        <testcase name="testThreeCardsTwoPairsOk2" file="/home/juli22/dbwebb-kurser/mvc/me/report/tests/ProjectRules/TwoPairsTrait14Test.php" line="39" class="App\ProjectRules\TwoPairsTrait14Test" classname="App.ProjectRules.TwoPairsTrait14Test" assertions="1" time="0.000672"/>
        <testcase name="testThreeCardsTwoPairsOk3" file="/home/juli22/dbwebb-kurser/mvc/me/report/tests/ProjectRules/TwoPairsTrait14Test.php" line="53" class="App\ProjectRules\TwoPairsTrait14Test" classname="App.ProjectRules.TwoPairsTrait14Test" assertions="1" time="0.000679"/>
      </testsuite>
      <testsuite name="App\ProjectRules\TwoPairsTrait2Test" file="/home/juli22/dbwebb-kurser/mvc/me/report/tests/ProjectRules/TwoPairsTrait2Test.php" tests="10" assertions="10" errors="0" failures="0" skipped="0" time="0.009603">
        <testcase name="testPossibleWithoutCardOk" file="/home/juli22/dbwebb-kurser/mvc/me/report/tests/ProjectRules/TwoPairsTrait2Test.php" line="15" class="App\ProjectRules\TwoPairsTrait2Test" classname="App.ProjectRules.TwoPairsTrait2Test" assertions="1" time="0.001123"/>
        <testcase name="testPossibleWithoutCardOk2" file="/home/juli22/dbwebb-kurser/mvc/me/report/tests/ProjectRules/TwoPairsTrait2Test.php" line="23" class="App\ProjectRules\TwoPairsTrait2Test" classname="App.ProjectRules.TwoPairsTrait2Test" assertions="1" time="0.000984"/>
        <testcase name="testPossibleWithoutCardOk3" file="/home/juli22/dbwebb-kurser/mvc/me/report/tests/ProjectRules/TwoPairsTrait2Test.php" line="31" class="App\ProjectRules\TwoPairsTrait2Test" classname="App.ProjectRules.TwoPairsTrait2Test" assertions="1" time="0.000863"/>
        <testcase name="testPossibleWithoutCardOk4" file="/home/juli22/dbwebb-kurser/mvc/me/report/tests/ProjectRules/TwoPairsTrait2Test.php" line="39" class="App\ProjectRules\TwoPairsTrait2Test" classname="App.ProjectRules.TwoPairsTrait2Test" assertions="1" time="0.000907"/>
        <testcase name="testPossibleWithoutCardOk5" file="/home/juli22/dbwebb-kurser/mvc/me/report/tests/ProjectRules/TwoPairsTrait2Test.php" line="47" class="App\ProjectRules\TwoPairsTrait2Test" classname="App.ProjectRules.TwoPairsTrait2Test" assertions="1" time="0.000870"/>
        <testcase name="testPossibleWithoutCardOk6" file="/home/juli22/dbwebb-kurser/mvc/me/report/tests/ProjectRules/TwoPairsTrait2Test.php" line="55" class="App\ProjectRules\TwoPairsTrait2Test" classname="App.ProjectRules.TwoPairsTrait2Test" assertions="1" time="0.001237"/>
        <testcase name="testPossibleWithoutCardOk7" file="/home/juli22/dbwebb-kurser/mvc/me/report/tests/ProjectRules/TwoPairsTrait2Test.php" line="63" class="App\ProjectRules\TwoPairsTrait2Test" classname="App.ProjectRules.TwoPairsTrait2Test" assertions="1" time="0.000934"/>
        <testcase name="testPossibleWithoutCardNotOk" file="/home/juli22/dbwebb-kurser/mvc/me/report/tests/ProjectRules/TwoPairsTrait2Test.php" line="71" class="App\ProjectRules\TwoPairsTrait2Test" classname="App.ProjectRules.TwoPairsTrait2Test" assertions="1" time="0.000894"/>
        <testcase name="testPossibleWithoutCardNotOk2" file="/home/juli22/dbwebb-kurser/mvc/me/report/tests/ProjectRules/TwoPairsTrait2Test.php" line="79" class="App\ProjectRules\TwoPairsTrait2Test" classname="App.ProjectRules.TwoPairsTrait2Test" assertions="1" time="0.000868"/>
        <testcase name="testPossibleWithoutCardNotOk3" file="/home/juli22/dbwebb-kurser/mvc/me/report/tests/ProjectRules/TwoPairsTrait2Test.php" line="87" class="App\ProjectRules\TwoPairsTrait2Test" classname="App.ProjectRules.TwoPairsTrait2Test" assertions="1" time="0.000922"/>
      </testsuite>
      <testsuite name="App\ProjectRules\TwoPairsTrait2pt2Test" file="/home/juli22/dbwebb-kurser/mvc/me/report/tests/ProjectRules/TwoPairsTrait2pt2Test.php" tests="2" assertions="2" errors="0" failures="0" skipped="0" time="0.001805">
        <testcase name="testPossibleWithoutCardOk" file="/home/juli22/dbwebb-kurser/mvc/me/report/tests/ProjectRules/TwoPairsTrait2pt2Test.php" line="13" class="App\ProjectRules\TwoPairsTrait2pt2Test" classname="App.ProjectRules.TwoPairsTrait2pt2Test" assertions="1" time="0.000900"/>
        <testcase name="testPossibleWithoutCardNotOk" file="/home/juli22/dbwebb-kurser/mvc/me/report/tests/ProjectRules/TwoPairsTrait2pt2Test.php" line="21" class="App\ProjectRules\TwoPairsTrait2pt2Test" classname="App.ProjectRules.TwoPairsTrait2pt2Test" assertions="1" time="0.000905"/>
      </testsuite>
      <testsuite name="App\ProjectRules\TwoPairsTrait3Test" file="/home/juli22/dbwebb-kurser/mvc/me/report/tests/ProjectRules/TwoPairsTrait3Test.php" tests="2" assertions="2" errors="0" failures="0" skipped="0" time="0.001629">
        <testcase name="testPossibleDeckOnlyOk" file="/home/juli22/dbwebb-kurser/mvc/me/report/tests/ProjectRules/TwoPairsTrait3Test.php" line="13" class="App\ProjectRules\TwoPairsTrait3Test" classname="App.ProjectRules.TwoPairsTrait3Test" assertions="1" time="0.000814"/>
        <testcase name="testPossibleDeckOnlyNotOk" file="/home/juli22/dbwebb-kurser/mvc/me/report/tests/ProjectRules/TwoPairsTrait3Test.php" line="20" class="App\ProjectRules\TwoPairsTrait3Test" classname="App.ProjectRules.TwoPairsTrait3Test" assertions="1" time="0.000816"/>
      </testsuite>
      <testsuite name="App\ProjectRules\TwoPairsTrait4Test" file="/home/juli22/dbwebb-kurser/mvc/me/report/tests/ProjectRules/TwoPairsTrait4Test.php" tests="3" assertions="6" errors="0" failures="0" skipped="0" time="0.002511">
        <testcase name="testCheck1Ok" file="/home/juli22/dbwebb-kurser/mvc/me/report/tests/ProjectRules/TwoPairsTrait4Test.php" line="11" class="App\ProjectRules\TwoPairsTrait4Test" classname="App.ProjectRules.TwoPairsTrait4Test" assertions="2" time="0.001028"/>
        <testcase name="testCheck1Ok2" file="/home/juli22/dbwebb-kurser/mvc/me/report/tests/ProjectRules/TwoPairsTrait4Test.php" line="30" class="App\ProjectRules\TwoPairsTrait4Test" classname="App.ProjectRules.TwoPairsTrait4Test" assertions="2" time="0.000741"/>
        <testcase name="testCheck1NotOk" file="/home/juli22/dbwebb-kurser/mvc/me/report/tests/ProjectRules/TwoPairsTrait4Test.php" line="49" class="App\ProjectRules\TwoPairsTrait4Test" classname="App.ProjectRules.TwoPairsTrait4Test" assertions="2" time="0.000742"/>
      </testsuite>
      <testsuite name="App\ProjectRules\TwoPairsTrait5Pt2Test" file="/home/juli22/dbwebb-kurser/mvc/me/report/tests/ProjectRules/TwoPairsTrait5Pt2Test.php" tests="5" assertions="5" errors="0" failures="0" skipped="0" time="0.003563">
        <testcase name="testCheck2Ok" file="/home/juli22/dbwebb-kurser/mvc/me/report/tests/ProjectRules/TwoPairsTrait5Pt2Test.php" line="12" class="App\ProjectRules\TwoPairsTrait5Pt2Test" classname="App.ProjectRules.TwoPairsTrait5Pt2Test" assertions="1" time="0.000716"/>
        <testcase name="testCheck2Ok2" file="/home/juli22/dbwebb-kurser/mvc/me/report/tests/ProjectRules/TwoPairsTrait5Pt2Test.php" line="27" class="App\ProjectRules\TwoPairsTrait5Pt2Test" classname="App.ProjectRules.TwoPairsTrait5Pt2Test" assertions="1" time="0.000702"/>
        <testcase name="testCheckForTwoPairs3Ok" file="/home/juli22/dbwebb-kurser/mvc/me/report/tests/ProjectRules/TwoPairsTrait5Pt2Test.php" line="42" class="App\ProjectRules\TwoPairsTrait5Pt2Test" classname="App.ProjectRules.TwoPairsTrait5Pt2Test" assertions="1" time="0.000691"/>
        <testcase name="testCheckForTwoPairs3NotOk" file="/home/juli22/dbwebb-kurser/mvc/me/report/tests/ProjectRules/TwoPairsTrait5Pt2Test.php" line="54" class="App\ProjectRules\TwoPairsTrait5Pt2Test" classname="App.ProjectRules.TwoPairsTrait5Pt2Test" assertions="1" time="0.000718"/>
        <testcase name="testCheckForTwoPairs3NotOk2" file="/home/juli22/dbwebb-kurser/mvc/me/report/tests/ProjectRules/TwoPairsTrait5Pt2Test.php" line="66" class="App\ProjectRules\TwoPairsTrait5Pt2Test" classname="App.ProjectRules.TwoPairsTrait5Pt2Test" assertions="1" time="0.000736"/>
      </testsuite>
      <testsuite name="App\ProjectRules\TwoPairsTrait5Test" file="/home/juli22/dbwebb-kurser/mvc/me/report/tests/ProjectRules/TwoPairsTrait5Test.php" tests="7" assertions="7" errors="0" failures="0" skipped="0" time="0.005615">
        <testcase name="testCheckForTwoPairs1Ok" file="/home/juli22/dbwebb-kurser/mvc/me/report/tests/ProjectRules/TwoPairsTrait5Test.php" line="12" class="App\ProjectRules\TwoPairsTrait5Test" classname="App.ProjectRules.TwoPairsTrait5Test" assertions="1" time="0.000723"/>
        <testcase name="testCheckForTwoPairs1Ok2" file="/home/juli22/dbwebb-kurser/mvc/me/report/tests/ProjectRules/TwoPairsTrait5Test.php" line="26" class="App\ProjectRules\TwoPairsTrait5Test" classname="App.ProjectRules.TwoPairsTrait5Test" assertions="1" time="0.000698"/>
        <testcase name="testCheckForTwoPairs1NotOk" file="/home/juli22/dbwebb-kurser/mvc/me/report/tests/ProjectRules/TwoPairsTrait5Test.php" line="41" class="App\ProjectRules\TwoPairsTrait5Test" classname="App.ProjectRules.TwoPairsTrait5Test" assertions="1" time="0.000719"/>
        <testcase name="testCheckForTwoPairs1NotOk2" file="/home/juli22/dbwebb-kurser/mvc/me/report/tests/ProjectRules/TwoPairsTrait5Test.php" line="55" class="App\ProjectRules\TwoPairsTrait5Test" classname="App.ProjectRules.TwoPairsTrait5Test" assertions="1" time="0.000693"/>
        <testcase name="testCheck2NotOk" file="/home/juli22/dbwebb-kurser/mvc/me/report/tests/ProjectRules/TwoPairsTrait5Test.php" line="69" class="App\ProjectRules\TwoPairsTrait5Test" classname="App.ProjectRules.TwoPairsTrait5Test" assertions="1" time="0.000710"/>
        <testcase name="testCheck2NotOk2" file="/home/juli22/dbwebb-kurser/mvc/me/report/tests/ProjectRules/TwoPairsTrait5Test.php" line="85" class="App\ProjectRules\TwoPairsTrait5Test" classname="App.ProjectRules.TwoPairsTrait5Test" assertions="1" time="0.001293"/>
        <testcase name="testCheck2NotOk3" file="/home/juli22/dbwebb-kurser/mvc/me/report/tests/ProjectRules/TwoPairsTrait5Test.php" line="100" class="App\ProjectRules\TwoPairsTrait5Test" classname="App.ProjectRules.TwoPairsTrait5Test" assertions="1" time="0.000780"/>
      </testsuite>
      <testsuite name="App\ProjectRules\TwoPairsTrait6Pt2Test" file="/home/juli22/dbwebb-kurser/mvc/me/report/tests/ProjectRules/TwoPairsTrait6Pt2Test.php" tests="5" assertions="7" errors="0" failures="0" skipped="0" time="0.003634">
        <testcase name="testCheck3Ok" file="/home/juli22/dbwebb-kurser/mvc/me/report/tests/ProjectRules/TwoPairsTrait6Pt2Test.php" line="12" class="App\ProjectRules\TwoPairsTrait6Pt2Test" classname="App.ProjectRules.TwoPairsTrait6Pt2Test" assertions="1" time="0.000770"/>
        <testcase name="testCheck3NotOk" file="/home/juli22/dbwebb-kurser/mvc/me/report/tests/ProjectRules/TwoPairsTrait6Pt2Test.php" line="27" class="App\ProjectRules\TwoPairsTrait6Pt2Test" classname="App.ProjectRules.TwoPairsTrait6Pt2Test" assertions="1" time="0.000736"/>
        <testcase name="testCheck3NotOk2" file="/home/juli22/dbwebb-kurser/mvc/me/report/tests/ProjectRules/TwoPairsTrait6Pt2Test.php" line="42" class="App\ProjectRules\TwoPairsTrait6Pt2Test" classname="App.ProjectRules.TwoPairsTrait6Pt2Test" assertions="1" time="0.000699"/>
        <testcase name="testMatchRankOk" file="/home/juli22/dbwebb-kurser/mvc/me/report/tests/ProjectRules/TwoPairsTrait6Pt2Test.php" line="57" class="App\ProjectRules\TwoPairsTrait6Pt2Test" classname="App.ProjectRules.TwoPairsTrait6Pt2Test" assertions="2" time="0.000724"/>
        <testcase name="testMatchRankOk2" file="/home/juli22/dbwebb-kurser/mvc/me/report/tests/ProjectRules/TwoPairsTrait6Pt2Test.php" line="73" class="App\ProjectRules\TwoPairsTrait6Pt2Test" classname="App.ProjectRules.TwoPairsTrait6Pt2Test" assertions="2" time="0.000705"/>
      </testsuite>
      <testsuite name="App\ProjectRules\TwoPairsTrait6Test" file="/home/juli22/dbwebb-kurser/mvc/me/report/tests/ProjectRules/TwoPairsTrait6Test.php" tests="4" assertions="4" errors="0" failures="0" skipped="0" time="0.003016">
        <testcase name="testCheck3Ok" file="/home/juli22/dbwebb-kurser/mvc/me/report/tests/ProjectRules/TwoPairsTrait6Test.php" line="12" class="App\ProjectRules\TwoPairsTrait6Test" classname="App.ProjectRules.TwoPairsTrait6Test" assertions="1" time="0.000770"/>
        <testcase name="testCheck3NotOk4" file="/home/juli22/dbwebb-kurser/mvc/me/report/tests/ProjectRules/TwoPairsTrait6Test.php" line="30" class="App\ProjectRules\TwoPairsTrait6Test" classname="App.ProjectRules.TwoPairsTrait6Test" assertions="1" time="0.000801"/>
        <testcase name="testCheck3NotOk2" file="/home/juli22/dbwebb-kurser/mvc/me/report/tests/ProjectRules/TwoPairsTrait6Test.php" line="48" class="App\ProjectRules\TwoPairsTrait6Test" classname="App.ProjectRules.TwoPairsTrait6Test" assertions="1" time="0.000721"/>
        <testcase name="testCheck3NotOk3" file="/home/juli22/dbwebb-kurser/mvc/me/report/tests/ProjectRules/TwoPairsTrait6Test.php" line="66" class="App\ProjectRules\TwoPairsTrait6Test" classname="App.ProjectRules.TwoPairsTrait6Test" assertions="1" time="0.000724"/>
      </testsuite>
      <testsuite name="App\ProjectRules\TwoPairsTrait7Test" file="/home/juli22/dbwebb-kurser/mvc/me/report/tests/ProjectRules/TwoPairsTrait7Test.php" tests="6" assertions="6" errors="0" failures="0" skipped="0" time="0.004222">
        <testcase name="testFourCardsTwoPairsOk" file="/home/juli22/dbwebb-kurser/mvc/me/report/tests/ProjectRules/TwoPairsTrait7Test.php" line="12" class="App\ProjectRules\TwoPairsTrait7Test" classname="App.ProjectRules.TwoPairsTrait7Test" assertions="1" time="0.000715"/>
        <testcase name="testFourCardsTwoPairsNotOk" file="/home/juli22/dbwebb-kurser/mvc/me/report/tests/ProjectRules/TwoPairsTrait7Test.php" line="22" class="App\ProjectRules\TwoPairsTrait7Test" classname="App.ProjectRules.TwoPairsTrait7Test" assertions="1" time="0.000685"/>
        <testcase name="testFindSecondPairOk" file="/home/juli22/dbwebb-kurser/mvc/me/report/tests/ProjectRules/TwoPairsTrait7Test.php" line="32" class="App\ProjectRules\TwoPairsTrait7Test" classname="App.ProjectRules.TwoPairsTrait7Test" assertions="1" time="0.000692"/>
        <testcase name="testFindSecondPairOk2" file="/home/juli22/dbwebb-kurser/mvc/me/report/tests/ProjectRules/TwoPairsTrait7Test.php" line="47" class="App\ProjectRules\TwoPairsTrait7Test" classname="App.ProjectRules.TwoPairsTrait7Test" assertions="1" time="0.000724"/>
        <testcase name="testFindSecondPairOk3" file="/home/juli22/dbwebb-kurser/mvc/me/report/tests/ProjectRules/TwoPairsTrait7Test.php" line="63" class="App\ProjectRules\TwoPairsTrait7Test" classname="App.ProjectRules.TwoPairsTrait7Test" assertions="1" time="0.000708"/>
        <testcase name="testFindSecondPairOk4" file="/home/juli22/dbwebb-kurser/mvc/me/report/tests/ProjectRules/TwoPairsTrait7Test.php" line="78" class="App\ProjectRules\TwoPairsTrait7Test" classname="App.ProjectRules.TwoPairsTrait7Test" assertions="1" time="0.000698"/>
      </testsuite>
      <testsuite name="App\ProjectRules\TwoPairsTrait8Test" file="/home/juli22/dbwebb-kurser/mvc/me/report/tests/ProjectRules/TwoPairsTrait8Test.php" tests="3" assertions="3" errors="0" failures="0" skipped="0" time="0.002091">
        <testcase name="testMatchOneInDeckOk" file="/home/juli22/dbwebb-kurser/mvc/me/report/tests/ProjectRules/TwoPairsTrait8Test.php" line="11" class="App\ProjectRules\TwoPairsTrait8Test" classname="App.ProjectRules.TwoPairsTrait8Test" assertions="1" time="0.000684"/>
        <testcase name="testMatchOneInDeckNotOk" file="/home/juli22/dbwebb-kurser/mvc/me/report/tests/ProjectRules/TwoPairsTrait8Test.php" line="28" class="App\ProjectRules\TwoPairsTrait8Test" classname="App.ProjectRules.TwoPairsTrait8Test" assertions="1" time="0.000685"/>
        <testcase name="testMatchOneInDeckNotOk2" file="/home/juli22/dbwebb-kurser/mvc/me/report/tests/ProjectRules/TwoPairsTrait8Test.php" line="45" class="App\ProjectRules\TwoPairsTrait8Test" classname="App.ProjectRules.TwoPairsTrait8Test" assertions="1" time="0.000721"/>
      </testsuite>
      <testsuite name="App\ProjectRules\TwoPairsTrait9Test" file="/home/juli22/dbwebb-kurser/mvc/me/report/tests/ProjectRules/TwoPairsTrait9Test.php" tests="3" assertions="3" errors="0" failures="0" skipped="0" time="0.002324">
        <testcase name="testThreeCardsTwoPairsAltOk" file="/home/juli22/dbwebb-kurser/mvc/me/report/tests/ProjectRules/TwoPairsTrait9Test.php" line="11" class="App\ProjectRules\TwoPairsTrait9Test" classname="App.ProjectRules.TwoPairsTrait9Test" assertions="1" time="0.000699"/>
        <testcase name="testThreeCardsTwoPairsAltNotOk" file="/home/juli22/dbwebb-kurser/mvc/me/report/tests/ProjectRules/TwoPairsTrait9Test.php" line="29" class="App\ProjectRules\TwoPairsTrait9Test" classname="App.ProjectRules.TwoPairsTrait9Test" assertions="1" time="0.000831"/>
        <testcase name="testThreeCardsTwoPairsAltNotOk2" file="/home/juli22/dbwebb-kurser/mvc/me/report/tests/ProjectRules/TwoPairsTrait9Test.php" line="47" class="App\ProjectRules\TwoPairsTrait9Test" classname="App.ProjectRules.TwoPairsTrait9Test" assertions="1" time="0.000794"/>
      </testsuite>
      <testsuite name="App\ProjectRules\TwoPairsTraitTest" file="/home/juli22/dbwebb-kurser/mvc/me/report/tests/ProjectRules/TwoPairsTraitTest.php" tests="10" assertions="16" errors="0" failures="0" skipped="0" time="0.008910">
        <testcase name="testPossibleWithCardNotOk" file="/home/juli22/dbwebb-kurser/mvc/me/report/tests/ProjectRules/TwoPairsTraitTest.php" line="15" class="App\ProjectRules\TwoPairsTraitTest" classname="App.ProjectRules.TwoPairsTraitTest" assertions="1" time="0.000842"/>
        <testcase name="testPossibleWithCardOk" file="/home/juli22/dbwebb-kurser/mvc/me/report/tests/ProjectRules/TwoPairsTraitTest.php" line="25" class="App\ProjectRules\TwoPairsTraitTest" classname="App.ProjectRules.TwoPairsTraitTest" assertions="2" time="0.000851"/>
        <testcase name="testPossibleWithCardNotOk2" file="/home/juli22/dbwebb-kurser/mvc/me/report/tests/ProjectRules/TwoPairsTraitTest.php" line="36" class="App\ProjectRules\TwoPairsTraitTest" classname="App.ProjectRules.TwoPairsTraitTest" assertions="1" time="0.000835"/>
        <testcase name="testPossibleWithCardOk2" file="/home/juli22/dbwebb-kurser/mvc/me/report/tests/ProjectRules/TwoPairsTraitTest.php" line="46" class="App\ProjectRules\TwoPairsTraitTest" classname="App.ProjectRules.TwoPairsTraitTest" assertions="2" time="0.000831"/>
        <testcase name="testPossibleWithCardNotOk5" file="/home/juli22/dbwebb-kurser/mvc/me/report/tests/ProjectRules/TwoPairsTraitTest.php" line="57" class="App\ProjectRules\TwoPairsTraitTest" classname="App.ProjectRules.TwoPairsTraitTest" assertions="2" time="0.000959"/>
        <testcase name="testPossibleWithCardNotOk3" file="/home/juli22/dbwebb-kurser/mvc/me/report/tests/ProjectRules/TwoPairsTraitTest.php" line="68" class="App\ProjectRules\TwoPairsTraitTest" classname="App.ProjectRules.TwoPairsTraitTest" assertions="1" time="0.000968"/>
        <testcase name="testPossibleWithCardOk4" file="/home/juli22/dbwebb-kurser/mvc/me/report/tests/ProjectRules/TwoPairsTraitTest.php" line="78" class="App\ProjectRules\TwoPairsTraitTest" classname="App.ProjectRules.TwoPairsTraitTest" assertions="2" time="0.000884"/>
        <testcase name="testPossibleWithCardOk5" file="/home/juli22/dbwebb-kurser/mvc/me/report/tests/ProjectRules/TwoPairsTraitTest.php" line="89" class="App\ProjectRules\TwoPairsTraitTest" classname="App.ProjectRules.TwoPairsTraitTest" assertions="2" time="0.000890"/>
        <testcase name="testPossibleWithCardOk6" file="/home/juli22/dbwebb-kurser/mvc/me/report/tests/ProjectRules/TwoPairsTraitTest.php" line="100" class="App\ProjectRules\TwoPairsTraitTest" classname="App.ProjectRules.TwoPairsTraitTest" assertions="2" time="0.000937"/>
        <testcase name="testPossibleWithCardNotOk4" file="/home/juli22/dbwebb-kurser/mvc/me/report/tests/ProjectRules/TwoPairsTraitTest.php" line="111" class="App\ProjectRules\TwoPairsTraitTest" classname="App.ProjectRules.TwoPairsTraitTest" assertions="1" time="0.000915"/>
      </testsuite>
      <testsuite name="App\Repository\BookRepositoryTest" file="/home/juli22/dbwebb-kurser/mvc/me/report/tests/Repository/BookRepositoryTest.php" tests="2" assertions="4" errors="0" failures="0" skipped="0" time="0.002961">
        <testcase name="testCreateObject" file="/home/juli22/dbwebb-kurser/mvc/me/report/tests/Repository/BookRepositoryTest.php" line="20" class="App\Repository\BookRepositoryTest" classname="App.Repository.BookRepositoryTest" assertions="1" time="0.001386"/>
        <testcase name="testCompareIdNotOk" file="/home/juli22/dbwebb-kurser/mvc/me/report/tests/Repository/BookRepositoryTest.php" line="32" class="App\Repository\BookRepositoryTest" classname="App.Repository.BookRepositoryTest" assertions="3" time="0.001575"/>
      </testsuite>
      <testsuite name="App\Repository\ScoreRepositoryTest" file="/home/juli22/dbwebb-kurser/mvc/me/report/tests/Repository/ScoreRepositoryTest.php" tests="2" assertions="4" errors="0" failures="0" skipped="0" time="0.004189">
        <testcase name="testSave" file="/home/juli22/dbwebb-kurser/mvc/me/report/tests/Repository/ScoreRepositoryTest.php" line="28" class="App\Repository\ScoreRepositoryTest" classname="App.Repository.ScoreRepositoryTest" assertions="2" time="0.002539"/>
        <testcase name="testRemove" file="/home/juli22/dbwebb-kurser/mvc/me/report/tests/Repository/ScoreRepositoryTest.php" line="56" class="App\Repository\ScoreRepositoryTest" classname="App.Repository.ScoreRepositoryTest" assertions="2" time="0.001650"/>
      </testsuite>
      <testsuite name="App\Repository\TransactionRepositoryTest" file="/home/juli22/dbwebb-kurser/mvc/me/report/tests/Repository/TransactionRepositoryTest.php" tests="2" assertions="6" errors="0" failures="0" skipped="0" time="0.003759">
        <testcase name="testSave" file="/home/juli22/dbwebb-kurser/mvc/me/report/tests/Repository/TransactionRepositoryTest.php" line="27" class="App\Repository\TransactionRepositoryTest" classname="App.Repository.TransactionRepositoryTest" assertions="3" time="0.001990"/>
        <testcase name="testRemove" file="/home/juli22/dbwebb-kurser/mvc/me/report/tests/Repository/TransactionRepositoryTest.php" line="57" class="App\Repository\TransactionRepositoryTest" classname="App.Repository.TransactionRepositoryTest" assertions="3" time="0.001769"/>
      </testsuite>
      <testsuite name="App\Repository\UserRepositoryTest" file="/home/juli22/dbwebb-kurser/mvc/me/report/tests/Repository/UserRepositoryTest.php" tests="2" assertions="3" errors="0" failures="0" skipped="0" time="0.045091">
        <testcase name="testSave" file="/home/juli22/dbwebb-kurser/mvc/me/report/tests/Repository/UserRepositoryTest.php" line="29" class="App\Repository\UserRepositoryTest" classname="App.Repository.UserRepositoryTest" assertions="1" time="0.043521"/>
        <testcase name="testRemove" file="/home/juli22/dbwebb-kurser/mvc/me/report/tests/Repository/UserRepositoryTest.php" line="84" class="App\Repository\UserRepositoryTest" classname="App.Repository.UserRepositoryTest" assertions="2" time="0.001570"/>
      </testsuite>
    </testsuite>
  </testsuite>
</testsuites>
