<?xml version="1.0" encoding="UTF-8"?>
<testsuites>
  <testsuite name="" tests="258" assertions="494" errors="0" failures="0" skipped="0" time="2.260822">
    <testsuite name="Project Test Suite" tests="258" assertions="494" errors="0" failures="0" skipped="0" time="2.260822">
      <testsuite name="App\Cards\CardDeckHandlerTest" file="/home/juli22/dbwebb-kurser/mvc/me/report/tests/Cards/CardDeckHandlerTest.php" tests="2" assertions="3" errors="0" failures="0" skipped="0" time="0.047132">
        <testcase name="testCreateObject" file="/home/juli22/dbwebb-kurser/mvc/me/report/tests/Cards/CardDeckHandlerTest.php" line="16" class="App\Cards\CardDeckHandlerTest" classname="App.Cards.CardDeckHandlerTest" assertions="1" time="0.038543"/>
        <testcase name="testGetDeckRouteData" file="/home/juli22/dbwebb-kurser/mvc/me/report/tests/Cards/CardDeckHandlerTest.php" line="25" class="App\Cards\CardDeckHandlerTest" classname="App.Cards.CardDeckHandlerTest" assertions="2" time="0.008589"/>
      </testsuite>
      <testsuite name="App\Cards\CardGraphicTest" file="/home/juli22/dbwebb-kurser/mvc/me/report/tests/Cards/CardGraphicTest.php" tests="1" assertions="2" errors="0" failures="0" skipped="0" time="0.007031">
        <testcase name="testCreateObject" file="/home/juli22/dbwebb-kurser/mvc/me/report/tests/Cards/CardGraphicTest.php" line="16" class="App\Cards\CardGraphicTest" classname="App.Cards.CardGraphicTest" assertions="2" time="0.007031"/>
      </testsuite>
      <testsuite name="App\Cards\CardHandTest" file="/home/juli22/dbwebb-kurser/mvc/me/report/tests/Cards/CardHandTest.php" tests="8" assertions="14" errors="0" failures="0" skipped="0" time="0.015090">
        <testcase name="testCreateObject" file="/home/juli22/dbwebb-kurser/mvc/me/report/tests/Cards/CardHandTest.php" line="22" class="App\Cards\CardHandTest" classname="App.Cards.CardHandTest" assertions="5" time="0.004613"/>
        <testcase name="testAddOneCardOk" file="/home/juli22/dbwebb-kurser/mvc/me/report/tests/Cards/CardHandTest.php" line="43" class="App\Cards\CardHandTest" classname="App.Cards.CardHandTest" assertions="2" time="0.001630"/>
        <testcase name="testGetValues" file="/home/juli22/dbwebb-kurser/mvc/me/report/tests/Cards/CardHandTest.php" line="67" class="App\Cards\CardHandTest" classname="App.Cards.CardHandTest" assertions="1" time="0.001475"/>
        <testcase name="testGetAsString" file="/home/juli22/dbwebb-kurser/mvc/me/report/tests/Cards/CardHandTest.php" line="93" class="App\Cards\CardHandTest" classname="App.Cards.CardHandTest" assertions="1" time="0.001389"/>
        <testcase name="testGetImgLinksAndDescr" file="/home/juli22/dbwebb-kurser/mvc/me/report/tests/Cards/CardHandTest.php" line="118" class="App\Cards\CardHandTest" classname="App.Cards.CardHandTest" assertions="1" time="0.001592"/>
        <testcase name="testAddManyCardsOk" file="/home/juli22/dbwebb-kurser/mvc/me/report/tests/Cards/CardHandTest.php" line="147" class="App\Cards\CardHandTest" classname="App.Cards.CardHandTest" assertions="1" time="0.000779"/>
        <testcase name="testAddManyCardsNotOk" file="/home/juli22/dbwebb-kurser/mvc/me/report/tests/Cards/CardHandTest.php" line="163" class="App\Cards\CardHandTest" classname="App.Cards.CardHandTest" assertions="1" time="0.002708"/>
        <testcase name="testEmptyHandOk" file="/home/juli22/dbwebb-kurser/mvc/me/report/tests/Cards/CardHandTest.php" line="183" class="App\Cards\CardHandTest" classname="App.Cards.CardHandTest" assertions="2" time="0.000904"/>
      </testsuite>
      <testsuite name="App\Cards\CardHandlerTest" file="/home/juli22/dbwebb-kurser/mvc/me/report/tests/Cards/CardHandlerTest.php" tests="4" assertions="9" errors="0" failures="0" skipped="0" time="0.014332">
        <testcase name="testCreateObject" file="/home/juli22/dbwebb-kurser/mvc/me/report/tests/Cards/CardHandlerTest.php" line="16" class="App\Cards\CardHandlerTest" classname="App.Cards.CardHandlerTest" assertions="1" time="0.007048"/>
        <testcase name="testGetDataForDrawOneCard" file="/home/juli22/dbwebb-kurser/mvc/me/report/tests/Cards/CardHandlerTest.php" line="26" class="App\Cards\CardHandlerTest" classname="App.Cards.CardHandlerTest" assertions="2" time="0.004229"/>
        <testcase name="testGetDataForDrawManyCards" file="/home/juli22/dbwebb-kurser/mvc/me/report/tests/Cards/CardHandlerTest.php" line="56" class="App\Cards\CardHandlerTest" classname="App.Cards.CardHandlerTest" assertions="1" time="0.001298"/>
        <testcase name="testGetDataForDrawManyCardsManyPlayers" file="/home/juli22/dbwebb-kurser/mvc/me/report/tests/Cards/CardHandlerTest.php" line="70" class="App\Cards\CardHandlerTest" classname="App.Cards.CardHandlerTest" assertions="5" time="0.001757"/>
      </testsuite>
      <testsuite name="App\Cards\CardLandingHandlerTest" file="/home/juli22/dbwebb-kurser/mvc/me/report/tests/Cards/CardLandingHandlerTest.php" tests="2" assertions="2" errors="0" failures="0" skipped="0" time="0.003265">
        <testcase name="testCreateObject" file="/home/juli22/dbwebb-kurser/mvc/me/report/tests/Cards/CardLandingHandlerTest.php" line="15" class="App\Cards\CardLandingHandlerTest" classname="App.Cards.CardLandingHandlerTest" assertions="1" time="0.002628"/>
        <testcase name="testGetMainData" file="/home/juli22/dbwebb-kurser/mvc/me/report/tests/Cards/CardLandingHandlerTest.php" line="24" class="App\Cards\CardLandingHandlerTest" classname="App.Cards.CardLandingHandlerTest" assertions="1" time="0.000638"/>
      </testsuite>
      <testsuite name="App\Cards\CardTest" file="/home/juli22/dbwebb-kurser/mvc/me/report/tests/Cards/CardTest.php" tests="2" assertions="10" errors="0" failures="0" skipped="0" time="0.002403">
        <testcase name="testCreateObject" file="/home/juli22/dbwebb-kurser/mvc/me/report/tests/Cards/CardTest.php" line="16" class="App\Cards\CardTest" classname="App.Cards.CardTest" assertions="5" time="0.000685"/>
        <testcase name="testCreateDifferentObject" file="/home/juli22/dbwebb-kurser/mvc/me/report/tests/Cards/CardTest.php" line="42" class="App\Cards\CardTest" classname="App.Cards.CardTest" assertions="5" time="0.001718"/>
      </testsuite>
      <testsuite name="App\Cards\DeckOfCardsExtTest" file="/home/juli22/dbwebb-kurser/mvc/me/report/tests/Cards/DeckOfCardsExtTest.php" tests="1" assertions="5" errors="0" failures="0" skipped="0" time="0.002542">
        <testcase name="testCreateObject" file="/home/juli22/dbwebb-kurser/mvc/me/report/tests/Cards/DeckOfCardsExtTest.php" line="16" class="App\Cards\DeckOfCardsExtTest" classname="App.Cards.DeckOfCardsExtTest" assertions="5" time="0.002542"/>
      </testsuite>
      <testsuite name="App\Cards\DeckOfCardsTest" file="/home/juli22/dbwebb-kurser/mvc/me/report/tests/Cards/DeckOfCardsTest.php" tests="9" assertions="21" errors="0" failures="0" skipped="0" time="0.011334">
        <testcase name="testCreateObject" file="/home/juli22/dbwebb-kurser/mvc/me/report/tests/Cards/DeckOfCardsTest.php" line="17" class="App\Cards\DeckOfCardsTest" classname="App.Cards.DeckOfCardsTest" assertions="4" time="0.000824"/>
        <testcase name="testDrawOk" file="/home/juli22/dbwebb-kurser/mvc/me/report/tests/Cards/DeckOfCardsTest.php" line="43" class="App\Cards\DeckOfCardsTest" classname="App.Cards.DeckOfCardsTest" assertions="1" time="0.001637"/>
        <testcase name="testDrawNotOk" file="/home/juli22/dbwebb-kurser/mvc/me/report/tests/Cards/DeckOfCardsTest.php" line="65" class="App\Cards\DeckOfCardsTest" classname="App.Cards.DeckOfCardsTest" assertions="1" time="0.000954"/>
        <testcase name="testCardCountOk" file="/home/juli22/dbwebb-kurser/mvc/me/report/tests/Cards/DeckOfCardsTest.php" line="84" class="App\Cards\DeckOfCardsTest" classname="App.Cards.DeckOfCardsTest" assertions="1" time="0.000948"/>
        <testcase name="testGetAsStringOk" file="/home/juli22/dbwebb-kurser/mvc/me/report/tests/Cards/DeckOfCardsTest.php" line="101" class="App\Cards\DeckOfCardsTest" classname="App.Cards.DeckOfCardsTest" assertions="5" time="0.001437"/>
        <testcase name="testGetAsStringNotOk" file="/home/juli22/dbwebb-kurser/mvc/me/report/tests/Cards/DeckOfCardsTest.php" line="126" class="App\Cards\DeckOfCardsTest" classname="App.Cards.DeckOfCardsTest" assertions="1" time="0.000848"/>
        <testcase name="testGetImgLinksOk" file="/home/juli22/dbwebb-kurser/mvc/me/report/tests/Cards/DeckOfCardsTest.php" line="143" class="App\Cards\DeckOfCardsTest" classname="App.Cards.DeckOfCardsTest" assertions="5" time="0.001267"/>
        <testcase name="testGetImgLinksNotOk" file="/home/juli22/dbwebb-kurser/mvc/me/report/tests/Cards/DeckOfCardsTest.php" line="169" class="App\Cards\DeckOfCardsTest" classname="App.Cards.DeckOfCardsTest" assertions="1" time="0.000827"/>
        <testcase name="testShuffleOk" file="/home/juli22/dbwebb-kurser/mvc/me/report/tests/Cards/DeckOfCardsTest.php" line="185" class="App\Cards\DeckOfCardsTest" classname="App.Cards.DeckOfCardsTest" assertions="2" time="0.002592"/>
      </testsuite>
      <testsuite name="App\Cards\JsonCardHandlerTest" file="/home/juli22/dbwebb-kurser/mvc/me/report/tests/Cards/JsonCardHandlerTest.php" tests="5" assertions="11" errors="0" failures="0" skipped="0" time="0.009352">
        <testcase name="testCreateObject" file="/home/juli22/dbwebb-kurser/mvc/me/report/tests/Cards/JsonCardHandlerTest.php" line="16" class="App\Cards\JsonCardHandlerTest" classname="App.Cards.JsonCardHandlerTest" assertions="1" time="0.004311"/>
        <testcase name="testGetDeckRouteData" file="/home/juli22/dbwebb-kurser/mvc/me/report/tests/Cards/JsonCardHandlerTest.php" line="25" class="App\Cards\JsonCardHandlerTest" classname="App.Cards.JsonCardHandlerTest" assertions="2" time="0.000859"/>
        <testcase name="testGetDataForDrawOneCard" file="/home/juli22/dbwebb-kurser/mvc/me/report/tests/Cards/JsonCardHandlerTest.php" line="43" class="App\Cards\JsonCardHandlerTest" classname="App.Cards.JsonCardHandlerTest" assertions="2" time="0.001434"/>
        <testcase name="testGetDataForDrawManyCards" file="/home/juli22/dbwebb-kurser/mvc/me/report/tests/Cards/JsonCardHandlerTest.php" line="69" class="App\Cards\JsonCardHandlerTest" classname="App.Cards.JsonCardHandlerTest" assertions="1" time="0.000965"/>
        <testcase name="testGetDataForDrawManyCardsManyPlayers" file="/home/juli22/dbwebb-kurser/mvc/me/report/tests/Cards/JsonCardHandlerTest.php" line="83" class="App\Cards\JsonCardHandlerTest" classname="App.Cards.JsonCardHandlerTest" assertions="5" time="0.001783"/>
      </testsuite>
      <testsuite name="App\Cards\PlayerCreatorTest" file="/home/juli22/dbwebb-kurser/mvc/me/report/tests/Cards/PlayerCreatorTest.php" tests="2" assertions="5" errors="0" failures="0" skipped="0" time="0.003409">
        <testcase name="testCreateObject" file="/home/juli22/dbwebb-kurser/mvc/me/report/tests/Cards/PlayerCreatorTest.php" line="16" class="App\Cards\PlayerCreatorTest" classname="App.Cards.PlayerCreatorTest" assertions="1" time="0.002696"/>
        <testcase name="testCreatePlayers" file="/home/juli22/dbwebb-kurser/mvc/me/report/tests/Cards/PlayerCreatorTest.php" line="26" class="App\Cards\PlayerCreatorTest" classname="App.Cards.PlayerCreatorTest" assertions="4" time="0.000714"/>
      </testsuite>
      <testsuite name="App\Cards\PlayerTest" file="/home/juli22/dbwebb-kurser/mvc/me/report/tests/Cards/PlayerTest.php" tests="4" assertions="7" errors="0" failures="0" skipped="0" time="0.004330">
        <testcase name="testCreateObject" file="/home/juli22/dbwebb-kurser/mvc/me/report/tests/Cards/PlayerTest.php" line="22" class="App\Cards\PlayerTest" classname="App.Cards.PlayerTest" assertions="4" time="0.000712"/>
        <testcase name="testDrawOk" file="/home/juli22/dbwebb-kurser/mvc/me/report/tests/Cards/PlayerTest.php" line="42" class="App\Cards\PlayerTest" classname="App.Cards.PlayerTest" assertions="1" time="0.001216"/>
        <testcase name="testDrawManyOk" file="/home/juli22/dbwebb-kurser/mvc/me/report/tests/Cards/PlayerTest.php" line="61" class="App\Cards\PlayerTest" classname="App.Cards.PlayerTest" assertions="1" time="0.000877"/>
        <testcase name="testDrawManyNotOk" file="/home/juli22/dbwebb-kurser/mvc/me/report/tests/Cards/PlayerTest.php" line="81" class="App\Cards\PlayerTest" classname="App.Cards.PlayerTest" assertions="1" time="0.001524"/>
      </testsuite>
      <testsuite name="App\Controller\CardControllerTest" file="/home/juli22/dbwebb-kurser/mvc/me/report/tests/Controller/CardControllerTest.php" tests="5" assertions="26" errors="0" failures="0" skipped="0" time="1.182120">
        <testcase name="testDeck" file="/home/juli22/dbwebb-kurser/mvc/me/report/tests/Controller/CardControllerTest.php" line="9" class="App\Controller\CardControllerTest" classname="App.Controller.CardControllerTest" assertions="4" time="1.130369"/>
        <testcase name="testShuffle" file="/home/juli22/dbwebb-kurser/mvc/me/report/tests/Controller/CardControllerTest.php" line="18" class="App\Controller\CardControllerTest" classname="App.Controller.CardControllerTest" assertions="4" time="0.013198"/>
        <testcase name="testDraw" file="/home/juli22/dbwebb-kurser/mvc/me/report/tests/Controller/CardControllerTest.php" line="27" class="App\Controller\CardControllerTest" classname="App.Controller.CardControllerTest" assertions="6" time="0.018343"/>
        <testcase name="testDrawMany" file="/home/juli22/dbwebb-kurser/mvc/me/report/tests/Controller/CardControllerTest.php" line="37" class="App\Controller\CardControllerTest" classname="App.Controller.CardControllerTest" assertions="6" time="0.009765"/>
        <testcase name="testDeal" file="/home/juli22/dbwebb-kurser/mvc/me/report/tests/Controller/CardControllerTest.php" line="47" class="App\Controller\CardControllerTest" classname="App.Controller.CardControllerTest" assertions="6" time="0.010446"/>
      </testsuite>
      <testsuite name="App\Controller\CardLandingControllerTest" file="/home/juli22/dbwebb-kurser/mvc/me/report/tests/Controller/CardLandingControllerTest.php" tests="1" assertions="4" errors="0" failures="0" skipped="0" time="0.017427">
        <testcase name="testCard" file="/home/juli22/dbwebb-kurser/mvc/me/report/tests/Controller/CardLandingControllerTest.php" line="9" class="App\Controller\CardLandingControllerTest" classname="App.Controller.CardLandingControllerTest" assertions="4" time="0.017427"/>
      </testsuite>
      <testsuite name="App\Controller\Game21ControllerTest" file="/home/juli22/dbwebb-kurser/mvc/me/report/tests/Controller/Game21ControllerTest.php" tests="8" assertions="32" errors="0" failures="0" skipped="0" time="0.128341">
        <testcase name="testGame" file="/home/juli22/dbwebb-kurser/mvc/me/report/tests/Controller/Game21ControllerTest.php" line="9" class="App\Controller\Game21ControllerTest" classname="App.Controller.Game21ControllerTest" assertions="6" time="0.017169"/>
        <testcase name="testDoc" file="/home/juli22/dbwebb-kurser/mvc/me/report/tests/Controller/Game21ControllerTest.php" line="19" class="App\Controller\Game21ControllerTest" classname="App.Controller.Game21ControllerTest" assertions="4" time="0.011999"/>
        <testcase name="testInit" file="/home/juli22/dbwebb-kurser/mvc/me/report/tests/Controller/Game21ControllerTest.php" line="28" class="App\Controller\Game21ControllerTest" classname="App.Controller.Game21ControllerTest" assertions="3" time="0.006973"/>
        <testcase name="testSelectAmount" file="/home/juli22/dbwebb-kurser/mvc/me/report/tests/Controller/Game21ControllerTest.php" line="36" class="App\Controller\Game21ControllerTest" classname="App.Controller.Game21ControllerTest" assertions="6" time="0.018318"/>
        <testcase name="testBet" file="/home/juli22/dbwebb-kurser/mvc/me/report/tests/Controller/Game21ControllerTest.php" line="53" class="App\Controller\Game21ControllerTest" classname="App.Controller.Game21ControllerTest" assertions="3" time="0.013276"/>
        <testcase name="testPlayerDraw" file="/home/juli22/dbwebb-kurser/mvc/me/report/tests/Controller/Game21ControllerTest.php" line="62" class="App\Controller\Game21ControllerTest" classname="App.Controller.Game21ControllerTest" assertions="3" time="0.011823"/>
        <testcase name="testBankPlaying" file="/home/juli22/dbwebb-kurser/mvc/me/report/tests/Controller/Game21ControllerTest.php" line="71" class="App\Controller\Game21ControllerTest" classname="App.Controller.Game21ControllerTest" assertions="3" time="0.015979"/>
        <testcase name="testPlay" file="/home/juli22/dbwebb-kurser/mvc/me/report/tests/Controller/Game21ControllerTest.php" line="80" class="App\Controller\Game21ControllerTest" classname="App.Controller.Game21ControllerTest" assertions="4" time="0.032805"/>
      </testsuite>
      <testsuite name="App\Controller\JsonCardDealControllerTest" file="/home/juli22/dbwebb-kurser/mvc/me/report/tests/Controller/JsonCardDealControllerTest.php" tests="1" assertions="2" errors="0" failures="0" skipped="0" time="0.007109">
        <testcase name="testJsonDeal" file="/home/juli22/dbwebb-kurser/mvc/me/report/tests/Controller/JsonCardDealControllerTest.php" line="9" class="App\Controller\JsonCardDealControllerTest" classname="App.Controller.JsonCardDealControllerTest" assertions="2" time="0.007109"/>
      </testsuite>
      <testsuite name="App\Controller\JsonCardDeckControllerTest" file="/home/juli22/dbwebb-kurser/mvc/me/report/tests/Controller/JsonCardDeckControllerTest.php" tests="2" assertions="4" errors="0" failures="0" skipped="0" time="0.011754">
        <testcase name="testJsonDeck" file="/home/juli22/dbwebb-kurser/mvc/me/report/tests/Controller/JsonCardDeckControllerTest.php" line="9" class="App\Controller\JsonCardDeckControllerTest" classname="App.Controller.JsonCardDeckControllerTest" assertions="2" time="0.005786"/>
        <testcase name="testJsonShuffle" file="/home/juli22/dbwebb-kurser/mvc/me/report/tests/Controller/JsonCardDeckControllerTest.php" line="17" class="App\Controller\JsonCardDeckControllerTest" classname="App.Controller.JsonCardDeckControllerTest" assertions="2" time="0.005968"/>
      </testsuite>
      <testsuite name="App\Controller\JsonControllerTest" file="/home/juli22/dbwebb-kurser/mvc/me/report/tests/Controller/JsonControllerTest.php" tests="2" assertions="6" errors="0" failures="0" skipped="0" time="0.023790">
        <testcase name="testApi" file="/home/juli22/dbwebb-kurser/mvc/me/report/tests/Controller/JsonControllerTest.php" line="9" class="App\Controller\JsonControllerTest" classname="App.Controller.JsonControllerTest" assertions="4" time="0.016959"/>
        <testcase name="testQuote" file="/home/juli22/dbwebb-kurser/mvc/me/report/tests/Controller/JsonControllerTest.php" line="18" class="App\Controller\JsonControllerTest" classname="App.Controller.JsonControllerTest" assertions="2" time="0.006831"/>
      </testsuite>
      <testsuite name="App\Controller\JsonDealManyCardsControllerTest" file="/home/juli22/dbwebb-kurser/mvc/me/report/tests/Controller/JsonDealManyCardsControllerTest.php" tests="1" assertions="2" errors="0" failures="0" skipped="0" time="0.006294">
        <testcase name="testJsonDrawMany" file="/home/juli22/dbwebb-kurser/mvc/me/report/tests/Controller/JsonDealManyCardsControllerTest.php" line="9" class="App\Controller\JsonDealManyCardsControllerTest" classname="App.Controller.JsonDealManyCardsControllerTest" assertions="2" time="0.006294"/>
      </testsuite>
      <testsuite name="App\Controller\JsonDealOneCardControllerTest" file="/home/juli22/dbwebb-kurser/mvc/me/report/tests/Controller/JsonDealOneCardControllerTest.php" tests="1" assertions="2" errors="0" failures="0" skipped="0" time="0.006524">
        <testcase name="testDraw" file="/home/juli22/dbwebb-kurser/mvc/me/report/tests/Controller/JsonDealOneCardControllerTest.php" line="9" class="App\Controller\JsonDealOneCardControllerTest" classname="App.Controller.JsonDealOneCardControllerTest" assertions="2" time="0.006524"/>
      </testsuite>
      <testsuite name="App\Controller\JsonGame21ControllerTest" file="/home/juli22/dbwebb-kurser/mvc/me/report/tests/Controller/JsonGame21ControllerTest.php" tests="1" assertions="2" errors="0" failures="0" skipped="0" time="0.012691">
        <testcase name="testDraw" file="/home/juli22/dbwebb-kurser/mvc/me/report/tests/Controller/JsonGame21ControllerTest.php" line="9" class="App\Controller\JsonGame21ControllerTest" classname="App.Controller.JsonGame21ControllerTest" assertions="2" time="0.012691"/>
      </testsuite>
      <testsuite name="App\Controller\JsonLibraryControllerTest" file="/home/juli22/dbwebb-kurser/mvc/me/report/tests/Controller/JsonLibraryControllerTest.php" tests="3" assertions="10" errors="0" failures="0" skipped="0" time="0.049221">
        <testcase name="testShowAllBooks" file="/home/juli22/dbwebb-kurser/mvc/me/report/tests/Controller/JsonLibraryControllerTest.php" line="9" class="App\Controller\JsonLibraryControllerTest" classname="App.Controller.JsonLibraryControllerTest" assertions="2" time="0.029070"/>
        <testcase name="testShowABookByIsbnNotOk" file="/home/juli22/dbwebb-kurser/mvc/me/report/tests/Controller/JsonLibraryControllerTest.php" line="17" class="App\Controller\JsonLibraryControllerTest" classname="App.Controller.JsonLibraryControllerTest" assertions="4" time="0.013385"/>
        <testcase name="testShowABookByIsbnOk" file="/home/juli22/dbwebb-kurser/mvc/me/report/tests/Controller/JsonLibraryControllerTest.php" line="28" class="App\Controller\JsonLibraryControllerTest" classname="App.Controller.JsonLibraryControllerTest" assertions="4" time="0.006766"/>
      </testsuite>
      <testsuite name="App\Controller\LibraryControllerTest" file="/home/juli22/dbwebb-kurser/mvc/me/report/tests/Controller/LibraryControllerTest.php" tests="9" assertions="29" errors="0" failures="0" skipped="0" time="0.407166">
        <testcase name="testLibrary" file="/home/juli22/dbwebb-kurser/mvc/me/report/tests/Controller/LibraryControllerTest.php" line="11" class="App\Controller\LibraryControllerTest" classname="App.Controller.LibraryControllerTest" assertions="4" time="0.013666"/>
        <testcase name="testCreateForm" file="/home/juli22/dbwebb-kurser/mvc/me/report/tests/Controller/LibraryControllerTest.php" line="20" class="App\Controller\LibraryControllerTest" classname="App.Controller.LibraryControllerTest" assertions="4" time="0.014845"/>
        <testcase name="testCreateNewOk" file="/home/juli22/dbwebb-kurser/mvc/me/report/tests/Controller/LibraryControllerTest.php" line="29" class="App\Controller\LibraryControllerTest" classname="App.Controller.LibraryControllerTest" assertions="3" time="0.008371"/>
        <testcase name="testCreateNewNotOk" file="/home/juli22/dbwebb-kurser/mvc/me/report/tests/Controller/LibraryControllerTest.php" line="46" class="App\Controller\LibraryControllerTest" classname="App.Controller.LibraryControllerTest" assertions="3" time="0.006859"/>
        <testcase name="testReadOneOk" file="/home/juli22/dbwebb-kurser/mvc/me/report/tests/Controller/LibraryControllerTest.php" line="63" class="App\Controller\LibraryControllerTest" classname="App.Controller.LibraryControllerTest" assertions="4" time="0.016299"/>
        <testcase name="testReadOneNotOk" file="/home/juli22/dbwebb-kurser/mvc/me/report/tests/Controller/LibraryControllerTest.php" line="72" class="App\Controller\LibraryControllerTest" classname="App.Controller.LibraryControllerTest" assertions="3" time="0.010058"/>
        <testcase name="testReadMany" file="/home/juli22/dbwebb-kurser/mvc/me/report/tests/Controller/LibraryControllerTest.php" line="80" class="App\Controller\LibraryControllerTest" classname="App.Controller.LibraryControllerTest" assertions="4" time="0.020480"/>
        <testcase name="testRemoveOne" file="/home/juli22/dbwebb-kurser/mvc/me/report/tests/Controller/LibraryControllerTest.php" line="89" class="App\Controller\LibraryControllerTest" classname="App.Controller.LibraryControllerTest" assertions="3" time="0.010104"/>
        <testcase name="testReset" file="/home/juli22/dbwebb-kurser/mvc/me/report/tests/Controller/LibraryControllerTest.php" line="97" class="App\Controller\LibraryControllerTest" classname="App.Controller.LibraryControllerTest" assertions="1" time="0.306484"/>
      </testsuite>
      <testsuite name="App\Controller\LibraryUpdateBookControllerTest" file="/home/juli22/dbwebb-kurser/mvc/me/report/tests/Controller/LibraryUpdateBookControllerTest.php" tests="4" assertions="13" errors="0" failures="0" skipped="0" time="0.048272">
        <testcase name="testUpdateForm" file="/home/juli22/dbwebb-kurser/mvc/me/report/tests/Controller/LibraryUpdateBookControllerTest.php" line="9" class="App\Controller\LibraryUpdateBookControllerTest" classname="App.Controller.LibraryUpdateBookControllerTest" assertions="4" time="0.021064"/>
        <testcase name="testUpdateOk" file="/home/juli22/dbwebb-kurser/mvc/me/report/tests/Controller/LibraryUpdateBookControllerTest.php" line="18" class="App\Controller\LibraryUpdateBookControllerTest" classname="App.Controller.LibraryUpdateBookControllerTest" assertions="3" time="0.009605"/>
        <testcase name="testUpdateAnotherOk" file="/home/juli22/dbwebb-kurser/mvc/me/report/tests/Controller/LibraryUpdateBookControllerTest.php" line="37" class="App\Controller\LibraryUpdateBookControllerTest" classname="App.Controller.LibraryUpdateBookControllerTest" assertions="3" time="0.007992"/>
        <testcase name="testUpdateNotOk" file="/home/juli22/dbwebb-kurser/mvc/me/report/tests/Controller/LibraryUpdateBookControllerTest.php" line="56" class="App\Controller\LibraryUpdateBookControllerTest" classname="App.Controller.LibraryUpdateBookControllerTest" assertions="3" time="0.009611"/>
      </testsuite>
      <testsuite name="App\Controller\MainControllerTest" file="/home/juli22/dbwebb-kurser/mvc/me/report/tests/Controller/MainControllerTest.php" tests="5" assertions="13" errors="0" failures="0" skipped="0" time="0.054408">
        <testcase name="testHome" file="/home/juli22/dbwebb-kurser/mvc/me/report/tests/Controller/MainControllerTest.php" line="12" class="App\Controller\MainControllerTest" classname="App.Controller.MainControllerTest" assertions="2" time="0.011341"/>
        <testcase name="testAbout" file="/home/juli22/dbwebb-kurser/mvc/me/report/tests/Controller/MainControllerTest.php" line="25" class="App\Controller\MainControllerTest" classname="App.Controller.MainControllerTest" assertions="2" time="0.010554"/>
        <testcase name="testReport" file="/home/juli22/dbwebb-kurser/mvc/me/report/tests/Controller/MainControllerTest.php" line="33" class="App\Controller\MainControllerTest" classname="App.Controller.MainControllerTest" assertions="2" time="0.013254"/>
        <testcase name="testLucky" file="/home/juli22/dbwebb-kurser/mvc/me/report/tests/Controller/MainControllerTest.php" line="41" class="App\Controller\MainControllerTest" classname="App.Controller.MainControllerTest" assertions="5" time="0.010971"/>
        <testcase name="testMetrics" file="/home/juli22/dbwebb-kurser/mvc/me/report/tests/Controller/MainControllerTest.php" line="52" class="App\Controller\MainControllerTest" classname="App.Controller.MainControllerTest" assertions="2" time="0.008286"/>
      </testsuite>
      <testsuite name="App\Entity\BookTest" file="/home/juli22/dbwebb-kurser/mvc/me/report/tests/Entity/BookTest.php" tests="1" assertions="6" errors="0" failures="0" skipped="0" time="0.000998">
        <testcase name="testCreateObject" file="/home/juli22/dbwebb-kurser/mvc/me/report/tests/Entity/BookTest.php" line="18" class="App\Entity\BookTest" classname="App.Entity.BookTest" assertions="6" time="0.000998"/>
      </testsuite>
      <testsuite name="App\Game\BanksTurnHandlerTest" file="/home/juli22/dbwebb-kurser/mvc/me/report/tests/Game/BanksTurnHandlerTest.php" tests="2" assertions="4" errors="0" failures="0" skipped="0" time="0.003112">
        <testcase name="testCreateObject" file="/home/juli22/dbwebb-kurser/mvc/me/report/tests/Game/BanksTurnHandlerTest.php" line="16" class="App\Game\BanksTurnHandlerTest" classname="App.Game.BanksTurnHandlerTest" assertions="1" time="0.000756"/>
        <testcase name="testBankDraw" file="/home/juli22/dbwebb-kurser/mvc/me/report/tests/Game/BanksTurnHandlerTest.php" line="25" class="App\Game\BanksTurnHandlerTest" classname="App.Game.BanksTurnHandlerTest" assertions="3" time="0.002356"/>
      </testsuite>
      <testsuite name="App\Game\BettingGameTraitTest" file="/home/juli22/dbwebb-kurser/mvc/me/report/tests/Game/BettingGameTraitTest.php" tests="5" assertions="8" errors="0" failures="0" skipped="0" time="0.005706">
        <testcase name="testGetInvestLimit" file="/home/juli22/dbwebb-kurser/mvc/me/report/tests/Game/BettingGameTraitTest.php" line="34" class="App\Game\BettingGameTraitTest" classname="App.Game.BettingGameTraitTest" assertions="3" time="0.000854"/>
        <testcase name="testAddToMoneyPotOk" file="/home/juli22/dbwebb-kurser/mvc/me/report/tests/Game/BettingGameTraitTest.php" line="52" class="App\Game\BettingGameTraitTest" classname="App.Game.BettingGameTraitTest" assertions="1" time="0.001975"/>
        <testcase name="testAddToMoneyPotNotOk" file="/home/juli22/dbwebb-kurser/mvc/me/report/tests/Game/BettingGameTraitTest.php" line="66" class="App\Game\BettingGameTraitTest" classname="App.Game.BettingGameTraitTest" assertions="2" time="0.001042"/>
        <testcase name="testIsWinnerOk" file="/home/juli22/dbwebb-kurser/mvc/me/report/tests/Game/BettingGameTraitTest.php" line="84" class="App\Game\BettingGameTraitTest" classname="App.Game.BettingGameTraitTest" assertions="1" time="0.000984"/>
        <testcase name="testIsWinnerNotOk" file="/home/juli22/dbwebb-kurser/mvc/me/report/tests/Game/BettingGameTraitTest.php" line="93" class="App\Game\BettingGameTraitTest" classname="App.Game.BettingGameTraitTest" assertions="1" time="0.000851"/>
      </testsuite>
      <testsuite name="App\Game\Game21EasyEvaluateBankTest" file="/home/juli22/dbwebb-kurser/mvc/me/report/tests/Game/Game21EasyEvaluateBankTest.php" tests="4" assertions="4" errors="0" failures="0" skipped="0" time="0.006127">
        <testcase name="testEvaluateBankBoth21" file="/home/juli22/dbwebb-kurser/mvc/me/report/tests/Game/Game21EasyEvaluateBankTest.php" line="21" class="App\Game\Game21EasyEvaluateBankTest" classname="App.Game.Game21EasyEvaluateBankTest" assertions="1" time="0.001417"/>
        <testcase name="testEvaluateBankPlayerBetterHand" file="/home/juli22/dbwebb-kurser/mvc/me/report/tests/Game/Game21EasyEvaluateBankTest.php" line="58" class="App\Game\Game21EasyEvaluateBankTest" classname="App.Game.Game21EasyEvaluateBankTest" assertions="1" time="0.001424"/>
        <testcase name="testEvaluateBankAbove21" file="/home/juli22/dbwebb-kurser/mvc/me/report/tests/Game/Game21EasyEvaluateBankTest.php" line="95" class="App\Game\Game21EasyEvaluateBankTest" classname="App.Game.Game21EasyEvaluateBankTest" assertions="1" time="0.001353"/>
        <testcase name="testEvaluateBankWin" file="/home/juli22/dbwebb-kurser/mvc/me/report/tests/Game/Game21EasyEvaluateBankTest.php" line="133" class="App\Game\Game21EasyEvaluateBankTest" classname="App.Game.Game21EasyEvaluateBankTest" assertions="1" time="0.001933"/>
      </testsuite>
      <testsuite name="App\Game\Game21EasyEvaluateTest" file="/home/juli22/dbwebb-kurser/mvc/me/report/tests/Game/Game21EasyEvaluateTest.php" tests="4" assertions="4" errors="0" failures="0" skipped="0" time="0.005245">
        <testcase name="testEvaluateUnder21" file="/home/juli22/dbwebb-kurser/mvc/me/report/tests/Game/Game21EasyEvaluateTest.php" line="22" class="App\Game\Game21EasyEvaluateTest" classname="App.Game.Game21EasyEvaluateTest" assertions="1" time="0.001341"/>
        <testcase name="testEvaluateAbove21" file="/home/juli22/dbwebb-kurser/mvc/me/report/tests/Game/Game21EasyEvaluateTest.php" line="56" class="App\Game\Game21EasyEvaluateTest" classname="App.Game.Game21EasyEvaluateTest" assertions="1" time="0.001318"/>
        <testcase name="testEvaluateAt21" file="/home/juli22/dbwebb-kurser/mvc/me/report/tests/Game/Game21EasyEvaluateTest.php" line="92" class="App\Game\Game21EasyEvaluateTest" classname="App.Game.Game21EasyEvaluateTest" assertions="1" time="0.001339"/>
        <testcase name="testEvaluateNoCradsLeft" file="/home/juli22/dbwebb-kurser/mvc/me/report/tests/Game/Game21EasyEvaluateTest.php" line="128" class="App\Game\Game21EasyEvaluateTest" classname="App.Game.Game21EasyEvaluateTest" assertions="1" time="0.001247"/>
      </testsuite>
      <testsuite name="App\Game\Game21EasyGenerateFlashTest" file="/home/juli22/dbwebb-kurser/mvc/me/report/tests/Game/Game21EasyGenerateFlashTest.php" tests="3" assertions="5" errors="0" failures="0" skipped="0" time="0.003736">
        <testcase name="testGenerateFlashRoundOver" file="/home/juli22/dbwebb-kurser/mvc/me/report/tests/Game/Game21EasyGenerateFlashTest.php" line="22" class="App\Game\Game21EasyGenerateFlashTest" classname="App.Game.Game21EasyGenerateFlashTest" assertions="2" time="0.001349"/>
        <testcase name="testGenerateFlashGameOver" file="/home/juli22/dbwebb-kurser/mvc/me/report/tests/Game/Game21EasyGenerateFlashTest.php" line="53" class="App\Game\Game21EasyGenerateFlashTest" classname="App.Game.Game21EasyGenerateFlashTest" assertions="2" time="0.001329"/>
        <testcase name="testGenerateFlashRoundNotOver" file="/home/juli22/dbwebb-kurser/mvc/me/report/tests/Game/Game21EasyGenerateFlashTest.php" line="84" class="App\Game\Game21EasyGenerateFlashTest" classname="App.Game.Game21EasyGenerateFlashTest" assertions="1" time="0.001058"/>
      </testsuite>
      <testsuite name="App\Game\Game21EasyTest" file="/home/juli22/dbwebb-kurser/mvc/me/report/tests/Game/Game21EasyTest.php" tests="6" assertions="9" errors="0" failures="0" skipped="0" time="0.006891">
        <testcase name="testCreateObject" file="/home/juli22/dbwebb-kurser/mvc/me/report/tests/Game/Game21EasyTest.php" line="21" class="App\Game\Game21EasyTest" classname="App.Game.Game21EasyTest" assertions="4" time="0.001257"/>
        <testcase name="testDeal" file="/home/juli22/dbwebb-kurser/mvc/me/report/tests/Game/Game21EasyTest.php" line="64" class="App\Game\Game21EasyTest" classname="App.Game.Game21EasyTest" assertions="1" time="0.001015"/>
        <testcase name="testDealBankCardsLeft" file="/home/juli22/dbwebb-kurser/mvc/me/report/tests/Game/Game21EasyTest.php" line="80" class="App\Game\Game21EasyTest" classname="App.Game.Game21EasyTest" assertions="1" time="0.001262"/>
        <testcase name="testDealBankNoCardsLeft" file="/home/juli22/dbwebb-kurser/mvc/me/report/tests/Game/Game21EasyTest.php" line="102" class="App\Game\Game21EasyTest" classname="App.Game.Game21EasyTest" assertions="1" time="0.001195"/>
        <testcase name="testGetRiskPlayer" file="/home/juli22/dbwebb-kurser/mvc/me/report/tests/Game/Game21EasyTest.php" line="122" class="App\Game\Game21EasyTest" classname="App.Game.Game21EasyTest" assertions="1" time="0.001076"/>
        <testcase name="testGetRiskBank" file="/home/juli22/dbwebb-kurser/mvc/me/report/tests/Game/Game21EasyTest.php" line="136" class="App\Game\Game21EasyTest" classname="App.Game.Game21EasyTest" assertions="1" time="0.001087"/>
      </testsuite>
      <testsuite name="App\Game\Game21HardTest" file="/home/juli22/dbwebb-kurser/mvc/me/report/tests/Game/Game21HardTest.php" tests="3" assertions="6" errors="0" failures="0" skipped="0" time="0.003648">
        <testcase name="testCreateObject" file="/home/juli22/dbwebb-kurser/mvc/me/report/tests/Game/Game21HardTest.php" line="21" class="App\Game\Game21HardTest" classname="App.Game.Game21HardTest" assertions="2" time="0.000974"/>
        <testcase name="testDealBank" file="/home/juli22/dbwebb-kurser/mvc/me/report/tests/Game/Game21HardTest.php" line="43" class="App\Game\Game21HardTest" classname="App.Game.Game21HardTest" assertions="2" time="0.001403"/>
        <testcase name="testDealBankNoCardsLeft" file="/home/juli22/dbwebb-kurser/mvc/me/report/tests/Game/Game21HardTest.php" line="67" class="App\Game\Game21HardTest" classname="App.Game.Game21HardTest" assertions="2" time="0.001271"/>
      </testsuite>
      <testsuite name="App\Game\GameAttrHandler2TraitTest" file="/home/juli22/dbwebb-kurser/mvc/me/report/tests/Game/GameAttrHandler2TraitTest.php" tests="9" assertions="9" errors="0" failures="0" skipped="0" time="0.007626">
        <testcase name="testSetBank" file="/home/juli22/dbwebb-kurser/mvc/me/report/tests/Game/GameAttrHandler2TraitTest.php" line="27" class="App\Game\GameAttrHandler2TraitTest" classname="App.Game.GameAttrHandler2TraitTest" assertions="1" time="0.000882"/>
        <testcase name="testGetBank" file="/home/juli22/dbwebb-kurser/mvc/me/report/tests/Game/GameAttrHandler2TraitTest.php" line="37" class="App\Game\GameAttrHandler2TraitTest" classname="App.Game.GameAttrHandler2TraitTest" assertions="1" time="0.000873"/>
        <testcase name="testSetPlayer" file="/home/juli22/dbwebb-kurser/mvc/me/report/tests/Game/GameAttrHandler2TraitTest.php" line="47" class="App\Game\GameAttrHandler2TraitTest" classname="App.Game.GameAttrHandler2TraitTest" assertions="1" time="0.000896"/>
        <testcase name="testGetPlayer" file="/home/juli22/dbwebb-kurser/mvc/me/report/tests/Game/GameAttrHandler2TraitTest.php" line="57" class="App\Game\GameAttrHandler2TraitTest" classname="App.Game.GameAttrHandler2TraitTest" assertions="1" time="0.000905"/>
        <testcase name="testSetCurrentRound" file="/home/juli22/dbwebb-kurser/mvc/me/report/tests/Game/GameAttrHandler2TraitTest.php" line="67" class="App\Game\GameAttrHandler2TraitTest" classname="App.Game.GameAttrHandler2TraitTest" assertions="1" time="0.000743"/>
        <testcase name="testGetCurrentRound" file="/home/juli22/dbwebb-kurser/mvc/me/report/tests/Game/GameAttrHandler2TraitTest.php" line="76" class="App\Game\GameAttrHandler2TraitTest" classname="App.Game.GameAttrHandler2TraitTest" assertions="1" time="0.000774"/>
        <testcase name="testSetWinner" file="/home/juli22/dbwebb-kurser/mvc/me/report/tests/Game/GameAttrHandler2TraitTest.php" line="86" class="App\Game\GameAttrHandler2TraitTest" classname="App.Game.GameAttrHandler2TraitTest" assertions="1" time="0.000883"/>
        <testcase name="testGetWinnerOk" file="/home/juli22/dbwebb-kurser/mvc/me/report/tests/Game/GameAttrHandler2TraitTest.php" line="99" class="App\Game\GameAttrHandler2TraitTest" classname="App.Game.GameAttrHandler2TraitTest" assertions="1" time="0.000913"/>
        <testcase name="testGetWinnerNotOk" file="/home/juli22/dbwebb-kurser/mvc/me/report/tests/Game/GameAttrHandler2TraitTest.php" line="112" class="App\Game\GameAttrHandler2TraitTest" classname="App.Game.GameAttrHandler2TraitTest" assertions="1" time="0.000758"/>
      </testsuite>
      <testsuite name="App\Game\GameAttrHandlerTraitTest" file="/home/juli22/dbwebb-kurser/mvc/me/report/tests/Game/GameAttrHandlerTraitTest.php" tests="7" assertions="7" errors="0" failures="0" skipped="0" time="0.005575">
        <testcase name="testSetMoneyPot" file="/home/juli22/dbwebb-kurser/mvc/me/report/tests/Game/GameAttrHandlerTraitTest.php" line="34" class="App\Game\GameAttrHandlerTraitTest" classname="App.Game.GameAttrHandlerTraitTest" assertions="1" time="0.000857"/>
        <testcase name="testGetMoneyPot" file="/home/juli22/dbwebb-kurser/mvc/me/report/tests/Game/GameAttrHandlerTraitTest.php" line="44" class="App\Game\GameAttrHandlerTraitTest" classname="App.Game.GameAttrHandlerTraitTest" assertions="1" time="0.000860"/>
        <testcase name="testSetRoundOver" file="/home/juli22/dbwebb-kurser/mvc/me/report/tests/Game/GameAttrHandlerTraitTest.php" line="57" class="App\Game\GameAttrHandlerTraitTest" classname="App.Game.GameAttrHandlerTraitTest" assertions="1" time="0.000730"/>
        <testcase name="testIsRoundOver" file="/home/juli22/dbwebb-kurser/mvc/me/report/tests/Game/GameAttrHandlerTraitTest.php" line="67" class="App\Game\GameAttrHandlerTraitTest" classname="App.Game.GameAttrHandlerTraitTest" assertions="1" time="0.000723"/>
        <testcase name="testIsBankPlaying" file="/home/juli22/dbwebb-kurser/mvc/me/report/tests/Game/GameAttrHandlerTraitTest.php" line="76" class="App\Game\GameAttrHandlerTraitTest" classname="App.Game.GameAttrHandlerTraitTest" assertions="1" time="0.000839"/>
        <testcase name="testSetBankPlaying" file="/home/juli22/dbwebb-kurser/mvc/me/report/tests/Game/GameAttrHandlerTraitTest.php" line="85" class="App\Game\GameAttrHandlerTraitTest" classname="App.Game.GameAttrHandlerTraitTest" assertions="1" time="0.000783"/>
        <testcase name="testSetFinished" file="/home/juli22/dbwebb-kurser/mvc/me/report/tests/Game/GameAttrHandlerTraitTest.php" line="95" class="App\Game\GameAttrHandlerTraitTest" classname="App.Game.GameAttrHandlerTraitTest" assertions="1" time="0.000783"/>
      </testsuite>
      <testsuite name="App\Game\GameHandlerLandingTest" file="/home/juli22/dbwebb-kurser/mvc/me/report/tests/Game/GameHandlerLandingTest.php" tests="5" assertions="9" errors="0" failures="0" skipped="0" time="0.005163">
        <testcase name="testCreateObject" file="/home/juli22/dbwebb-kurser/mvc/me/report/tests/Game/GameHandlerLandingTest.php" line="16" class="App\Game\GameHandlerLandingTest" classname="App.Game.GameHandlerLandingTest" assertions="1" time="0.000703"/>
        <testcase name="testMainNoGame" file="/home/juli22/dbwebb-kurser/mvc/me/report/tests/Game/GameHandlerLandingTest.php" line="25" class="App\Game\GameHandlerLandingTest" classname="App.Game.GameHandlerLandingTest" assertions="2" time="0.001128"/>
        <testcase name="testMainGameFinished" file="/home/juli22/dbwebb-kurser/mvc/me/report/tests/Game/GameHandlerLandingTest.php" line="44" class="App\Game\GameHandlerLandingTest" classname="App.Game.GameHandlerLandingTest" assertions="2" time="0.001231"/>
        <testcase name="testMainGameNotFinished" file="/home/juli22/dbwebb-kurser/mvc/me/report/tests/Game/GameHandlerLandingTest.php" line="65" class="App\Game\GameHandlerLandingTest" classname="App.Game.GameHandlerLandingTest" assertions="2" time="0.001182"/>
        <testcase name="testDoc" file="/home/juli22/dbwebb-kurser/mvc/me/report/tests/Game/GameHandlerLandingTest.php" line="86" class="App\Game\GameHandlerLandingTest" classname="App.Game.GameHandlerLandingTest" assertions="2" time="0.000919"/>
      </testsuite>
      <testsuite name="App\Game\GameHandlerTest" file="/home/juli22/dbwebb-kurser/mvc/me/report/tests/Game/GameHandlerTest.php" tests="2" assertions="2" errors="0" failures="0" skipped="0" time="0.002115">
        <testcase name="testCreateObject" file="/home/juli22/dbwebb-kurser/mvc/me/report/tests/Game/GameHandlerTest.php" line="16" class="App\Game\GameHandlerTest" classname="App.Game.GameHandlerTest" assertions="1" time="0.000955"/>
        <testcase name="testPlay" file="/home/juli22/dbwebb-kurser/mvc/me/report/tests/Game/GameHandlerTest.php" line="25" class="App\Game\GameHandlerTest" classname="App.Game.GameHandlerTest" assertions="1" time="0.001160"/>
      </testsuite>
      <testsuite name="App\Game\GameInitiatorTest" file="/home/juli22/dbwebb-kurser/mvc/me/report/tests/Game/GameInitiatorTest.php" tests="2" assertions="3" errors="0" failures="0" skipped="0" time="0.001912">
        <testcase name="testCreateObject" file="/home/juli22/dbwebb-kurser/mvc/me/report/tests/Game/GameInitiatorTest.php" line="15" class="App\Game\GameInitiatorTest" classname="App.Game.GameInitiatorTest" assertions="1" time="0.000730"/>
        <testcase name="testInit" file="/home/juli22/dbwebb-kurser/mvc/me/report/tests/Game/GameInitiatorTest.php" line="25" class="App\Game\GameInitiatorTest" classname="App.Game.GameInitiatorTest" assertions="2" time="0.001182"/>
      </testsuite>
      <testsuite name="App\Game\GameMoneyHandlerTest" file="/home/juli22/dbwebb-kurser/mvc/me/report/tests/Game/GameMoneyHandlerTest.php" tests="3" assertions="4" errors="0" failures="0" skipped="0" time="0.002832">
        <testcase name="testCreateObject" file="/home/juli22/dbwebb-kurser/mvc/me/report/tests/Game/GameMoneyHandlerTest.php" line="15" class="App\Game\GameMoneyHandlerTest" classname="App.Game.GameMoneyHandlerTest" assertions="1" time="0.000703"/>
        <testcase name="testSelectAmount" file="/home/juli22/dbwebb-kurser/mvc/me/report/tests/Game/GameMoneyHandlerTest.php" line="24" class="App\Game\GameMoneyHandlerTest" classname="App.Game.GameMoneyHandlerTest" assertions="2" time="0.001016"/>
        <testcase name="testBet" file="/home/juli22/dbwebb-kurser/mvc/me/report/tests/Game/GameMoneyHandlerTest.php" line="52" class="App\Game\GameMoneyHandlerTest" classname="App.Game.GameMoneyHandlerTest" assertions="1" time="0.001113"/>
      </testsuite>
      <testsuite name="App\Game\GameTest" file="/home/juli22/dbwebb-kurser/mvc/me/report/tests/Game/GameTest.php" tests="2" assertions="4" errors="0" failures="0" skipped="0" time="0.002186">
        <testcase name="testCreateObject" file="/home/juli22/dbwebb-kurser/mvc/me/report/tests/Game/GameTest.php" line="17" class="App\Game\GameTest" classname="App.Game.GameTest" assertions="3" time="0.000883"/>
        <testcase name="testCardsLeftOk" file="/home/juli22/dbwebb-kurser/mvc/me/report/tests/Game/GameTest.php" line="34" class="App\Game\GameTest" classname="App.Game.GameTest" assertions="1" time="0.001303"/>
      </testsuite>
      <testsuite name="App\Game\JsonGameHandlerTest" file="/home/juli22/dbwebb-kurser/mvc/me/report/tests/Game/JsonGameHandlerTest.php" tests="2" assertions="2" errors="0" failures="0" skipped="0" time="0.001790">
        <testcase name="testCreateObject" file="/home/juli22/dbwebb-kurser/mvc/me/report/tests/Game/JsonGameHandlerTest.php" line="16" class="App\Game\JsonGameHandlerTest" classname="App.Game.JsonGameHandlerTest" assertions="1" time="0.000686"/>
        <testcase name="testJsonGame" file="/home/juli22/dbwebb-kurser/mvc/me/report/tests/Game/JsonGameHandlerTest.php" line="26" class="App\Game\JsonGameHandlerTest" classname="App.Game.JsonGameHandlerTest" assertions="1" time="0.001103"/>
      </testsuite>
      <testsuite name="App\Game\MoneyPotTest" file="/home/juli22/dbwebb-kurser/mvc/me/report/tests/Game/MoneyPotTest.php" tests="3" assertions="5" errors="0" failures="0" skipped="0" time="0.002615">
        <testcase name="testCreateObject" file="/home/juli22/dbwebb-kurser/mvc/me/report/tests/Game/MoneyPotTest.php" line="25" class="App\Game\MoneyPotTest" classname="App.Game.MoneyPotTest" assertions="2" time="0.000707"/>
        <testcase name="testAddMoneyOk" file="/home/juli22/dbwebb-kurser/mvc/me/report/tests/Game/MoneyPotTest.php" line="37" class="App\Game\MoneyPotTest" classname="App.Game.MoneyPotTest" assertions="1" time="0.000970"/>
        <testcase name="testMoneyToWinnerOk" file="/home/juli22/dbwebb-kurser/mvc/me/report/tests/Game/MoneyPotTest.php" line="51" class="App\Game\MoneyPotTest" classname="App.Game.MoneyPotTest" assertions="2" time="0.000938"/>
      </testsuite>
      <testsuite name="App\Game\Player21Test" file="/home/juli22/dbwebb-kurser/mvc/me/report/tests/Game/Player21Test.php" tests="6" assertions="13" errors="0" failures="0" skipped="0" time="0.005756">
        <testcase name="testCreateObject" file="/home/juli22/dbwebb-kurser/mvc/me/report/tests/Game/Player21Test.php" line="19" class="App\Game\Player21Test" classname="App.Game.Player21Test" assertions="2" time="0.000737"/>
        <testcase name="testIncrMoneyOk" file="/home/juli22/dbwebb-kurser/mvc/me/report/tests/Game/Player21Test.php" line="32" class="App\Game\Player21Test" classname="App.Game.Player21Test" assertions="2" time="0.000721"/>
        <testcase name="testDecrMoneyOk" file="/home/juli22/dbwebb-kurser/mvc/me/report/tests/Game/Player21Test.php" line="52" class="App\Game\Player21Test" classname="App.Game.Player21Test" assertions="2" time="0.000697"/>
        <testcase name="testHandValue" file="/home/juli22/dbwebb-kurser/mvc/me/report/tests/Game/Player21Test.php" line="76" class="App\Game\Player21Test" classname="App.Game.Player21Test" assertions="1" time="0.001416"/>
        <testcase name="testMinHandValue" file="/home/juli22/dbwebb-kurser/mvc/me/report/tests/Game/Player21Test.php" line="92" class="App\Game\Player21Test" classname="App.Game.Player21Test" assertions="1" time="0.000940"/>
        <testcase name="testEstimateRisk" file="/home/juli22/dbwebb-kurser/mvc/me/report/tests/Game/Player21Test.php" line="106" class="App\Game\Player21Test" classname="App.Game.Player21Test" assertions="5" time="0.001245"/>
      </testsuite>
      <testsuite name="App\Game\PlayerTraitTest" file="/home/juli22/dbwebb-kurser/mvc/me/report/tests/Game/PlayerTraitTest.php" tests="5" assertions="5" errors="0" failures="0" skipped="0" time="0.004174">
        <testcase name="testDraw" file="/home/juli22/dbwebb-kurser/mvc/me/report/tests/Game/PlayerTraitTest.php" line="21" class="App\Game\PlayerTraitTest" classname="App.Game.PlayerTraitTest" assertions="1" time="0.000914"/>
        <testcase name="testEmptyHandOk" file="/home/juli22/dbwebb-kurser/mvc/me/report/tests/Game/PlayerTraitTest.php" line="37" class="App\Game\PlayerTraitTest" classname="App.Game.PlayerTraitTest" assertions="1" time="0.000819"/>
        <testcase name="testGetCardValues" file="/home/juli22/dbwebb-kurser/mvc/me/report/tests/Game/PlayerTraitTest.php" line="51" class="App\Game\PlayerTraitTest" classname="App.Game.PlayerTraitTest" assertions="1" time="0.000815"/>
        <testcase name="testShowHandAsString" file="/home/juli22/dbwebb-kurser/mvc/me/report/tests/Game/PlayerTraitTest.php" line="65" class="App\Game\PlayerTraitTest" classname="App.Game.PlayerTraitTest" assertions="1" time="0.000818"/>
        <testcase name="testGetCardCount" file="/home/juli22/dbwebb-kurser/mvc/me/report/tests/Game/PlayerTraitTest.php" line="79" class="App\Game\PlayerTraitTest" classname="App.Game.PlayerTraitTest" assertions="1" time="0.000808"/>
      </testsuite>
      <testsuite name="App\Game\PlayerTurnHandlerTest" file="/home/juli22/dbwebb-kurser/mvc/me/report/tests/Game/PlayerTurnHandlerTest.php" tests="3" assertions="6" errors="0" failures="0" skipped="0" time="0.003525">
        <testcase name="testCreateObject" file="/home/juli22/dbwebb-kurser/mvc/me/report/tests/Game/PlayerTurnHandlerTest.php" line="15" class="App\Game\PlayerTurnHandlerTest" classname="App.Game.PlayerTurnHandlerTest" assertions="1" time="0.000713"/>
        <testcase name="testPlayerDrawRoundOver" file="/home/juli22/dbwebb-kurser/mvc/me/report/tests/Game/PlayerTurnHandlerTest.php" line="24" class="App\Game\PlayerTurnHandlerTest" classname="App.Game.PlayerTurnHandlerTest" assertions="3" time="0.001758"/>
        <testcase name="testPlayerDrawRoundNotOver" file="/home/juli22/dbwebb-kurser/mvc/me/report/tests/Game/PlayerTurnHandlerTest.php" line="49" class="App\Game\PlayerTurnHandlerTest" classname="App.Game.PlayerTurnHandlerTest" assertions="2" time="0.001054"/>
      </testsuite>
      <testsuite name="App\Game\RoundHandlerTest" file="/home/juli22/dbwebb-kurser/mvc/me/report/tests/Game/RoundHandlerTest.php" tests="5" assertions="9" errors="0" failures="0" skipped="0" time="0.007293">
        <testcase name="testEndRoundNoCardsLeftNotSameFinalWinner" file="/home/juli22/dbwebb-kurser/mvc/me/report/tests/Game/RoundHandlerTest.php" line="23" class="App\Game\RoundHandlerTest" classname="App.Game.RoundHandlerTest" assertions="2" time="0.002083"/>
        <testcase name="testDeterminePlayerWinner" file="/home/juli22/dbwebb-kurser/mvc/me/report/tests/Game/RoundHandlerTest.php" line="56" class="App\Game\RoundHandlerTest" classname="App.Game.RoundHandlerTest" assertions="1" time="0.000997"/>
        <testcase name="testDetermineBankWinner" file="/home/juli22/dbwebb-kurser/mvc/me/report/tests/Game/RoundHandlerTest.php" line="68" class="App\Game\RoundHandlerTest" classname="App.Game.RoundHandlerTest" assertions="1" time="0.001083"/>
        <testcase name="testFinishGame" file="/home/juli22/dbwebb-kurser/mvc/me/report/tests/Game/RoundHandlerTest.php" line="80" class="App\Game\RoundHandlerTest" classname="App.Game.RoundHandlerTest" assertions="1" time="0.001176"/>
        <testcase name="testNextRound" file="/home/juli22/dbwebb-kurser/mvc/me/report/tests/Game/RoundHandlerTest.php" line="93" class="App\Game\RoundHandlerTest" classname="App.Game.RoundHandlerTest" assertions="4" time="0.001954"/>
      </testsuite>
      <testsuite name="App\Helpers\JsonConverterTest" file="/home/juli22/dbwebb-kurser/mvc/me/report/tests/Helpers/JsonConverterTest.php" tests="2" assertions="3" errors="0" failures="0" skipped="0" time="0.004257">
        <testcase name="testCreateObject" file="/home/juli22/dbwebb-kurser/mvc/me/report/tests/Helpers/JsonConverterTest.php" line="17" class="App\Helpers\JsonConverterTest" classname="App.Helpers.JsonConverterTest" assertions="1" time="0.000773"/>
        <testcase name="testConvert" file="/home/juli22/dbwebb-kurser/mvc/me/report/tests/Helpers/JsonConverterTest.php" line="26" class="App\Helpers\JsonConverterTest" classname="App.Helpers.JsonConverterTest" assertions="2" time="0.003484"/>
      </testsuite>
      <testsuite name="App\Helpers\JsonHandlerTest" file="/home/juli22/dbwebb-kurser/mvc/me/report/tests/Helpers/JsonHandlerTest.php" tests="3" assertions="3" errors="0" failures="0" skipped="0" time="0.002091">
        <testcase name="testCreateObject" file="/home/juli22/dbwebb-kurser/mvc/me/report/tests/Helpers/JsonHandlerTest.php" line="30" class="App\Helpers\JsonHandlerTest" classname="App.Helpers.JsonHandlerTest" assertions="1" time="0.000675"/>
        <testcase name="testGetLandingData" file="/home/juli22/dbwebb-kurser/mvc/me/report/tests/Helpers/JsonHandlerTest.php" line="39" class="App\Helpers\JsonHandlerTest" classname="App.Helpers.JsonHandlerTest" assertions="1" time="0.000698"/>
        <testcase name="testGenerateQuote" file="/home/juli22/dbwebb-kurser/mvc/me/report/tests/Helpers/JsonHandlerTest.php" line="101" class="App\Helpers\JsonHandlerTest" classname="App.Helpers.JsonHandlerTest" assertions="1" time="0.000717"/>
      </testsuite>
      <testsuite name="App\Helpers\LuckyRouteDataTest" file="/home/juli22/dbwebb-kurser/mvc/me/report/tests/Helpers/LuckyRouteDataTest.php" tests="2" assertions="2" errors="0" failures="0" skipped="0" time="0.001382">
        <testcase name="testCreateObject" file="/home/juli22/dbwebb-kurser/mvc/me/report/tests/Helpers/LuckyRouteDataTest.php" line="15" class="App\Helpers\LuckyRouteDataTest" classname="App.Helpers.LuckyRouteDataTest" assertions="1" time="0.000662"/>
        <testcase name="testLuckyData" file="/home/juli22/dbwebb-kurser/mvc/me/report/tests/Helpers/LuckyRouteDataTest.php" line="25" class="App\Helpers\LuckyRouteDataTest" classname="App.Helpers.LuckyRouteDataTest" assertions="1" time="0.000720"/>
      </testsuite>
      <testsuite name="App\Helpers\MainControllerHelperTest" file="/home/juli22/dbwebb-kurser/mvc/me/report/tests/Helpers/MainControllerHelperTest.php" tests="3" assertions="5" errors="0" failures="0" skipped="0" time="0.002689">
        <testcase name="testCreateObject" file="/home/juli22/dbwebb-kurser/mvc/me/report/tests/Helpers/MainControllerHelperTest.php" line="16" class="App\Helpers\MainControllerHelperTest" classname="App.Helpers.MainControllerHelperTest" assertions="1" time="0.000662"/>
        <testcase name="testStandardData" file="/home/juli22/dbwebb-kurser/mvc/me/report/tests/Helpers/MainControllerHelperTest.php" line="25" class="App\Helpers\MainControllerHelperTest" classname="App.Helpers.MainControllerHelperTest" assertions="2" time="0.001050"/>
        <testcase name="testReportData" file="/home/juli22/dbwebb-kurser/mvc/me/report/tests/Helpers/MainControllerHelperTest.php" line="51" class="App\Helpers\MainControllerHelperTest" classname="App.Helpers.MainControllerHelperTest" assertions="2" time="0.000977"/>
      </testsuite>
      <testsuite name="App\Library\BookRemoverTest" file="/home/juli22/dbwebb-kurser/mvc/me/report/tests/Library/BookRemoverTest.php" tests="2" assertions="2" errors="0" failures="0" skipped="0" time="0.002956">
        <testcase name="testCreateObject" file="/home/juli22/dbwebb-kurser/mvc/me/report/tests/Library/BookRemoverTest.php" line="21" class="App\Library\BookRemoverTest" classname="App.Library.BookRemoverTest" assertions="1" time="0.000661"/>
        <testcase name="testRemoveBook" file="/home/juli22/dbwebb-kurser/mvc/me/report/tests/Library/BookRemoverTest.php" line="30" class="App\Library\BookRemoverTest" classname="App.Library.BookRemoverTest" assertions="1" time="0.002296"/>
      </testsuite>
      <testsuite name="App\Library\BookSaverTest" file="/home/juli22/dbwebb-kurser/mvc/me/report/tests/Library/BookSaverTest.php" tests="3" assertions="5" errors="0" failures="0" skipped="0" time="0.002582">
        <testcase name="testCreateObject" file="/home/juli22/dbwebb-kurser/mvc/me/report/tests/Library/BookSaverTest.php" line="21" class="App\Library\BookSaverTest" classname="App.Library.BookSaverTest" assertions="1" time="0.000665"/>
        <testcase name="testSaveBookOk" file="/home/juli22/dbwebb-kurser/mvc/me/report/tests/Library/BookSaverTest.php" line="30" class="App\Library\BookSaverTest" classname="App.Library.BookSaverTest" assertions="2" time="0.000955"/>
        <testcase name="testSaveBookNotOk" file="/home/juli22/dbwebb-kurser/mvc/me/report/tests/Library/BookSaverTest.php" line="47" class="App\Library\BookSaverTest" classname="App.Library.BookSaverTest" assertions="2" time="0.000961"/>
      </testsuite>
      <testsuite name="App\Library\BookUpdatorTest" file="/home/juli22/dbwebb-kurser/mvc/me/report/tests/Library/BookUpdatorTest.php" tests="2" assertions="3" errors="0" failures="0" skipped="0" time="0.004925">
        <testcase name="testCreateObject" file="/home/juli22/dbwebb-kurser/mvc/me/report/tests/Library/BookUpdatorTest.php" line="21" class="App\Library\BookUpdatorTest" classname="App.Library.BookUpdatorTest" assertions="1" time="0.000681"/>
        <testcase name="testUpdateBook" file="/home/juli22/dbwebb-kurser/mvc/me/report/tests/Library/BookUpdatorTest.php" line="30" class="App\Library\BookUpdatorTest" classname="App.Library.BookUpdatorTest" assertions="2" time="0.004244"/>
      </testsuite>
      <testsuite name="App\Library\LibraryHandlerTest" file="/home/juli22/dbwebb-kurser/mvc/me/report/tests/Library/LibraryHandlerTest.php" tests="5" assertions="18" errors="0" failures="0" skipped="0" time="0.006887">
        <testcase name="testCreateObject" file="/home/juli22/dbwebb-kurser/mvc/me/report/tests/Library/LibraryHandlerTest.php" line="20" class="App\Library\LibraryHandlerTest" classname="App.Library.LibraryHandlerTest" assertions="1" time="0.000700"/>
        <testcase name="testUpdateOne" file="/home/juli22/dbwebb-kurser/mvc/me/report/tests/Library/LibraryHandlerTest.php" line="29" class="App\Library\LibraryHandlerTest" classname="App.Library.LibraryHandlerTest" assertions="6" time="0.001976"/>
        <testcase name="testCreateOne" file="/home/juli22/dbwebb-kurser/mvc/me/report/tests/Library/LibraryHandlerTest.php" line="76" class="App\Library\LibraryHandlerTest" classname="App.Library.LibraryHandlerTest" assertions="4" time="0.001606"/>
        <testcase name="testRemoveOne" file="/home/juli22/dbwebb-kurser/mvc/me/report/tests/Library/LibraryHandlerTest.php" line="114" class="App\Library\LibraryHandlerTest" classname="App.Library.LibraryHandlerTest" assertions="4" time="0.001551"/>
        <testcase name="testSettersGetters" file="/home/juli22/dbwebb-kurser/mvc/me/report/tests/Library/LibraryHandlerTest.php" line="152" class="App\Library\LibraryHandlerTest" classname="App.Library.LibraryHandlerTest" assertions="3" time="0.001052"/>
      </testsuite>
      <testsuite name="App\Library\NewFlashGeneratorTest" file="/home/juli22/dbwebb-kurser/mvc/me/report/tests/Library/NewFlashGeneratorTest.php" tests="3" assertions="3" errors="0" failures="0" skipped="0" time="0.002436">
        <testcase name="testCreateObject" file="/home/juli22/dbwebb-kurser/mvc/me/report/tests/Library/NewFlashGeneratorTest.php" line="17" class="App\Library\NewFlashGeneratorTest" classname="App.Library.NewFlashGeneratorTest" assertions="1" time="0.000655"/>
        <testcase name="testNewFlashOk" file="/home/juli22/dbwebb-kurser/mvc/me/report/tests/Library/NewFlashGeneratorTest.php" line="28" class="App\Library\NewFlashGeneratorTest" classname="App.Library.NewFlashGeneratorTest" assertions="1" time="0.000900"/>
        <testcase name="testNewFlashNotOk" file="/home/juli22/dbwebb-kurser/mvc/me/report/tests/Library/NewFlashGeneratorTest.php" line="47" class="App\Library\NewFlashGeneratorTest" classname="App.Library.NewFlashGeneratorTest" assertions="1" time="0.000880"/>
      </testsuite>
      <testsuite name="App\Library\RemoveFlashGeneratorTest" file="/home/juli22/dbwebb-kurser/mvc/me/report/tests/Library/RemoveFlashGeneratorTest.php" tests="2" assertions="2" errors="0" failures="0" skipped="0" time="0.001509">
        <testcase name="testCreateObject" file="/home/juli22/dbwebb-kurser/mvc/me/report/tests/Library/RemoveFlashGeneratorTest.php" line="17" class="App\Library\RemoveFlashGeneratorTest" classname="App.Library.RemoveFlashGeneratorTest" assertions="1" time="0.000653"/>
        <testcase name="testRemoveFlash" file="/home/juli22/dbwebb-kurser/mvc/me/report/tests/Library/RemoveFlashGeneratorTest.php" line="27" class="App\Library\RemoveFlashGeneratorTest" classname="App.Library.RemoveFlashGeneratorTest" assertions="1" time="0.000856"/>
      </testsuite>
      <testsuite name="App\Library\SqlFileLoaderTest" file="/home/juli22/dbwebb-kurser/mvc/me/report/tests/Library/SqlFileLoaderTest.php" tests="2" assertions="2" errors="0" failures="0" skipped="0" time="0.003614">
        <testcase name="testCreateObject" file="/home/juli22/dbwebb-kurser/mvc/me/report/tests/Library/SqlFileLoaderTest.php" line="28" class="App\Library\SqlFileLoaderTest" classname="App.Library.SqlFileLoaderTest" assertions="1" time="0.002715"/>
        <testcase name="testLoad" file="/home/juli22/dbwebb-kurser/mvc/me/report/tests/Library/SqlFileLoaderTest.php" line="39" class="App\Library\SqlFileLoaderTest" classname="App.Library.SqlFileLoaderTest" assertions="1" time="0.000899"/>
      </testsuite>
      <testsuite name="App\Library\UpdateFlashGeneratorTest" file="/home/juli22/dbwebb-kurser/mvc/me/report/tests/Library/UpdateFlashGeneratorTest.php" tests="3" assertions="3" errors="0" failures="0" skipped="0" time="0.002936">
        <testcase name="testCreateObject" file="/home/juli22/dbwebb-kurser/mvc/me/report/tests/Library/UpdateFlashGeneratorTest.php" line="17" class="App\Library\UpdateFlashGeneratorTest" classname="App.Library.UpdateFlashGeneratorTest" assertions="1" time="0.000659"/>
        <testcase name="testUpdateFlashOk" file="/home/juli22/dbwebb-kurser/mvc/me/report/tests/Library/UpdateFlashGeneratorTest.php" line="28" class="App\Library\UpdateFlashGeneratorTest" classname="App.Library.UpdateFlashGeneratorTest" assertions="1" time="0.000787"/>
        <testcase name="testUpdateFlashNotOk" file="/home/juli22/dbwebb-kurser/mvc/me/report/tests/Library/UpdateFlashGeneratorTest.php" line="42" class="App\Library\UpdateFlashGeneratorTest" classname="App.Library.UpdateFlashGeneratorTest" assertions="1" time="0.001490"/>
      </testsuite>
      <testsuite name="App\Markdown\MdParserTest" file="/home/juli22/dbwebb-kurser/mvc/me/report/tests/Markdown/MdParserTest.php" tests="2" assertions="3" errors="0" failures="0" skipped="0" time="0.002769">
        <testcase name="testCreateObject" file="/home/juli22/dbwebb-kurser/mvc/me/report/tests/Markdown/MdParserTest.php" line="30" class="App\Markdown\MdParserTest" classname="App.Markdown.MdParserTest" assertions="1" time="0.000702"/>
        <testcase name="testGetParsedText" file="/home/juli22/dbwebb-kurser/mvc/me/report/tests/Markdown/MdParserTest.php" line="40" class="App\Markdown\MdParserTest" classname="App.Markdown.MdParserTest" assertions="2" time="0.002067"/>
      </testsuite>
      <testsuite name="App\ProjectCard\CardCounterTest" file="/home/juli22/dbwebb-kurser/mvc/me/report/tests/ProjectCard/CardCounterTest.php" tests="1" assertions="2" errors="0" failures="0" skipped="0" time="0.000785">
        <testcase name="testCount" file="/home/juli22/dbwebb-kurser/mvc/me/report/tests/ProjectCard/CardCounterTest.php" line="34" class="App\ProjectCard\CardCounterTest" classname="App.ProjectCard.CardCounterTest" assertions="2" time="0.000785"/>
      </testsuite>
      <testsuite name="App\ProjectCard\CardFactoryTest" file="/home/juli22/dbwebb-kurser/mvc/me/report/tests/ProjectCard/CardFactoryTest.php" tests="1" assertions="2" errors="0" failures="0" skipped="0" time="0.002881">
        <testcase name="testFullSet" file="/home/juli22/dbwebb-kurser/mvc/me/report/tests/ProjectCard/CardFactoryTest.php" line="12" class="App\ProjectCard\CardFactoryTest" classname="App.ProjectCard.CardFactoryTest" assertions="2" time="0.002881"/>
      </testsuite>
      <testsuite name="App\ProjectCard\CardSearcherTest" file="/home/juli22/dbwebb-kurser/mvc/me/report/tests/ProjectCard/CardSearcherTest.php" tests="7" assertions="11" errors="0" failures="0" skipped="0" time="0.005533">
        <testcase name="testSearch" file="/home/juli22/dbwebb-kurser/mvc/me/report/tests/ProjectCard/CardSearcherTest.php" line="12" class="App\ProjectCard\CardSearcherTest" classname="App.ProjectCard.CardSearcherTest" assertions="5" time="0.000820"/>
        <testcase name="testCheckRankQuantNotOk" file="/home/juli22/dbwebb-kurser/mvc/me/report/tests/ProjectCard/CardSearcherTest.php" line="66" class="App\ProjectCard\CardSearcherTest" classname="App.ProjectCard.CardSearcherTest" assertions="1" time="0.000803"/>
        <testcase name="testCheckRankQuantOk" file="/home/juli22/dbwebb-kurser/mvc/me/report/tests/ProjectCard/CardSearcherTest.php" line="79" class="App\ProjectCard\CardSearcherTest" classname="App.ProjectCard.CardSearcherTest" assertions="1" time="0.000816"/>
        <testcase name="testCheckRankQuantOk2" file="/home/juli22/dbwebb-kurser/mvc/me/report/tests/ProjectCard/CardSearcherTest.php" line="92" class="App\ProjectCard\CardSearcherTest" classname="App.ProjectCard.CardSearcherTest" assertions="1" time="0.000778"/>
        <testcase name="testCheckRanksQuantNotOk" file="/home/juli22/dbwebb-kurser/mvc/me/report/tests/ProjectCard/CardSearcherTest.php" line="106" class="App\ProjectCard\CardSearcherTest" classname="App.ProjectCard.CardSearcherTest" assertions="1" time="0.000763"/>
        <testcase name="testCheckRanksQuantOk" file="/home/juli22/dbwebb-kurser/mvc/me/report/tests/ProjectCard/CardSearcherTest.php" line="120" class="App\ProjectCard\CardSearcherTest" classname="App.ProjectCard.CardSearcherTest" assertions="1" time="0.000785"/>
        <testcase name="testCheckRanksQuantOk2" file="/home/juli22/dbwebb-kurser/mvc/me/report/tests/ProjectCard/CardSearcherTest.php" line="134" class="App\ProjectCard\CardSearcherTest" classname="App.ProjectCard.CardSearcherTest" assertions="1" time="0.000768"/>
      </testsuite>
      <testsuite name="App\ProjectCard\CardTest" file="/home/juli22/dbwebb-kurser/mvc/me/report/tests/ProjectCard/CardTest.php" tests="1" assertions="4" errors="0" failures="0" skipped="0" time="0.000758">
        <testcase name="testCreateObject" file="/home/juli22/dbwebb-kurser/mvc/me/report/tests/ProjectCard/CardTest.php" line="12" class="App\ProjectCard\CardTest" classname="App.ProjectCard.CardTest" assertions="4" time="0.000758"/>
      </testsuite>
      <testsuite name="App\ProjectCard\DeckTest" file="/home/juli22/dbwebb-kurser/mvc/me/report/tests/ProjectCard/DeckTest.php" tests="5" assertions="10" errors="0" failures="0" skipped="0" time="0.007282">
        <testcase name="testCreateObject" file="/home/juli22/dbwebb-kurser/mvc/me/report/tests/ProjectCard/DeckTest.php" line="17" class="App\ProjectCard\DeckTest" classname="App.ProjectCard.DeckTest" assertions="4" time="0.002766"/>
        <testcase name="testDealOk" file="/home/juli22/dbwebb-kurser/mvc/me/report/tests/ProjectCard/DeckTest.php" line="43" class="App\ProjectCard\DeckTest" classname="App.ProjectCard.DeckTest" assertions="2" time="0.001335"/>
        <testcase name="testRanksOfSuitOk" file="/home/juli22/dbwebb-kurser/mvc/me/report/tests/ProjectCard/DeckTest.php" line="60" class="App\ProjectCard\DeckTest" classname="App.ProjectCard.DeckTest" assertions="1" time="0.001234"/>
        <testcase name="testDealNotOk" file="/home/juli22/dbwebb-kurser/mvc/me/report/tests/ProjectCard/DeckTest.php" line="76" class="App\ProjectCard\DeckTest" classname="App.ProjectCard.DeckTest" assertions="1" time="0.000845"/>
        <testcase name="testShuffleOk" file="/home/juli22/dbwebb-kurser/mvc/me/report/tests/ProjectCard/DeckTest.php" line="90" class="App\ProjectCard\DeckTest" classname="App.ProjectCard.DeckTest" assertions="2" time="0.001102"/>
      </testsuite>
      <testsuite name="App\ProjectGrid\EmptyCellFinderTest" file="/home/juli22/dbwebb-kurser/mvc/me/report/tests/ProjectGrid/EmptyCellFinderTest.php" tests="2" assertions="2" errors="0" failures="0" skipped="0" time="0.001409">
        <testcase name="testSingle" file="/home/juli22/dbwebb-kurser/mvc/me/report/tests/ProjectGrid/EmptyCellFinderTest.php" line="51" class="App\ProjectGrid\EmptyCellFinderTest" classname="App.ProjectGrid.EmptyCellFinderTest" assertions="1" time="0.000690"/>
        <testcase name="testAll" file="/home/juli22/dbwebb-kurser/mvc/me/report/tests/ProjectGrid/EmptyCellFinderTest.php" line="60" class="App\ProjectGrid\EmptyCellFinderTest" classname="App.ProjectGrid.EmptyCellFinderTest" assertions="1" time="0.000719"/>
      </testsuite>
      <testsuite name="App\ProjectGrid\GridColsTest" file="/home/juli22/dbwebb-kurser/mvc/me/report/tests/ProjectGrid/GridColsTest.php" tests="1" assertions="1" errors="0" failures="0" skipped="0" time="0.000847">
        <testcase name="testAll" file="/home/juli22/dbwebb-kurser/mvc/me/report/tests/ProjectGrid/GridColsTest.php" line="83" class="App\ProjectGrid\GridColsTest" classname="App.ProjectGrid.GridColsTest" assertions="1" time="0.000847"/>
      </testsuite>
      <testsuite name="App\ProjectGrid\GridGraphicTest" file="/home/juli22/dbwebb-kurser/mvc/me/report/tests/ProjectGrid/GridGraphicTest.php" tests="1" assertions="1" errors="0" failures="0" skipped="0" time="0.000804">
        <testcase name="testGraphic" file="/home/juli22/dbwebb-kurser/mvc/me/report/tests/ProjectGrid/GridGraphicTest.php" line="51" class="App\ProjectGrid\GridGraphicTest" classname="App.ProjectGrid.GridGraphicTest" assertions="1" time="0.000804"/>
      </testsuite>
      <testsuite name="App\ProjectGrid\GridTest" file="/home/juli22/dbwebb-kurser/mvc/me/report/tests/ProjectGrid/GridTest.php" tests="4" assertions="9" errors="0" failures="0" skipped="0" time="0.003289">
        <testcase name="testSetCards" file="/home/juli22/dbwebb-kurser/mvc/me/report/tests/ProjectGrid/GridTest.php" line="88" class="App\ProjectGrid\GridTest" classname="App.ProjectGrid.GridTest" assertions="1" time="0.000760"/>
        <testcase name="testRowsAndCols" file="/home/juli22/dbwebb-kurser/mvc/me/report/tests/ProjectGrid/GridTest.php" line="98" class="App\ProjectGrid\GridTest" classname="App.ProjectGrid.GridTest" assertions="1" time="0.001027"/>
        <testcase name="testAddOk" file="/home/juli22/dbwebb-kurser/mvc/me/report/tests/ProjectGrid/GridTest.php" line="109" class="App\ProjectGrid\GridTest" classname="App.ProjectGrid.GridTest" assertions="5" time="0.000752"/>
        <testcase name="testAddNotOk" file="/home/juli22/dbwebb-kurser/mvc/me/report/tests/ProjectGrid/GridTest.php" line="125" class="App\ProjectGrid\GridTest" classname="App.ProjectGrid.GridTest" assertions="2" time="0.000751"/>
      </testsuite>
      <testsuite name="App\ProjectRules\FourOfAKindStatNotOkTest" file="/home/juli22/dbwebb-kurser/mvc/me/report/tests/ProjectRules/FourOfAKindStatNotOkTest.php" tests="5" assertions="5" errors="0" failures="0" skipped="0" time="0.004316">
        <testcase name="testPossibleNotOk2" file="/home/juli22/dbwebb-kurser/mvc/me/report/tests/ProjectRules/FourOfAKindStatNotOkTest.php" line="32" class="App\ProjectRules\FourOfAKindStatNotOkTest" classname="App.ProjectRules.FourOfAKindStatNotOkTest" assertions="1" time="0.000946"/>
        <testcase name="testPossibleNotOk3" file="/home/juli22/dbwebb-kurser/mvc/me/report/tests/ProjectRules/FourOfAKindStatNotOkTest.php" line="43" class="App\ProjectRules\FourOfAKindStatNotOkTest" classname="App.ProjectRules.FourOfAKindStatNotOkTest" assertions="1" time="0.000901"/>
        <testcase name="testPossibleNotOk4" file="/home/juli22/dbwebb-kurser/mvc/me/report/tests/ProjectRules/FourOfAKindStatNotOkTest.php" line="54" class="App\ProjectRules\FourOfAKindStatNotOkTest" classname="App.ProjectRules.FourOfAKindStatNotOkTest" assertions="1" time="0.000858"/>
        <testcase name="testPossibleNotOk5" file="/home/juli22/dbwebb-kurser/mvc/me/report/tests/ProjectRules/FourOfAKindStatNotOkTest.php" line="65" class="App\ProjectRules\FourOfAKindStatNotOkTest" classname="App.ProjectRules.FourOfAKindStatNotOkTest" assertions="1" time="0.000845"/>
        <testcase name="testPossibleNotOk6" file="/home/juli22/dbwebb-kurser/mvc/me/report/tests/ProjectRules/FourOfAKindStatNotOkTest.php" line="76" class="App\ProjectRules\FourOfAKindStatNotOkTest" classname="App.ProjectRules.FourOfAKindStatNotOkTest" assertions="1" time="0.000766"/>
      </testsuite>
      <testsuite name="App\ProjectRules\FourOfAKindStatOkTest" file="/home/juli22/dbwebb-kurser/mvc/me/report/tests/ProjectRules/FourOfAKindStatOkTest.php" tests="6" assertions="6" errors="0" failures="0" skipped="0" time="0.005364">
        <testcase name="testPossibleOk" file="/home/juli22/dbwebb-kurser/mvc/me/report/tests/ProjectRules/FourOfAKindStatOkTest.php" line="15" class="App\ProjectRules\FourOfAKindStatOkTest" classname="App.ProjectRules.FourOfAKindStatOkTest" assertions="1" time="0.001004"/>
        <testcase name="testPossibleOk2" file="/home/juli22/dbwebb-kurser/mvc/me/report/tests/ProjectRules/FourOfAKindStatOkTest.php" line="26" class="App\ProjectRules\FourOfAKindStatOkTest" classname="App.ProjectRules.FourOfAKindStatOkTest" assertions="1" time="0.001087"/>
        <testcase name="testPossibleOk3" file="/home/juli22/dbwebb-kurser/mvc/me/report/tests/ProjectRules/FourOfAKindStatOkTest.php" line="37" class="App\ProjectRules\FourOfAKindStatOkTest" classname="App.ProjectRules.FourOfAKindStatOkTest" assertions="1" time="0.000815"/>
        <testcase name="testPossibleOk4" file="/home/juli22/dbwebb-kurser/mvc/me/report/tests/ProjectRules/FourOfAKindStatOkTest.php" line="48" class="App\ProjectRules\FourOfAKindStatOkTest" classname="App.ProjectRules.FourOfAKindStatOkTest" assertions="1" time="0.000809"/>
        <testcase name="testPossibleOk5" file="/home/juli22/dbwebb-kurser/mvc/me/report/tests/ProjectRules/FourOfAKindStatOkTest.php" line="59" class="App\ProjectRules\FourOfAKindStatOkTest" classname="App.ProjectRules.FourOfAKindStatOkTest" assertions="1" time="0.000811"/>
        <testcase name="testPossibleOk6" file="/home/juli22/dbwebb-kurser/mvc/me/report/tests/ProjectRules/FourOfAKindStatOkTest.php" line="70" class="App\ProjectRules\FourOfAKindStatOkTest" classname="App.ProjectRules.FourOfAKindStatOkTest" assertions="1" time="0.000839"/>
      </testsuite>
      <testsuite name="App\ProjectRules\FourOfAKindTest" file="/home/juli22/dbwebb-kurser/mvc/me/report/tests/ProjectRules/FourOfAKindTest.php" tests="5" assertions="5" errors="0" failures="0" skipped="0" time="0.003879">
        <testcase name="testScoreOk" file="/home/juli22/dbwebb-kurser/mvc/me/report/tests/ProjectRules/FourOfAKindTest.php" line="13" class="App\ProjectRules\FourOfAKindTest" classname="App.ProjectRules.FourOfAKindTest" assertions="1" time="0.000797"/>
        <testcase name="testScoreOk2" file="/home/juli22/dbwebb-kurser/mvc/me/report/tests/ProjectRules/FourOfAKindTest.php" line="27" class="App\ProjectRules\FourOfAKindTest" classname="App.ProjectRules.FourOfAKindTest" assertions="1" time="0.000760"/>
        <testcase name="testScoreNotOk" file="/home/juli22/dbwebb-kurser/mvc/me/report/tests/ProjectRules/FourOfAKindTest.php" line="41" class="App\ProjectRules\FourOfAKindTest" classname="App.ProjectRules.FourOfAKindTest" assertions="1" time="0.000761"/>
        <testcase name="testScoreNotOk2" file="/home/juli22/dbwebb-kurser/mvc/me/report/tests/ProjectRules/FourOfAKindTest.php" line="49" class="App\ProjectRules\FourOfAKindTest" classname="App.ProjectRules.FourOfAKindTest" assertions="1" time="0.000795"/>
        <testcase name="testScoreNotOk3" file="/home/juli22/dbwebb-kurser/mvc/me/report/tests/ProjectRules/FourOfAKindTest.php" line="58" class="App\ProjectRules\FourOfAKindTest" classname="App.ProjectRules.FourOfAKindTest" assertions="1" time="0.000766"/>
      </testsuite>
      <testsuite name="App\ProjectRules\RoyalFlushStatTest" file="/home/juli22/dbwebb-kurser/mvc/me/report/tests/ProjectRules/RoyalFlushStatTest.php" tests="7" assertions="9" errors="0" failures="0" skipped="0" time="0.008501">
        <testcase name="testPossibleNotOk2" file="/home/juli22/dbwebb-kurser/mvc/me/report/tests/ProjectRules/RoyalFlushStatTest.php" line="32" class="App\ProjectRules\RoyalFlushStatTest" classname="App.ProjectRules.RoyalFlushStatTest" assertions="1" time="0.002158"/>
        <testcase name="testPossibleNotOk3" file="/home/juli22/dbwebb-kurser/mvc/me/report/tests/ProjectRules/RoyalFlushStatTest.php" line="60" class="App\ProjectRules\RoyalFlushStatTest" classname="App.ProjectRules.RoyalFlushStatTest" assertions="2" time="0.001644"/>
        <testcase name="testPossibleNotOk4" file="/home/juli22/dbwebb-kurser/mvc/me/report/tests/ProjectRules/RoyalFlushStatTest.php" line="91" class="App\ProjectRules\RoyalFlushStatTest" classname="App.ProjectRules.RoyalFlushStatTest" assertions="2" time="0.001366"/>
        <testcase name="testPossibleNotOk5" file="/home/juli22/dbwebb-kurser/mvc/me/report/tests/ProjectRules/RoyalFlushStatTest.php" line="122" class="App\ProjectRules\RoyalFlushStatTest" classname="App.ProjectRules.RoyalFlushStatTest" assertions="1" time="0.000842"/>
        <testcase name="testPossibleNotOk6" file="/home/juli22/dbwebb-kurser/mvc/me/report/tests/ProjectRules/RoyalFlushStatTest.php" line="139" class="App\ProjectRules\RoyalFlushStatTest" classname="App.ProjectRules.RoyalFlushStatTest" assertions="1" time="0.000803"/>
        <testcase name="testPossibleOk" file="/home/juli22/dbwebb-kurser/mvc/me/report/tests/ProjectRules/RoyalFlushStatTest.php" line="156" class="App\ProjectRules\RoyalFlushStatTest" classname="App.ProjectRules.RoyalFlushStatTest" assertions="1" time="0.000854"/>
        <testcase name="testPossibleOk2" file="/home/juli22/dbwebb-kurser/mvc/me/report/tests/ProjectRules/RoyalFlushStatTest.php" line="173" class="App\ProjectRules\RoyalFlushStatTest" classname="App.ProjectRules.RoyalFlushStatTest" assertions="1" time="0.000834"/>
      </testsuite>
      <testsuite name="App\ProjectRules\RoyalFlushTest" file="/home/juli22/dbwebb-kurser/mvc/me/report/tests/ProjectRules/RoyalFlushTest.php" tests="6" assertions="6" errors="0" failures="0" skipped="0" time="0.004642">
        <testcase name="testCreateObject" file="/home/juli22/dbwebb-kurser/mvc/me/report/tests/ProjectRules/RoyalFlushTest.php" line="13" class="App\ProjectRules\RoyalFlushTest" classname="App.ProjectRules.RoyalFlushTest" assertions="1" time="0.000717"/>
        <testcase name="testScoreOk" file="/home/juli22/dbwebb-kurser/mvc/me/report/tests/ProjectRules/RoyalFlushTest.php" line="19" class="App\ProjectRules\RoyalFlushTest" classname="App.ProjectRules.RoyalFlushTest" assertions="1" time="0.000804"/>
        <testcase name="testScoreNotOk" file="/home/juli22/dbwebb-kurser/mvc/me/report/tests/ProjectRules/RoyalFlushTest.php" line="36" class="App\ProjectRules\RoyalFlushTest" classname="App.ProjectRules.RoyalFlushTest" assertions="1" time="0.000859"/>
        <testcase name="testScoreNotOk2" file="/home/juli22/dbwebb-kurser/mvc/me/report/tests/ProjectRules/RoyalFlushTest.php" line="48" class="App\ProjectRules\RoyalFlushTest" classname="App.ProjectRules.RoyalFlushTest" assertions="1" time="0.000757"/>
        <testcase name="testScoreNotOk3" file="/home/juli22/dbwebb-kurser/mvc/me/report/tests/ProjectRules/RoyalFlushTest.php" line="64" class="App\ProjectRules\RoyalFlushTest" classname="App.ProjectRules.RoyalFlushTest" assertions="1" time="0.000746"/>
        <testcase name="testScoreNotOk4" file="/home/juli22/dbwebb-kurser/mvc/me/report/tests/ProjectRules/RoyalFlushTest.php" line="77" class="App\ProjectRules\RoyalFlushTest" classname="App.ProjectRules.RoyalFlushTest" assertions="1" time="0.000759"/>
      </testsuite>
      <testsuite name="App\ProjectRules\StraightFlushTest" file="/home/juli22/dbwebb-kurser/mvc/me/report/tests/ProjectRules/StraightFlushTest.php" tests="5" assertions="5" errors="0" failures="0" skipped="0" time="0.003833">
        <testcase name="testScoreOk" file="/home/juli22/dbwebb-kurser/mvc/me/report/tests/ProjectRules/StraightFlushTest.php" line="13" class="App\ProjectRules\StraightFlushTest" classname="App.ProjectRules.StraightFlushTest" assertions="1" time="0.000774"/>
        <testcase name="testScoreNotOk" file="/home/juli22/dbwebb-kurser/mvc/me/report/tests/ProjectRules/StraightFlushTest.php" line="30" class="App\ProjectRules\StraightFlushTest" classname="App.ProjectRules.StraightFlushTest" assertions="1" time="0.000777"/>
        <testcase name="testScoreNotOk2" file="/home/juli22/dbwebb-kurser/mvc/me/report/tests/ProjectRules/StraightFlushTest.php" line="42" class="App\ProjectRules\StraightFlushTest" classname="App.ProjectRules.StraightFlushTest" assertions="1" time="0.000761"/>
        <testcase name="testScoreNotOk3" file="/home/juli22/dbwebb-kurser/mvc/me/report/tests/ProjectRules/StraightFlushTest.php" line="58" class="App\ProjectRules\StraightFlushTest" classname="App.ProjectRules.StraightFlushTest" assertions="1" time="0.000761"/>
        <testcase name="testScoreNotOk4" file="/home/juli22/dbwebb-kurser/mvc/me/report/tests/ProjectRules/StraightFlushTest.php" line="71" class="App\ProjectRules\StraightFlushTest" classname="App.ProjectRules.StraightFlushTest" assertions="1" time="0.000760"/>
      </testsuite>
      <testsuite name="App\Repository\BookRepositoryTest" file="/home/juli22/dbwebb-kurser/mvc/me/report/tests/Repository/BookRepositoryTest.php" tests="2" assertions="4" errors="0" failures="0" skipped="0" time="0.002307">
        <testcase name="testCreateObject" file="/home/juli22/dbwebb-kurser/mvc/me/report/tests/Repository/BookRepositoryTest.php" line="22" class="App\Repository\BookRepositoryTest" classname="App.Repository.BookRepositoryTest" assertions="1" time="0.001221"/>
        <testcase name="testCompareIdNotOk" file="/home/juli22/dbwebb-kurser/mvc/me/report/tests/Repository/BookRepositoryTest.php" line="34" class="App\Repository\BookRepositoryTest" classname="App.Repository.BookRepositoryTest" assertions="3" time="0.001086"/>
      </testsuite>
    </testsuite>
  </testsuite>
</testsuites>
