<?xml version="1.0" encoding="UTF-8"?>
<testsuites>
  <testsuite name="" tests="327" assertions="573" errors="0" failures="0" skipped="0" time="2.299094">
    <testsuite name="Project Test Suite" tests="327" assertions="573" errors="0" failures="0" skipped="0" time="2.299094">
      <testsuite name="App\Cards\CardDeckHandlerTest" file="/home/juli22/dbwebb-kurser/mvc/me/report/tests/Cards/CardDeckHandlerTest.php" tests="2" assertions="3" errors="0" failures="0" skipped="0" time="0.051247">
        <testcase name="testCreateObject" file="/home/juli22/dbwebb-kurser/mvc/me/report/tests/Cards/CardDeckHandlerTest.php" line="16" class="App\Cards\CardDeckHandlerTest" classname="App.Cards.CardDeckHandlerTest" assertions="1" time="0.042632"/>
        <testcase name="testGetDeckRouteData" file="/home/juli22/dbwebb-kurser/mvc/me/report/tests/Cards/CardDeckHandlerTest.php" line="25" class="App\Cards\CardDeckHandlerTest" classname="App.Cards.CardDeckHandlerTest" assertions="2" time="0.008616"/>
      </testsuite>
      <testsuite name="App\Cards\CardGraphicTest" file="/home/juli22/dbwebb-kurser/mvc/me/report/tests/Cards/CardGraphicTest.php" tests="1" assertions="2" errors="0" failures="0" skipped="0" time="0.008917">
        <testcase name="testCreateObject" file="/home/juli22/dbwebb-kurser/mvc/me/report/tests/Cards/CardGraphicTest.php" line="16" class="App\Cards\CardGraphicTest" classname="App.Cards.CardGraphicTest" assertions="2" time="0.008917"/>
      </testsuite>
      <testsuite name="App\Cards\CardHandTest" file="/home/juli22/dbwebb-kurser/mvc/me/report/tests/Cards/CardHandTest.php" tests="8" assertions="14" errors="0" failures="0" skipped="0" time="0.014886">
        <testcase name="testCreateObject" file="/home/juli22/dbwebb-kurser/mvc/me/report/tests/Cards/CardHandTest.php" line="22" class="App\Cards\CardHandTest" classname="App.Cards.CardHandTest" assertions="5" time="0.004606"/>
        <testcase name="testAddOneCardOk" file="/home/juli22/dbwebb-kurser/mvc/me/report/tests/Cards/CardHandTest.php" line="43" class="App\Cards\CardHandTest" classname="App.Cards.CardHandTest" assertions="2" time="0.001400"/>
        <testcase name="testGetValues" file="/home/juli22/dbwebb-kurser/mvc/me/report/tests/Cards/CardHandTest.php" line="67" class="App\Cards\CardHandTest" classname="App.Cards.CardHandTest" assertions="1" time="0.001528"/>
        <testcase name="testGetAsString" file="/home/juli22/dbwebb-kurser/mvc/me/report/tests/Cards/CardHandTest.php" line="93" class="App\Cards\CardHandTest" classname="App.Cards.CardHandTest" assertions="1" time="0.001418"/>
        <testcase name="testGetImgLinksAndDescr" file="/home/juli22/dbwebb-kurser/mvc/me/report/tests/Cards/CardHandTest.php" line="118" class="App\Cards\CardHandTest" classname="App.Cards.CardHandTest" assertions="1" time="0.001657"/>
        <testcase name="testAddManyCardsOk" file="/home/juli22/dbwebb-kurser/mvc/me/report/tests/Cards/CardHandTest.php" line="147" class="App\Cards\CardHandTest" classname="App.Cards.CardHandTest" assertions="1" time="0.000811"/>
        <testcase name="testAddManyCardsNotOk" file="/home/juli22/dbwebb-kurser/mvc/me/report/tests/Cards/CardHandTest.php" line="163" class="App\Cards\CardHandTest" classname="App.Cards.CardHandTest" assertions="1" time="0.002547"/>
        <testcase name="testEmptyHandOk" file="/home/juli22/dbwebb-kurser/mvc/me/report/tests/Cards/CardHandTest.php" line="183" class="App\Cards\CardHandTest" classname="App.Cards.CardHandTest" assertions="2" time="0.000919"/>
      </testsuite>
      <testsuite name="App\Cards\CardHandlerTest" file="/home/juli22/dbwebb-kurser/mvc/me/report/tests/Cards/CardHandlerTest.php" tests="4" assertions="9" errors="0" failures="0" skipped="0" time="0.011983">
        <testcase name="testCreateObject" file="/home/juli22/dbwebb-kurser/mvc/me/report/tests/Cards/CardHandlerTest.php" line="16" class="App\Cards\CardHandlerTest" classname="App.Cards.CardHandlerTest" assertions="1" time="0.003990"/>
        <testcase name="testGetDataForDrawOneCard" file="/home/juli22/dbwebb-kurser/mvc/me/report/tests/Cards/CardHandlerTest.php" line="26" class="App\Cards\CardHandlerTest" classname="App.Cards.CardHandlerTest" assertions="2" time="0.004335"/>
        <testcase name="testGetDataForDrawManyCards" file="/home/juli22/dbwebb-kurser/mvc/me/report/tests/Cards/CardHandlerTest.php" line="56" class="App\Cards\CardHandlerTest" classname="App.Cards.CardHandlerTest" assertions="1" time="0.001837"/>
        <testcase name="testGetDataForDrawManyCardsManyPlayers" file="/home/juli22/dbwebb-kurser/mvc/me/report/tests/Cards/CardHandlerTest.php" line="70" class="App\Cards\CardHandlerTest" classname="App.Cards.CardHandlerTest" assertions="5" time="0.001820"/>
      </testsuite>
      <testsuite name="App\Cards\CardLandingHandlerTest" file="/home/juli22/dbwebb-kurser/mvc/me/report/tests/Cards/CardLandingHandlerTest.php" tests="2" assertions="2" errors="0" failures="0" skipped="0" time="0.003646">
        <testcase name="testCreateObject" file="/home/juli22/dbwebb-kurser/mvc/me/report/tests/Cards/CardLandingHandlerTest.php" line="15" class="App\Cards\CardLandingHandlerTest" classname="App.Cards.CardLandingHandlerTest" assertions="1" time="0.002976"/>
        <testcase name="testGetMainData" file="/home/juli22/dbwebb-kurser/mvc/me/report/tests/Cards/CardLandingHandlerTest.php" line="24" class="App\Cards\CardLandingHandlerTest" classname="App.Cards.CardLandingHandlerTest" assertions="1" time="0.000669"/>
      </testsuite>
      <testsuite name="App\Cards\CardTest" file="/home/juli22/dbwebb-kurser/mvc/me/report/tests/Cards/CardTest.php" tests="2" assertions="10" errors="0" failures="0" skipped="0" time="0.001473">
        <testcase name="testCreateObject" file="/home/juli22/dbwebb-kurser/mvc/me/report/tests/Cards/CardTest.php" line="16" class="App\Cards\CardTest" classname="App.Cards.CardTest" assertions="5" time="0.000730"/>
        <testcase name="testCreateDifferentObject" file="/home/juli22/dbwebb-kurser/mvc/me/report/tests/Cards/CardTest.php" line="42" class="App\Cards\CardTest" classname="App.Cards.CardTest" assertions="5" time="0.000743"/>
      </testsuite>
      <testsuite name="App\Cards\DeckOfCardsExtTest" file="/home/juli22/dbwebb-kurser/mvc/me/report/tests/Cards/DeckOfCardsExtTest.php" tests="1" assertions="5" errors="0" failures="0" skipped="0" time="0.003183">
        <testcase name="testCreateObject" file="/home/juli22/dbwebb-kurser/mvc/me/report/tests/Cards/DeckOfCardsExtTest.php" line="16" class="App\Cards\DeckOfCardsExtTest" classname="App.Cards.DeckOfCardsExtTest" assertions="5" time="0.003183"/>
      </testsuite>
      <testsuite name="App\Cards\DeckOfCardsTest" file="/home/juli22/dbwebb-kurser/mvc/me/report/tests/Cards/DeckOfCardsTest.php" tests="9" assertions="21" errors="0" failures="0" skipped="0" time="0.013679">
        <testcase name="testCreateObject" file="/home/juli22/dbwebb-kurser/mvc/me/report/tests/Cards/DeckOfCardsTest.php" line="17" class="App\Cards\DeckOfCardsTest" classname="App.Cards.DeckOfCardsTest" assertions="4" time="0.001047"/>
        <testcase name="testDrawOk" file="/home/juli22/dbwebb-kurser/mvc/me/report/tests/Cards/DeckOfCardsTest.php" line="43" class="App\Cards\DeckOfCardsTest" classname="App.Cards.DeckOfCardsTest" assertions="1" time="0.001199"/>
        <testcase name="testDrawNotOk" file="/home/juli22/dbwebb-kurser/mvc/me/report/tests/Cards/DeckOfCardsTest.php" line="65" class="App\Cards\DeckOfCardsTest" classname="App.Cards.DeckOfCardsTest" assertions="1" time="0.001031"/>
        <testcase name="testCardCountOk" file="/home/juli22/dbwebb-kurser/mvc/me/report/tests/Cards/DeckOfCardsTest.php" line="84" class="App\Cards\DeckOfCardsTest" classname="App.Cards.DeckOfCardsTest" assertions="1" time="0.001034"/>
        <testcase name="testGetAsStringOk" file="/home/juli22/dbwebb-kurser/mvc/me/report/tests/Cards/DeckOfCardsTest.php" line="101" class="App\Cards\DeckOfCardsTest" classname="App.Cards.DeckOfCardsTest" assertions="5" time="0.001262"/>
        <testcase name="testGetAsStringNotOk" file="/home/juli22/dbwebb-kurser/mvc/me/report/tests/Cards/DeckOfCardsTest.php" line="126" class="App\Cards\DeckOfCardsTest" classname="App.Cards.DeckOfCardsTest" assertions="1" time="0.000818"/>
        <testcase name="testGetImgLinksOk" file="/home/juli22/dbwebb-kurser/mvc/me/report/tests/Cards/DeckOfCardsTest.php" line="143" class="App\Cards\DeckOfCardsTest" classname="App.Cards.DeckOfCardsTest" assertions="5" time="0.001571"/>
        <testcase name="testGetImgLinksNotOk" file="/home/juli22/dbwebb-kurser/mvc/me/report/tests/Cards/DeckOfCardsTest.php" line="169" class="App\Cards\DeckOfCardsTest" classname="App.Cards.DeckOfCardsTest" assertions="1" time="0.001166"/>
        <testcase name="testShuffleOk" file="/home/juli22/dbwebb-kurser/mvc/me/report/tests/Cards/DeckOfCardsTest.php" line="185" class="App\Cards\DeckOfCardsTest" classname="App.Cards.DeckOfCardsTest" assertions="2" time="0.004551"/>
      </testsuite>
      <testsuite name="App\Cards\JsonCardHandlerTest" file="/home/juli22/dbwebb-kurser/mvc/me/report/tests/Cards/JsonCardHandlerTest.php" tests="5" assertions="11" errors="0" failures="0" skipped="0" time="0.009154">
        <testcase name="testCreateObject" file="/home/juli22/dbwebb-kurser/mvc/me/report/tests/Cards/JsonCardHandlerTest.php" line="16" class="App\Cards\JsonCardHandlerTest" classname="App.Cards.JsonCardHandlerTest" assertions="1" time="0.004348"/>
        <testcase name="testGetDeckRouteData" file="/home/juli22/dbwebb-kurser/mvc/me/report/tests/Cards/JsonCardHandlerTest.php" line="25" class="App\Cards\JsonCardHandlerTest" classname="App.Cards.JsonCardHandlerTest" assertions="2" time="0.000871"/>
        <testcase name="testGetDataForDrawOneCard" file="/home/juli22/dbwebb-kurser/mvc/me/report/tests/Cards/JsonCardHandlerTest.php" line="43" class="App\Cards\JsonCardHandlerTest" classname="App.Cards.JsonCardHandlerTest" assertions="2" time="0.001090"/>
        <testcase name="testGetDataForDrawManyCards" file="/home/juli22/dbwebb-kurser/mvc/me/report/tests/Cards/JsonCardHandlerTest.php" line="69" class="App\Cards\JsonCardHandlerTest" classname="App.Cards.JsonCardHandlerTest" assertions="1" time="0.001020"/>
        <testcase name="testGetDataForDrawManyCardsManyPlayers" file="/home/juli22/dbwebb-kurser/mvc/me/report/tests/Cards/JsonCardHandlerTest.php" line="83" class="App\Cards\JsonCardHandlerTest" classname="App.Cards.JsonCardHandlerTest" assertions="5" time="0.001825"/>
      </testsuite>
      <testsuite name="App\Cards\PlayerCreatorTest" file="/home/juli22/dbwebb-kurser/mvc/me/report/tests/Cards/PlayerCreatorTest.php" tests="2" assertions="5" errors="0" failures="0" skipped="0" time="0.003932">
        <testcase name="testCreateObject" file="/home/juli22/dbwebb-kurser/mvc/me/report/tests/Cards/PlayerCreatorTest.php" line="16" class="App\Cards\PlayerCreatorTest" classname="App.Cards.PlayerCreatorTest" assertions="1" time="0.003199"/>
        <testcase name="testCreatePlayers" file="/home/juli22/dbwebb-kurser/mvc/me/report/tests/Cards/PlayerCreatorTest.php" line="26" class="App\Cards\PlayerCreatorTest" classname="App.Cards.PlayerCreatorTest" assertions="4" time="0.000734"/>
      </testsuite>
      <testsuite name="App\Cards\PlayerTest" file="/home/juli22/dbwebb-kurser/mvc/me/report/tests/Cards/PlayerTest.php" tests="4" assertions="7" errors="0" failures="0" skipped="0" time="0.003922">
        <testcase name="testCreateObject" file="/home/juli22/dbwebb-kurser/mvc/me/report/tests/Cards/PlayerTest.php" line="22" class="App\Cards\PlayerTest" classname="App.Cards.PlayerTest" assertions="4" time="0.000772"/>
        <testcase name="testDrawOk" file="/home/juli22/dbwebb-kurser/mvc/me/report/tests/Cards/PlayerTest.php" line="42" class="App\Cards\PlayerTest" classname="App.Cards.PlayerTest" assertions="1" time="0.001232"/>
        <testcase name="testDrawManyOk" file="/home/juli22/dbwebb-kurser/mvc/me/report/tests/Cards/PlayerTest.php" line="61" class="App\Cards\PlayerTest" classname="App.Cards.PlayerTest" assertions="1" time="0.000917"/>
        <testcase name="testDrawManyNotOk" file="/home/juli22/dbwebb-kurser/mvc/me/report/tests/Cards/PlayerTest.php" line="81" class="App\Cards\PlayerTest" classname="App.Cards.PlayerTest" assertions="1" time="0.001002"/>
      </testsuite>
      <testsuite name="App\Controller\CardControllerTest" file="/home/juli22/dbwebb-kurser/mvc/me/report/tests/Controller/CardControllerTest.php" tests="5" assertions="26" errors="0" failures="0" skipped="0" time="1.444838">
        <testcase name="testDeck" file="/home/juli22/dbwebb-kurser/mvc/me/report/tests/Controller/CardControllerTest.php" line="9" class="App\Controller\CardControllerTest" classname="App.Controller.CardControllerTest" assertions="4" time="1.389182"/>
        <testcase name="testShuffle" file="/home/juli22/dbwebb-kurser/mvc/me/report/tests/Controller/CardControllerTest.php" line="18" class="App\Controller\CardControllerTest" classname="App.Controller.CardControllerTest" assertions="4" time="0.013785"/>
        <testcase name="testDraw" file="/home/juli22/dbwebb-kurser/mvc/me/report/tests/Controller/CardControllerTest.php" line="27" class="App\Controller\CardControllerTest" classname="App.Controller.CardControllerTest" assertions="6" time="0.020650"/>
        <testcase name="testDrawMany" file="/home/juli22/dbwebb-kurser/mvc/me/report/tests/Controller/CardControllerTest.php" line="37" class="App\Controller\CardControllerTest" classname="App.Controller.CardControllerTest" assertions="6" time="0.009833"/>
        <testcase name="testDeal" file="/home/juli22/dbwebb-kurser/mvc/me/report/tests/Controller/CardControllerTest.php" line="47" class="App\Controller\CardControllerTest" classname="App.Controller.CardControllerTest" assertions="6" time="0.011388"/>
      </testsuite>
      <testsuite name="App\Controller\CardLandingControllerTest" file="/home/juli22/dbwebb-kurser/mvc/me/report/tests/Controller/CardLandingControllerTest.php" tests="1" assertions="4" errors="0" failures="0" skipped="0" time="0.017091">
        <testcase name="testCard" file="/home/juli22/dbwebb-kurser/mvc/me/report/tests/Controller/CardLandingControllerTest.php" line="9" class="App\Controller\CardLandingControllerTest" classname="App.Controller.CardLandingControllerTest" assertions="4" time="0.017091"/>
      </testsuite>
      <testsuite name="App\Controller\Game21ControllerTest" file="/home/juli22/dbwebb-kurser/mvc/me/report/tests/Controller/Game21ControllerTest.php" tests="8" assertions="32" errors="0" failures="0" skipped="0" time="0.135182">
        <testcase name="testGame" file="/home/juli22/dbwebb-kurser/mvc/me/report/tests/Controller/Game21ControllerTest.php" line="9" class="App\Controller\Game21ControllerTest" classname="App.Controller.Game21ControllerTest" assertions="6" time="0.018060"/>
        <testcase name="testDoc" file="/home/juli22/dbwebb-kurser/mvc/me/report/tests/Controller/Game21ControllerTest.php" line="19" class="App\Controller\Game21ControllerTest" classname="App.Controller.Game21ControllerTest" assertions="4" time="0.012493"/>
        <testcase name="testInit" file="/home/juli22/dbwebb-kurser/mvc/me/report/tests/Controller/Game21ControllerTest.php" line="28" class="App\Controller\Game21ControllerTest" classname="App.Controller.Game21ControllerTest" assertions="3" time="0.007083"/>
        <testcase name="testSelectAmount" file="/home/juli22/dbwebb-kurser/mvc/me/report/tests/Controller/Game21ControllerTest.php" line="36" class="App\Controller\Game21ControllerTest" classname="App.Controller.Game21ControllerTest" assertions="6" time="0.019175"/>
        <testcase name="testBet" file="/home/juli22/dbwebb-kurser/mvc/me/report/tests/Controller/Game21ControllerTest.php" line="53" class="App\Controller\Game21ControllerTest" classname="App.Controller.Game21ControllerTest" assertions="3" time="0.013577"/>
        <testcase name="testPlayerDraw" file="/home/juli22/dbwebb-kurser/mvc/me/report/tests/Controller/Game21ControllerTest.php" line="62" class="App\Controller\Game21ControllerTest" classname="App.Controller.Game21ControllerTest" assertions="3" time="0.013006"/>
        <testcase name="testBankPlaying" file="/home/juli22/dbwebb-kurser/mvc/me/report/tests/Controller/Game21ControllerTest.php" line="71" class="App\Controller\Game21ControllerTest" classname="App.Controller.Game21ControllerTest" assertions="3" time="0.018514"/>
        <testcase name="testPlay" file="/home/juli22/dbwebb-kurser/mvc/me/report/tests/Controller/Game21ControllerTest.php" line="80" class="App\Controller\Game21ControllerTest" classname="App.Controller.Game21ControllerTest" assertions="4" time="0.033274"/>
      </testsuite>
      <testsuite name="App\Controller\JsonCardDealControllerTest" file="/home/juli22/dbwebb-kurser/mvc/me/report/tests/Controller/JsonCardDealControllerTest.php" tests="1" assertions="2" errors="0" failures="0" skipped="0" time="0.007090">
        <testcase name="testJsonDeal" file="/home/juli22/dbwebb-kurser/mvc/me/report/tests/Controller/JsonCardDealControllerTest.php" line="9" class="App\Controller\JsonCardDealControllerTest" classname="App.Controller.JsonCardDealControllerTest" assertions="2" time="0.007090"/>
      </testsuite>
      <testsuite name="App\Controller\JsonCardDeckControllerTest" file="/home/juli22/dbwebb-kurser/mvc/me/report/tests/Controller/JsonCardDeckControllerTest.php" tests="2" assertions="4" errors="0" failures="0" skipped="0" time="0.015268">
        <testcase name="testJsonDeck" file="/home/juli22/dbwebb-kurser/mvc/me/report/tests/Controller/JsonCardDeckControllerTest.php" line="9" class="App\Controller\JsonCardDeckControllerTest" classname="App.Controller.JsonCardDeckControllerTest" assertions="2" time="0.006896"/>
        <testcase name="testJsonShuffle" file="/home/juli22/dbwebb-kurser/mvc/me/report/tests/Controller/JsonCardDeckControllerTest.php" line="17" class="App\Controller\JsonCardDeckControllerTest" classname="App.Controller.JsonCardDeckControllerTest" assertions="2" time="0.008372"/>
      </testsuite>
      <testsuite name="App\Controller\JsonControllerTest" file="/home/juli22/dbwebb-kurser/mvc/me/report/tests/Controller/JsonControllerTest.php" tests="2" assertions="6" errors="0" failures="0" skipped="0" time="0.027121">
        <testcase name="testApi" file="/home/juli22/dbwebb-kurser/mvc/me/report/tests/Controller/JsonControllerTest.php" line="9" class="App\Controller\JsonControllerTest" classname="App.Controller.JsonControllerTest" assertions="4" time="0.020420"/>
        <testcase name="testQuote" file="/home/juli22/dbwebb-kurser/mvc/me/report/tests/Controller/JsonControllerTest.php" line="18" class="App\Controller\JsonControllerTest" classname="App.Controller.JsonControllerTest" assertions="2" time="0.006701"/>
      </testsuite>
      <testsuite name="App\Controller\JsonDealManyCardsControllerTest" file="/home/juli22/dbwebb-kurser/mvc/me/report/tests/Controller/JsonDealManyCardsControllerTest.php" tests="1" assertions="2" errors="0" failures="0" skipped="0" time="0.006423">
        <testcase name="testJsonDrawMany" file="/home/juli22/dbwebb-kurser/mvc/me/report/tests/Controller/JsonDealManyCardsControllerTest.php" line="9" class="App\Controller\JsonDealManyCardsControllerTest" classname="App.Controller.JsonDealManyCardsControllerTest" assertions="2" time="0.006423"/>
      </testsuite>
      <testsuite name="App\Controller\JsonDealOneCardControllerTest" file="/home/juli22/dbwebb-kurser/mvc/me/report/tests/Controller/JsonDealOneCardControllerTest.php" tests="1" assertions="2" errors="0" failures="0" skipped="0" time="0.006926">
        <testcase name="testDraw" file="/home/juli22/dbwebb-kurser/mvc/me/report/tests/Controller/JsonDealOneCardControllerTest.php" line="9" class="App\Controller\JsonDealOneCardControllerTest" classname="App.Controller.JsonDealOneCardControllerTest" assertions="2" time="0.006926"/>
      </testsuite>
      <testsuite name="App\Controller\JsonGame21ControllerTest" file="/home/juli22/dbwebb-kurser/mvc/me/report/tests/Controller/JsonGame21ControllerTest.php" tests="1" assertions="2" errors="0" failures="0" skipped="0" time="0.013531">
        <testcase name="testDraw" file="/home/juli22/dbwebb-kurser/mvc/me/report/tests/Controller/JsonGame21ControllerTest.php" line="9" class="App\Controller\JsonGame21ControllerTest" classname="App.Controller.JsonGame21ControllerTest" assertions="2" time="0.013531"/>
      </testsuite>
      <testsuite name="App\Controller\JsonLibraryControllerTest" file="/home/juli22/dbwebb-kurser/mvc/me/report/tests/Controller/JsonLibraryControllerTest.php" tests="3" assertions="10" errors="0" failures="0" skipped="0" time="0.050086">
        <testcase name="testShowAllBooks" file="/home/juli22/dbwebb-kurser/mvc/me/report/tests/Controller/JsonLibraryControllerTest.php" line="9" class="App\Controller\JsonLibraryControllerTest" classname="App.Controller.JsonLibraryControllerTest" assertions="2" time="0.029935"/>
        <testcase name="testShowABookByIsbnNotOk" file="/home/juli22/dbwebb-kurser/mvc/me/report/tests/Controller/JsonLibraryControllerTest.php" line="17" class="App\Controller\JsonLibraryControllerTest" classname="App.Controller.JsonLibraryControllerTest" assertions="4" time="0.013283"/>
        <testcase name="testShowABookByIsbnOk" file="/home/juli22/dbwebb-kurser/mvc/me/report/tests/Controller/JsonLibraryControllerTest.php" line="28" class="App\Controller\JsonLibraryControllerTest" classname="App.Controller.JsonLibraryControllerTest" assertions="4" time="0.006869"/>
      </testsuite>
      <testsuite name="App\Controller\LibraryControllerTest" file="/home/juli22/dbwebb-kurser/mvc/me/report/tests/Controller/LibraryControllerTest.php" tests="9" assertions="32" errors="0" failures="0" skipped="0" time="0.102120">
        <testcase name="testLibrary" file="/home/juli22/dbwebb-kurser/mvc/me/report/tests/Controller/LibraryControllerTest.php" line="13" class="App\Controller\LibraryControllerTest" classname="App.Controller.LibraryControllerTest" assertions="4" time="0.012369"/>
        <testcase name="testCreateForm" file="/home/juli22/dbwebb-kurser/mvc/me/report/tests/Controller/LibraryControllerTest.php" line="22" class="App\Controller\LibraryControllerTest" classname="App.Controller.LibraryControllerTest" assertions="4" time="0.013300"/>
        <testcase name="testCreateNewOk" file="/home/juli22/dbwebb-kurser/mvc/me/report/tests/Controller/LibraryControllerTest.php" line="31" class="App\Controller\LibraryControllerTest" classname="App.Controller.LibraryControllerTest" assertions="3" time="0.009029"/>
        <testcase name="testCreateNewNotOk" file="/home/juli22/dbwebb-kurser/mvc/me/report/tests/Controller/LibraryControllerTest.php" line="48" class="App\Controller\LibraryControllerTest" classname="App.Controller.LibraryControllerTest" assertions="3" time="0.007745"/>
        <testcase name="testReadOneOk" file="/home/juli22/dbwebb-kurser/mvc/me/report/tests/Controller/LibraryControllerTest.php" line="65" class="App\Controller\LibraryControllerTest" classname="App.Controller.LibraryControllerTest" assertions="4" time="0.017012"/>
        <testcase name="testReadOneNotOk" file="/home/juli22/dbwebb-kurser/mvc/me/report/tests/Controller/LibraryControllerTest.php" line="74" class="App\Controller\LibraryControllerTest" classname="App.Controller.LibraryControllerTest" assertions="3" time="0.007789"/>
        <testcase name="testReadMany" file="/home/juli22/dbwebb-kurser/mvc/me/report/tests/Controller/LibraryControllerTest.php" line="82" class="App\Controller\LibraryControllerTest" classname="App.Controller.LibraryControllerTest" assertions="4" time="0.017058"/>
        <testcase name="testRemoveOne" file="/home/juli22/dbwebb-kurser/mvc/me/report/tests/Controller/LibraryControllerTest.php" line="91" class="App\Controller\LibraryControllerTest" classname="App.Controller.LibraryControllerTest" assertions="3" time="0.008606"/>
        <testcase name="testReset" file="/home/juli22/dbwebb-kurser/mvc/me/report/tests/Controller/LibraryControllerTest.php" line="99" class="App\Controller\LibraryControllerTest" classname="App.Controller.LibraryControllerTest" assertions="4" time="0.009212"/>
      </testsuite>
      <testsuite name="App\Controller\LibraryUpdateBookControllerTest" file="/home/juli22/dbwebb-kurser/mvc/me/report/tests/Controller/LibraryUpdateBookControllerTest.php" tests="4" assertions="13" errors="0" failures="0" skipped="0" time="0.045246">
        <testcase name="testUpdateForm" file="/home/juli22/dbwebb-kurser/mvc/me/report/tests/Controller/LibraryUpdateBookControllerTest.php" line="9" class="App\Controller\LibraryUpdateBookControllerTest" classname="App.Controller.LibraryUpdateBookControllerTest" assertions="4" time="0.020455"/>
        <testcase name="testUpdateOk" file="/home/juli22/dbwebb-kurser/mvc/me/report/tests/Controller/LibraryUpdateBookControllerTest.php" line="18" class="App\Controller\LibraryUpdateBookControllerTest" classname="App.Controller.LibraryUpdateBookControllerTest" assertions="3" time="0.008429"/>
        <testcase name="testUpdateAnotherOk" file="/home/juli22/dbwebb-kurser/mvc/me/report/tests/Controller/LibraryUpdateBookControllerTest.php" line="37" class="App\Controller\LibraryUpdateBookControllerTest" classname="App.Controller.LibraryUpdateBookControllerTest" assertions="3" time="0.008528"/>
        <testcase name="testUpdateNotOk" file="/home/juli22/dbwebb-kurser/mvc/me/report/tests/Controller/LibraryUpdateBookControllerTest.php" line="56" class="App\Controller\LibraryUpdateBookControllerTest" classname="App.Controller.LibraryUpdateBookControllerTest" assertions="3" time="0.007833"/>
      </testsuite>
      <testsuite name="App\Controller\MainControllerTest" file="/home/juli22/dbwebb-kurser/mvc/me/report/tests/Controller/MainControllerTest.php" tests="5" assertions="13" errors="0" failures="0" skipped="0" time="0.054571">
        <testcase name="testHome" file="/home/juli22/dbwebb-kurser/mvc/me/report/tests/Controller/MainControllerTest.php" line="12" class="App\Controller\MainControllerTest" classname="App.Controller.MainControllerTest" assertions="2" time="0.010999"/>
        <testcase name="testAbout" file="/home/juli22/dbwebb-kurser/mvc/me/report/tests/Controller/MainControllerTest.php" line="25" class="App\Controller\MainControllerTest" classname="App.Controller.MainControllerTest" assertions="2" time="0.011017"/>
        <testcase name="testReport" file="/home/juli22/dbwebb-kurser/mvc/me/report/tests/Controller/MainControllerTest.php" line="33" class="App\Controller\MainControllerTest" classname="App.Controller.MainControllerTest" assertions="2" time="0.011924"/>
        <testcase name="testLucky" file="/home/juli22/dbwebb-kurser/mvc/me/report/tests/Controller/MainControllerTest.php" line="41" class="App\Controller\MainControllerTest" classname="App.Controller.MainControllerTest" assertions="5" time="0.011713"/>
        <testcase name="testMetrics" file="/home/juli22/dbwebb-kurser/mvc/me/report/tests/Controller/MainControllerTest.php" line="52" class="App\Controller\MainControllerTest" classname="App.Controller.MainControllerTest" assertions="2" time="0.008919"/>
      </testsuite>
      <testsuite name="App\Entity\BookTest" file="/home/juli22/dbwebb-kurser/mvc/me/report/tests/Entity/BookTest.php" tests="1" assertions="6" errors="0" failures="0" skipped="0" time="0.000908">
        <testcase name="testCreateObject" file="/home/juli22/dbwebb-kurser/mvc/me/report/tests/Entity/BookTest.php" line="18" class="App\Entity\BookTest" classname="App.Entity.BookTest" assertions="6" time="0.000908"/>
      </testsuite>
      <testsuite name="App\Game\BanksTurnHandlerTest" file="/home/juli22/dbwebb-kurser/mvc/me/report/tests/Game/BanksTurnHandlerTest.php" tests="2" assertions="4" errors="0" failures="0" skipped="0" time="0.003057">
        <testcase name="testCreateObject" file="/home/juli22/dbwebb-kurser/mvc/me/report/tests/Game/BanksTurnHandlerTest.php" line="16" class="App\Game\BanksTurnHandlerTest" classname="App.Game.BanksTurnHandlerTest" assertions="1" time="0.000742"/>
        <testcase name="testBankDraw" file="/home/juli22/dbwebb-kurser/mvc/me/report/tests/Game/BanksTurnHandlerTest.php" line="25" class="App\Game\BanksTurnHandlerTest" classname="App.Game.BanksTurnHandlerTest" assertions="3" time="0.002315"/>
      </testsuite>
      <testsuite name="App\Game\BettingGameTraitTest" file="/home/juli22/dbwebb-kurser/mvc/me/report/tests/Game/BettingGameTraitTest.php" tests="5" assertions="8" errors="0" failures="0" skipped="0" time="0.005066">
        <testcase name="testGetInvestLimit" file="/home/juli22/dbwebb-kurser/mvc/me/report/tests/Game/BettingGameTraitTest.php" line="34" class="App\Game\BettingGameTraitTest" classname="App.Game.BettingGameTraitTest" assertions="3" time="0.000874"/>
        <testcase name="testAddToMoneyPotOk" file="/home/juli22/dbwebb-kurser/mvc/me/report/tests/Game/BettingGameTraitTest.php" line="52" class="App\Game\BettingGameTraitTest" classname="App.Game.BettingGameTraitTest" assertions="1" time="0.001118"/>
        <testcase name="testAddToMoneyPotNotOk" file="/home/juli22/dbwebb-kurser/mvc/me/report/tests/Game/BettingGameTraitTest.php" line="66" class="App\Game\BettingGameTraitTest" classname="App.Game.BettingGameTraitTest" assertions="2" time="0.001048"/>
        <testcase name="testIsWinnerOk" file="/home/juli22/dbwebb-kurser/mvc/me/report/tests/Game/BettingGameTraitTest.php" line="84" class="App\Game\BettingGameTraitTest" classname="App.Game.BettingGameTraitTest" assertions="1" time="0.000963"/>
        <testcase name="testIsWinnerNotOk" file="/home/juli22/dbwebb-kurser/mvc/me/report/tests/Game/BettingGameTraitTest.php" line="93" class="App\Game\BettingGameTraitTest" classname="App.Game.BettingGameTraitTest" assertions="1" time="0.001062"/>
      </testsuite>
      <testsuite name="App\Game\Game21EasyEvaluateBankTest" file="/home/juli22/dbwebb-kurser/mvc/me/report/tests/Game/Game21EasyEvaluateBankTest.php" tests="4" assertions="4" errors="0" failures="0" skipped="0" time="0.005321">
        <testcase name="testEvaluateBankBoth21" file="/home/juli22/dbwebb-kurser/mvc/me/report/tests/Game/Game21EasyEvaluateBankTest.php" line="21" class="App\Game\Game21EasyEvaluateBankTest" classname="App.Game.Game21EasyEvaluateBankTest" assertions="1" time="0.001406"/>
        <testcase name="testEvaluateBankPlayerBetterHand" file="/home/juli22/dbwebb-kurser/mvc/me/report/tests/Game/Game21EasyEvaluateBankTest.php" line="58" class="App\Game\Game21EasyEvaluateBankTest" classname="App.Game.Game21EasyEvaluateBankTest" assertions="1" time="0.001325"/>
        <testcase name="testEvaluateBankAbove21" file="/home/juli22/dbwebb-kurser/mvc/me/report/tests/Game/Game21EasyEvaluateBankTest.php" line="95" class="App\Game\Game21EasyEvaluateBankTest" classname="App.Game.Game21EasyEvaluateBankTest" assertions="1" time="0.001299"/>
        <testcase name="testEvaluateBankWin" file="/home/juli22/dbwebb-kurser/mvc/me/report/tests/Game/Game21EasyEvaluateBankTest.php" line="133" class="App\Game\Game21EasyEvaluateBankTest" classname="App.Game.Game21EasyEvaluateBankTest" assertions="1" time="0.001291"/>
      </testsuite>
      <testsuite name="App\Game\Game21EasyEvaluateTest" file="/home/juli22/dbwebb-kurser/mvc/me/report/tests/Game/Game21EasyEvaluateTest.php" tests="4" assertions="4" errors="0" failures="0" skipped="0" time="0.005595">
        <testcase name="testEvaluateUnder21" file="/home/juli22/dbwebb-kurser/mvc/me/report/tests/Game/Game21EasyEvaluateTest.php" line="22" class="App\Game\Game21EasyEvaluateTest" classname="App.Game.Game21EasyEvaluateTest" assertions="1" time="0.001343"/>
        <testcase name="testEvaluateAbove21" file="/home/juli22/dbwebb-kurser/mvc/me/report/tests/Game/Game21EasyEvaluateTest.php" line="56" class="App\Game\Game21EasyEvaluateTest" classname="App.Game.Game21EasyEvaluateTest" assertions="1" time="0.001339"/>
        <testcase name="testEvaluateAt21" file="/home/juli22/dbwebb-kurser/mvc/me/report/tests/Game/Game21EasyEvaluateTest.php" line="92" class="App\Game\Game21EasyEvaluateTest" classname="App.Game.Game21EasyEvaluateTest" assertions="1" time="0.001289"/>
        <testcase name="testEvaluateNoCradsLeft" file="/home/juli22/dbwebb-kurser/mvc/me/report/tests/Game/Game21EasyEvaluateTest.php" line="128" class="App\Game\Game21EasyEvaluateTest" classname="App.Game.Game21EasyEvaluateTest" assertions="1" time="0.001624"/>
      </testsuite>
      <testsuite name="App\Game\Game21EasyGenerateFlashTest" file="/home/juli22/dbwebb-kurser/mvc/me/report/tests/Game/Game21EasyGenerateFlashTest.php" tests="3" assertions="5" errors="0" failures="0" skipped="0" time="0.003675">
        <testcase name="testGenerateFlashRoundOver" file="/home/juli22/dbwebb-kurser/mvc/me/report/tests/Game/Game21EasyGenerateFlashTest.php" line="22" class="App\Game\Game21EasyGenerateFlashTest" classname="App.Game.Game21EasyGenerateFlashTest" assertions="2" time="0.001383"/>
        <testcase name="testGenerateFlashGameOver" file="/home/juli22/dbwebb-kurser/mvc/me/report/tests/Game/Game21EasyGenerateFlashTest.php" line="53" class="App\Game\Game21EasyGenerateFlashTest" classname="App.Game.Game21EasyGenerateFlashTest" assertions="2" time="0.001360"/>
        <testcase name="testGenerateFlashRoundNotOver" file="/home/juli22/dbwebb-kurser/mvc/me/report/tests/Game/Game21EasyGenerateFlashTest.php" line="84" class="App\Game\Game21EasyGenerateFlashTest" classname="App.Game.Game21EasyGenerateFlashTest" assertions="1" time="0.000931"/>
      </testsuite>
      <testsuite name="App\Game\Game21EasyTest" file="/home/juli22/dbwebb-kurser/mvc/me/report/tests/Game/Game21EasyTest.php" tests="6" assertions="9" errors="0" failures="0" skipped="0" time="0.006790">
        <testcase name="testCreateObject" file="/home/juli22/dbwebb-kurser/mvc/me/report/tests/Game/Game21EasyTest.php" line="21" class="App\Game\Game21EasyTest" classname="App.Game.Game21EasyTest" assertions="4" time="0.001179"/>
        <testcase name="testDeal" file="/home/juli22/dbwebb-kurser/mvc/me/report/tests/Game/Game21EasyTest.php" line="64" class="App\Game\Game21EasyTest" classname="App.Game.Game21EasyTest" assertions="1" time="0.000975"/>
        <testcase name="testDealBankCardsLeft" file="/home/juli22/dbwebb-kurser/mvc/me/report/tests/Game/Game21EasyTest.php" line="80" class="App\Game\Game21EasyTest" classname="App.Game.Game21EasyTest" assertions="1" time="0.001234"/>
        <testcase name="testDealBankNoCardsLeft" file="/home/juli22/dbwebb-kurser/mvc/me/report/tests/Game/Game21EasyTest.php" line="102" class="App\Game\Game21EasyTest" classname="App.Game.Game21EasyTest" assertions="1" time="0.001226"/>
        <testcase name="testGetRiskPlayer" file="/home/juli22/dbwebb-kurser/mvc/me/report/tests/Game/Game21EasyTest.php" line="122" class="App\Game\Game21EasyTest" classname="App.Game.Game21EasyTest" assertions="1" time="0.001089"/>
        <testcase name="testGetRiskBank" file="/home/juli22/dbwebb-kurser/mvc/me/report/tests/Game/Game21EasyTest.php" line="136" class="App\Game\Game21EasyTest" classname="App.Game.Game21EasyTest" assertions="1" time="0.001088"/>
      </testsuite>
      <testsuite name="App\Game\Game21HardTest" file="/home/juli22/dbwebb-kurser/mvc/me/report/tests/Game/Game21HardTest.php" tests="3" assertions="6" errors="0" failures="0" skipped="0" time="0.003719">
        <testcase name="testCreateObject" file="/home/juli22/dbwebb-kurser/mvc/me/report/tests/Game/Game21HardTest.php" line="21" class="App\Game\Game21HardTest" classname="App.Game.Game21HardTest" assertions="2" time="0.000954"/>
        <testcase name="testDealBank" file="/home/juli22/dbwebb-kurser/mvc/me/report/tests/Game/Game21HardTest.php" line="43" class="App\Game\Game21HardTest" classname="App.Game.Game21HardTest" assertions="2" time="0.001496"/>
        <testcase name="testDealBankNoCardsLeft" file="/home/juli22/dbwebb-kurser/mvc/me/report/tests/Game/Game21HardTest.php" line="67" class="App\Game\Game21HardTest" classname="App.Game.Game21HardTest" assertions="2" time="0.001269"/>
      </testsuite>
      <testsuite name="App\Game\GameAttrHandler2TraitTest" file="/home/juli22/dbwebb-kurser/mvc/me/report/tests/Game/GameAttrHandler2TraitTest.php" tests="9" assertions="9" errors="0" failures="0" skipped="0" time="0.008052">
        <testcase name="testSetBank" file="/home/juli22/dbwebb-kurser/mvc/me/report/tests/Game/GameAttrHandler2TraitTest.php" line="27" class="App\Game\GameAttrHandler2TraitTest" classname="App.Game.GameAttrHandler2TraitTest" assertions="1" time="0.000876"/>
        <testcase name="testGetBank" file="/home/juli22/dbwebb-kurser/mvc/me/report/tests/Game/GameAttrHandler2TraitTest.php" line="37" class="App\Game\GameAttrHandler2TraitTest" classname="App.Game.GameAttrHandler2TraitTest" assertions="1" time="0.000871"/>
        <testcase name="testSetPlayer" file="/home/juli22/dbwebb-kurser/mvc/me/report/tests/Game/GameAttrHandler2TraitTest.php" line="47" class="App\Game\GameAttrHandler2TraitTest" classname="App.Game.GameAttrHandler2TraitTest" assertions="1" time="0.000936"/>
        <testcase name="testGetPlayer" file="/home/juli22/dbwebb-kurser/mvc/me/report/tests/Game/GameAttrHandler2TraitTest.php" line="57" class="App\Game\GameAttrHandler2TraitTest" classname="App.Game.GameAttrHandler2TraitTest" assertions="1" time="0.000886"/>
        <testcase name="testSetCurrentRound" file="/home/juli22/dbwebb-kurser/mvc/me/report/tests/Game/GameAttrHandler2TraitTest.php" line="67" class="App\Game\GameAttrHandler2TraitTest" classname="App.Game.GameAttrHandler2TraitTest" assertions="1" time="0.000977"/>
        <testcase name="testGetCurrentRound" file="/home/juli22/dbwebb-kurser/mvc/me/report/tests/Game/GameAttrHandler2TraitTest.php" line="76" class="App\Game\GameAttrHandler2TraitTest" classname="App.Game.GameAttrHandler2TraitTest" assertions="1" time="0.000793"/>
        <testcase name="testSetWinner" file="/home/juli22/dbwebb-kurser/mvc/me/report/tests/Game/GameAttrHandler2TraitTest.php" line="86" class="App\Game\GameAttrHandler2TraitTest" classname="App.Game.GameAttrHandler2TraitTest" assertions="1" time="0.000926"/>
        <testcase name="testGetWinnerOk" file="/home/juli22/dbwebb-kurser/mvc/me/report/tests/Game/GameAttrHandler2TraitTest.php" line="99" class="App\Game\GameAttrHandler2TraitTest" classname="App.Game.GameAttrHandler2TraitTest" assertions="1" time="0.000993"/>
        <testcase name="testGetWinnerNotOk" file="/home/juli22/dbwebb-kurser/mvc/me/report/tests/Game/GameAttrHandler2TraitTest.php" line="112" class="App\Game\GameAttrHandler2TraitTest" classname="App.Game.GameAttrHandler2TraitTest" assertions="1" time="0.000796"/>
      </testsuite>
      <testsuite name="App\Game\GameAttrHandlerTraitTest" file="/home/juli22/dbwebb-kurser/mvc/me/report/tests/Game/GameAttrHandlerTraitTest.php" tests="7" assertions="7" errors="0" failures="0" skipped="0" time="0.005915">
        <testcase name="testSetMoneyPot" file="/home/juli22/dbwebb-kurser/mvc/me/report/tests/Game/GameAttrHandlerTraitTest.php" line="34" class="App\Game\GameAttrHandlerTraitTest" classname="App.Game.GameAttrHandlerTraitTest" assertions="1" time="0.000939"/>
        <testcase name="testGetMoneyPot" file="/home/juli22/dbwebb-kurser/mvc/me/report/tests/Game/GameAttrHandlerTraitTest.php" line="44" class="App\Game\GameAttrHandlerTraitTest" classname="App.Game.GameAttrHandlerTraitTest" assertions="1" time="0.000945"/>
        <testcase name="testSetRoundOver" file="/home/juli22/dbwebb-kurser/mvc/me/report/tests/Game/GameAttrHandlerTraitTest.php" line="57" class="App\Game\GameAttrHandlerTraitTest" classname="App.Game.GameAttrHandlerTraitTest" assertions="1" time="0.000788"/>
        <testcase name="testIsRoundOver" file="/home/juli22/dbwebb-kurser/mvc/me/report/tests/Game/GameAttrHandlerTraitTest.php" line="67" class="App\Game\GameAttrHandlerTraitTest" classname="App.Game.GameAttrHandlerTraitTest" assertions="1" time="0.000800"/>
        <testcase name="testIsBankPlaying" file="/home/juli22/dbwebb-kurser/mvc/me/report/tests/Game/GameAttrHandlerTraitTest.php" line="76" class="App\Game\GameAttrHandlerTraitTest" classname="App.Game.GameAttrHandlerTraitTest" assertions="1" time="0.000786"/>
        <testcase name="testSetBankPlaying" file="/home/juli22/dbwebb-kurser/mvc/me/report/tests/Game/GameAttrHandlerTraitTest.php" line="85" class="App\Game\GameAttrHandlerTraitTest" classname="App.Game.GameAttrHandlerTraitTest" assertions="1" time="0.000862"/>
        <testcase name="testSetFinished" file="/home/juli22/dbwebb-kurser/mvc/me/report/tests/Game/GameAttrHandlerTraitTest.php" line="95" class="App\Game\GameAttrHandlerTraitTest" classname="App.Game.GameAttrHandlerTraitTest" assertions="1" time="0.000795"/>
      </testsuite>
      <testsuite name="App\Game\GameHandlerLandingTest" file="/home/juli22/dbwebb-kurser/mvc/me/report/tests/Game/GameHandlerLandingTest.php" tests="5" assertions="9" errors="0" failures="0" skipped="0" time="0.005519">
        <testcase name="testCreateObject" file="/home/juli22/dbwebb-kurser/mvc/me/report/tests/Game/GameHandlerLandingTest.php" line="16" class="App\Game\GameHandlerLandingTest" classname="App.Game.GameHandlerLandingTest" assertions="1" time="0.000740"/>
        <testcase name="testMainNoGame" file="/home/juli22/dbwebb-kurser/mvc/me/report/tests/Game/GameHandlerLandingTest.php" line="25" class="App\Game\GameHandlerLandingTest" classname="App.Game.GameHandlerLandingTest" assertions="2" time="0.001146"/>
        <testcase name="testMainGameFinished" file="/home/juli22/dbwebb-kurser/mvc/me/report/tests/Game/GameHandlerLandingTest.php" line="44" class="App\Game\GameHandlerLandingTest" classname="App.Game.GameHandlerLandingTest" assertions="2" time="0.001475"/>
        <testcase name="testMainGameNotFinished" file="/home/juli22/dbwebb-kurser/mvc/me/report/tests/Game/GameHandlerLandingTest.php" line="65" class="App\Game\GameHandlerLandingTest" classname="App.Game.GameHandlerLandingTest" assertions="2" time="0.001265"/>
        <testcase name="testDoc" file="/home/juli22/dbwebb-kurser/mvc/me/report/tests/Game/GameHandlerLandingTest.php" line="86" class="App\Game\GameHandlerLandingTest" classname="App.Game.GameHandlerLandingTest" assertions="2" time="0.000891"/>
      </testsuite>
      <testsuite name="App\Game\GameHandlerTest" file="/home/juli22/dbwebb-kurser/mvc/me/report/tests/Game/GameHandlerTest.php" tests="2" assertions="2" errors="0" failures="0" skipped="0" time="0.001896">
        <testcase name="testCreateObject" file="/home/juli22/dbwebb-kurser/mvc/me/report/tests/Game/GameHandlerTest.php" line="16" class="App\Game\GameHandlerTest" classname="App.Game.GameHandlerTest" assertions="1" time="0.000704"/>
        <testcase name="testPlay" file="/home/juli22/dbwebb-kurser/mvc/me/report/tests/Game/GameHandlerTest.php" line="25" class="App\Game\GameHandlerTest" classname="App.Game.GameHandlerTest" assertions="1" time="0.001191"/>
      </testsuite>
      <testsuite name="App\Game\GameInitiatorTest" file="/home/juli22/dbwebb-kurser/mvc/me/report/tests/Game/GameInitiatorTest.php" tests="2" assertions="3" errors="0" failures="0" skipped="0" time="0.001895">
        <testcase name="testCreateObject" file="/home/juli22/dbwebb-kurser/mvc/me/report/tests/Game/GameInitiatorTest.php" line="15" class="App\Game\GameInitiatorTest" classname="App.Game.GameInitiatorTest" assertions="1" time="0.000698"/>
        <testcase name="testInit" file="/home/juli22/dbwebb-kurser/mvc/me/report/tests/Game/GameInitiatorTest.php" line="25" class="App\Game\GameInitiatorTest" classname="App.Game.GameInitiatorTest" assertions="2" time="0.001197"/>
      </testsuite>
      <testsuite name="App\Game\GameMoneyHandlerTest" file="/home/juli22/dbwebb-kurser/mvc/me/report/tests/Game/GameMoneyHandlerTest.php" tests="3" assertions="4" errors="0" failures="0" skipped="0" time="0.003683">
        <testcase name="testCreateObject" file="/home/juli22/dbwebb-kurser/mvc/me/report/tests/Game/GameMoneyHandlerTest.php" line="15" class="App\Game\GameMoneyHandlerTest" classname="App.Game.GameMoneyHandlerTest" assertions="1" time="0.000716"/>
        <testcase name="testSelectAmount" file="/home/juli22/dbwebb-kurser/mvc/me/report/tests/Game/GameMoneyHandlerTest.php" line="24" class="App\Game\GameMoneyHandlerTest" classname="App.Game.GameMoneyHandlerTest" assertions="2" time="0.002091"/>
        <testcase name="testBet" file="/home/juli22/dbwebb-kurser/mvc/me/report/tests/Game/GameMoneyHandlerTest.php" line="52" class="App\Game\GameMoneyHandlerTest" classname="App.Game.GameMoneyHandlerTest" assertions="1" time="0.000875"/>
      </testsuite>
      <testsuite name="App\Game\GameTest" file="/home/juli22/dbwebb-kurser/mvc/me/report/tests/Game/GameTest.php" tests="2" assertions="4" errors="0" failures="0" skipped="0" time="0.001838">
        <testcase name="testCreateObject" file="/home/juli22/dbwebb-kurser/mvc/me/report/tests/Game/GameTest.php" line="17" class="App\Game\GameTest" classname="App.Game.GameTest" assertions="3" time="0.000920"/>
        <testcase name="testCardsLeftOk" file="/home/juli22/dbwebb-kurser/mvc/me/report/tests/Game/GameTest.php" line="34" class="App\Game\GameTest" classname="App.Game.GameTest" assertions="1" time="0.000917"/>
      </testsuite>
      <testsuite name="App\Game\JsonGameHandlerTest" file="/home/juli22/dbwebb-kurser/mvc/me/report/tests/Game/JsonGameHandlerTest.php" tests="2" assertions="2" errors="0" failures="0" skipped="0" time="0.001773">
        <testcase name="testCreateObject" file="/home/juli22/dbwebb-kurser/mvc/me/report/tests/Game/JsonGameHandlerTest.php" line="16" class="App\Game\JsonGameHandlerTest" classname="App.Game.JsonGameHandlerTest" assertions="1" time="0.000670"/>
        <testcase name="testJsonGame" file="/home/juli22/dbwebb-kurser/mvc/me/report/tests/Game/JsonGameHandlerTest.php" line="26" class="App\Game\JsonGameHandlerTest" classname="App.Game.JsonGameHandlerTest" assertions="1" time="0.001103"/>
      </testsuite>
      <testsuite name="App\Game\MoneyPotTest" file="/home/juli22/dbwebb-kurser/mvc/me/report/tests/Game/MoneyPotTest.php" tests="3" assertions="5" errors="0" failures="0" skipped="0" time="0.003267">
        <testcase name="testCreateObject" file="/home/juli22/dbwebb-kurser/mvc/me/report/tests/Game/MoneyPotTest.php" line="25" class="App\Game\MoneyPotTest" classname="App.Game.MoneyPotTest" assertions="2" time="0.000896"/>
        <testcase name="testAddMoneyOk" file="/home/juli22/dbwebb-kurser/mvc/me/report/tests/Game/MoneyPotTest.php" line="37" class="App\Game\MoneyPotTest" classname="App.Game.MoneyPotTest" assertions="1" time="0.000902"/>
        <testcase name="testMoneyToWinnerOk" file="/home/juli22/dbwebb-kurser/mvc/me/report/tests/Game/MoneyPotTest.php" line="51" class="App\Game\MoneyPotTest" classname="App.Game.MoneyPotTest" assertions="2" time="0.001469"/>
      </testsuite>
      <testsuite name="App\Game\Player21Test" file="/home/juli22/dbwebb-kurser/mvc/me/report/tests/Game/Player21Test.php" tests="6" assertions="13" errors="0" failures="0" skipped="0" time="0.005442">
        <testcase name="testCreateObject" file="/home/juli22/dbwebb-kurser/mvc/me/report/tests/Game/Player21Test.php" line="19" class="App\Game\Player21Test" classname="App.Game.Player21Test" assertions="2" time="0.000806"/>
        <testcase name="testIncrMoneyOk" file="/home/juli22/dbwebb-kurser/mvc/me/report/tests/Game/Player21Test.php" line="32" class="App\Game\Player21Test" classname="App.Game.Player21Test" assertions="2" time="0.000735"/>
        <testcase name="testDecrMoneyOk" file="/home/juli22/dbwebb-kurser/mvc/me/report/tests/Game/Player21Test.php" line="52" class="App\Game\Player21Test" classname="App.Game.Player21Test" assertions="2" time="0.000738"/>
        <testcase name="testHandValue" file="/home/juli22/dbwebb-kurser/mvc/me/report/tests/Game/Player21Test.php" line="76" class="App\Game\Player21Test" classname="App.Game.Player21Test" assertions="1" time="0.000926"/>
        <testcase name="testMinHandValue" file="/home/juli22/dbwebb-kurser/mvc/me/report/tests/Game/Player21Test.php" line="92" class="App\Game\Player21Test" classname="App.Game.Player21Test" assertions="1" time="0.000928"/>
        <testcase name="testEstimateRisk" file="/home/juli22/dbwebb-kurser/mvc/me/report/tests/Game/Player21Test.php" line="106" class="App\Game\Player21Test" classname="App.Game.Player21Test" assertions="5" time="0.001309"/>
      </testsuite>
      <testsuite name="App\Game\PlayerTraitTest" file="/home/juli22/dbwebb-kurser/mvc/me/report/tests/Game/PlayerTraitTest.php" tests="5" assertions="5" errors="0" failures="0" skipped="0" time="0.004533">
        <testcase name="testDraw" file="/home/juli22/dbwebb-kurser/mvc/me/report/tests/Game/PlayerTraitTest.php" line="21" class="App\Game\PlayerTraitTest" classname="App.Game.PlayerTraitTest" assertions="1" time="0.000980"/>
        <testcase name="testEmptyHandOk" file="/home/juli22/dbwebb-kurser/mvc/me/report/tests/Game/PlayerTraitTest.php" line="37" class="App\Game\PlayerTraitTest" classname="App.Game.PlayerTraitTest" assertions="1" time="0.000860"/>
        <testcase name="testGetCardValues" file="/home/juli22/dbwebb-kurser/mvc/me/report/tests/Game/PlayerTraitTest.php" line="51" class="App\Game\PlayerTraitTest" classname="App.Game.PlayerTraitTest" assertions="1" time="0.000951"/>
        <testcase name="testShowHandAsString" file="/home/juli22/dbwebb-kurser/mvc/me/report/tests/Game/PlayerTraitTest.php" line="65" class="App\Game\PlayerTraitTest" classname="App.Game.PlayerTraitTest" assertions="1" time="0.000879"/>
        <testcase name="testGetCardCount" file="/home/juli22/dbwebb-kurser/mvc/me/report/tests/Game/PlayerTraitTest.php" line="79" class="App\Game\PlayerTraitTest" classname="App.Game.PlayerTraitTest" assertions="1" time="0.000863"/>
      </testsuite>
      <testsuite name="App\Game\PlayerTurnHandlerTest" file="/home/juli22/dbwebb-kurser/mvc/me/report/tests/Game/PlayerTurnHandlerTest.php" tests="3" assertions="6" errors="0" failures="0" skipped="0" time="0.003032">
        <testcase name="testCreateObject" file="/home/juli22/dbwebb-kurser/mvc/me/report/tests/Game/PlayerTurnHandlerTest.php" line="15" class="App\Game\PlayerTurnHandlerTest" classname="App.Game.PlayerTurnHandlerTest" assertions="1" time="0.000751"/>
        <testcase name="testPlayerDrawRoundOver" file="/home/juli22/dbwebb-kurser/mvc/me/report/tests/Game/PlayerTurnHandlerTest.php" line="24" class="App\Game\PlayerTurnHandlerTest" classname="App.Game.PlayerTurnHandlerTest" assertions="3" time="0.001221"/>
        <testcase name="testPlayerDrawRoundNotOver" file="/home/juli22/dbwebb-kurser/mvc/me/report/tests/Game/PlayerTurnHandlerTest.php" line="49" class="App\Game\PlayerTurnHandlerTest" classname="App.Game.PlayerTurnHandlerTest" assertions="2" time="0.001059"/>
      </testsuite>
      <testsuite name="App\Game\RoundHandlerTest" file="/home/juli22/dbwebb-kurser/mvc/me/report/tests/Game/RoundHandlerTest.php" tests="5" assertions="9" errors="0" failures="0" skipped="0" time="0.007676">
        <testcase name="testEndRoundNoCardsLeftNotSameFinalWinner" file="/home/juli22/dbwebb-kurser/mvc/me/report/tests/Game/RoundHandlerTest.php" line="23" class="App\Game\RoundHandlerTest" classname="App.Game.RoundHandlerTest" assertions="2" time="0.002167"/>
        <testcase name="testDeterminePlayerWinner" file="/home/juli22/dbwebb-kurser/mvc/me/report/tests/Game/RoundHandlerTest.php" line="56" class="App\Game\RoundHandlerTest" classname="App.Game.RoundHandlerTest" assertions="1" time="0.001016"/>
        <testcase name="testDetermineBankWinner" file="/home/juli22/dbwebb-kurser/mvc/me/report/tests/Game/RoundHandlerTest.php" line="68" class="App\Game\RoundHandlerTest" classname="App.Game.RoundHandlerTest" assertions="1" time="0.001254"/>
        <testcase name="testFinishGame" file="/home/juli22/dbwebb-kurser/mvc/me/report/tests/Game/RoundHandlerTest.php" line="80" class="App\Game\RoundHandlerTest" classname="App.Game.RoundHandlerTest" assertions="1" time="0.001305"/>
        <testcase name="testNextRound" file="/home/juli22/dbwebb-kurser/mvc/me/report/tests/Game/RoundHandlerTest.php" line="93" class="App\Game\RoundHandlerTest" classname="App.Game.RoundHandlerTest" assertions="4" time="0.001933"/>
      </testsuite>
      <testsuite name="App\Helpers\JsonConverterTest" file="/home/juli22/dbwebb-kurser/mvc/me/report/tests/Helpers/JsonConverterTest.php" tests="2" assertions="3" errors="0" failures="0" skipped="0" time="0.004146">
        <testcase name="testCreateObject" file="/home/juli22/dbwebb-kurser/mvc/me/report/tests/Helpers/JsonConverterTest.php" line="17" class="App\Helpers\JsonConverterTest" classname="App.Helpers.JsonConverterTest" assertions="1" time="0.000661"/>
        <testcase name="testConvert" file="/home/juli22/dbwebb-kurser/mvc/me/report/tests/Helpers/JsonConverterTest.php" line="26" class="App\Helpers\JsonConverterTest" classname="App.Helpers.JsonConverterTest" assertions="2" time="0.003485"/>
      </testsuite>
      <testsuite name="App\Helpers\JsonHandlerTest" file="/home/juli22/dbwebb-kurser/mvc/me/report/tests/Helpers/JsonHandlerTest.php" tests="3" assertions="3" errors="0" failures="0" skipped="0" time="0.002094">
        <testcase name="testCreateObject" file="/home/juli22/dbwebb-kurser/mvc/me/report/tests/Helpers/JsonHandlerTest.php" line="30" class="App\Helpers\JsonHandlerTest" classname="App.Helpers.JsonHandlerTest" assertions="1" time="0.000667"/>
        <testcase name="testGetLandingData" file="/home/juli22/dbwebb-kurser/mvc/me/report/tests/Helpers/JsonHandlerTest.php" line="39" class="App\Helpers\JsonHandlerTest" classname="App.Helpers.JsonHandlerTest" assertions="1" time="0.000711"/>
        <testcase name="testGenerateQuote" file="/home/juli22/dbwebb-kurser/mvc/me/report/tests/Helpers/JsonHandlerTest.php" line="110" class="App\Helpers\JsonHandlerTest" classname="App.Helpers.JsonHandlerTest" assertions="1" time="0.000715"/>
      </testsuite>
      <testsuite name="App\Helpers\LuckyRouteDataTest" file="/home/juli22/dbwebb-kurser/mvc/me/report/tests/Helpers/LuckyRouteDataTest.php" tests="2" assertions="2" errors="0" failures="0" skipped="0" time="0.001484">
        <testcase name="testCreateObject" file="/home/juli22/dbwebb-kurser/mvc/me/report/tests/Helpers/LuckyRouteDataTest.php" line="15" class="App\Helpers\LuckyRouteDataTest" classname="App.Helpers.LuckyRouteDataTest" assertions="1" time="0.000703"/>
        <testcase name="testLuckyData" file="/home/juli22/dbwebb-kurser/mvc/me/report/tests/Helpers/LuckyRouteDataTest.php" line="25" class="App\Helpers\LuckyRouteDataTest" classname="App.Helpers.LuckyRouteDataTest" assertions="1" time="0.000781"/>
      </testsuite>
      <testsuite name="App\Helpers\MainControllerHelperTest" file="/home/juli22/dbwebb-kurser/mvc/me/report/tests/Helpers/MainControllerHelperTest.php" tests="3" assertions="5" errors="0" failures="0" skipped="0" time="0.002664">
        <testcase name="testCreateObject" file="/home/juli22/dbwebb-kurser/mvc/me/report/tests/Helpers/MainControllerHelperTest.php" line="16" class="App\Helpers\MainControllerHelperTest" classname="App.Helpers.MainControllerHelperTest" assertions="1" time="0.000699"/>
        <testcase name="testStandardData" file="/home/juli22/dbwebb-kurser/mvc/me/report/tests/Helpers/MainControllerHelperTest.php" line="25" class="App\Helpers\MainControllerHelperTest" classname="App.Helpers.MainControllerHelperTest" assertions="2" time="0.000986"/>
        <testcase name="testReportData" file="/home/juli22/dbwebb-kurser/mvc/me/report/tests/Helpers/MainControllerHelperTest.php" line="51" class="App\Helpers\MainControllerHelperTest" classname="App.Helpers.MainControllerHelperTest" assertions="2" time="0.000979"/>
      </testsuite>
      <testsuite name="App\Helpers\SqlFileLoaderTest" file="/home/juli22/dbwebb-kurser/mvc/me/report/tests/Helpers/SqlFileLoaderTest.php" tests="1" assertions="1" errors="0" failures="0" skipped="0" time="0.000958">
        <testcase name="testLoad" file="/home/juli22/dbwebb-kurser/mvc/me/report/tests/Helpers/SqlFileLoaderTest.php" line="28" class="App\Helpers\SqlFileLoaderTest" classname="App.Helpers.SqlFileLoaderTest" assertions="1" time="0.000958"/>
      </testsuite>
      <testsuite name="App\Library\BookRemoverTest" file="/home/juli22/dbwebb-kurser/mvc/me/report/tests/Library/BookRemoverTest.php" tests="2" assertions="2" errors="0" failures="0" skipped="0" time="0.003098">
        <testcase name="testCreateObject" file="/home/juli22/dbwebb-kurser/mvc/me/report/tests/Library/BookRemoverTest.php" line="21" class="App\Library\BookRemoverTest" classname="App.Library.BookRemoverTest" assertions="1" time="0.000700"/>
        <testcase name="testRemoveBook" file="/home/juli22/dbwebb-kurser/mvc/me/report/tests/Library/BookRemoverTest.php" line="30" class="App\Library\BookRemoverTest" classname="App.Library.BookRemoverTest" assertions="1" time="0.002398"/>
      </testsuite>
      <testsuite name="App\Library\BookSaverTest" file="/home/juli22/dbwebb-kurser/mvc/me/report/tests/Library/BookSaverTest.php" tests="3" assertions="5" errors="0" failures="0" skipped="0" time="0.002776">
        <testcase name="testCreateObject" file="/home/juli22/dbwebb-kurser/mvc/me/report/tests/Library/BookSaverTest.php" line="21" class="App\Library\BookSaverTest" classname="App.Library.BookSaverTest" assertions="1" time="0.000710"/>
        <testcase name="testSaveBookOk" file="/home/juli22/dbwebb-kurser/mvc/me/report/tests/Library/BookSaverTest.php" line="30" class="App\Library\BookSaverTest" classname="App.Library.BookSaverTest" assertions="2" time="0.001033"/>
        <testcase name="testSaveBookNotOk" file="/home/juli22/dbwebb-kurser/mvc/me/report/tests/Library/BookSaverTest.php" line="47" class="App\Library\BookSaverTest" classname="App.Library.BookSaverTest" assertions="2" time="0.001033"/>
      </testsuite>
      <testsuite name="App\Library\BookUpdatorTest" file="/home/juli22/dbwebb-kurser/mvc/me/report/tests/Library/BookUpdatorTest.php" tests="2" assertions="3" errors="0" failures="0" skipped="0" time="0.004578">
        <testcase name="testCreateObject" file="/home/juli22/dbwebb-kurser/mvc/me/report/tests/Library/BookUpdatorTest.php" line="21" class="App\Library\BookUpdatorTest" classname="App.Library.BookUpdatorTest" assertions="1" time="0.000668"/>
        <testcase name="testUpdateBook" file="/home/juli22/dbwebb-kurser/mvc/me/report/tests/Library/BookUpdatorTest.php" line="30" class="App\Library\BookUpdatorTest" classname="App.Library.BookUpdatorTest" assertions="2" time="0.003910"/>
      </testsuite>
      <testsuite name="App\Library\LibraryHandlerTest" file="/home/juli22/dbwebb-kurser/mvc/me/report/tests/Library/LibraryHandlerTest.php" tests="5" assertions="18" errors="0" failures="0" skipped="0" time="0.007568">
        <testcase name="testCreateObject" file="/home/juli22/dbwebb-kurser/mvc/me/report/tests/Library/LibraryHandlerTest.php" line="20" class="App\Library\LibraryHandlerTest" classname="App.Library.LibraryHandlerTest" assertions="1" time="0.000694"/>
        <testcase name="testUpdateOne" file="/home/juli22/dbwebb-kurser/mvc/me/report/tests/Library/LibraryHandlerTest.php" line="29" class="App\Library\LibraryHandlerTest" classname="App.Library.LibraryHandlerTest" assertions="6" time="0.002253"/>
        <testcase name="testCreateOne" file="/home/juli22/dbwebb-kurser/mvc/me/report/tests/Library/LibraryHandlerTest.php" line="76" class="App\Library\LibraryHandlerTest" classname="App.Library.LibraryHandlerTest" assertions="4" time="0.001918"/>
        <testcase name="testRemoveOne" file="/home/juli22/dbwebb-kurser/mvc/me/report/tests/Library/LibraryHandlerTest.php" line="114" class="App\Library\LibraryHandlerTest" classname="App.Library.LibraryHandlerTest" assertions="4" time="0.001691"/>
        <testcase name="testSettersGetters" file="/home/juli22/dbwebb-kurser/mvc/me/report/tests/Library/LibraryHandlerTest.php" line="152" class="App\Library\LibraryHandlerTest" classname="App.Library.LibraryHandlerTest" assertions="3" time="0.001012"/>
      </testsuite>
      <testsuite name="App\Library\NewFlashGeneratorTest" file="/home/juli22/dbwebb-kurser/mvc/me/report/tests/Library/NewFlashGeneratorTest.php" tests="3" assertions="3" errors="0" failures="0" skipped="0" time="0.002540">
        <testcase name="testCreateObject" file="/home/juli22/dbwebb-kurser/mvc/me/report/tests/Library/NewFlashGeneratorTest.php" line="17" class="App\Library\NewFlashGeneratorTest" classname="App.Library.NewFlashGeneratorTest" assertions="1" time="0.000710"/>
        <testcase name="testNewFlashOk" file="/home/juli22/dbwebb-kurser/mvc/me/report/tests/Library/NewFlashGeneratorTest.php" line="28" class="App\Library\NewFlashGeneratorTest" classname="App.Library.NewFlashGeneratorTest" assertions="1" time="0.000918"/>
        <testcase name="testNewFlashNotOk" file="/home/juli22/dbwebb-kurser/mvc/me/report/tests/Library/NewFlashGeneratorTest.php" line="47" class="App\Library\NewFlashGeneratorTest" classname="App.Library.NewFlashGeneratorTest" assertions="1" time="0.000912"/>
      </testsuite>
      <testsuite name="App\Library\RemoveFlashGeneratorTest" file="/home/juli22/dbwebb-kurser/mvc/me/report/tests/Library/RemoveFlashGeneratorTest.php" tests="2" assertions="2" errors="0" failures="0" skipped="0" time="0.001651">
        <testcase name="testCreateObject" file="/home/juli22/dbwebb-kurser/mvc/me/report/tests/Library/RemoveFlashGeneratorTest.php" line="17" class="App\Library\RemoveFlashGeneratorTest" classname="App.Library.RemoveFlashGeneratorTest" assertions="1" time="0.000707"/>
        <testcase name="testRemoveFlash" file="/home/juli22/dbwebb-kurser/mvc/me/report/tests/Library/RemoveFlashGeneratorTest.php" line="27" class="App\Library\RemoveFlashGeneratorTest" classname="App.Library.RemoveFlashGeneratorTest" assertions="1" time="0.000945"/>
      </testsuite>
      <testsuite name="App\Library\UpdateFlashGeneratorTest" file="/home/juli22/dbwebb-kurser/mvc/me/report/tests/Library/UpdateFlashGeneratorTest.php" tests="3" assertions="3" errors="0" failures="0" skipped="0" time="0.003024">
        <testcase name="testCreateObject" file="/home/juli22/dbwebb-kurser/mvc/me/report/tests/Library/UpdateFlashGeneratorTest.php" line="17" class="App\Library\UpdateFlashGeneratorTest" classname="App.Library.UpdateFlashGeneratorTest" assertions="1" time="0.001263"/>
        <testcase name="testUpdateFlashOk" file="/home/juli22/dbwebb-kurser/mvc/me/report/tests/Library/UpdateFlashGeneratorTest.php" line="28" class="App\Library\UpdateFlashGeneratorTest" classname="App.Library.UpdateFlashGeneratorTest" assertions="1" time="0.000854"/>
        <testcase name="testUpdateFlashNotOk" file="/home/juli22/dbwebb-kurser/mvc/me/report/tests/Library/UpdateFlashGeneratorTest.php" line="42" class="App\Library\UpdateFlashGeneratorTest" classname="App.Library.UpdateFlashGeneratorTest" assertions="1" time="0.000906"/>
      </testsuite>
      <testsuite name="App\Markdown\MdParserTest" file="/home/juli22/dbwebb-kurser/mvc/me/report/tests/Markdown/MdParserTest.php" tests="2" assertions="3" errors="0" failures="0" skipped="0" time="0.002872">
        <testcase name="testCreateObject" file="/home/juli22/dbwebb-kurser/mvc/me/report/tests/Markdown/MdParserTest.php" line="30" class="App\Markdown\MdParserTest" classname="App.Markdown.MdParserTest" assertions="1" time="0.000715"/>
        <testcase name="testGetParsedText" file="/home/juli22/dbwebb-kurser/mvc/me/report/tests/Markdown/MdParserTest.php" line="40" class="App\Markdown\MdParserTest" classname="App.Markdown.MdParserTest" assertions="2" time="0.002157"/>
      </testsuite>
      <testsuite name="App\ProjectCard\CardCounterTest" file="/home/juli22/dbwebb-kurser/mvc/me/report/tests/ProjectCard/CardCounterTest.php" tests="1" assertions="2" errors="0" failures="0" skipped="0" time="0.000832">
        <testcase name="testCount" file="/home/juli22/dbwebb-kurser/mvc/me/report/tests/ProjectCard/CardCounterTest.php" line="30" class="App\ProjectCard\CardCounterTest" classname="App.ProjectCard.CardCounterTest" assertions="2" time="0.000832"/>
      </testsuite>
      <testsuite name="App\ProjectCard\CardFactoryTest" file="/home/juli22/dbwebb-kurser/mvc/me/report/tests/ProjectCard/CardFactoryTest.php" tests="1" assertions="2" errors="0" failures="0" skipped="0" time="0.000836">
        <testcase name="testFullSet" file="/home/juli22/dbwebb-kurser/mvc/me/report/tests/ProjectCard/CardFactoryTest.php" line="12" class="App\ProjectCard\CardFactoryTest" classname="App.ProjectCard.CardFactoryTest" assertions="2" time="0.000836"/>
      </testsuite>
      <testsuite name="App\ProjectCard\CardSearcherTest" file="/home/juli22/dbwebb-kurser/mvc/me/report/tests/ProjectCard/CardSearcherTest.php" tests="8" assertions="16" errors="0" failures="0" skipped="0" time="0.006149">
        <testcase name="testSearch" file="/home/juli22/dbwebb-kurser/mvc/me/report/tests/ProjectCard/CardSearcherTest.php" line="12" class="App\ProjectCard\CardSearcherTest" classname="App.ProjectCard.CardSearcherTest" assertions="5" time="0.000798"/>
        <testcase name="testCheckRankQuantNotOk" file="/home/juli22/dbwebb-kurser/mvc/me/report/tests/ProjectCard/CardSearcherTest.php" line="39" class="App\ProjectCard\CardSearcherTest" classname="App.ProjectCard.CardSearcherTest" assertions="1" time="0.000919"/>
        <testcase name="testCheckRankQuantOk" file="/home/juli22/dbwebb-kurser/mvc/me/report/tests/ProjectCard/CardSearcherTest.php" line="52" class="App\ProjectCard\CardSearcherTest" classname="App.ProjectCard.CardSearcherTest" assertions="1" time="0.000738"/>
        <testcase name="testCheckRankQuantOk2" file="/home/juli22/dbwebb-kurser/mvc/me/report/tests/ProjectCard/CardSearcherTest.php" line="65" class="App\ProjectCard\CardSearcherTest" classname="App.ProjectCard.CardSearcherTest" assertions="1" time="0.000729"/>
        <testcase name="testCheckRanksQuantNotOk" file="/home/juli22/dbwebb-kurser/mvc/me/report/tests/ProjectCard/CardSearcherTest.php" line="79" class="App\ProjectCard\CardSearcherTest" classname="App.ProjectCard.CardSearcherTest" assertions="1" time="0.000717"/>
        <testcase name="testCheckRanksQuantOk" file="/home/juli22/dbwebb-kurser/mvc/me/report/tests/ProjectCard/CardSearcherTest.php" line="93" class="App\ProjectCard\CardSearcherTest" classname="App.ProjectCard.CardSearcherTest" assertions="1" time="0.000703"/>
        <testcase name="testCheckRanksQuantOk2" file="/home/juli22/dbwebb-kurser/mvc/me/report/tests/ProjectCard/CardSearcherTest.php" line="107" class="App\ProjectCard\CardSearcherTest" classname="App.ProjectCard.CardSearcherTest" assertions="1" time="0.000787"/>
        <testcase name="testCheckRankQuantOk3" file="/home/juli22/dbwebb-kurser/mvc/me/report/tests/ProjectCard/CardSearcherTest.php" line="121" class="App\ProjectCard\CardSearcherTest" classname="App.ProjectCard.CardSearcherTest" assertions="5" time="0.000757"/>
      </testsuite>
      <testsuite name="App\ProjectCard\DeckTest" file="/home/juli22/dbwebb-kurser/mvc/me/report/tests/ProjectCard/DeckTest.php" tests="5" assertions="9" errors="0" failures="0" skipped="0" time="0.004442">
        <testcase name="testCreateObject" file="/home/juli22/dbwebb-kurser/mvc/me/report/tests/ProjectCard/DeckTest.php" line="18" class="App\ProjectCard\DeckTest" classname="App.ProjectCard.DeckTest" assertions="3" time="0.000814"/>
        <testcase name="testDealOk" file="/home/juli22/dbwebb-kurser/mvc/me/report/tests/ProjectCard/DeckTest.php" line="41" class="App\ProjectCard\DeckTest" classname="App.ProjectCard.DeckTest" assertions="2" time="0.000979"/>
        <testcase name="testDealNotOk" file="/home/juli22/dbwebb-kurser/mvc/me/report/tests/ProjectCard/DeckTest.php" line="64" class="App\ProjectCard\DeckTest" classname="App.ProjectCard.DeckTest" assertions="1" time="0.000835"/>
        <testcase name="testShuffleOk" file="/home/juli22/dbwebb-kurser/mvc/me/report/tests/ProjectCard/DeckTest.php" line="78" class="App\ProjectCard\DeckTest" classname="App.ProjectCard.DeckTest" assertions="1" time="0.000926"/>
        <testcase name="testPossibleCards" file="/home/juli22/dbwebb-kurser/mvc/me/report/tests/ProjectCard/DeckTest.php" line="96" class="App\ProjectCard\DeckTest" classname="App.ProjectCard.DeckTest" assertions="2" time="0.000888"/>
      </testsuite>
      <testsuite name="App\ProjectGrid\ColumnGetterTest" file="/home/juli22/dbwebb-kurser/mvc/me/report/tests/ProjectGrid/ColumnGetterTest.php" tests="1" assertions="1" errors="0" failures="0" skipped="0" time="0.000886">
        <testcase name="testAll" file="/home/juli22/dbwebb-kurser/mvc/me/report/tests/ProjectGrid/ColumnGetterTest.php" line="82" class="App\ProjectGrid\ColumnGetterTest" classname="App.ProjectGrid.ColumnGetterTest" assertions="1" time="0.000886"/>
      </testsuite>
      <testsuite name="App\ProjectGrid\EmptyCellFinderTest" file="/home/juli22/dbwebb-kurser/mvc/me/report/tests/ProjectGrid/EmptyCellFinderTest.php" tests="2" assertions="2" errors="0" failures="0" skipped="0" time="0.001425">
        <testcase name="testSingle" file="/home/juli22/dbwebb-kurser/mvc/me/report/tests/ProjectGrid/EmptyCellFinderTest.php" line="50" class="App\ProjectGrid\EmptyCellFinderTest" classname="App.ProjectGrid.EmptyCellFinderTest" assertions="1" time="0.000693"/>
        <testcase name="testAll" file="/home/juli22/dbwebb-kurser/mvc/me/report/tests/ProjectGrid/EmptyCellFinderTest.php" line="59" class="App\ProjectGrid\EmptyCellFinderTest" classname="App.ProjectGrid.EmptyCellFinderTest" assertions="1" time="0.000732"/>
      </testsuite>
      <testsuite name="App\ProjectGrid\GridGraphicTest" file="/home/juli22/dbwebb-kurser/mvc/me/report/tests/ProjectGrid/GridGraphicTest.php" tests="1" assertions="1" errors="0" failures="0" skipped="0" time="0.000749">
        <testcase name="testGraphic" file="/home/juli22/dbwebb-kurser/mvc/me/report/tests/ProjectGrid/GridGraphicTest.php" line="50" class="App\ProjectGrid\GridGraphicTest" classname="App.ProjectGrid.GridGraphicTest" assertions="1" time="0.000749"/>
      </testsuite>
      <testsuite name="App\ProjectGrid\GridTest" file="/home/juli22/dbwebb-kurser/mvc/me/report/tests/ProjectGrid/GridTest.php" tests="3" assertions="6" errors="0" failures="0" skipped="0" time="0.002088">
        <testcase name="testSetCards" file="/home/juli22/dbwebb-kurser/mvc/me/report/tests/ProjectGrid/GridTest.php" line="58" class="App\ProjectGrid\GridTest" classname="App.ProjectGrid.GridTest" assertions="1" time="0.000667"/>
        <testcase name="testAddOk" file="/home/juli22/dbwebb-kurser/mvc/me/report/tests/ProjectGrid/GridTest.php" line="68" class="App\ProjectGrid\GridTest" classname="App.ProjectGrid.GridTest" assertions="4" time="0.000699"/>
        <testcase name="testAddNotOk" file="/home/juli22/dbwebb-kurser/mvc/me/report/tests/ProjectGrid/GridTest.php" line="84" class="App\ProjectGrid\GridTest" classname="App.ProjectGrid.GridTest" assertions="1" time="0.000722"/>
      </testsuite>
      <testsuite name="App\ProjectRules\FlushStatTest" file="/home/juli22/dbwebb-kurser/mvc/me/report/tests/ProjectRules/FlushStatTest.php" tests="4" assertions="4" errors="0" failures="0" skipped="0" time="0.003137">
        <testcase name="testCheckOk" file="/home/juli22/dbwebb-kurser/mvc/me/report/tests/ProjectRules/FlushStatTest.php" line="9" class="App\ProjectRules\FlushStatTest" classname="App.ProjectRules.FlushStatTest" assertions="1" time="0.000775"/>
        <testcase name="testCheckNotOk" file="/home/juli22/dbwebb-kurser/mvc/me/report/tests/ProjectRules/FlushStatTest.php" line="19" class="App\ProjectRules\FlushStatTest" classname="App.ProjectRules.FlushStatTest" assertions="1" time="0.000828"/>
        <testcase name="testCheckNotOk2" file="/home/juli22/dbwebb-kurser/mvc/me/report/tests/ProjectRules/FlushStatTest.php" line="29" class="App\ProjectRules\FlushStatTest" classname="App.ProjectRules.FlushStatTest" assertions="1" time="0.000777"/>
        <testcase name="testCheckNotOk3" file="/home/juli22/dbwebb-kurser/mvc/me/report/tests/ProjectRules/FlushStatTest.php" line="39" class="App\ProjectRules\FlushStatTest" classname="App.ProjectRules.FlushStatTest" assertions="1" time="0.000757"/>
      </testsuite>
      <testsuite name="App\ProjectRules\FlushTest" file="/home/juli22/dbwebb-kurser/mvc/me/report/tests/ProjectRules/FlushTest.php" tests="2" assertions="2" errors="0" failures="0" skipped="0" time="0.001554">
        <testcase name="testCheckOk" file="/home/juli22/dbwebb-kurser/mvc/me/report/tests/ProjectRules/FlushTest.php" line="9" class="App\ProjectRules\FlushTest" classname="App.ProjectRules.FlushTest" assertions="1" time="0.000783"/>
        <testcase name="testCheckNotOk" file="/home/juli22/dbwebb-kurser/mvc/me/report/tests/ProjectRules/FlushTest.php" line="17" class="App\ProjectRules\FlushTest" classname="App.ProjectRules.FlushTest" assertions="1" time="0.000771"/>
      </testsuite>
      <testsuite name="App\ProjectRules\FourOfAKindStatNotOkTest" file="/home/juli22/dbwebb-kurser/mvc/me/report/tests/ProjectRules/FourOfAKindStatNotOkTest.php" tests="6" assertions="6" errors="0" failures="0" skipped="0" time="0.004955">
        <testcase name="testCheckNotOk" file="/home/juli22/dbwebb-kurser/mvc/me/report/tests/ProjectRules/FourOfAKindStatNotOkTest.php" line="9" class="App\ProjectRules\FourOfAKindStatNotOkTest" classname="App.ProjectRules.FourOfAKindStatNotOkTest" assertions="1" time="0.000855"/>
        <testcase name="testCheckNotOk2" file="/home/juli22/dbwebb-kurser/mvc/me/report/tests/ProjectRules/FourOfAKindStatNotOkTest.php" line="19" class="App\ProjectRules\FourOfAKindStatNotOkTest" classname="App.ProjectRules.FourOfAKindStatNotOkTest" assertions="1" time="0.000827"/>
        <testcase name="testCheckNotOk3" file="/home/juli22/dbwebb-kurser/mvc/me/report/tests/ProjectRules/FourOfAKindStatNotOkTest.php" line="29" class="App\ProjectRules\FourOfAKindStatNotOkTest" classname="App.ProjectRules.FourOfAKindStatNotOkTest" assertions="1" time="0.000820"/>
        <testcase name="testCheckNotOk4" file="/home/juli22/dbwebb-kurser/mvc/me/report/tests/ProjectRules/FourOfAKindStatNotOkTest.php" line="39" class="App\ProjectRules\FourOfAKindStatNotOkTest" classname="App.ProjectRules.FourOfAKindStatNotOkTest" assertions="1" time="0.000874"/>
        <testcase name="testCheckNotOk5" file="/home/juli22/dbwebb-kurser/mvc/me/report/tests/ProjectRules/FourOfAKindStatNotOkTest.php" line="49" class="App\ProjectRules\FourOfAKindStatNotOkTest" classname="App.ProjectRules.FourOfAKindStatNotOkTest" assertions="1" time="0.000772"/>
        <testcase name="testCheckNotOk6" file="/home/juli22/dbwebb-kurser/mvc/me/report/tests/ProjectRules/FourOfAKindStatNotOkTest.php" line="59" class="App\ProjectRules\FourOfAKindStatNotOkTest" classname="App.ProjectRules.FourOfAKindStatNotOkTest" assertions="1" time="0.000807"/>
      </testsuite>
      <testsuite name="App\ProjectRules\FourOfAKindStatOkTest" file="/home/juli22/dbwebb-kurser/mvc/me/report/tests/ProjectRules/FourOfAKindStatOkTest.php" tests="6" assertions="6" errors="0" failures="0" skipped="0" time="0.004976">
        <testcase name="testCheckOk" file="/home/juli22/dbwebb-kurser/mvc/me/report/tests/ProjectRules/FourOfAKindStatOkTest.php" line="9" class="App\ProjectRules\FourOfAKindStatOkTest" classname="App.ProjectRules.FourOfAKindStatOkTest" assertions="1" time="0.000921"/>
        <testcase name="testCheckOk2" file="/home/juli22/dbwebb-kurser/mvc/me/report/tests/ProjectRules/FourOfAKindStatOkTest.php" line="19" class="App\ProjectRules\FourOfAKindStatOkTest" classname="App.ProjectRules.FourOfAKindStatOkTest" assertions="1" time="0.000845"/>
        <testcase name="testCheckOk3" file="/home/juli22/dbwebb-kurser/mvc/me/report/tests/ProjectRules/FourOfAKindStatOkTest.php" line="29" class="App\ProjectRules\FourOfAKindStatOkTest" classname="App.ProjectRules.FourOfAKindStatOkTest" assertions="1" time="0.000844"/>
        <testcase name="testCheckNotOk" file="/home/juli22/dbwebb-kurser/mvc/me/report/tests/ProjectRules/FourOfAKindStatOkTest.php" line="39" class="App\ProjectRules\FourOfAKindStatOkTest" classname="App.ProjectRules.FourOfAKindStatOkTest" assertions="1" time="0.000771"/>
        <testcase name="testCheckNotOk2" file="/home/juli22/dbwebb-kurser/mvc/me/report/tests/ProjectRules/FourOfAKindStatOkTest.php" line="49" class="App\ProjectRules\FourOfAKindStatOkTest" classname="App.ProjectRules.FourOfAKindStatOkTest" assertions="1" time="0.000802"/>
        <testcase name="testCheckNotOk3" file="/home/juli22/dbwebb-kurser/mvc/me/report/tests/ProjectRules/FourOfAKindStatOkTest.php" line="60" class="App\ProjectRules\FourOfAKindStatOkTest" classname="App.ProjectRules.FourOfAKindStatOkTest" assertions="1" time="0.000794"/>
      </testsuite>
      <testsuite name="App\ProjectRules\FourOfAKindTest" file="/home/juli22/dbwebb-kurser/mvc/me/report/tests/ProjectRules/FourOfAKindTest.php" tests="5" assertions="5" errors="0" failures="0" skipped="0" time="0.004062">
        <testcase name="testScoreOk" file="/home/juli22/dbwebb-kurser/mvc/me/report/tests/ProjectRules/FourOfAKindTest.php" line="9" class="App\ProjectRules\FourOfAKindTest" classname="App.ProjectRules.FourOfAKindTest" assertions="1" time="0.000816"/>
        <testcase name="testScoreOk2" file="/home/juli22/dbwebb-kurser/mvc/me/report/tests/ProjectRules/FourOfAKindTest.php" line="19" class="App\ProjectRules\FourOfAKindTest" classname="App.ProjectRules.FourOfAKindTest" assertions="1" time="0.000816"/>
        <testcase name="testScoreNotOk" file="/home/juli22/dbwebb-kurser/mvc/me/report/tests/ProjectRules/FourOfAKindTest.php" line="28" class="App\ProjectRules\FourOfAKindTest" classname="App.ProjectRules.FourOfAKindTest" assertions="1" time="0.000809"/>
        <testcase name="testScoreNotOk2" file="/home/juli22/dbwebb-kurser/mvc/me/report/tests/ProjectRules/FourOfAKindTest.php" line="36" class="App\ProjectRules\FourOfAKindTest" classname="App.ProjectRules.FourOfAKindTest" assertions="1" time="0.000827"/>
        <testcase name="testScoreNotOk3" file="/home/juli22/dbwebb-kurser/mvc/me/report/tests/ProjectRules/FourOfAKindTest.php" line="46" class="App\ProjectRules\FourOfAKindTest" classname="App.ProjectRules.FourOfAKindTest" assertions="1" time="0.000794"/>
      </testsuite>
      <testsuite name="App\ProjectRules\FullHouseStatTest" file="/home/juli22/dbwebb-kurser/mvc/me/report/tests/ProjectRules/FullHouseStatTest.php" tests="4" assertions="4" errors="0" failures="0" skipped="0" time="0.003186">
        <testcase name="testCheckNotOk" file="/home/juli22/dbwebb-kurser/mvc/me/report/tests/ProjectRules/FullHouseStatTest.php" line="9" class="App\ProjectRules\FullHouseStatTest" classname="App.ProjectRules.FullHouseStatTest" assertions="1" time="0.000779"/>
        <testcase name="testCheckOk" file="/home/juli22/dbwebb-kurser/mvc/me/report/tests/ProjectRules/FullHouseStatTest.php" line="19" class="App\ProjectRules\FullHouseStatTest" classname="App.ProjectRules.FullHouseStatTest" assertions="1" time="0.000806"/>
        <testcase name="testCheckNotOk2" file="/home/juli22/dbwebb-kurser/mvc/me/report/tests/ProjectRules/FullHouseStatTest.php" line="29" class="App\ProjectRules\FullHouseStatTest" classname="App.ProjectRules.FullHouseStatTest" assertions="1" time="0.000799"/>
        <testcase name="testCheckNotOk3" file="/home/juli22/dbwebb-kurser/mvc/me/report/tests/ProjectRules/FullHouseStatTest.php" line="39" class="App\ProjectRules\FullHouseStatTest" classname="App.ProjectRules.FullHouseStatTest" assertions="1" time="0.000801"/>
      </testsuite>
      <testsuite name="App\ProjectRules\FullHouseTest" file="/home/juli22/dbwebb-kurser/mvc/me/report/tests/ProjectRules/FullHouseTest.php" tests="4" assertions="4" errors="0" failures="0" skipped="0" time="0.003132">
        <testcase name="testCheckOk" file="/home/juli22/dbwebb-kurser/mvc/me/report/tests/ProjectRules/FullHouseTest.php" line="9" class="App\ProjectRules\FullHouseTest" classname="App.ProjectRules.FullHouseTest" assertions="1" time="0.000771"/>
        <testcase name="testCheckNotOk" file="/home/juli22/dbwebb-kurser/mvc/me/report/tests/ProjectRules/FullHouseTest.php" line="17" class="App\ProjectRules\FullHouseTest" classname="App.ProjectRules.FullHouseTest" assertions="1" time="0.000797"/>
        <testcase name="testCheckNotOk2" file="/home/juli22/dbwebb-kurser/mvc/me/report/tests/ProjectRules/FullHouseTest.php" line="25" class="App\ProjectRules\FullHouseTest" classname="App.ProjectRules.FullHouseTest" assertions="1" time="0.000781"/>
        <testcase name="testCheckNotOk3" file="/home/juli22/dbwebb-kurser/mvc/me/report/tests/ProjectRules/FullHouseTest.php" line="34" class="App\ProjectRules\FullHouseTest" classname="App.ProjectRules.FullHouseTest" assertions="1" time="0.000783"/>
      </testsuite>
      <testsuite name="App\ProjectRules\MoveEvaluatorTest" file="/home/juli22/dbwebb-kurser/mvc/me/report/tests/ProjectRules/MoveEvaluatorTest.php" tests="7" assertions="7" errors="0" failures="0" skipped="0" time="0.014780">
        <testcase name="testSuggestion" file="/home/juli22/dbwebb-kurser/mvc/me/report/tests/ProjectRules/MoveEvaluatorTest.php" line="11" class="App\ProjectRules\MoveEvaluatorTest" classname="App.ProjectRules.MoveEvaluatorTest" assertions="1" time="0.001957"/>
        <testcase name="testSuggestion2" file="/home/juli22/dbwebb-kurser/mvc/me/report/tests/ProjectRules/MoveEvaluatorTest.php" line="39" class="App\ProjectRules\MoveEvaluatorTest" classname="App.ProjectRules.MoveEvaluatorTest" assertions="1" time="0.001350"/>
        <testcase name="testSuggestion3" file="/home/juli22/dbwebb-kurser/mvc/me/report/tests/ProjectRules/MoveEvaluatorTest.php" line="61" class="App\ProjectRules\MoveEvaluatorTest" classname="App.ProjectRules.MoveEvaluatorTest" assertions="1" time="0.002787"/>
        <testcase name="testSuggestion4" file="/home/juli22/dbwebb-kurser/mvc/me/report/tests/ProjectRules/MoveEvaluatorTest.php" line="84" class="App\ProjectRules\MoveEvaluatorTest" classname="App.ProjectRules.MoveEvaluatorTest" assertions="1" time="0.001476"/>
        <testcase name="testSuggestion5" file="/home/juli22/dbwebb-kurser/mvc/me/report/tests/ProjectRules/MoveEvaluatorTest.php" line="111" class="App\ProjectRules\MoveEvaluatorTest" classname="App.ProjectRules.MoveEvaluatorTest" assertions="1" time="0.003302"/>
        <testcase name="testSuggestion6" file="/home/juli22/dbwebb-kurser/mvc/me/report/tests/ProjectRules/MoveEvaluatorTest.php" line="140" class="App\ProjectRules\MoveEvaluatorTest" classname="App.ProjectRules.MoveEvaluatorTest" assertions="1" time="0.002122"/>
        <testcase name="testSuggestion7" file="/home/juli22/dbwebb-kurser/mvc/me/report/tests/ProjectRules/MoveEvaluatorTest.php" line="175" class="App\ProjectRules\MoveEvaluatorTest" classname="App.ProjectRules.MoveEvaluatorTest" assertions="1" time="0.001787"/>
      </testsuite>
      <testsuite name="App\ProjectRules\OnePairStatTest" file="/home/juli22/dbwebb-kurser/mvc/me/report/tests/ProjectRules/OnePairStatTest.php" tests="2" assertions="2" errors="0" failures="0" skipped="0" time="0.001619">
        <testcase name="testCheckOk" file="/home/juli22/dbwebb-kurser/mvc/me/report/tests/ProjectRules/OnePairStatTest.php" line="9" class="App\ProjectRules\OnePairStatTest" classname="App.ProjectRules.OnePairStatTest" assertions="1" time="0.000846"/>
        <testcase name="testCheckNotOk" file="/home/juli22/dbwebb-kurser/mvc/me/report/tests/ProjectRules/OnePairStatTest.php" line="19" class="App\ProjectRules\OnePairStatTest" classname="App.ProjectRules.OnePairStatTest" assertions="1" time="0.000774"/>
      </testsuite>
      <testsuite name="App\ProjectRules\OnePairTest" file="/home/juli22/dbwebb-kurser/mvc/me/report/tests/ProjectRules/OnePairTest.php" tests="1" assertions="1" errors="0" failures="0" skipped="0" time="0.000760">
        <testcase name="testCheckOk" file="/home/juli22/dbwebb-kurser/mvc/me/report/tests/ProjectRules/OnePairTest.php" line="9" class="App\ProjectRules\OnePairTest" classname="App.ProjectRules.OnePairTest" assertions="1" time="0.000760"/>
      </testsuite>
      <testsuite name="App\ProjectRules\RankLimitsTraitTest" file="/home/juli22/dbwebb-kurser/mvc/me/report/tests/ProjectRules/RankLimitsTraitTest.php" tests="4" assertions="6" errors="0" failures="0" skipped="0" time="0.002904">
        <testcase name="testSetRankLimitsOk" file="/home/juli22/dbwebb-kurser/mvc/me/report/tests/ProjectRules/RankLimitsTraitTest.php" line="13" class="App\ProjectRules\RankLimitsTraitTest" classname="App.ProjectRules.RankLimitsTraitTest" assertions="3" time="0.000736"/>
        <testcase name="testSetRankLimitsNotOk" file="/home/juli22/dbwebb-kurser/mvc/me/report/tests/ProjectRules/RankLimitsTraitTest.php" line="22" class="App\ProjectRules\RankLimitsTraitTest" classname="App.ProjectRules.RankLimitsTraitTest" assertions="1" time="0.000722"/>
        <testcase name="testMinRankLimits" file="/home/juli22/dbwebb-kurser/mvc/me/report/tests/ProjectRules/RankLimitsTraitTest.php" line="29" class="App\ProjectRules\RankLimitsTraitTest" classname="App.ProjectRules.RankLimitsTraitTest" assertions="1" time="0.000732"/>
        <testcase name="testMinRankLimits2" file="/home/juli22/dbwebb-kurser/mvc/me/report/tests/ProjectRules/RankLimitsTraitTest.php" line="41" class="App\ProjectRules\RankLimitsTraitTest" classname="App.ProjectRules.RankLimitsTraitTest" assertions="1" time="0.000714"/>
      </testsuite>
      <testsuite name="App\ProjectRules\RoyalFlushStatTest" file="/home/juli22/dbwebb-kurser/mvc/me/report/tests/ProjectRules/RoyalFlushStatTest.php" tests="4" assertions="4" errors="0" failures="0" skipped="0" time="0.003509">
        <testcase name="testCheckNotOk" file="/home/juli22/dbwebb-kurser/mvc/me/report/tests/ProjectRules/RoyalFlushStatTest.php" line="12" class="App\ProjectRules\RoyalFlushStatTest" classname="App.ProjectRules.RoyalFlushStatTest" assertions="1" time="0.000986"/>
        <testcase name="testCheckOk" file="/home/juli22/dbwebb-kurser/mvc/me/report/tests/ProjectRules/RoyalFlushStatTest.php" line="24" class="App\ProjectRules\RoyalFlushStatTest" classname="App.ProjectRules.RoyalFlushStatTest" assertions="1" time="0.000885"/>
        <testcase name="testCheckNotOk2" file="/home/juli22/dbwebb-kurser/mvc/me/report/tests/ProjectRules/RoyalFlushStatTest.php" line="35" class="App\ProjectRules\RoyalFlushStatTest" classname="App.ProjectRules.RoyalFlushStatTest" assertions="1" time="0.000801"/>
        <testcase name="testCheckOk2" file="/home/juli22/dbwebb-kurser/mvc/me/report/tests/ProjectRules/RoyalFlushStatTest.php" line="46" class="App\ProjectRules\RoyalFlushStatTest" classname="App.ProjectRules.RoyalFlushStatTest" assertions="1" time="0.000837"/>
      </testsuite>
      <testsuite name="App\ProjectRules\RoyalFlushTest" file="/home/juli22/dbwebb-kurser/mvc/me/report/tests/ProjectRules/RoyalFlushTest.php" tests="6" assertions="6" errors="0" failures="0" skipped="0" time="0.004515">
        <testcase name="testCreateObject" file="/home/juli22/dbwebb-kurser/mvc/me/report/tests/ProjectRules/RoyalFlushTest.php" line="12" class="App\ProjectRules\RoyalFlushTest" classname="App.ProjectRules.RoyalFlushTest" assertions="1" time="0.000703"/>
        <testcase name="testCheckOk" file="/home/juli22/dbwebb-kurser/mvc/me/report/tests/ProjectRules/RoyalFlushTest.php" line="18" class="App\ProjectRules\RoyalFlushTest" classname="App.ProjectRules.RoyalFlushTest" assertions="1" time="0.000761"/>
        <testcase name="testCheckNotOk" file="/home/juli22/dbwebb-kurser/mvc/me/report/tests/ProjectRules/RoyalFlushTest.php" line="30" class="App\ProjectRules\RoyalFlushTest" classname="App.ProjectRules.RoyalFlushTest" assertions="1" time="0.000781"/>
        <testcase name="testCheckNotOk2" file="/home/juli22/dbwebb-kurser/mvc/me/report/tests/ProjectRules/RoyalFlushTest.php" line="42" class="App\ProjectRules\RoyalFlushTest" classname="App.ProjectRules.RoyalFlushTest" assertions="1" time="0.000773"/>
        <testcase name="testCheckNotOk3" file="/home/juli22/dbwebb-kurser/mvc/me/report/tests/ProjectRules/RoyalFlushTest.php" line="58" class="App\ProjectRules\RoyalFlushTest" classname="App.ProjectRules.RoyalFlushTest" assertions="1" time="0.000757"/>
        <testcase name="testCheckNotOk4" file="/home/juli22/dbwebb-kurser/mvc/me/report/tests/ProjectRules/RoyalFlushTest.php" line="71" class="App\ProjectRules\RoyalFlushTest" classname="App.ProjectRules.RoyalFlushTest" assertions="1" time="0.000739"/>
      </testsuite>
      <testsuite name="App\ProjectRules\RuleStatsTest" file="/home/juli22/dbwebb-kurser/mvc/me/report/tests/ProjectRules/RuleStatsTest.php" tests="2" assertions="2" errors="0" failures="0" skipped="0" time="0.002885">
        <testcase name="testSetGetRules" file="/home/juli22/dbwebb-kurser/mvc/me/report/tests/ProjectRules/RuleStatsTest.php" line="11" class="App\ProjectRules\RuleStatsTest" classname="App.ProjectRules.RuleStatsTest" assertions="1" time="0.001159"/>
        <testcase name="testCheckSinglePossible" file="/home/juli22/dbwebb-kurser/mvc/me/report/tests/ProjectRules/RuleStatsTest.php" line="27" class="App\ProjectRules\RuleStatsTest" classname="App.ProjectRules.RuleStatsTest" assertions="1" time="0.001726"/>
      </testsuite>
      <testsuite name="App\ProjectRules\RulesTest" file="/home/juli22/dbwebb-kurser/mvc/me/report/tests/ProjectRules/RulesTest.php" tests="2" assertions="11" errors="0" failures="0" skipped="0" time="0.003278">
        <testcase name="testCheckWinSingle" file="/home/juli22/dbwebb-kurser/mvc/me/report/tests/ProjectRules/RulesTest.php" line="10" class="App\ProjectRules\RulesTest" classname="App.ProjectRules.RulesTest" assertions="10" time="0.002126"/>
        <testcase name="testSetGetRules" file="/home/juli22/dbwebb-kurser/mvc/me/report/tests/ProjectRules/RulesTest.php" line="76" class="App\ProjectRules\RulesTest" classname="App.ProjectRules.RulesTest" assertions="1" time="0.001151"/>
      </testsuite>
      <testsuite name="App\ProjectRules\SameRankTraitTest" file="/home/juli22/dbwebb-kurser/mvc/me/report/tests/ProjectRules/SameRankTraitTest.php" tests="2" assertions="2" errors="0" failures="0" skipped="0" time="0.001527">
        <testcase name="testCheckOk" file="/home/juli22/dbwebb-kurser/mvc/me/report/tests/ProjectRules/SameRankTraitTest.php" line="19" class="App\ProjectRules\SameRankTraitTest" classname="App.ProjectRules.SameRankTraitTest" assertions="1" time="0.000812"/>
        <testcase name="testCheckNotOk" file="/home/juli22/dbwebb-kurser/mvc/me/report/tests/ProjectRules/SameRankTraitTest.php" line="27" class="App\ProjectRules\SameRankTraitTest" classname="App.ProjectRules.SameRankTraitTest" assertions="1" time="0.000715"/>
      </testsuite>
      <testsuite name="App\ProjectRules\StraightFlushStatTest" file="/home/juli22/dbwebb-kurser/mvc/me/report/tests/ProjectRules/StraightFlushStatTest.php" tests="6" assertions="6" errors="0" failures="0" skipped="0" time="0.005091">
        <testcase name="testCheckOk3" file="/home/juli22/dbwebb-kurser/mvc/me/report/tests/ProjectRules/StraightFlushStatTest.php" line="9" class="App\ProjectRules\StraightFlushStatTest" classname="App.ProjectRules.StraightFlushStatTest" assertions="1" time="0.000882"/>
        <testcase name="testCheckOk4" file="/home/juli22/dbwebb-kurser/mvc/me/report/tests/ProjectRules/StraightFlushStatTest.php" line="20" class="App\ProjectRules\StraightFlushStatTest" classname="App.ProjectRules.StraightFlushStatTest" assertions="1" time="0.000900"/>
        <testcase name="testCheckNotOk4" file="/home/juli22/dbwebb-kurser/mvc/me/report/tests/ProjectRules/StraightFlushStatTest.php" line="31" class="App\ProjectRules\StraightFlushStatTest" classname="App.ProjectRules.StraightFlushStatTest" assertions="1" time="0.000796"/>
        <testcase name="testCheckNotOk" file="/home/juli22/dbwebb-kurser/mvc/me/report/tests/ProjectRules/StraightFlushStatTest.php" line="43" class="App\ProjectRules\StraightFlushStatTest" classname="App.ProjectRules.StraightFlushStatTest" assertions="1" time="0.000748"/>
        <testcase name="testCheckOk" file="/home/juli22/dbwebb-kurser/mvc/me/report/tests/ProjectRules/StraightFlushStatTest.php" line="54" class="App\ProjectRules\StraightFlushStatTest" classname="App.ProjectRules.StraightFlushStatTest" assertions="1" time="0.000884"/>
        <testcase name="testCheckNotOk2" file="/home/juli22/dbwebb-kurser/mvc/me/report/tests/ProjectRules/StraightFlushStatTest.php" line="65" class="App\ProjectRules\StraightFlushStatTest" classname="App.ProjectRules.StraightFlushStatTest" assertions="1" time="0.000881"/>
      </testsuite>
      <testsuite name="App\ProjectRules\StraightFlushTest" file="/home/juli22/dbwebb-kurser/mvc/me/report/tests/ProjectRules/StraightFlushTest.php" tests="5" assertions="5" errors="0" failures="0" skipped="0" time="0.004312">
        <testcase name="testCheckOk" file="/home/juli22/dbwebb-kurser/mvc/me/report/tests/ProjectRules/StraightFlushTest.php" line="9" class="App\ProjectRules\StraightFlushTest" classname="App.ProjectRules.StraightFlushTest" assertions="1" time="0.000770"/>
        <testcase name="testCheckNotOk" file="/home/juli22/dbwebb-kurser/mvc/me/report/tests/ProjectRules/StraightFlushTest.php" line="21" class="App\ProjectRules\StraightFlushTest" classname="App.ProjectRules.StraightFlushTest" assertions="1" time="0.000797"/>
        <testcase name="testCheckNotOk2" file="/home/juli22/dbwebb-kurser/mvc/me/report/tests/ProjectRules/StraightFlushTest.php" line="33" class="App\ProjectRules\StraightFlushTest" classname="App.ProjectRules.StraightFlushTest" assertions="1" time="0.001256"/>
        <testcase name="testCheckNotOk3" file="/home/juli22/dbwebb-kurser/mvc/me/report/tests/ProjectRules/StraightFlushTest.php" line="49" class="App\ProjectRules\StraightFlushTest" classname="App.ProjectRules.StraightFlushTest" assertions="1" time="0.000751"/>
        <testcase name="testCheckNotOk4" file="/home/juli22/dbwebb-kurser/mvc/me/report/tests/ProjectRules/StraightFlushTest.php" line="62" class="App\ProjectRules\StraightFlushTest" classname="App.ProjectRules.StraightFlushTest" assertions="1" time="0.000738"/>
      </testsuite>
      <testsuite name="App\ProjectRules\StraightStatTest" file="/home/juli22/dbwebb-kurser/mvc/me/report/tests/ProjectRules/StraightStatTest.php" tests="8" assertions="8" errors="0" failures="0" skipped="0" time="0.006674">
        <testcase name="testCheckOk3" file="/home/juli22/dbwebb-kurser/mvc/me/report/tests/ProjectRules/StraightStatTest.php" line="9" class="App\ProjectRules\StraightStatTest" classname="App.ProjectRules.StraightStatTest" assertions="1" time="0.000843"/>
        <testcase name="testCheckOk4" file="/home/juli22/dbwebb-kurser/mvc/me/report/tests/ProjectRules/StraightStatTest.php" line="20" class="App\ProjectRules\StraightStatTest" classname="App.ProjectRules.StraightStatTest" assertions="1" time="0.000819"/>
        <testcase name="testCheckNotOk5" file="/home/juli22/dbwebb-kurser/mvc/me/report/tests/ProjectRules/StraightStatTest.php" line="32" class="App\ProjectRules\StraightStatTest" classname="App.ProjectRules.StraightStatTest" assertions="1" time="0.000769"/>
        <testcase name="testCheckOk" file="/home/juli22/dbwebb-kurser/mvc/me/report/tests/ProjectRules/StraightStatTest.php" line="44" class="App\ProjectRules\StraightStatTest" classname="App.ProjectRules.StraightStatTest" assertions="1" time="0.000824"/>
        <testcase name="testCheckNotOk2" file="/home/juli22/dbwebb-kurser/mvc/me/report/tests/ProjectRules/StraightStatTest.php" line="55" class="App\ProjectRules\StraightStatTest" classname="App.ProjectRules.StraightStatTest" assertions="1" time="0.000825"/>
        <testcase name="testCheckNotOk3" file="/home/juli22/dbwebb-kurser/mvc/me/report/tests/ProjectRules/StraightStatTest.php" line="66" class="App\ProjectRules\StraightStatTest" classname="App.ProjectRules.StraightStatTest" assertions="1" time="0.000784"/>
        <testcase name="testCheckNotOk4" file="/home/juli22/dbwebb-kurser/mvc/me/report/tests/ProjectRules/StraightStatTest.php" line="80" class="App\ProjectRules\StraightStatTest" classname="App.ProjectRules.StraightStatTest" assertions="1" time="0.000791"/>
        <testcase name="testCheckNotOk6" file="/home/juli22/dbwebb-kurser/mvc/me/report/tests/ProjectRules/StraightStatTest.php" line="99" class="App\ProjectRules\StraightStatTest" classname="App.ProjectRules.StraightStatTest" assertions="1" time="0.001018"/>
      </testsuite>
      <testsuite name="App\ProjectRules\StraightTest" file="/home/juli22/dbwebb-kurser/mvc/me/report/tests/ProjectRules/StraightTest.php" tests="6" assertions="6" errors="0" failures="0" skipped="0" time="0.004643">
        <testcase name="testCheckOk" file="/home/juli22/dbwebb-kurser/mvc/me/report/tests/ProjectRules/StraightTest.php" line="9" class="App\ProjectRules\StraightTest" classname="App.ProjectRules.StraightTest" assertions="1" time="0.000839"/>
        <testcase name="testCheckNotOk" file="/home/juli22/dbwebb-kurser/mvc/me/report/tests/ProjectRules/StraightTest.php" line="23" class="App\ProjectRules\StraightTest" classname="App.ProjectRules.StraightTest" assertions="1" time="0.000758"/>
        <testcase name="testCheckNotOk2" file="/home/juli22/dbwebb-kurser/mvc/me/report/tests/ProjectRules/StraightTest.php" line="35" class="App\ProjectRules\StraightTest" classname="App.ProjectRules.StraightTest" assertions="1" time="0.000814"/>
        <testcase name="testCheckNotOk3" file="/home/juli22/dbwebb-kurser/mvc/me/report/tests/ProjectRules/StraightTest.php" line="51" class="App\ProjectRules\StraightTest" classname="App.ProjectRules.StraightTest" assertions="1" time="0.000761"/>
        <testcase name="testCheckNotOk4" file="/home/juli22/dbwebb-kurser/mvc/me/report/tests/ProjectRules/StraightTest.php" line="64" class="App\ProjectRules\StraightTest" classname="App.ProjectRules.StraightTest" assertions="1" time="0.000740"/>
        <testcase name="testCheckNotOk5" file="/home/juli22/dbwebb-kurser/mvc/me/report/tests/ProjectRules/StraightTest.php" line="77" class="App\ProjectRules\StraightTest" classname="App.ProjectRules.StraightTest" assertions="1" time="0.000731"/>
      </testsuite>
      <testsuite name="App\ProjectRules\ThreeOfAKindStat2Test" file="/home/juli22/dbwebb-kurser/mvc/me/report/tests/ProjectRules/ThreeOfAKindStat2Test.php" tests="6" assertions="6" errors="0" failures="0" skipped="0" time="0.005047">
        <testcase name="testCheckNotOk" file="/home/juli22/dbwebb-kurser/mvc/me/report/tests/ProjectRules/ThreeOfAKindStat2Test.php" line="9" class="App\ProjectRules\ThreeOfAKindStat2Test" classname="App.ProjectRules.ThreeOfAKindStat2Test" assertions="1" time="0.000766"/>
        <testcase name="testCheckOk2" file="/home/juli22/dbwebb-kurser/mvc/me/report/tests/ProjectRules/ThreeOfAKindStat2Test.php" line="19" class="App\ProjectRules\ThreeOfAKindStat2Test" classname="App.ProjectRules.ThreeOfAKindStat2Test" assertions="1" time="0.000819"/>
        <testcase name="testCheckOk3" file="/home/juli22/dbwebb-kurser/mvc/me/report/tests/ProjectRules/ThreeOfAKindStat2Test.php" line="29" class="App\ProjectRules\ThreeOfAKindStat2Test" classname="App.ProjectRules.ThreeOfAKindStat2Test" assertions="1" time="0.000870"/>
        <testcase name="testCheckNotOk2" file="/home/juli22/dbwebb-kurser/mvc/me/report/tests/ProjectRules/ThreeOfAKindStat2Test.php" line="39" class="App\ProjectRules\ThreeOfAKindStat2Test" classname="App.ProjectRules.ThreeOfAKindStat2Test" assertions="1" time="0.000771"/>
        <testcase name="testCheckOk5" file="/home/juli22/dbwebb-kurser/mvc/me/report/tests/ProjectRules/ThreeOfAKindStat2Test.php" line="49" class="App\ProjectRules\ThreeOfAKindStat2Test" classname="App.ProjectRules.ThreeOfAKindStat2Test" assertions="1" time="0.000895"/>
        <testcase name="testCheckOk6" file="/home/juli22/dbwebb-kurser/mvc/me/report/tests/ProjectRules/ThreeOfAKindStat2Test.php" line="59" class="App\ProjectRules\ThreeOfAKindStat2Test" classname="App.ProjectRules.ThreeOfAKindStat2Test" assertions="1" time="0.000926"/>
      </testsuite>
      <testsuite name="App\ProjectRules\ThreeOfAKindStatTest" file="/home/juli22/dbwebb-kurser/mvc/me/report/tests/ProjectRules/ThreeOfAKindStatTest.php" tests="3" assertions="3" errors="0" failures="0" skipped="0" time="0.002539">
        <testcase name="testCheckNotOk" file="/home/juli22/dbwebb-kurser/mvc/me/report/tests/ProjectRules/ThreeOfAKindStatTest.php" line="9" class="App\ProjectRules\ThreeOfAKindStatTest" classname="App.ProjectRules.ThreeOfAKindStatTest" assertions="1" time="0.000893"/>
        <testcase name="testCheckNotOk2" file="/home/juli22/dbwebb-kurser/mvc/me/report/tests/ProjectRules/ThreeOfAKindStatTest.php" line="19" class="App\ProjectRules\ThreeOfAKindStatTest" classname="App.ProjectRules.ThreeOfAKindStatTest" assertions="1" time="0.000828"/>
        <testcase name="testCheckNotOk3" file="/home/juli22/dbwebb-kurser/mvc/me/report/tests/ProjectRules/ThreeOfAKindStatTest.php" line="29" class="App\ProjectRules\ThreeOfAKindStatTest" classname="App.ProjectRules.ThreeOfAKindStatTest" assertions="1" time="0.000819"/>
      </testsuite>
      <testsuite name="App\ProjectRules\ThreeOfAKindTest" file="/home/juli22/dbwebb-kurser/mvc/me/report/tests/ProjectRules/ThreeOfAKindTest.php" tests="4" assertions="4" errors="0" failures="0" skipped="0" time="0.003343">
        <testcase name="testCheckOk" file="/home/juli22/dbwebb-kurser/mvc/me/report/tests/ProjectRules/ThreeOfAKindTest.php" line="9" class="App\ProjectRules\ThreeOfAKindTest" classname="App.ProjectRules.ThreeOfAKindTest" assertions="1" time="0.000823"/>
        <testcase name="testCheckOk2" file="/home/juli22/dbwebb-kurser/mvc/me/report/tests/ProjectRules/ThreeOfAKindTest.php" line="17" class="App\ProjectRules\ThreeOfAKindTest" classname="App.ProjectRules.ThreeOfAKindTest" assertions="1" time="0.000829"/>
        <testcase name="testCheckNotOk" file="/home/juli22/dbwebb-kurser/mvc/me/report/tests/ProjectRules/ThreeOfAKindTest.php" line="25" class="App\ProjectRules\ThreeOfAKindTest" classname="App.ProjectRules.ThreeOfAKindTest" assertions="1" time="0.000742"/>
        <testcase name="testCheckNotOk2" file="/home/juli22/dbwebb-kurser/mvc/me/report/tests/ProjectRules/ThreeOfAKindTest.php" line="33" class="App\ProjectRules\ThreeOfAKindTest" classname="App.ProjectRules.ThreeOfAKindTest" assertions="1" time="0.000949"/>
      </testsuite>
      <testsuite name="App\ProjectRules\TwoPairsStatTest" file="/home/juli22/dbwebb-kurser/mvc/me/report/tests/ProjectRules/TwoPairsStatTest.php" tests="3" assertions="3" errors="0" failures="0" skipped="0" time="0.002691">
        <testcase name="testCheckNotOk" file="/home/juli22/dbwebb-kurser/mvc/me/report/tests/ProjectRules/TwoPairsStatTest.php" line="9" class="App\ProjectRules\TwoPairsStatTest" classname="App.ProjectRules.TwoPairsStatTest" assertions="1" time="0.000783"/>
        <testcase name="testCheckOk" file="/home/juli22/dbwebb-kurser/mvc/me/report/tests/ProjectRules/TwoPairsStatTest.php" line="19" class="App\ProjectRules\TwoPairsStatTest" classname="App.ProjectRules.TwoPairsStatTest" assertions="1" time="0.001049"/>
        <testcase name="testCheckNotOk2" file="/home/juli22/dbwebb-kurser/mvc/me/report/tests/ProjectRules/TwoPairsStatTest.php" line="29" class="App\ProjectRules\TwoPairsStatTest" classname="App.ProjectRules.TwoPairsStatTest" assertions="1" time="0.000858"/>
      </testsuite>
      <testsuite name="App\ProjectRules\TwoPairsTest" file="/home/juli22/dbwebb-kurser/mvc/me/report/tests/ProjectRules/TwoPairsTest.php" tests="2" assertions="2" errors="0" failures="0" skipped="0" time="0.001820">
        <testcase name="testCheckOk" file="/home/juli22/dbwebb-kurser/mvc/me/report/tests/ProjectRules/TwoPairsTest.php" line="9" class="App\ProjectRules\TwoPairsTest" classname="App.ProjectRules.TwoPairsTest" assertions="1" time="0.000773"/>
        <testcase name="testCheckNotOk" file="/home/juli22/dbwebb-kurser/mvc/me/report/tests/ProjectRules/TwoPairsTest.php" line="17" class="App\ProjectRules\TwoPairsTest" classname="App.ProjectRules.TwoPairsTest" assertions="1" time="0.001047"/>
      </testsuite>
      <testsuite name="App\ProjectRules\WinEvaluatorTest" file="/home/juli22/dbwebb-kurser/mvc/me/report/tests/ProjectRules/WinEvaluatorTest.php" tests="1" assertions="1" errors="0" failures="0" skipped="0" time="0.002619">
        <testcase name="testCheckForWin" file="/home/juli22/dbwebb-kurser/mvc/me/report/tests/ProjectRules/WinEvaluatorTest.php" line="11" class="App\ProjectRules\WinEvaluatorTest" classname="App.ProjectRules.WinEvaluatorTest" assertions="1" time="0.002619"/>
      </testsuite>
      <testsuite name="App\Repository\BookRepositoryTest" file="/home/juli22/dbwebb-kurser/mvc/me/report/tests/Repository/BookRepositoryTest.php" tests="2" assertions="4" errors="0" failures="0" skipped="0" time="0.002510">
        <testcase name="testCreateObject" file="/home/juli22/dbwebb-kurser/mvc/me/report/tests/Repository/BookRepositoryTest.php" line="22" class="App\Repository\BookRepositoryTest" classname="App.Repository.BookRepositoryTest" assertions="1" time="0.001401"/>
        <testcase name="testCompareIdNotOk" file="/home/juli22/dbwebb-kurser/mvc/me/report/tests/Repository/BookRepositoryTest.php" line="34" class="App\Repository\BookRepositoryTest" classname="App.Repository.BookRepositoryTest" assertions="3" time="0.001109"/>
      </testsuite>
    </testsuite>
  </testsuite>
</testsuites>
